[2023-05-30 13:41:38,488] {processor.py:162} INFO - Started process (PID=134518) to work on /home/lucia/practica_creativa/flight_prediction/src/main/scala/env/lib/python3.10/site-packages/airflow/example_dags/subdags/subdag.py
[2023-05-30 13:41:38,492] {processor.py:613} INFO - Processing file /home/lucia/practica_creativa/flight_prediction/src/main/scala/env/lib/python3.10/site-packages/airflow/example_dags/subdags/subdag.py for tasks to queue
[2023-05-30 13:41:38,494] {logging_mixin.py:109} INFO - [2023-05-30 13:41:38,493] {dagbag.py:496} INFO - Filling up the DagBag from /home/lucia/practica_creativa/flight_prediction/src/main/scala/env/lib/python3.10/site-packages/airflow/example_dags/subdags/subdag.py
[2023-05-30 13:41:38,507] {processor.py:625} WARNING - No viable dags retrieved from /home/lucia/practica_creativa/flight_prediction/src/main/scala/env/lib/python3.10/site-packages/airflow/example_dags/subdags/subdag.py
[2023-05-30 13:41:38,529] {processor.py:170} INFO - Processing /home/lucia/practica_creativa/flight_prediction/src/main/scala/env/lib/python3.10/site-packages/airflow/example_dags/subdags/subdag.py took 0.049 seconds
[2023-05-30 13:42:20,258] {processor.py:162} INFO - Started process (PID=134571) to work on /home/lucia/practica_creativa/flight_prediction/src/main/scala/env/lib/python3.10/site-packages/airflow/example_dags/subdags/subdag.py
[2023-05-30 13:42:20,263] {processor.py:613} INFO - Processing file /home/lucia/practica_creativa/flight_prediction/src/main/scala/env/lib/python3.10/site-packages/airflow/example_dags/subdags/subdag.py for tasks to queue
[2023-05-30 13:42:20,265] {logging_mixin.py:109} INFO - [2023-05-30 13:42:20,264] {dagbag.py:496} INFO - Filling up the DagBag from /home/lucia/practica_creativa/flight_prediction/src/main/scala/env/lib/python3.10/site-packages/airflow/example_dags/subdags/subdag.py
[2023-05-30 13:42:20,281] {processor.py:625} WARNING - No viable dags retrieved from /home/lucia/practica_creativa/flight_prediction/src/main/scala/env/lib/python3.10/site-packages/airflow/example_dags/subdags/subdag.py
[2023-05-30 13:42:20,315] {processor.py:170} INFO - Processing /home/lucia/practica_creativa/flight_prediction/src/main/scala/env/lib/python3.10/site-packages/airflow/example_dags/subdags/subdag.py took 0.076 seconds
[2023-05-30 13:43:03,223] {processor.py:162} INFO - Started process (PID=134625) to work on /home/lucia/practica_creativa/flight_prediction/src/main/scala/env/lib/python3.10/site-packages/airflow/example_dags/subdags/subdag.py
[2023-05-30 13:43:03,233] {processor.py:613} INFO - Processing file /home/lucia/practica_creativa/flight_prediction/src/main/scala/env/lib/python3.10/site-packages/airflow/example_dags/subdags/subdag.py for tasks to queue
[2023-05-30 13:43:03,234] {logging_mixin.py:109} INFO - [2023-05-30 13:43:03,234] {dagbag.py:496} INFO - Filling up the DagBag from /home/lucia/practica_creativa/flight_prediction/src/main/scala/env/lib/python3.10/site-packages/airflow/example_dags/subdags/subdag.py
[2023-05-30 13:43:03,243] {processor.py:625} WARNING - No viable dags retrieved from /home/lucia/practica_creativa/flight_prediction/src/main/scala/env/lib/python3.10/site-packages/airflow/example_dags/subdags/subdag.py
[2023-05-30 13:43:03,271] {processor.py:170} INFO - Processing /home/lucia/practica_creativa/flight_prediction/src/main/scala/env/lib/python3.10/site-packages/airflow/example_dags/subdags/subdag.py took 0.059 seconds
[2023-05-30 14:00:50,021] {processor.py:162} INFO - Started process (PID=135206) to work on /home/lucia/practica_creativa/resources/airflow/env/lib/python3.10/site-packages/airflow/example_dags/subdags/subdag.py
[2023-05-30 14:00:50,025] {processor.py:613} INFO - Processing file /home/lucia/practica_creativa/resources/airflow/env/lib/python3.10/site-packages/airflow/example_dags/subdags/subdag.py for tasks to queue
[2023-05-30 14:00:50,026] {logging_mixin.py:109} INFO - [2023-05-30 14:00:50,026] {dagbag.py:496} INFO - Filling up the DagBag from /home/lucia/practica_creativa/resources/airflow/env/lib/python3.10/site-packages/airflow/example_dags/subdags/subdag.py
[2023-05-30 14:00:50,035] {processor.py:625} WARNING - No viable dags retrieved from /home/lucia/practica_creativa/resources/airflow/env/lib/python3.10/site-packages/airflow/example_dags/subdags/subdag.py
[2023-05-30 14:00:50,050] {processor.py:170} INFO - Processing /home/lucia/practica_creativa/resources/airflow/env/lib/python3.10/site-packages/airflow/example_dags/subdags/subdag.py took 0.036 seconds
[2023-05-30 14:01:44,406] {processor.py:162} INFO - Started process (PID=135316) to work on /home/lucia/practica_creativa/resources/airflow/env/lib/python3.10/site-packages/airflow/example_dags/subdags/subdag.py
[2023-05-30 14:01:44,409] {processor.py:613} INFO - Processing file /home/lucia/practica_creativa/resources/airflow/env/lib/python3.10/site-packages/airflow/example_dags/subdags/subdag.py for tasks to queue
[2023-05-30 14:01:44,411] {logging_mixin.py:109} INFO - [2023-05-30 14:01:44,411] {dagbag.py:496} INFO - Filling up the DagBag from /home/lucia/practica_creativa/resources/airflow/env/lib/python3.10/site-packages/airflow/example_dags/subdags/subdag.py
[2023-05-30 14:01:44,428] {processor.py:625} WARNING - No viable dags retrieved from /home/lucia/practica_creativa/resources/airflow/env/lib/python3.10/site-packages/airflow/example_dags/subdags/subdag.py
[2023-05-30 14:01:44,447] {processor.py:170} INFO - Processing /home/lucia/practica_creativa/resources/airflow/env/lib/python3.10/site-packages/airflow/example_dags/subdags/subdag.py took 0.049 seconds
[2023-05-30 14:02:27,096] {processor.py:162} INFO - Started process (PID=135357) to work on /home/lucia/practica_creativa/resources/airflow/env/lib/python3.10/site-packages/airflow/example_dags/subdags/subdag.py
[2023-05-30 14:02:27,099] {processor.py:613} INFO - Processing file /home/lucia/practica_creativa/resources/airflow/env/lib/python3.10/site-packages/airflow/example_dags/subdags/subdag.py for tasks to queue
[2023-05-30 14:02:27,100] {logging_mixin.py:109} INFO - [2023-05-30 14:02:27,100] {dagbag.py:496} INFO - Filling up the DagBag from /home/lucia/practica_creativa/resources/airflow/env/lib/python3.10/site-packages/airflow/example_dags/subdags/subdag.py
[2023-05-30 14:02:27,105] {processor.py:625} WARNING - No viable dags retrieved from /home/lucia/practica_creativa/resources/airflow/env/lib/python3.10/site-packages/airflow/example_dags/subdags/subdag.py
[2023-05-30 14:02:27,116] {processor.py:170} INFO - Processing /home/lucia/practica_creativa/resources/airflow/env/lib/python3.10/site-packages/airflow/example_dags/subdags/subdag.py took 0.024 seconds
[2023-05-30 14:03:09,332] {processor.py:162} INFO - Started process (PID=135440) to work on /home/lucia/practica_creativa/resources/airflow/env/lib/python3.10/site-packages/airflow/example_dags/subdags/subdag.py
[2023-05-30 14:03:09,337] {processor.py:613} INFO - Processing file /home/lucia/practica_creativa/resources/airflow/env/lib/python3.10/site-packages/airflow/example_dags/subdags/subdag.py for tasks to queue
[2023-05-30 14:03:09,338] {logging_mixin.py:109} INFO - [2023-05-30 14:03:09,338] {dagbag.py:496} INFO - Filling up the DagBag from /home/lucia/practica_creativa/resources/airflow/env/lib/python3.10/site-packages/airflow/example_dags/subdags/subdag.py
[2023-05-30 14:03:09,348] {processor.py:625} WARNING - No viable dags retrieved from /home/lucia/practica_creativa/resources/airflow/env/lib/python3.10/site-packages/airflow/example_dags/subdags/subdag.py
[2023-05-30 14:03:09,370] {processor.py:170} INFO - Processing /home/lucia/practica_creativa/resources/airflow/env/lib/python3.10/site-packages/airflow/example_dags/subdags/subdag.py took 0.047 seconds
[2023-05-30 14:03:55,313] {processor.py:162} INFO - Started process (PID=135488) to work on /home/lucia/practica_creativa/resources/airflow/env/lib/python3.10/site-packages/airflow/example_dags/subdags/subdag.py
[2023-05-30 14:03:55,316] {processor.py:613} INFO - Processing file /home/lucia/practica_creativa/resources/airflow/env/lib/python3.10/site-packages/airflow/example_dags/subdags/subdag.py for tasks to queue
[2023-05-30 14:03:55,318] {logging_mixin.py:109} INFO - [2023-05-30 14:03:55,317] {dagbag.py:496} INFO - Filling up the DagBag from /home/lucia/practica_creativa/resources/airflow/env/lib/python3.10/site-packages/airflow/example_dags/subdags/subdag.py
[2023-05-30 14:03:55,325] {processor.py:625} WARNING - No viable dags retrieved from /home/lucia/practica_creativa/resources/airflow/env/lib/python3.10/site-packages/airflow/example_dags/subdags/subdag.py
[2023-05-30 14:03:55,345] {processor.py:170} INFO - Processing /home/lucia/practica_creativa/resources/airflow/env/lib/python3.10/site-packages/airflow/example_dags/subdags/subdag.py took 0.039 seconds
[2023-05-30 14:05:07,628] {processor.py:162} INFO - Started process (PID=135577) to work on /home/lucia/practica_creativa/resources/airflow/env/lib/python3.10/site-packages/airflow/example_dags/subdags/subdag.py
[2023-05-30 14:05:07,639] {processor.py:613} INFO - Processing file /home/lucia/practica_creativa/resources/airflow/env/lib/python3.10/site-packages/airflow/example_dags/subdags/subdag.py for tasks to queue
[2023-05-30 14:05:07,641] {logging_mixin.py:109} INFO - [2023-05-30 14:05:07,641] {dagbag.py:496} INFO - Filling up the DagBag from /home/lucia/practica_creativa/resources/airflow/env/lib/python3.10/site-packages/airflow/example_dags/subdags/subdag.py
[2023-05-30 14:05:07,651] {processor.py:625} WARNING - No viable dags retrieved from /home/lucia/practica_creativa/resources/airflow/env/lib/python3.10/site-packages/airflow/example_dags/subdags/subdag.py
[2023-05-30 14:05:07,671] {processor.py:170} INFO - Processing /home/lucia/practica_creativa/resources/airflow/env/lib/python3.10/site-packages/airflow/example_dags/subdags/subdag.py took 0.054 seconds
[2023-05-30 14:09:14,876] {processor.py:162} INFO - Started process (PID=135714) to work on /home/lucia/practica_creativa/resources/airflow/env/lib/python3.10/site-packages/airflow/example_dags/subdags/subdag.py
[2023-05-30 14:09:14,879] {processor.py:613} INFO - Processing file /home/lucia/practica_creativa/resources/airflow/env/lib/python3.10/site-packages/airflow/example_dags/subdags/subdag.py for tasks to queue
[2023-05-30 14:09:14,881] {logging_mixin.py:109} INFO - [2023-05-30 14:09:14,880] {dagbag.py:496} INFO - Filling up the DagBag from /home/lucia/practica_creativa/resources/airflow/env/lib/python3.10/site-packages/airflow/example_dags/subdags/subdag.py
[2023-05-30 14:09:14,887] {processor.py:625} WARNING - No viable dags retrieved from /home/lucia/practica_creativa/resources/airflow/env/lib/python3.10/site-packages/airflow/example_dags/subdags/subdag.py
[2023-05-30 14:09:14,920] {processor.py:170} INFO - Processing /home/lucia/practica_creativa/resources/airflow/env/lib/python3.10/site-packages/airflow/example_dags/subdags/subdag.py took 0.051 seconds
[2023-05-30 14:10:08,311] {processor.py:162} INFO - Started process (PID=135812) to work on /home/lucia/practica_creativa/resources/airflow/env/lib/python3.10/site-packages/airflow/example_dags/subdags/subdag.py
[2023-05-30 14:10:08,317] {processor.py:613} INFO - Processing file /home/lucia/practica_creativa/resources/airflow/env/lib/python3.10/site-packages/airflow/example_dags/subdags/subdag.py for tasks to queue
[2023-05-30 14:10:08,323] {logging_mixin.py:109} INFO - [2023-05-30 14:10:08,323] {dagbag.py:496} INFO - Filling up the DagBag from /home/lucia/practica_creativa/resources/airflow/env/lib/python3.10/site-packages/airflow/example_dags/subdags/subdag.py
[2023-05-30 14:10:08,385] {processor.py:625} WARNING - No viable dags retrieved from /home/lucia/practica_creativa/resources/airflow/env/lib/python3.10/site-packages/airflow/example_dags/subdags/subdag.py
[2023-05-30 14:10:08,406] {processor.py:170} INFO - Processing /home/lucia/practica_creativa/resources/airflow/env/lib/python3.10/site-packages/airflow/example_dags/subdags/subdag.py took 0.107 seconds
[2023-05-30 14:10:51,839] {processor.py:162} INFO - Started process (PID=135855) to work on /home/lucia/practica_creativa/resources/airflow/env/lib/python3.10/site-packages/airflow/example_dags/subdags/subdag.py
[2023-05-30 14:10:51,846] {processor.py:613} INFO - Processing file /home/lucia/practica_creativa/resources/airflow/env/lib/python3.10/site-packages/airflow/example_dags/subdags/subdag.py for tasks to queue
[2023-05-30 14:10:51,848] {logging_mixin.py:109} INFO - [2023-05-30 14:10:51,848] {dagbag.py:496} INFO - Filling up the DagBag from /home/lucia/practica_creativa/resources/airflow/env/lib/python3.10/site-packages/airflow/example_dags/subdags/subdag.py
[2023-05-30 14:10:51,857] {processor.py:625} WARNING - No viable dags retrieved from /home/lucia/practica_creativa/resources/airflow/env/lib/python3.10/site-packages/airflow/example_dags/subdags/subdag.py
[2023-05-30 14:10:51,889] {processor.py:170} INFO - Processing /home/lucia/practica_creativa/resources/airflow/env/lib/python3.10/site-packages/airflow/example_dags/subdags/subdag.py took 0.067 seconds
[2023-05-30 14:25:39,820] {processor.py:162} INFO - Started process (PID=136051) to work on /home/lucia/practica_creativa/resources/airflow/env/lib/python3.10/site-packages/airflow/example_dags/subdags/subdag.py
[2023-05-30 14:25:39,827] {processor.py:613} INFO - Processing file /home/lucia/practica_creativa/resources/airflow/env/lib/python3.10/site-packages/airflow/example_dags/subdags/subdag.py for tasks to queue
[2023-05-30 14:25:39,828] {logging_mixin.py:109} INFO - [2023-05-30 14:25:39,827] {dagbag.py:496} INFO - Filling up the DagBag from /home/lucia/practica_creativa/resources/airflow/env/lib/python3.10/site-packages/airflow/example_dags/subdags/subdag.py
[2023-05-30 14:25:39,832] {processor.py:625} WARNING - No viable dags retrieved from /home/lucia/practica_creativa/resources/airflow/env/lib/python3.10/site-packages/airflow/example_dags/subdags/subdag.py
[2023-05-30 14:25:39,846] {processor.py:170} INFO - Processing /home/lucia/practica_creativa/resources/airflow/env/lib/python3.10/site-packages/airflow/example_dags/subdags/subdag.py took 0.030 seconds
[2023-05-30 14:36:33,424] {processor.py:162} INFO - Started process (PID=136183) to work on /home/lucia/practica_creativa/resources/airflow/env/lib/python3.10/site-packages/airflow/example_dags/subdags/subdag.py
[2023-05-30 14:36:33,427] {processor.py:613} INFO - Processing file /home/lucia/practica_creativa/resources/airflow/env/lib/python3.10/site-packages/airflow/example_dags/subdags/subdag.py for tasks to queue
[2023-05-30 14:36:33,428] {logging_mixin.py:109} INFO - [2023-05-30 14:36:33,428] {dagbag.py:496} INFO - Filling up the DagBag from /home/lucia/practica_creativa/resources/airflow/env/lib/python3.10/site-packages/airflow/example_dags/subdags/subdag.py
[2023-05-30 14:36:33,438] {processor.py:625} WARNING - No viable dags retrieved from /home/lucia/practica_creativa/resources/airflow/env/lib/python3.10/site-packages/airflow/example_dags/subdags/subdag.py
[2023-05-30 14:36:33,453] {processor.py:170} INFO - Processing /home/lucia/practica_creativa/resources/airflow/env/lib/python3.10/site-packages/airflow/example_dags/subdags/subdag.py took 0.039 seconds
[2023-05-30 14:37:19,490] {processor.py:162} INFO - Started process (PID=136251) to work on /home/lucia/practica_creativa/resources/airflow/env/lib/python3.10/site-packages/airflow/example_dags/subdags/subdag.py
[2023-05-30 14:37:19,494] {processor.py:613} INFO - Processing file /home/lucia/practica_creativa/resources/airflow/env/lib/python3.10/site-packages/airflow/example_dags/subdags/subdag.py for tasks to queue
[2023-05-30 14:37:19,496] {logging_mixin.py:109} INFO - [2023-05-30 14:37:19,496] {dagbag.py:496} INFO - Filling up the DagBag from /home/lucia/practica_creativa/resources/airflow/env/lib/python3.10/site-packages/airflow/example_dags/subdags/subdag.py
[2023-05-30 14:37:19,504] {processor.py:625} WARNING - No viable dags retrieved from /home/lucia/practica_creativa/resources/airflow/env/lib/python3.10/site-packages/airflow/example_dags/subdags/subdag.py
[2023-05-30 14:37:19,523] {processor.py:170} INFO - Processing /home/lucia/practica_creativa/resources/airflow/env/lib/python3.10/site-packages/airflow/example_dags/subdags/subdag.py took 0.043 seconds
[2023-05-30 14:38:01,879] {processor.py:162} INFO - Started process (PID=136293) to work on /home/lucia/practica_creativa/resources/airflow/env/lib/python3.10/site-packages/airflow/example_dags/subdags/subdag.py
[2023-05-30 14:38:01,882] {processor.py:613} INFO - Processing file /home/lucia/practica_creativa/resources/airflow/env/lib/python3.10/site-packages/airflow/example_dags/subdags/subdag.py for tasks to queue
[2023-05-30 14:38:01,883] {logging_mixin.py:109} INFO - [2023-05-30 14:38:01,882] {dagbag.py:496} INFO - Filling up the DagBag from /home/lucia/practica_creativa/resources/airflow/env/lib/python3.10/site-packages/airflow/example_dags/subdags/subdag.py
[2023-05-30 14:38:01,888] {processor.py:625} WARNING - No viable dags retrieved from /home/lucia/practica_creativa/resources/airflow/env/lib/python3.10/site-packages/airflow/example_dags/subdags/subdag.py
[2023-05-30 14:38:01,905] {processor.py:170} INFO - Processing /home/lucia/practica_creativa/resources/airflow/env/lib/python3.10/site-packages/airflow/example_dags/subdags/subdag.py took 0.032 seconds
[2023-05-30 14:38:42,548] {processor.py:162} INFO - Started process (PID=136325) to work on /home/lucia/practica_creativa/resources/airflow/env/lib/python3.10/site-packages/airflow/example_dags/subdags/subdag.py
[2023-05-30 14:38:42,552] {processor.py:613} INFO - Processing file /home/lucia/practica_creativa/resources/airflow/env/lib/python3.10/site-packages/airflow/example_dags/subdags/subdag.py for tasks to queue
[2023-05-30 14:38:42,554] {logging_mixin.py:109} INFO - [2023-05-30 14:38:42,554] {dagbag.py:496} INFO - Filling up the DagBag from /home/lucia/practica_creativa/resources/airflow/env/lib/python3.10/site-packages/airflow/example_dags/subdags/subdag.py
[2023-05-30 14:38:42,562] {processor.py:625} WARNING - No viable dags retrieved from /home/lucia/practica_creativa/resources/airflow/env/lib/python3.10/site-packages/airflow/example_dags/subdags/subdag.py
[2023-05-30 14:38:42,585] {processor.py:170} INFO - Processing /home/lucia/practica_creativa/resources/airflow/env/lib/python3.10/site-packages/airflow/example_dags/subdags/subdag.py took 0.045 seconds
