[2023-05-30 13:42:17,640] {processor.py:162} INFO - Started process (PID=134568) to work on /home/lucia/practica_creativa/flight_prediction/src/main/scala/env/lib/python3.10/site-packages/airflow/example_dags/example_branch_day_of_week_operator.py
[2023-05-30 13:42:17,644] {processor.py:613} INFO - Processing file /home/lucia/practica_creativa/flight_prediction/src/main/scala/env/lib/python3.10/site-packages/airflow/example_dags/example_branch_day_of_week_operator.py for tasks to queue
[2023-05-30 13:42:17,645] {logging_mixin.py:109} INFO - [2023-05-30 13:42:17,645] {dagbag.py:496} INFO - Filling up the DagBag from /home/lucia/practica_creativa/flight_prediction/src/main/scala/env/lib/python3.10/site-packages/airflow/example_dags/example_branch_day_of_week_operator.py
[2023-05-30 13:42:17,693] {processor.py:623} INFO - DAG(s) dict_keys(['example_weekday_branch_operator']) retrieved from /home/lucia/practica_creativa/flight_prediction/src/main/scala/env/lib/python3.10/site-packages/airflow/example_dags/example_branch_day_of_week_operator.py
[2023-05-30 13:42:17,733] {logging_mixin.py:109} INFO - [2023-05-30 13:42:17,733] {dag.py:1834} INFO - Sync 1 DAGs
[2023-05-30 13:42:17,765] {logging_mixin.py:109} INFO - [2023-05-30 13:42:17,764] {dag.py:2287} INFO - Setting next_dagrun for example_weekday_branch_operator to 2023-05-28 00:00:00+00:00
[2023-05-30 13:42:17,799] {processor.py:170} INFO - Processing /home/lucia/practica_creativa/flight_prediction/src/main/scala/env/lib/python3.10/site-packages/airflow/example_dags/example_branch_day_of_week_operator.py took 0.169 seconds
[2023-05-30 13:43:00,615] {processor.py:162} INFO - Started process (PID=134623) to work on /home/lucia/practica_creativa/flight_prediction/src/main/scala/env/lib/python3.10/site-packages/airflow/example_dags/example_branch_day_of_week_operator.py
[2023-05-30 13:43:00,621] {processor.py:613} INFO - Processing file /home/lucia/practica_creativa/flight_prediction/src/main/scala/env/lib/python3.10/site-packages/airflow/example_dags/example_branch_day_of_week_operator.py for tasks to queue
[2023-05-30 13:43:00,623] {logging_mixin.py:109} INFO - [2023-05-30 13:43:00,623] {dagbag.py:496} INFO - Filling up the DagBag from /home/lucia/practica_creativa/flight_prediction/src/main/scala/env/lib/python3.10/site-packages/airflow/example_dags/example_branch_day_of_week_operator.py
[2023-05-30 13:43:00,683] {processor.py:623} INFO - DAG(s) dict_keys(['example_weekday_branch_operator']) retrieved from /home/lucia/practica_creativa/flight_prediction/src/main/scala/env/lib/python3.10/site-packages/airflow/example_dags/example_branch_day_of_week_operator.py
[2023-05-30 13:43:00,720] {logging_mixin.py:109} INFO - [2023-05-30 13:43:00,720] {dag.py:1834} INFO - Sync 1 DAGs
[2023-05-30 13:43:00,752] {logging_mixin.py:109} INFO - [2023-05-30 13:43:00,752] {dag.py:2287} INFO - Setting next_dagrun for example_weekday_branch_operator to 2023-05-28 00:00:00+00:00
[2023-05-30 13:43:00,775] {processor.py:170} INFO - Processing /home/lucia/practica_creativa/flight_prediction/src/main/scala/env/lib/python3.10/site-packages/airflow/example_dags/example_branch_day_of_week_operator.py took 0.173 seconds
[2023-05-30 14:01:27,640] {processor.py:162} INFO - Started process (PID=135266) to work on /home/lucia/practica_creativa/resources/airflow/env/lib/python3.10/site-packages/airflow/example_dags/example_branch_day_of_week_operator.py
[2023-05-30 14:01:27,644] {processor.py:613} INFO - Processing file /home/lucia/practica_creativa/resources/airflow/env/lib/python3.10/site-packages/airflow/example_dags/example_branch_day_of_week_operator.py for tasks to queue
[2023-05-30 14:01:27,647] {logging_mixin.py:109} INFO - [2023-05-30 14:01:27,647] {dagbag.py:496} INFO - Filling up the DagBag from /home/lucia/practica_creativa/resources/airflow/env/lib/python3.10/site-packages/airflow/example_dags/example_branch_day_of_week_operator.py
[2023-05-30 14:01:27,692] {processor.py:623} INFO - DAG(s) dict_keys(['example_weekday_branch_operator']) retrieved from /home/lucia/practica_creativa/resources/airflow/env/lib/python3.10/site-packages/airflow/example_dags/example_branch_day_of_week_operator.py
[2023-05-30 14:01:27,730] {logging_mixin.py:109} INFO - [2023-05-30 14:01:27,730] {dag.py:1834} INFO - Sync 1 DAGs
[2023-05-30 14:01:27,763] {logging_mixin.py:109} INFO - [2023-05-30 14:01:27,762] {dag.py:2287} INFO - Setting next_dagrun for example_weekday_branch_operator to 2023-05-28 00:00:00+00:00
[2023-05-30 14:01:27,788] {processor.py:170} INFO - Processing /home/lucia/practica_creativa/resources/airflow/env/lib/python3.10/site-packages/airflow/example_dags/example_branch_day_of_week_operator.py took 0.159 seconds
[2023-05-30 14:02:21,874] {processor.py:162} INFO - Started process (PID=135350) to work on /home/lucia/practica_creativa/resources/airflow/env/lib/python3.10/site-packages/airflow/example_dags/example_branch_day_of_week_operator.py
[2023-05-30 14:02:21,878] {processor.py:613} INFO - Processing file /home/lucia/practica_creativa/resources/airflow/env/lib/python3.10/site-packages/airflow/example_dags/example_branch_day_of_week_operator.py for tasks to queue
[2023-05-30 14:02:21,879] {logging_mixin.py:109} INFO - [2023-05-30 14:02:21,879] {dagbag.py:496} INFO - Filling up the DagBag from /home/lucia/practica_creativa/resources/airflow/env/lib/python3.10/site-packages/airflow/example_dags/example_branch_day_of_week_operator.py
[2023-05-30 14:02:21,911] {processor.py:623} INFO - DAG(s) dict_keys(['example_weekday_branch_operator']) retrieved from /home/lucia/practica_creativa/resources/airflow/env/lib/python3.10/site-packages/airflow/example_dags/example_branch_day_of_week_operator.py
[2023-05-30 14:02:21,948] {logging_mixin.py:109} INFO - [2023-05-30 14:02:21,948] {dag.py:1834} INFO - Sync 1 DAGs
[2023-05-30 14:02:21,980] {logging_mixin.py:109} INFO - [2023-05-30 14:02:21,979] {dag.py:2287} INFO - Setting next_dagrun for example_weekday_branch_operator to 2023-05-28 00:00:00+00:00
[2023-05-30 14:02:22,009] {processor.py:170} INFO - Processing /home/lucia/practica_creativa/resources/airflow/env/lib/python3.10/site-packages/airflow/example_dags/example_branch_day_of_week_operator.py took 0.143 seconds
[2023-05-30 14:03:03,946] {processor.py:162} INFO - Started process (PID=135436) to work on /home/lucia/practica_creativa/resources/airflow/env/lib/python3.10/site-packages/airflow/example_dags/example_branch_day_of_week_operator.py
[2023-05-30 14:03:03,951] {processor.py:613} INFO - Processing file /home/lucia/practica_creativa/resources/airflow/env/lib/python3.10/site-packages/airflow/example_dags/example_branch_day_of_week_operator.py for tasks to queue
[2023-05-30 14:03:03,952] {logging_mixin.py:109} INFO - [2023-05-30 14:03:03,952] {dagbag.py:496} INFO - Filling up the DagBag from /home/lucia/practica_creativa/resources/airflow/env/lib/python3.10/site-packages/airflow/example_dags/example_branch_day_of_week_operator.py
[2023-05-30 14:03:03,994] {processor.py:623} INFO - DAG(s) dict_keys(['example_weekday_branch_operator']) retrieved from /home/lucia/practica_creativa/resources/airflow/env/lib/python3.10/site-packages/airflow/example_dags/example_branch_day_of_week_operator.py
[2023-05-30 14:03:04,095] {logging_mixin.py:109} INFO - [2023-05-30 14:03:04,094] {dag.py:1834} INFO - Sync 1 DAGs
[2023-05-30 14:03:04,196] {logging_mixin.py:109} INFO - [2023-05-30 14:03:04,196] {dag.py:2287} INFO - Setting next_dagrun for example_weekday_branch_operator to 2023-05-28 00:00:00+00:00
[2023-05-30 14:03:04,213] {processor.py:170} INFO - Processing /home/lucia/practica_creativa/resources/airflow/env/lib/python3.10/site-packages/airflow/example_dags/example_branch_day_of_week_operator.py took 0.280 seconds
[2023-05-30 14:03:49,915] {processor.py:162} INFO - Started process (PID=135484) to work on /home/lucia/practica_creativa/resources/airflow/env/lib/python3.10/site-packages/airflow/example_dags/example_branch_day_of_week_operator.py
[2023-05-30 14:03:49,919] {processor.py:613} INFO - Processing file /home/lucia/practica_creativa/resources/airflow/env/lib/python3.10/site-packages/airflow/example_dags/example_branch_day_of_week_operator.py for tasks to queue
[2023-05-30 14:03:49,921] {logging_mixin.py:109} INFO - [2023-05-30 14:03:49,920] {dagbag.py:496} INFO - Filling up the DagBag from /home/lucia/practica_creativa/resources/airflow/env/lib/python3.10/site-packages/airflow/example_dags/example_branch_day_of_week_operator.py
[2023-05-30 14:03:49,954] {processor.py:623} INFO - DAG(s) dict_keys(['example_weekday_branch_operator']) retrieved from /home/lucia/practica_creativa/resources/airflow/env/lib/python3.10/site-packages/airflow/example_dags/example_branch_day_of_week_operator.py
[2023-05-30 14:03:50,009] {logging_mixin.py:109} INFO - [2023-05-30 14:03:50,009] {dag.py:1834} INFO - Sync 1 DAGs
[2023-05-30 14:03:50,058] {logging_mixin.py:109} INFO - [2023-05-30 14:03:50,058] {dag.py:2287} INFO - Setting next_dagrun for example_weekday_branch_operator to 2023-05-28 00:00:00+00:00
[2023-05-30 14:03:50,092] {processor.py:170} INFO - Processing /home/lucia/practica_creativa/resources/airflow/env/lib/python3.10/site-packages/airflow/example_dags/example_branch_day_of_week_operator.py took 0.184 seconds
[2023-05-30 14:05:44,401] {processor.py:162} INFO - Started process (PID=135638) to work on /home/lucia/practica_creativa/resources/airflow/env/lib/python3.10/site-packages/airflow/example_dags/example_branch_day_of_week_operator.py
[2023-05-30 14:05:44,424] {processor.py:613} INFO - Processing file /home/lucia/practica_creativa/resources/airflow/env/lib/python3.10/site-packages/airflow/example_dags/example_branch_day_of_week_operator.py for tasks to queue
[2023-05-30 14:05:44,425] {logging_mixin.py:109} INFO - [2023-05-30 14:05:44,425] {dagbag.py:496} INFO - Filling up the DagBag from /home/lucia/practica_creativa/resources/airflow/env/lib/python3.10/site-packages/airflow/example_dags/example_branch_day_of_week_operator.py
[2023-05-30 14:05:44,489] {processor.py:623} INFO - DAG(s) dict_keys(['example_weekday_branch_operator']) retrieved from /home/lucia/practica_creativa/resources/airflow/env/lib/python3.10/site-packages/airflow/example_dags/example_branch_day_of_week_operator.py
[2023-05-30 14:05:44,537] {logging_mixin.py:109} INFO - [2023-05-30 14:05:44,536] {dag.py:1834} INFO - Sync 1 DAGs
[2023-05-30 14:05:44,592] {logging_mixin.py:109} INFO - [2023-05-30 14:05:44,592] {dag.py:2287} INFO - Setting next_dagrun for example_weekday_branch_operator to 2023-05-28 00:00:00+00:00
[2023-05-30 14:05:44,631] {processor.py:170} INFO - Processing /home/lucia/practica_creativa/resources/airflow/env/lib/python3.10/site-packages/airflow/example_dags/example_branch_day_of_week_operator.py took 0.254 seconds
[2023-05-30 14:09:50,851] {processor.py:162} INFO - Started process (PID=135763) to work on /home/lucia/practica_creativa/resources/airflow/env/lib/python3.10/site-packages/airflow/example_dags/example_branch_day_of_week_operator.py
[2023-05-30 14:09:50,854] {processor.py:613} INFO - Processing file /home/lucia/practica_creativa/resources/airflow/env/lib/python3.10/site-packages/airflow/example_dags/example_branch_day_of_week_operator.py for tasks to queue
[2023-05-30 14:09:50,856] {logging_mixin.py:109} INFO - [2023-05-30 14:09:50,856] {dagbag.py:496} INFO - Filling up the DagBag from /home/lucia/practica_creativa/resources/airflow/env/lib/python3.10/site-packages/airflow/example_dags/example_branch_day_of_week_operator.py
[2023-05-30 14:09:50,893] {processor.py:623} INFO - DAG(s) dict_keys(['example_weekday_branch_operator']) retrieved from /home/lucia/practica_creativa/resources/airflow/env/lib/python3.10/site-packages/airflow/example_dags/example_branch_day_of_week_operator.py
[2023-05-30 14:09:50,927] {logging_mixin.py:109} INFO - [2023-05-30 14:09:50,927] {dag.py:1834} INFO - Sync 1 DAGs
[2023-05-30 14:09:50,957] {logging_mixin.py:109} INFO - [2023-05-30 14:09:50,957] {dag.py:2287} INFO - Setting next_dagrun for example_weekday_branch_operator to 2023-05-28 00:00:00+00:00
[2023-05-30 14:09:50,981] {processor.py:170} INFO - Processing /home/lucia/practica_creativa/resources/airflow/env/lib/python3.10/site-packages/airflow/example_dags/example_branch_day_of_week_operator.py took 0.138 seconds
[2023-05-30 14:10:46,515] {processor.py:162} INFO - Started process (PID=135842) to work on /home/lucia/practica_creativa/resources/airflow/env/lib/python3.10/site-packages/airflow/example_dags/example_branch_day_of_week_operator.py
[2023-05-30 14:10:46,520] {processor.py:613} INFO - Processing file /home/lucia/practica_creativa/resources/airflow/env/lib/python3.10/site-packages/airflow/example_dags/example_branch_day_of_week_operator.py for tasks to queue
[2023-05-30 14:10:46,522] {logging_mixin.py:109} INFO - [2023-05-30 14:10:46,522] {dagbag.py:496} INFO - Filling up the DagBag from /home/lucia/practica_creativa/resources/airflow/env/lib/python3.10/site-packages/airflow/example_dags/example_branch_day_of_week_operator.py
[2023-05-30 14:10:46,562] {processor.py:623} INFO - DAG(s) dict_keys(['example_weekday_branch_operator']) retrieved from /home/lucia/practica_creativa/resources/airflow/env/lib/python3.10/site-packages/airflow/example_dags/example_branch_day_of_week_operator.py
[2023-05-30 14:10:46,608] {logging_mixin.py:109} INFO - [2023-05-30 14:10:46,608] {dag.py:1834} INFO - Sync 1 DAGs
[2023-05-30 14:10:46,642] {logging_mixin.py:109} INFO - [2023-05-30 14:10:46,642] {dag.py:2287} INFO - Setting next_dagrun for example_weekday_branch_operator to 2023-05-28 00:00:00+00:00
[2023-05-30 14:10:46,670] {processor.py:170} INFO - Processing /home/lucia/practica_creativa/resources/airflow/env/lib/python3.10/site-packages/airflow/example_dags/example_branch_day_of_week_operator.py took 0.164 seconds
[2023-05-30 14:37:56,839] {processor.py:162} INFO - Started process (PID=136286) to work on /home/lucia/practica_creativa/resources/airflow/env/lib/python3.10/site-packages/airflow/example_dags/example_branch_day_of_week_operator.py
[2023-05-30 14:37:56,841] {processor.py:613} INFO - Processing file /home/lucia/practica_creativa/resources/airflow/env/lib/python3.10/site-packages/airflow/example_dags/example_branch_day_of_week_operator.py for tasks to queue
[2023-05-30 14:37:56,842] {logging_mixin.py:109} INFO - [2023-05-30 14:37:56,842] {dagbag.py:496} INFO - Filling up the DagBag from /home/lucia/practica_creativa/resources/airflow/env/lib/python3.10/site-packages/airflow/example_dags/example_branch_day_of_week_operator.py
[2023-05-30 14:37:56,873] {processor.py:623} INFO - DAG(s) dict_keys(['example_weekday_branch_operator']) retrieved from /home/lucia/practica_creativa/resources/airflow/env/lib/python3.10/site-packages/airflow/example_dags/example_branch_day_of_week_operator.py
[2023-05-30 14:37:56,908] {logging_mixin.py:109} INFO - [2023-05-30 14:37:56,907] {dag.py:1834} INFO - Sync 1 DAGs
[2023-05-30 14:37:56,935] {logging_mixin.py:109} INFO - [2023-05-30 14:37:56,935] {dag.py:2287} INFO - Setting next_dagrun for example_weekday_branch_operator to 2023-05-28 00:00:00+00:00
[2023-05-30 14:37:56,954] {processor.py:170} INFO - Processing /home/lucia/practica_creativa/resources/airflow/env/lib/python3.10/site-packages/airflow/example_dags/example_branch_day_of_week_operator.py took 0.121 seconds
[2023-05-30 14:38:37,310] {processor.py:162} INFO - Started process (PID=136321) to work on /home/lucia/practica_creativa/resources/airflow/env/lib/python3.10/site-packages/airflow/example_dags/example_branch_day_of_week_operator.py
[2023-05-30 14:38:37,313] {processor.py:613} INFO - Processing file /home/lucia/practica_creativa/resources/airflow/env/lib/python3.10/site-packages/airflow/example_dags/example_branch_day_of_week_operator.py for tasks to queue
[2023-05-30 14:38:37,315] {logging_mixin.py:109} INFO - [2023-05-30 14:38:37,314] {dagbag.py:496} INFO - Filling up the DagBag from /home/lucia/practica_creativa/resources/airflow/env/lib/python3.10/site-packages/airflow/example_dags/example_branch_day_of_week_operator.py
[2023-05-30 14:38:37,350] {processor.py:623} INFO - DAG(s) dict_keys(['example_weekday_branch_operator']) retrieved from /home/lucia/practica_creativa/resources/airflow/env/lib/python3.10/site-packages/airflow/example_dags/example_branch_day_of_week_operator.py
[2023-05-30 14:38:37,383] {logging_mixin.py:109} INFO - [2023-05-30 14:38:37,383] {dag.py:1834} INFO - Sync 1 DAGs
[2023-05-30 14:38:37,420] {logging_mixin.py:109} INFO - [2023-05-30 14:38:37,420] {dag.py:2287} INFO - Setting next_dagrun for example_weekday_branch_operator to 2023-05-28 00:00:00+00:00
[2023-05-30 14:38:37,447] {processor.py:170} INFO - Processing /home/lucia/practica_creativa/resources/airflow/env/lib/python3.10/site-packages/airflow/example_dags/example_branch_day_of_week_operator.py took 0.144 seconds
