[2023-05-30 13:41:58,955] {processor.py:162} INFO - Started process (PID=134536) to work on /home/lucia/practica_creativa/flight_prediction/src/main/scala/env/lib/python3.10/site-packages/airflow/example_dags/example_latest_only.py
[2023-05-30 13:41:58,959] {processor.py:613} INFO - Processing file /home/lucia/practica_creativa/flight_prediction/src/main/scala/env/lib/python3.10/site-packages/airflow/example_dags/example_latest_only.py for tasks to queue
[2023-05-30 13:41:58,961] {logging_mixin.py:109} INFO - [2023-05-30 13:41:58,961] {dagbag.py:496} INFO - Filling up the DagBag from /home/lucia/practica_creativa/flight_prediction/src/main/scala/env/lib/python3.10/site-packages/airflow/example_dags/example_latest_only.py
[2023-05-30 13:41:58,998] {processor.py:623} INFO - DAG(s) dict_keys(['latest_only']) retrieved from /home/lucia/practica_creativa/flight_prediction/src/main/scala/env/lib/python3.10/site-packages/airflow/example_dags/example_latest_only.py
[2023-05-30 13:41:59,036] {logging_mixin.py:109} INFO - [2023-05-30 13:41:59,035] {dag.py:1834} INFO - Sync 1 DAGs
[2023-05-30 13:41:59,059] {logging_mixin.py:109} INFO - [2023-05-30 13:41:59,059] {dag.py:2287} INFO - Setting next_dagrun for latest_only to 2023-05-28 00:00:00+00:00
[2023-05-30 13:41:59,088] {processor.py:170} INFO - Processing /home/lucia/practica_creativa/flight_prediction/src/main/scala/env/lib/python3.10/site-packages/airflow/example_dags/example_latest_only.py took 0.140 seconds
[2023-05-30 13:42:40,675] {processor.py:162} INFO - Started process (PID=134591) to work on /home/lucia/practica_creativa/flight_prediction/src/main/scala/env/lib/python3.10/site-packages/airflow/example_dags/example_latest_only.py
[2023-05-30 13:42:40,679] {processor.py:613} INFO - Processing file /home/lucia/practica_creativa/flight_prediction/src/main/scala/env/lib/python3.10/site-packages/airflow/example_dags/example_latest_only.py for tasks to queue
[2023-05-30 13:42:40,680] {logging_mixin.py:109} INFO - [2023-05-30 13:42:40,680] {dagbag.py:496} INFO - Filling up the DagBag from /home/lucia/practica_creativa/flight_prediction/src/main/scala/env/lib/python3.10/site-packages/airflow/example_dags/example_latest_only.py
[2023-05-30 13:42:40,708] {processor.py:623} INFO - DAG(s) dict_keys(['latest_only']) retrieved from /home/lucia/practica_creativa/flight_prediction/src/main/scala/env/lib/python3.10/site-packages/airflow/example_dags/example_latest_only.py
[2023-05-30 13:42:40,744] {logging_mixin.py:109} INFO - [2023-05-30 13:42:40,744] {dag.py:1834} INFO - Sync 1 DAGs
[2023-05-30 13:42:40,765] {logging_mixin.py:109} INFO - [2023-05-30 13:42:40,765] {dag.py:2287} INFO - Setting next_dagrun for latest_only to 2023-05-28 00:00:00+00:00
[2023-05-30 13:42:40,791] {processor.py:170} INFO - Processing /home/lucia/practica_creativa/flight_prediction/src/main/scala/env/lib/python3.10/site-packages/airflow/example_dags/example_latest_only.py took 0.123 seconds
[2023-05-30 14:01:11,851] {processor.py:162} INFO - Started process (PID=135240) to work on /home/lucia/practica_creativa/resources/airflow/env/lib/python3.10/site-packages/airflow/example_dags/example_latest_only.py
[2023-05-30 14:01:11,856] {processor.py:613} INFO - Processing file /home/lucia/practica_creativa/resources/airflow/env/lib/python3.10/site-packages/airflow/example_dags/example_latest_only.py for tasks to queue
[2023-05-30 14:01:11,857] {logging_mixin.py:109} INFO - [2023-05-30 14:01:11,857] {dagbag.py:496} INFO - Filling up the DagBag from /home/lucia/practica_creativa/resources/airflow/env/lib/python3.10/site-packages/airflow/example_dags/example_latest_only.py
[2023-05-30 14:01:11,891] {processor.py:623} INFO - DAG(s) dict_keys(['latest_only']) retrieved from /home/lucia/practica_creativa/resources/airflow/env/lib/python3.10/site-packages/airflow/example_dags/example_latest_only.py
[2023-05-30 14:01:11,928] {logging_mixin.py:109} INFO - [2023-05-30 14:01:11,928] {dag.py:1834} INFO - Sync 1 DAGs
[2023-05-30 14:01:11,951] {logging_mixin.py:109} INFO - [2023-05-30 14:01:11,951] {dag.py:2287} INFO - Setting next_dagrun for latest_only to 2023-05-28 00:00:00+00:00
[2023-05-30 14:01:11,982] {processor.py:170} INFO - Processing /home/lucia/practica_creativa/resources/airflow/env/lib/python3.10/site-packages/airflow/example_dags/example_latest_only.py took 0.137 seconds
[2023-05-30 14:02:07,290] {processor.py:162} INFO - Started process (PID=135336) to work on /home/lucia/practica_creativa/resources/airflow/env/lib/python3.10/site-packages/airflow/example_dags/example_latest_only.py
[2023-05-30 14:02:07,294] {processor.py:613} INFO - Processing file /home/lucia/practica_creativa/resources/airflow/env/lib/python3.10/site-packages/airflow/example_dags/example_latest_only.py for tasks to queue
[2023-05-30 14:02:07,295] {logging_mixin.py:109} INFO - [2023-05-30 14:02:07,295] {dagbag.py:496} INFO - Filling up the DagBag from /home/lucia/practica_creativa/resources/airflow/env/lib/python3.10/site-packages/airflow/example_dags/example_latest_only.py
[2023-05-30 14:02:07,322] {processor.py:623} INFO - DAG(s) dict_keys(['latest_only']) retrieved from /home/lucia/practica_creativa/resources/airflow/env/lib/python3.10/site-packages/airflow/example_dags/example_latest_only.py
[2023-05-30 14:02:07,360] {logging_mixin.py:109} INFO - [2023-05-30 14:02:07,360] {dag.py:1834} INFO - Sync 1 DAGs
[2023-05-30 14:02:07,382] {logging_mixin.py:109} INFO - [2023-05-30 14:02:07,382] {dag.py:2287} INFO - Setting next_dagrun for latest_only to 2023-05-28 00:00:00+00:00
[2023-05-30 14:02:07,410] {processor.py:170} INFO - Processing /home/lucia/practica_creativa/resources/airflow/env/lib/python3.10/site-packages/airflow/example_dags/example_latest_only.py took 0.130 seconds
[2023-05-30 14:02:47,844] {processor.py:162} INFO - Started process (PID=135391) to work on /home/lucia/practica_creativa/resources/airflow/env/lib/python3.10/site-packages/airflow/example_dags/example_latest_only.py
[2023-05-30 14:02:47,847] {processor.py:613} INFO - Processing file /home/lucia/practica_creativa/resources/airflow/env/lib/python3.10/site-packages/airflow/example_dags/example_latest_only.py for tasks to queue
[2023-05-30 14:02:47,848] {logging_mixin.py:109} INFO - [2023-05-30 14:02:47,848] {dagbag.py:496} INFO - Filling up the DagBag from /home/lucia/practica_creativa/resources/airflow/env/lib/python3.10/site-packages/airflow/example_dags/example_latest_only.py
[2023-05-30 14:02:47,893] {processor.py:623} INFO - DAG(s) dict_keys(['latest_only']) retrieved from /home/lucia/practica_creativa/resources/airflow/env/lib/python3.10/site-packages/airflow/example_dags/example_latest_only.py
[2023-05-30 14:02:47,939] {logging_mixin.py:109} INFO - [2023-05-30 14:02:47,939] {dag.py:1834} INFO - Sync 1 DAGs
[2023-05-30 14:02:47,960] {logging_mixin.py:109} INFO - [2023-05-30 14:02:47,959] {dag.py:2287} INFO - Setting next_dagrun for latest_only to 2023-05-28 00:00:00+00:00
[2023-05-30 14:02:47,987] {processor.py:170} INFO - Processing /home/lucia/practica_creativa/resources/airflow/env/lib/python3.10/site-packages/airflow/example_dags/example_latest_only.py took 0.154 seconds
[2023-05-30 14:03:33,640] {processor.py:162} INFO - Started process (PID=135470) to work on /home/lucia/practica_creativa/resources/airflow/env/lib/python3.10/site-packages/airflow/example_dags/example_latest_only.py
[2023-05-30 14:03:33,646] {processor.py:613} INFO - Processing file /home/lucia/practica_creativa/resources/airflow/env/lib/python3.10/site-packages/airflow/example_dags/example_latest_only.py for tasks to queue
[2023-05-30 14:03:33,649] {logging_mixin.py:109} INFO - [2023-05-30 14:03:33,649] {dagbag.py:496} INFO - Filling up the DagBag from /home/lucia/practica_creativa/resources/airflow/env/lib/python3.10/site-packages/airflow/example_dags/example_latest_only.py
[2023-05-30 14:03:33,698] {processor.py:623} INFO - DAG(s) dict_keys(['latest_only']) retrieved from /home/lucia/practica_creativa/resources/airflow/env/lib/python3.10/site-packages/airflow/example_dags/example_latest_only.py
[2023-05-30 14:03:33,752] {logging_mixin.py:109} INFO - [2023-05-30 14:03:33,751] {dag.py:1834} INFO - Sync 1 DAGs
[2023-05-30 14:03:33,783] {logging_mixin.py:109} INFO - [2023-05-30 14:03:33,783] {dag.py:2287} INFO - Setting next_dagrun for latest_only to 2023-05-28 00:00:00+00:00
[2023-05-30 14:03:33,813] {processor.py:170} INFO - Processing /home/lucia/practica_creativa/resources/airflow/env/lib/python3.10/site-packages/airflow/example_dags/example_latest_only.py took 0.180 seconds
[2023-05-30 14:05:28,759] {processor.py:162} INFO - Started process (PID=135624) to work on /home/lucia/practica_creativa/resources/airflow/env/lib/python3.10/site-packages/airflow/example_dags/example_latest_only.py
[2023-05-30 14:05:28,763] {processor.py:613} INFO - Processing file /home/lucia/practica_creativa/resources/airflow/env/lib/python3.10/site-packages/airflow/example_dags/example_latest_only.py for tasks to queue
[2023-05-30 14:05:28,765] {logging_mixin.py:109} INFO - [2023-05-30 14:05:28,764] {dagbag.py:496} INFO - Filling up the DagBag from /home/lucia/practica_creativa/resources/airflow/env/lib/python3.10/site-packages/airflow/example_dags/example_latest_only.py
[2023-05-30 14:05:28,824] {processor.py:623} INFO - DAG(s) dict_keys(['latest_only']) retrieved from /home/lucia/practica_creativa/resources/airflow/env/lib/python3.10/site-packages/airflow/example_dags/example_latest_only.py
[2023-05-30 14:05:28,875] {logging_mixin.py:109} INFO - [2023-05-30 14:05:28,874] {dag.py:1834} INFO - Sync 1 DAGs
[2023-05-30 14:05:28,893] {logging_mixin.py:109} INFO - [2023-05-30 14:05:28,893] {dag.py:2287} INFO - Setting next_dagrun for latest_only to 2023-05-28 00:00:00+00:00
[2023-05-30 14:05:28,921] {processor.py:170} INFO - Processing /home/lucia/practica_creativa/resources/airflow/env/lib/python3.10/site-packages/airflow/example_dags/example_latest_only.py took 0.170 seconds
[2023-05-30 14:09:35,068] {processor.py:162} INFO - Started process (PID=135751) to work on /home/lucia/practica_creativa/resources/airflow/env/lib/python3.10/site-packages/airflow/example_dags/example_latest_only.py
[2023-05-30 14:09:35,071] {processor.py:613} INFO - Processing file /home/lucia/practica_creativa/resources/airflow/env/lib/python3.10/site-packages/airflow/example_dags/example_latest_only.py for tasks to queue
[2023-05-30 14:09:35,073] {logging_mixin.py:109} INFO - [2023-05-30 14:09:35,073] {dagbag.py:496} INFO - Filling up the DagBag from /home/lucia/practica_creativa/resources/airflow/env/lib/python3.10/site-packages/airflow/example_dags/example_latest_only.py
[2023-05-30 14:09:35,106] {processor.py:623} INFO - DAG(s) dict_keys(['latest_only']) retrieved from /home/lucia/practica_creativa/resources/airflow/env/lib/python3.10/site-packages/airflow/example_dags/example_latest_only.py
[2023-05-30 14:09:35,140] {logging_mixin.py:109} INFO - [2023-05-30 14:09:35,140] {dag.py:1834} INFO - Sync 1 DAGs
[2023-05-30 14:09:35,162] {logging_mixin.py:109} INFO - [2023-05-30 14:09:35,161] {dag.py:2287} INFO - Setting next_dagrun for latest_only to 2023-05-28 00:00:00+00:00
[2023-05-30 14:09:35,187] {processor.py:170} INFO - Processing /home/lucia/practica_creativa/resources/airflow/env/lib/python3.10/site-packages/airflow/example_dags/example_latest_only.py took 0.127 seconds
[2023-05-30 14:10:30,589] {processor.py:162} INFO - Started process (PID=135830) to work on /home/lucia/practica_creativa/resources/airflow/env/lib/python3.10/site-packages/airflow/example_dags/example_latest_only.py
[2023-05-30 14:10:30,594] {processor.py:613} INFO - Processing file /home/lucia/practica_creativa/resources/airflow/env/lib/python3.10/site-packages/airflow/example_dags/example_latest_only.py for tasks to queue
[2023-05-30 14:10:30,596] {logging_mixin.py:109} INFO - [2023-05-30 14:10:30,595] {dagbag.py:496} INFO - Filling up the DagBag from /home/lucia/practica_creativa/resources/airflow/env/lib/python3.10/site-packages/airflow/example_dags/example_latest_only.py
[2023-05-30 14:10:30,655] {processor.py:623} INFO - DAG(s) dict_keys(['latest_only']) retrieved from /home/lucia/practica_creativa/resources/airflow/env/lib/python3.10/site-packages/airflow/example_dags/example_latest_only.py
[2023-05-30 14:10:30,741] {logging_mixin.py:109} INFO - [2023-05-30 14:10:30,741] {dag.py:1834} INFO - Sync 1 DAGs
[2023-05-30 14:10:30,765] {logging_mixin.py:109} INFO - [2023-05-30 14:10:30,765] {dag.py:2287} INFO - Setting next_dagrun for latest_only to 2023-05-28 00:00:00+00:00
[2023-05-30 14:10:30,798] {processor.py:170} INFO - Processing /home/lucia/practica_creativa/resources/airflow/env/lib/python3.10/site-packages/airflow/example_dags/example_latest_only.py took 0.249 seconds
[2023-05-30 14:11:15,065] {processor.py:162} INFO - Started process (PID=135871) to work on /home/lucia/practica_creativa/resources/airflow/env/lib/python3.10/site-packages/airflow/example_dags/example_latest_only.py
[2023-05-30 14:11:15,068] {processor.py:613} INFO - Processing file /home/lucia/practica_creativa/resources/airflow/env/lib/python3.10/site-packages/airflow/example_dags/example_latest_only.py for tasks to queue
[2023-05-30 14:11:15,070] {logging_mixin.py:109} INFO - [2023-05-30 14:11:15,070] {dagbag.py:496} INFO - Filling up the DagBag from /home/lucia/practica_creativa/resources/airflow/env/lib/python3.10/site-packages/airflow/example_dags/example_latest_only.py
[2023-05-30 14:11:15,098] {processor.py:623} INFO - DAG(s) dict_keys(['latest_only']) retrieved from /home/lucia/practica_creativa/resources/airflow/env/lib/python3.10/site-packages/airflow/example_dags/example_latest_only.py
[2023-05-30 14:11:15,131] {logging_mixin.py:109} INFO - [2023-05-30 14:11:15,131] {dag.py:1834} INFO - Sync 1 DAGs
[2023-05-30 14:11:15,152] {logging_mixin.py:109} INFO - [2023-05-30 14:11:15,152] {dag.py:2287} INFO - Setting next_dagrun for latest_only to 2023-05-28 00:00:00+00:00
[2023-05-30 14:11:15,186] {processor.py:170} INFO - Processing /home/lucia/practica_creativa/resources/airflow/env/lib/python3.10/site-packages/airflow/example_dags/example_latest_only.py took 0.127 seconds
[2023-05-30 14:26:02,567] {processor.py:162} INFO - Started process (PID=136075) to work on /home/lucia/practica_creativa/resources/airflow/env/lib/python3.10/site-packages/airflow/example_dags/example_latest_only.py
[2023-05-30 14:26:02,570] {processor.py:613} INFO - Processing file /home/lucia/practica_creativa/resources/airflow/env/lib/python3.10/site-packages/airflow/example_dags/example_latest_only.py for tasks to queue
[2023-05-30 14:26:02,572] {logging_mixin.py:109} INFO - [2023-05-30 14:26:02,571] {dagbag.py:496} INFO - Filling up the DagBag from /home/lucia/practica_creativa/resources/airflow/env/lib/python3.10/site-packages/airflow/example_dags/example_latest_only.py
[2023-05-30 14:26:02,602] {processor.py:623} INFO - DAG(s) dict_keys(['latest_only']) retrieved from /home/lucia/practica_creativa/resources/airflow/env/lib/python3.10/site-packages/airflow/example_dags/example_latest_only.py
[2023-05-30 14:26:02,632] {logging_mixin.py:109} INFO - [2023-05-30 14:26:02,632] {dag.py:1834} INFO - Sync 1 DAGs
[2023-05-30 14:26:02,660] {logging_mixin.py:109} INFO - [2023-05-30 14:26:02,660] {dag.py:2287} INFO - Setting next_dagrun for latest_only to 2023-05-28 00:00:00+00:00
[2023-05-30 14:26:02,698] {processor.py:170} INFO - Processing /home/lucia/practica_creativa/resources/airflow/env/lib/python3.10/site-packages/airflow/example_dags/example_latest_only.py took 0.136 seconds
[2023-05-30 14:37:05,363] {processor.py:162} INFO - Started process (PID=136243) to work on /home/lucia/practica_creativa/resources/airflow/env/lib/python3.10/site-packages/airflow/example_dags/example_latest_only.py
[2023-05-30 14:37:05,367] {processor.py:613} INFO - Processing file /home/lucia/practica_creativa/resources/airflow/env/lib/python3.10/site-packages/airflow/example_dags/example_latest_only.py for tasks to queue
[2023-05-30 14:37:05,368] {logging_mixin.py:109} INFO - [2023-05-30 14:37:05,368] {dagbag.py:496} INFO - Filling up the DagBag from /home/lucia/practica_creativa/resources/airflow/env/lib/python3.10/site-packages/airflow/example_dags/example_latest_only.py
[2023-05-30 14:37:05,400] {processor.py:623} INFO - DAG(s) dict_keys(['latest_only']) retrieved from /home/lucia/practica_creativa/resources/airflow/env/lib/python3.10/site-packages/airflow/example_dags/example_latest_only.py
[2023-05-30 14:37:05,433] {logging_mixin.py:109} INFO - [2023-05-30 14:37:05,433] {dag.py:1834} INFO - Sync 1 DAGs
[2023-05-30 14:37:05,454] {logging_mixin.py:109} INFO - [2023-05-30 14:37:05,453] {dag.py:2287} INFO - Setting next_dagrun for latest_only to 2023-05-28 00:00:00+00:00
[2023-05-30 14:37:05,483] {processor.py:170} INFO - Processing /home/lucia/practica_creativa/resources/airflow/env/lib/python3.10/site-packages/airflow/example_dags/example_latest_only.py took 0.127 seconds
[2023-05-30 14:37:42,185] {processor.py:162} INFO - Started process (PID=136273) to work on /home/lucia/practica_creativa/resources/airflow/env/lib/python3.10/site-packages/airflow/example_dags/example_latest_only.py
[2023-05-30 14:37:42,190] {processor.py:613} INFO - Processing file /home/lucia/practica_creativa/resources/airflow/env/lib/python3.10/site-packages/airflow/example_dags/example_latest_only.py for tasks to queue
[2023-05-30 14:37:42,192] {logging_mixin.py:109} INFO - [2023-05-30 14:37:42,191] {dagbag.py:496} INFO - Filling up the DagBag from /home/lucia/practica_creativa/resources/airflow/env/lib/python3.10/site-packages/airflow/example_dags/example_latest_only.py
[2023-05-30 14:37:42,224] {processor.py:623} INFO - DAG(s) dict_keys(['latest_only']) retrieved from /home/lucia/practica_creativa/resources/airflow/env/lib/python3.10/site-packages/airflow/example_dags/example_latest_only.py
[2023-05-30 14:37:42,258] {logging_mixin.py:109} INFO - [2023-05-30 14:37:42,257] {dag.py:1834} INFO - Sync 1 DAGs
[2023-05-30 14:37:42,278] {logging_mixin.py:109} INFO - [2023-05-30 14:37:42,278] {dag.py:2287} INFO - Setting next_dagrun for latest_only to 2023-05-28 00:00:00+00:00
[2023-05-30 14:37:42,306] {processor.py:170} INFO - Processing /home/lucia/practica_creativa/resources/airflow/env/lib/python3.10/site-packages/airflow/example_dags/example_latest_only.py took 0.127 seconds
[2023-05-30 14:38:22,000] {processor.py:162} INFO - Started process (PID=136309) to work on /home/lucia/practica_creativa/resources/airflow/env/lib/python3.10/site-packages/airflow/example_dags/example_latest_only.py
[2023-05-30 14:38:22,004] {processor.py:613} INFO - Processing file /home/lucia/practica_creativa/resources/airflow/env/lib/python3.10/site-packages/airflow/example_dags/example_latest_only.py for tasks to queue
[2023-05-30 14:38:22,006] {logging_mixin.py:109} INFO - [2023-05-30 14:38:22,005] {dagbag.py:496} INFO - Filling up the DagBag from /home/lucia/practica_creativa/resources/airflow/env/lib/python3.10/site-packages/airflow/example_dags/example_latest_only.py
[2023-05-30 14:38:22,041] {processor.py:623} INFO - DAG(s) dict_keys(['latest_only']) retrieved from /home/lucia/practica_creativa/resources/airflow/env/lib/python3.10/site-packages/airflow/example_dags/example_latest_only.py
[2023-05-30 14:38:22,078] {logging_mixin.py:109} INFO - [2023-05-30 14:38:22,078] {dag.py:1834} INFO - Sync 1 DAGs
[2023-05-30 14:38:22,099] {logging_mixin.py:109} INFO - [2023-05-30 14:38:22,098] {dag.py:2287} INFO - Setting next_dagrun for latest_only to 2023-05-28 00:00:00+00:00
[2023-05-30 14:38:22,125] {processor.py:170} INFO - Processing /home/lucia/practica_creativa/resources/airflow/env/lib/python3.10/site-packages/airflow/example_dags/example_latest_only.py took 0.132 seconds
