[2023-05-30 13:42:13,018] {processor.py:162} INFO - Started process (PID=134564) to work on /home/lucia/practica_creativa/flight_prediction/src/main/scala/env/lib/python3.10/site-packages/airflow/example_dags/example_complex.py
[2023-05-30 13:42:13,021] {processor.py:613} INFO - Processing file /home/lucia/practica_creativa/flight_prediction/src/main/scala/env/lib/python3.10/site-packages/airflow/example_dags/example_complex.py for tasks to queue
[2023-05-30 13:42:13,022] {logging_mixin.py:109} INFO - [2023-05-30 13:42:13,022] {dagbag.py:496} INFO - Filling up the DagBag from /home/lucia/practica_creativa/flight_prediction/src/main/scala/env/lib/python3.10/site-packages/airflow/example_dags/example_complex.py
[2023-05-30 13:42:13,077] {processor.py:623} INFO - DAG(s) dict_keys(['example_complex']) retrieved from /home/lucia/practica_creativa/flight_prediction/src/main/scala/env/lib/python3.10/site-packages/airflow/example_dags/example_complex.py
[2023-05-30 13:42:13,134] {logging_mixin.py:109} INFO - [2023-05-30 13:42:13,133] {dag.py:1834} INFO - Sync 1 DAGs
[2023-05-30 13:42:13,157] {logging_mixin.py:109} INFO - [2023-05-30 13:42:13,157] {dag.py:2287} INFO - Setting next_dagrun for example_complex to None
[2023-05-30 13:42:13,187] {processor.py:170} INFO - Processing /home/lucia/practica_creativa/flight_prediction/src/main/scala/env/lib/python3.10/site-packages/airflow/example_dags/example_complex.py took 0.177 seconds
[2023-05-30 13:42:55,959] {processor.py:162} INFO - Started process (PID=134618) to work on /home/lucia/practica_creativa/flight_prediction/src/main/scala/env/lib/python3.10/site-packages/airflow/example_dags/example_complex.py
[2023-05-30 13:42:55,962] {processor.py:613} INFO - Processing file /home/lucia/practica_creativa/flight_prediction/src/main/scala/env/lib/python3.10/site-packages/airflow/example_dags/example_complex.py for tasks to queue
[2023-05-30 13:42:55,963] {logging_mixin.py:109} INFO - [2023-05-30 13:42:55,963] {dagbag.py:496} INFO - Filling up the DagBag from /home/lucia/practica_creativa/flight_prediction/src/main/scala/env/lib/python3.10/site-packages/airflow/example_dags/example_complex.py
[2023-05-30 13:42:56,020] {processor.py:623} INFO - DAG(s) dict_keys(['example_complex']) retrieved from /home/lucia/practica_creativa/flight_prediction/src/main/scala/env/lib/python3.10/site-packages/airflow/example_dags/example_complex.py
[2023-05-30 13:42:56,071] {logging_mixin.py:109} INFO - [2023-05-30 13:42:56,071] {dag.py:1834} INFO - Sync 1 DAGs
[2023-05-30 13:42:56,094] {logging_mixin.py:109} INFO - [2023-05-30 13:42:56,094] {dag.py:2287} INFO - Setting next_dagrun for example_complex to None
[2023-05-30 13:42:56,123] {processor.py:170} INFO - Processing /home/lucia/practica_creativa/flight_prediction/src/main/scala/env/lib/python3.10/site-packages/airflow/example_dags/example_complex.py took 0.171 seconds
[2023-05-30 14:01:26,790] {processor.py:162} INFO - Started process (PID=135265) to work on /home/lucia/practica_creativa/resources/airflow/env/lib/python3.10/site-packages/airflow/example_dags/example_complex.py
[2023-05-30 14:01:26,794] {processor.py:613} INFO - Processing file /home/lucia/practica_creativa/resources/airflow/env/lib/python3.10/site-packages/airflow/example_dags/example_complex.py for tasks to queue
[2023-05-30 14:01:26,795] {logging_mixin.py:109} INFO - [2023-05-30 14:01:26,795] {dagbag.py:496} INFO - Filling up the DagBag from /home/lucia/practica_creativa/resources/airflow/env/lib/python3.10/site-packages/airflow/example_dags/example_complex.py
[2023-05-30 14:01:26,853] {processor.py:623} INFO - DAG(s) dict_keys(['example_complex']) retrieved from /home/lucia/practica_creativa/resources/airflow/env/lib/python3.10/site-packages/airflow/example_dags/example_complex.py
[2023-05-30 14:01:26,931] {logging_mixin.py:109} INFO - [2023-05-30 14:01:26,930] {dag.py:1834} INFO - Sync 1 DAGs
[2023-05-30 14:01:26,958] {logging_mixin.py:109} INFO - [2023-05-30 14:01:26,958] {dag.py:2287} INFO - Setting next_dagrun for example_complex to None
[2023-05-30 14:01:26,989] {processor.py:170} INFO - Processing /home/lucia/practica_creativa/resources/airflow/env/lib/python3.10/site-packages/airflow/example_dags/example_complex.py took 0.207 seconds
[2023-05-30 14:02:20,974] {processor.py:162} INFO - Started process (PID=135349) to work on /home/lucia/practica_creativa/resources/airflow/env/lib/python3.10/site-packages/airflow/example_dags/example_complex.py
[2023-05-30 14:02:20,977] {processor.py:613} INFO - Processing file /home/lucia/practica_creativa/resources/airflow/env/lib/python3.10/site-packages/airflow/example_dags/example_complex.py for tasks to queue
[2023-05-30 14:02:20,979] {logging_mixin.py:109} INFO - [2023-05-30 14:02:20,979] {dagbag.py:496} INFO - Filling up the DagBag from /home/lucia/practica_creativa/resources/airflow/env/lib/python3.10/site-packages/airflow/example_dags/example_complex.py
[2023-05-30 14:02:21,026] {processor.py:623} INFO - DAG(s) dict_keys(['example_complex']) retrieved from /home/lucia/practica_creativa/resources/airflow/env/lib/python3.10/site-packages/airflow/example_dags/example_complex.py
[2023-05-30 14:02:21,073] {logging_mixin.py:109} INFO - [2023-05-30 14:02:21,073] {dag.py:1834} INFO - Sync 1 DAGs
[2023-05-30 14:02:21,108] {logging_mixin.py:109} INFO - [2023-05-30 14:02:21,107] {dag.py:2287} INFO - Setting next_dagrun for example_complex to None
[2023-05-30 14:02:21,145] {processor.py:170} INFO - Processing /home/lucia/practica_creativa/resources/airflow/env/lib/python3.10/site-packages/airflow/example_dags/example_complex.py took 0.178 seconds
[2023-05-30 14:03:03,255] {processor.py:162} INFO - Started process (PID=135435) to work on /home/lucia/practica_creativa/resources/airflow/env/lib/python3.10/site-packages/airflow/example_dags/example_complex.py
[2023-05-30 14:03:03,278] {processor.py:613} INFO - Processing file /home/lucia/practica_creativa/resources/airflow/env/lib/python3.10/site-packages/airflow/example_dags/example_complex.py for tasks to queue
[2023-05-30 14:03:03,279] {logging_mixin.py:109} INFO - [2023-05-30 14:03:03,279] {dagbag.py:496} INFO - Filling up the DagBag from /home/lucia/practica_creativa/resources/airflow/env/lib/python3.10/site-packages/airflow/example_dags/example_complex.py
[2023-05-30 14:03:03,428] {processor.py:623} INFO - DAG(s) dict_keys(['example_complex']) retrieved from /home/lucia/practica_creativa/resources/airflow/env/lib/python3.10/site-packages/airflow/example_dags/example_complex.py
[2023-05-30 14:03:03,555] {logging_mixin.py:109} INFO - [2023-05-30 14:03:03,555] {dag.py:1834} INFO - Sync 1 DAGs
[2023-05-30 14:03:03,575] {logging_mixin.py:109} INFO - [2023-05-30 14:03:03,575] {dag.py:2287} INFO - Setting next_dagrun for example_complex to None
[2023-05-30 14:03:03,614] {processor.py:170} INFO - Processing /home/lucia/practica_creativa/resources/airflow/env/lib/python3.10/site-packages/airflow/example_dags/example_complex.py took 0.376 seconds
[2023-05-30 14:03:48,622] {processor.py:162} INFO - Started process (PID=135482) to work on /home/lucia/practica_creativa/resources/airflow/env/lib/python3.10/site-packages/airflow/example_dags/example_complex.py
[2023-05-30 14:03:48,627] {processor.py:613} INFO - Processing file /home/lucia/practica_creativa/resources/airflow/env/lib/python3.10/site-packages/airflow/example_dags/example_complex.py for tasks to queue
[2023-05-30 14:03:48,630] {logging_mixin.py:109} INFO - [2023-05-30 14:03:48,630] {dagbag.py:496} INFO - Filling up the DagBag from /home/lucia/practica_creativa/resources/airflow/env/lib/python3.10/site-packages/airflow/example_dags/example_complex.py
[2023-05-30 14:03:48,686] {processor.py:623} INFO - DAG(s) dict_keys(['example_complex']) retrieved from /home/lucia/practica_creativa/resources/airflow/env/lib/python3.10/site-packages/airflow/example_dags/example_complex.py
[2023-05-30 14:03:48,733] {logging_mixin.py:109} INFO - [2023-05-30 14:03:48,733] {dag.py:1834} INFO - Sync 1 DAGs
[2023-05-30 14:03:48,753] {logging_mixin.py:109} INFO - [2023-05-30 14:03:48,753] {dag.py:2287} INFO - Setting next_dagrun for example_complex to None
[2023-05-30 14:03:48,778] {processor.py:170} INFO - Processing /home/lucia/practica_creativa/resources/airflow/env/lib/python3.10/site-packages/airflow/example_dags/example_complex.py took 0.166 seconds
[2023-05-30 14:05:43,101] {processor.py:162} INFO - Started process (PID=135637) to work on /home/lucia/practica_creativa/resources/airflow/env/lib/python3.10/site-packages/airflow/example_dags/example_complex.py
[2023-05-30 14:05:43,104] {processor.py:613} INFO - Processing file /home/lucia/practica_creativa/resources/airflow/env/lib/python3.10/site-packages/airflow/example_dags/example_complex.py for tasks to queue
[2023-05-30 14:05:43,106] {logging_mixin.py:109} INFO - [2023-05-30 14:05:43,106] {dagbag.py:496} INFO - Filling up the DagBag from /home/lucia/practica_creativa/resources/airflow/env/lib/python3.10/site-packages/airflow/example_dags/example_complex.py
[2023-05-30 14:05:43,161] {processor.py:623} INFO - DAG(s) dict_keys(['example_complex']) retrieved from /home/lucia/practica_creativa/resources/airflow/env/lib/python3.10/site-packages/airflow/example_dags/example_complex.py
[2023-05-30 14:05:43,205] {logging_mixin.py:109} INFO - [2023-05-30 14:05:43,205] {dag.py:1834} INFO - Sync 1 DAGs
[2023-05-30 14:05:43,225] {logging_mixin.py:109} INFO - [2023-05-30 14:05:43,225] {dag.py:2287} INFO - Setting next_dagrun for example_complex to None
[2023-05-30 14:05:43,253] {processor.py:170} INFO - Processing /home/lucia/practica_creativa/resources/airflow/env/lib/python3.10/site-packages/airflow/example_dags/example_complex.py took 0.160 seconds
[2023-05-30 14:09:49,581] {processor.py:162} INFO - Started process (PID=135762) to work on /home/lucia/practica_creativa/resources/airflow/env/lib/python3.10/site-packages/airflow/example_dags/example_complex.py
[2023-05-30 14:09:49,585] {processor.py:613} INFO - Processing file /home/lucia/practica_creativa/resources/airflow/env/lib/python3.10/site-packages/airflow/example_dags/example_complex.py for tasks to queue
[2023-05-30 14:09:49,587] {logging_mixin.py:109} INFO - [2023-05-30 14:09:49,586] {dagbag.py:496} INFO - Filling up the DagBag from /home/lucia/practica_creativa/resources/airflow/env/lib/python3.10/site-packages/airflow/example_dags/example_complex.py
[2023-05-30 14:09:49,642] {processor.py:623} INFO - DAG(s) dict_keys(['example_complex']) retrieved from /home/lucia/practica_creativa/resources/airflow/env/lib/python3.10/site-packages/airflow/example_dags/example_complex.py
[2023-05-30 14:09:49,696] {logging_mixin.py:109} INFO - [2023-05-30 14:09:49,695] {dag.py:1834} INFO - Sync 1 DAGs
[2023-05-30 14:09:49,720] {logging_mixin.py:109} INFO - [2023-05-30 14:09:49,720] {dag.py:2287} INFO - Setting next_dagrun for example_complex to None
[2023-05-30 14:09:49,750] {processor.py:170} INFO - Processing /home/lucia/practica_creativa/resources/airflow/env/lib/python3.10/site-packages/airflow/example_dags/example_complex.py took 0.177 seconds
[2023-05-30 14:10:45,708] {processor.py:162} INFO - Started process (PID=135841) to work on /home/lucia/practica_creativa/resources/airflow/env/lib/python3.10/site-packages/airflow/example_dags/example_complex.py
[2023-05-30 14:10:45,715] {processor.py:613} INFO - Processing file /home/lucia/practica_creativa/resources/airflow/env/lib/python3.10/site-packages/airflow/example_dags/example_complex.py for tasks to queue
[2023-05-30 14:10:45,716] {logging_mixin.py:109} INFO - [2023-05-30 14:10:45,716] {dagbag.py:496} INFO - Filling up the DagBag from /home/lucia/practica_creativa/resources/airflow/env/lib/python3.10/site-packages/airflow/example_dags/example_complex.py
[2023-05-30 14:10:45,772] {processor.py:623} INFO - DAG(s) dict_keys(['example_complex']) retrieved from /home/lucia/practica_creativa/resources/airflow/env/lib/python3.10/site-packages/airflow/example_dags/example_complex.py
[2023-05-30 14:10:45,824] {logging_mixin.py:109} INFO - [2023-05-30 14:10:45,824] {dag.py:1834} INFO - Sync 1 DAGs
[2023-05-30 14:10:45,849] {logging_mixin.py:109} INFO - [2023-05-30 14:10:45,849] {dag.py:2287} INFO - Setting next_dagrun for example_complex to None
[2023-05-30 14:10:45,882] {processor.py:170} INFO - Processing /home/lucia/practica_creativa/resources/airflow/env/lib/python3.10/site-packages/airflow/example_dags/example_complex.py took 0.182 seconds
[2023-05-30 14:26:16,367] {processor.py:162} INFO - Started process (PID=136091) to work on /home/lucia/practica_creativa/resources/airflow/env/lib/python3.10/site-packages/airflow/example_dags/example_complex.py
[2023-05-30 14:26:16,372] {processor.py:613} INFO - Processing file /home/lucia/practica_creativa/resources/airflow/env/lib/python3.10/site-packages/airflow/example_dags/example_complex.py for tasks to queue
[2023-05-30 14:26:16,374] {logging_mixin.py:109} INFO - [2023-05-30 14:26:16,374] {dagbag.py:496} INFO - Filling up the DagBag from /home/lucia/practica_creativa/resources/airflow/env/lib/python3.10/site-packages/airflow/example_dags/example_complex.py
[2023-05-30 14:26:16,423] {processor.py:623} INFO - DAG(s) dict_keys(['example_complex']) retrieved from /home/lucia/practica_creativa/resources/airflow/env/lib/python3.10/site-packages/airflow/example_dags/example_complex.py
[2023-05-30 14:26:16,473] {logging_mixin.py:109} INFO - [2023-05-30 14:26:16,473] {dag.py:1834} INFO - Sync 1 DAGs
[2023-05-30 14:26:16,493] {logging_mixin.py:109} INFO - [2023-05-30 14:26:16,493] {dag.py:2287} INFO - Setting next_dagrun for example_complex to None
[2023-05-30 14:26:16,517] {processor.py:170} INFO - Processing /home/lucia/practica_creativa/resources/airflow/env/lib/python3.10/site-packages/airflow/example_dags/example_complex.py took 0.157 seconds
[2023-05-30 14:37:56,047] {processor.py:162} INFO - Started process (PID=136285) to work on /home/lucia/practica_creativa/resources/airflow/env/lib/python3.10/site-packages/airflow/example_dags/example_complex.py
[2023-05-30 14:37:56,052] {processor.py:613} INFO - Processing file /home/lucia/practica_creativa/resources/airflow/env/lib/python3.10/site-packages/airflow/example_dags/example_complex.py for tasks to queue
[2023-05-30 14:37:56,053] {logging_mixin.py:109} INFO - [2023-05-30 14:37:56,053] {dagbag.py:496} INFO - Filling up the DagBag from /home/lucia/practica_creativa/resources/airflow/env/lib/python3.10/site-packages/airflow/example_dags/example_complex.py
[2023-05-30 14:37:56,107] {processor.py:623} INFO - DAG(s) dict_keys(['example_complex']) retrieved from /home/lucia/practica_creativa/resources/airflow/env/lib/python3.10/site-packages/airflow/example_dags/example_complex.py
[2023-05-30 14:37:56,154] {logging_mixin.py:109} INFO - [2023-05-30 14:37:56,154] {dag.py:1834} INFO - Sync 1 DAGs
[2023-05-30 14:37:56,174] {logging_mixin.py:109} INFO - [2023-05-30 14:37:56,174] {dag.py:2287} INFO - Setting next_dagrun for example_complex to None
[2023-05-30 14:37:56,196] {processor.py:170} INFO - Processing /home/lucia/practica_creativa/resources/airflow/env/lib/python3.10/site-packages/airflow/example_dags/example_complex.py took 0.155 seconds
[2023-05-30 14:38:36,001] {processor.py:162} INFO - Started process (PID=136320) to work on /home/lucia/practica_creativa/resources/airflow/env/lib/python3.10/site-packages/airflow/example_dags/example_complex.py
[2023-05-30 14:38:36,004] {processor.py:613} INFO - Processing file /home/lucia/practica_creativa/resources/airflow/env/lib/python3.10/site-packages/airflow/example_dags/example_complex.py for tasks to queue
[2023-05-30 14:38:36,006] {logging_mixin.py:109} INFO - [2023-05-30 14:38:36,005] {dagbag.py:496} INFO - Filling up the DagBag from /home/lucia/practica_creativa/resources/airflow/env/lib/python3.10/site-packages/airflow/example_dags/example_complex.py
[2023-05-30 14:38:36,063] {processor.py:623} INFO - DAG(s) dict_keys(['example_complex']) retrieved from /home/lucia/practica_creativa/resources/airflow/env/lib/python3.10/site-packages/airflow/example_dags/example_complex.py
[2023-05-30 14:38:36,112] {logging_mixin.py:109} INFO - [2023-05-30 14:38:36,112] {dag.py:1834} INFO - Sync 1 DAGs
[2023-05-30 14:38:36,133] {logging_mixin.py:109} INFO - [2023-05-30 14:38:36,133] {dag.py:2287} INFO - Setting next_dagrun for example_complex to None
[2023-05-30 14:38:36,164] {processor.py:170} INFO - Processing /home/lucia/practica_creativa/resources/airflow/env/lib/python3.10/site-packages/airflow/example_dags/example_complex.py took 0.172 seconds
