[2023-05-30 13:42:08,316] {processor.py:162} INFO - Started process (PID=134560) to work on /home/lucia/practica_creativa/flight_prediction/src/main/scala/env/lib/python3.10/site-packages/airflow/example_dags/example_branch_operator.py
[2023-05-30 13:42:08,320] {processor.py:613} INFO - Processing file /home/lucia/practica_creativa/flight_prediction/src/main/scala/env/lib/python3.10/site-packages/airflow/example_dags/example_branch_operator.py for tasks to queue
[2023-05-30 13:42:08,321] {logging_mixin.py:109} INFO - [2023-05-30 13:42:08,321] {dagbag.py:496} INFO - Filling up the DagBag from /home/lucia/practica_creativa/flight_prediction/src/main/scala/env/lib/python3.10/site-packages/airflow/example_dags/example_branch_operator.py
[2023-05-30 13:42:08,365] {processor.py:623} INFO - DAG(s) dict_keys(['example_branch_operator']) retrieved from /home/lucia/practica_creativa/flight_prediction/src/main/scala/env/lib/python3.10/site-packages/airflow/example_dags/example_branch_operator.py
[2023-05-30 13:42:08,411] {logging_mixin.py:109} INFO - [2023-05-30 13:42:08,411] {dag.py:1834} INFO - Sync 1 DAGs
[2023-05-30 13:42:08,447] {logging_mixin.py:109} INFO - [2023-05-30 13:42:08,446] {dag.py:2287} INFO - Setting next_dagrun for example_branch_operator to 2023-05-28 00:00:00+00:00
[2023-05-30 13:42:08,475] {processor.py:170} INFO - Processing /home/lucia/practica_creativa/flight_prediction/src/main/scala/env/lib/python3.10/site-packages/airflow/example_dags/example_branch_operator.py took 0.167 seconds
[2023-05-30 13:42:51,219] {processor.py:162} INFO - Started process (PID=134600) to work on /home/lucia/practica_creativa/flight_prediction/src/main/scala/env/lib/python3.10/site-packages/airflow/example_dags/example_branch_operator.py
[2023-05-30 13:42:51,223] {processor.py:613} INFO - Processing file /home/lucia/practica_creativa/flight_prediction/src/main/scala/env/lib/python3.10/site-packages/airflow/example_dags/example_branch_operator.py for tasks to queue
[2023-05-30 13:42:51,224] {logging_mixin.py:109} INFO - [2023-05-30 13:42:51,224] {dagbag.py:496} INFO - Filling up the DagBag from /home/lucia/practica_creativa/flight_prediction/src/main/scala/env/lib/python3.10/site-packages/airflow/example_dags/example_branch_operator.py
[2023-05-30 13:42:51,268] {processor.py:623} INFO - DAG(s) dict_keys(['example_branch_operator']) retrieved from /home/lucia/practica_creativa/flight_prediction/src/main/scala/env/lib/python3.10/site-packages/airflow/example_dags/example_branch_operator.py
[2023-05-30 13:42:51,306] {logging_mixin.py:109} INFO - [2023-05-30 13:42:51,306] {dag.py:1834} INFO - Sync 1 DAGs
[2023-05-30 13:42:51,342] {logging_mixin.py:109} INFO - [2023-05-30 13:42:51,342] {dag.py:2287} INFO - Setting next_dagrun for example_branch_operator to 2023-05-28 00:00:00+00:00
[2023-05-30 13:42:51,379] {processor.py:170} INFO - Processing /home/lucia/practica_creativa/flight_prediction/src/main/scala/env/lib/python3.10/site-packages/airflow/example_dags/example_branch_operator.py took 0.170 seconds
[2023-05-30 14:01:21,028] {processor.py:162} INFO - Started process (PID=135261) to work on /home/lucia/practica_creativa/resources/airflow/env/lib/python3.10/site-packages/airflow/example_dags/example_branch_operator.py
[2023-05-30 14:01:21,031] {processor.py:613} INFO - Processing file /home/lucia/practica_creativa/resources/airflow/env/lib/python3.10/site-packages/airflow/example_dags/example_branch_operator.py for tasks to queue
[2023-05-30 14:01:21,033] {logging_mixin.py:109} INFO - [2023-05-30 14:01:21,032] {dagbag.py:496} INFO - Filling up the DagBag from /home/lucia/practica_creativa/resources/airflow/env/lib/python3.10/site-packages/airflow/example_dags/example_branch_operator.py
[2023-05-30 14:01:21,078] {processor.py:623} INFO - DAG(s) dict_keys(['example_branch_operator']) retrieved from /home/lucia/practica_creativa/resources/airflow/env/lib/python3.10/site-packages/airflow/example_dags/example_branch_operator.py
[2023-05-30 14:01:21,113] {logging_mixin.py:109} INFO - [2023-05-30 14:01:21,113] {dag.py:1834} INFO - Sync 1 DAGs
[2023-05-30 14:01:21,142] {logging_mixin.py:109} INFO - [2023-05-30 14:01:21,142] {dag.py:2287} INFO - Setting next_dagrun for example_branch_operator to 2023-05-28 00:00:00+00:00
[2023-05-30 14:01:21,173] {processor.py:170} INFO - Processing /home/lucia/practica_creativa/resources/airflow/env/lib/python3.10/site-packages/airflow/example_dags/example_branch_operator.py took 0.153 seconds
[2023-05-30 14:02:15,933] {processor.py:162} INFO - Started process (PID=135344) to work on /home/lucia/practica_creativa/resources/airflow/env/lib/python3.10/site-packages/airflow/example_dags/example_branch_operator.py
[2023-05-30 14:02:15,936] {processor.py:613} INFO - Processing file /home/lucia/practica_creativa/resources/airflow/env/lib/python3.10/site-packages/airflow/example_dags/example_branch_operator.py for tasks to queue
[2023-05-30 14:02:15,938] {logging_mixin.py:109} INFO - [2023-05-30 14:02:15,937] {dagbag.py:496} INFO - Filling up the DagBag from /home/lucia/practica_creativa/resources/airflow/env/lib/python3.10/site-packages/airflow/example_dags/example_branch_operator.py
[2023-05-30 14:02:15,975] {processor.py:623} INFO - DAG(s) dict_keys(['example_branch_operator']) retrieved from /home/lucia/practica_creativa/resources/airflow/env/lib/python3.10/site-packages/airflow/example_dags/example_branch_operator.py
[2023-05-30 14:02:16,011] {logging_mixin.py:109} INFO - [2023-05-30 14:02:16,011] {dag.py:1834} INFO - Sync 1 DAGs
[2023-05-30 14:02:16,043] {logging_mixin.py:109} INFO - [2023-05-30 14:02:16,043] {dag.py:2287} INFO - Setting next_dagrun for example_branch_operator to 2023-05-28 00:00:00+00:00
[2023-05-30 14:02:16,089] {processor.py:170} INFO - Processing /home/lucia/practica_creativa/resources/airflow/env/lib/python3.10/site-packages/airflow/example_dags/example_branch_operator.py took 0.164 seconds
[2023-05-30 14:02:57,100] {processor.py:162} INFO - Started process (PID=135412) to work on /home/lucia/practica_creativa/resources/airflow/env/lib/python3.10/site-packages/airflow/example_dags/example_branch_operator.py
[2023-05-30 14:02:57,103] {processor.py:613} INFO - Processing file /home/lucia/practica_creativa/resources/airflow/env/lib/python3.10/site-packages/airflow/example_dags/example_branch_operator.py for tasks to queue
[2023-05-30 14:02:57,104] {logging_mixin.py:109} INFO - [2023-05-30 14:02:57,104] {dagbag.py:496} INFO - Filling up the DagBag from /home/lucia/practica_creativa/resources/airflow/env/lib/python3.10/site-packages/airflow/example_dags/example_branch_operator.py
[2023-05-30 14:02:57,144] {processor.py:623} INFO - DAG(s) dict_keys(['example_branch_operator']) retrieved from /home/lucia/practica_creativa/resources/airflow/env/lib/python3.10/site-packages/airflow/example_dags/example_branch_operator.py
[2023-05-30 14:02:57,184] {logging_mixin.py:109} INFO - [2023-05-30 14:02:57,183] {dag.py:1834} INFO - Sync 1 DAGs
[2023-05-30 14:02:57,240] {logging_mixin.py:109} INFO - [2023-05-30 14:02:57,239] {dag.py:2287} INFO - Setting next_dagrun for example_branch_operator to 2023-05-28 00:00:00+00:00
[2023-05-30 14:02:57,271] {processor.py:170} INFO - Processing /home/lucia/practica_creativa/resources/airflow/env/lib/python3.10/site-packages/airflow/example_dags/example_branch_operator.py took 0.192 seconds
[2023-05-30 14:03:43,149] {processor.py:162} INFO - Started process (PID=135478) to work on /home/lucia/practica_creativa/resources/airflow/env/lib/python3.10/site-packages/airflow/example_dags/example_branch_operator.py
[2023-05-30 14:03:43,152] {processor.py:613} INFO - Processing file /home/lucia/practica_creativa/resources/airflow/env/lib/python3.10/site-packages/airflow/example_dags/example_branch_operator.py for tasks to queue
[2023-05-30 14:03:43,154] {logging_mixin.py:109} INFO - [2023-05-30 14:03:43,154] {dagbag.py:496} INFO - Filling up the DagBag from /home/lucia/practica_creativa/resources/airflow/env/lib/python3.10/site-packages/airflow/example_dags/example_branch_operator.py
[2023-05-30 14:03:43,193] {processor.py:623} INFO - DAG(s) dict_keys(['example_branch_operator']) retrieved from /home/lucia/practica_creativa/resources/airflow/env/lib/python3.10/site-packages/airflow/example_dags/example_branch_operator.py
[2023-05-30 14:03:43,230] {logging_mixin.py:109} INFO - [2023-05-30 14:03:43,230] {dag.py:1834} INFO - Sync 1 DAGs
[2023-05-30 14:03:43,260] {logging_mixin.py:109} INFO - [2023-05-30 14:03:43,260] {dag.py:2287} INFO - Setting next_dagrun for example_branch_operator to 2023-05-28 00:00:00+00:00
[2023-05-30 14:03:43,293] {processor.py:170} INFO - Processing /home/lucia/practica_creativa/resources/airflow/env/lib/python3.10/site-packages/airflow/example_dags/example_branch_operator.py took 0.152 seconds
[2023-05-30 14:05:37,614] {processor.py:162} INFO - Started process (PID=135632) to work on /home/lucia/practica_creativa/resources/airflow/env/lib/python3.10/site-packages/airflow/example_dags/example_branch_operator.py
[2023-05-30 14:05:37,618] {processor.py:613} INFO - Processing file /home/lucia/practica_creativa/resources/airflow/env/lib/python3.10/site-packages/airflow/example_dags/example_branch_operator.py for tasks to queue
[2023-05-30 14:05:37,619] {logging_mixin.py:109} INFO - [2023-05-30 14:05:37,619] {dagbag.py:496} INFO - Filling up the DagBag from /home/lucia/practica_creativa/resources/airflow/env/lib/python3.10/site-packages/airflow/example_dags/example_branch_operator.py
[2023-05-30 14:05:37,661] {processor.py:623} INFO - DAG(s) dict_keys(['example_branch_operator']) retrieved from /home/lucia/practica_creativa/resources/airflow/env/lib/python3.10/site-packages/airflow/example_dags/example_branch_operator.py
[2023-05-30 14:05:37,699] {logging_mixin.py:109} INFO - [2023-05-30 14:05:37,699] {dag.py:1834} INFO - Sync 1 DAGs
[2023-05-30 14:05:37,739] {logging_mixin.py:109} INFO - [2023-05-30 14:05:37,738] {dag.py:2287} INFO - Setting next_dagrun for example_branch_operator to 2023-05-28 00:00:00+00:00
[2023-05-30 14:05:37,773] {processor.py:170} INFO - Processing /home/lucia/practica_creativa/resources/airflow/env/lib/python3.10/site-packages/airflow/example_dags/example_branch_operator.py took 0.166 seconds
[2023-05-30 14:09:44,040] {processor.py:162} INFO - Started process (PID=135758) to work on /home/lucia/practica_creativa/resources/airflow/env/lib/python3.10/site-packages/airflow/example_dags/example_branch_operator.py
[2023-05-30 14:09:44,044] {processor.py:613} INFO - Processing file /home/lucia/practica_creativa/resources/airflow/env/lib/python3.10/site-packages/airflow/example_dags/example_branch_operator.py for tasks to queue
[2023-05-30 14:09:44,046] {logging_mixin.py:109} INFO - [2023-05-30 14:09:44,045] {dagbag.py:496} INFO - Filling up the DagBag from /home/lucia/practica_creativa/resources/airflow/env/lib/python3.10/site-packages/airflow/example_dags/example_branch_operator.py
[2023-05-30 14:09:44,089] {processor.py:623} INFO - DAG(s) dict_keys(['example_branch_operator']) retrieved from /home/lucia/practica_creativa/resources/airflow/env/lib/python3.10/site-packages/airflow/example_dags/example_branch_operator.py
[2023-05-30 14:09:44,126] {logging_mixin.py:109} INFO - [2023-05-30 14:09:44,126] {dag.py:1834} INFO - Sync 1 DAGs
[2023-05-30 14:09:44,157] {logging_mixin.py:109} INFO - [2023-05-30 14:09:44,157] {dag.py:2287} INFO - Setting next_dagrun for example_branch_operator to 2023-05-28 00:00:00+00:00
[2023-05-30 14:09:44,179] {processor.py:170} INFO - Processing /home/lucia/practica_creativa/resources/airflow/env/lib/python3.10/site-packages/airflow/example_dags/example_branch_operator.py took 0.148 seconds
[2023-05-30 14:10:39,854] {processor.py:162} INFO - Started process (PID=135837) to work on /home/lucia/practica_creativa/resources/airflow/env/lib/python3.10/site-packages/airflow/example_dags/example_branch_operator.py
[2023-05-30 14:10:39,858] {processor.py:613} INFO - Processing file /home/lucia/practica_creativa/resources/airflow/env/lib/python3.10/site-packages/airflow/example_dags/example_branch_operator.py for tasks to queue
[2023-05-30 14:10:39,859] {logging_mixin.py:109} INFO - [2023-05-30 14:10:39,859] {dagbag.py:496} INFO - Filling up the DagBag from /home/lucia/practica_creativa/resources/airflow/env/lib/python3.10/site-packages/airflow/example_dags/example_branch_operator.py
[2023-05-30 14:10:39,900] {processor.py:623} INFO - DAG(s) dict_keys(['example_branch_operator']) retrieved from /home/lucia/practica_creativa/resources/airflow/env/lib/python3.10/site-packages/airflow/example_dags/example_branch_operator.py
[2023-05-30 14:10:39,940] {logging_mixin.py:109} INFO - [2023-05-30 14:10:39,940] {dag.py:1834} INFO - Sync 1 DAGs
[2023-05-30 14:10:39,971] {logging_mixin.py:109} INFO - [2023-05-30 14:10:39,971] {dag.py:2287} INFO - Setting next_dagrun for example_branch_operator to 2023-05-28 00:00:00+00:00
[2023-05-30 14:10:39,998] {processor.py:170} INFO - Processing /home/lucia/practica_creativa/resources/airflow/env/lib/python3.10/site-packages/airflow/example_dags/example_branch_operator.py took 0.155 seconds
[2023-05-30 14:26:11,133] {processor.py:162} INFO - Started process (PID=136086) to work on /home/lucia/practica_creativa/resources/airflow/env/lib/python3.10/site-packages/airflow/example_dags/example_branch_operator.py
[2023-05-30 14:26:11,137] {processor.py:613} INFO - Processing file /home/lucia/practica_creativa/resources/airflow/env/lib/python3.10/site-packages/airflow/example_dags/example_branch_operator.py for tasks to queue
[2023-05-30 14:26:11,138] {logging_mixin.py:109} INFO - [2023-05-30 14:26:11,138] {dagbag.py:496} INFO - Filling up the DagBag from /home/lucia/practica_creativa/resources/airflow/env/lib/python3.10/site-packages/airflow/example_dags/example_branch_operator.py
[2023-05-30 14:26:11,186] {processor.py:623} INFO - DAG(s) dict_keys(['example_branch_operator']) retrieved from /home/lucia/practica_creativa/resources/airflow/env/lib/python3.10/site-packages/airflow/example_dags/example_branch_operator.py
[2023-05-30 14:26:11,225] {logging_mixin.py:109} INFO - [2023-05-30 14:26:11,224] {dag.py:1834} INFO - Sync 1 DAGs
[2023-05-30 14:26:11,256] {logging_mixin.py:109} INFO - [2023-05-30 14:26:11,255] {dag.py:2287} INFO - Setting next_dagrun for example_branch_operator to 2023-05-28 00:00:00+00:00
[2023-05-30 14:26:11,282] {processor.py:170} INFO - Processing /home/lucia/practica_creativa/resources/airflow/env/lib/python3.10/site-packages/airflow/example_dags/example_branch_operator.py took 0.156 seconds
[2023-05-30 14:37:50,893] {processor.py:162} INFO - Started process (PID=136280) to work on /home/lucia/practica_creativa/resources/airflow/env/lib/python3.10/site-packages/airflow/example_dags/example_branch_operator.py
[2023-05-30 14:37:50,897] {processor.py:613} INFO - Processing file /home/lucia/practica_creativa/resources/airflow/env/lib/python3.10/site-packages/airflow/example_dags/example_branch_operator.py for tasks to queue
[2023-05-30 14:37:50,899] {logging_mixin.py:109} INFO - [2023-05-30 14:37:50,898] {dagbag.py:496} INFO - Filling up the DagBag from /home/lucia/practica_creativa/resources/airflow/env/lib/python3.10/site-packages/airflow/example_dags/example_branch_operator.py
[2023-05-30 14:37:50,939] {processor.py:623} INFO - DAG(s) dict_keys(['example_branch_operator']) retrieved from /home/lucia/practica_creativa/resources/airflow/env/lib/python3.10/site-packages/airflow/example_dags/example_branch_operator.py
[2023-05-30 14:37:50,973] {logging_mixin.py:109} INFO - [2023-05-30 14:37:50,973] {dag.py:1834} INFO - Sync 1 DAGs
[2023-05-30 14:37:51,005] {logging_mixin.py:109} INFO - [2023-05-30 14:37:51,004] {dag.py:2287} INFO - Setting next_dagrun for example_branch_operator to 2023-05-28 00:00:00+00:00
[2023-05-30 14:37:51,029] {processor.py:170} INFO - Processing /home/lucia/practica_creativa/resources/airflow/env/lib/python3.10/site-packages/airflow/example_dags/example_branch_operator.py took 0.144 seconds
[2023-05-30 14:38:30,785] {processor.py:162} INFO - Started process (PID=136316) to work on /home/lucia/practica_creativa/resources/airflow/env/lib/python3.10/site-packages/airflow/example_dags/example_branch_operator.py
[2023-05-30 14:38:30,789] {processor.py:613} INFO - Processing file /home/lucia/practica_creativa/resources/airflow/env/lib/python3.10/site-packages/airflow/example_dags/example_branch_operator.py for tasks to queue
[2023-05-30 14:38:30,790] {logging_mixin.py:109} INFO - [2023-05-30 14:38:30,790] {dagbag.py:496} INFO - Filling up the DagBag from /home/lucia/practica_creativa/resources/airflow/env/lib/python3.10/site-packages/airflow/example_dags/example_branch_operator.py
[2023-05-30 14:38:30,832] {processor.py:623} INFO - DAG(s) dict_keys(['example_branch_operator']) retrieved from /home/lucia/practica_creativa/resources/airflow/env/lib/python3.10/site-packages/airflow/example_dags/example_branch_operator.py
[2023-05-30 14:38:30,868] {logging_mixin.py:109} INFO - [2023-05-30 14:38:30,868] {dag.py:1834} INFO - Sync 1 DAGs
[2023-05-30 14:38:30,900] {logging_mixin.py:109} INFO - [2023-05-30 14:38:30,900] {dag.py:2287} INFO - Setting next_dagrun for example_branch_operator to 2023-05-28 00:00:00+00:00
[2023-05-30 14:38:30,924] {processor.py:170} INFO - Processing /home/lucia/practica_creativa/resources/airflow/env/lib/python3.10/site-packages/airflow/example_dags/example_branch_operator.py took 0.146 seconds
