[2023-05-30 13:42:09,650] {processor.py:162} INFO - Started process (PID=134562) to work on /home/lucia/practica_creativa/flight_prediction/src/main/scala/env/lib/python3.10/site-packages/airflow/example_dags/example_dag_decorator.py
[2023-05-30 13:42:09,654] {processor.py:613} INFO - Processing file /home/lucia/practica_creativa/flight_prediction/src/main/scala/env/lib/python3.10/site-packages/airflow/example_dags/example_dag_decorator.py for tasks to queue
[2023-05-30 13:42:09,655] {logging_mixin.py:109} INFO - [2023-05-30 13:42:09,655] {dagbag.py:496} INFO - Filling up the DagBag from /home/lucia/practica_creativa/flight_prediction/src/main/scala/env/lib/python3.10/site-packages/airflow/example_dags/example_dag_decorator.py
[2023-05-30 13:42:09,713] {processor.py:623} INFO - DAG(s) dict_keys(['example_dag_decorator']) retrieved from /home/lucia/practica_creativa/flight_prediction/src/main/scala/env/lib/python3.10/site-packages/airflow/example_dags/example_dag_decorator.py
[2023-05-30 13:42:10,399] {logging_mixin.py:109} INFO - [2023-05-30 13:42:10,399] {dag.py:1834} INFO - Sync 1 DAGs
[2023-05-30 13:42:10,412] {logging_mixin.py:109} INFO - [2023-05-30 13:42:10,412] {dag.py:2287} INFO - Setting next_dagrun for example_dag_decorator to None
[2023-05-30 13:42:10,440] {processor.py:170} INFO - Processing /home/lucia/practica_creativa/flight_prediction/src/main/scala/env/lib/python3.10/site-packages/airflow/example_dags/example_dag_decorator.py took 0.799 seconds
[2023-05-30 13:42:52,528] {processor.py:162} INFO - Started process (PID=134609) to work on /home/lucia/practica_creativa/flight_prediction/src/main/scala/env/lib/python3.10/site-packages/airflow/example_dags/example_dag_decorator.py
[2023-05-30 13:42:52,538] {processor.py:613} INFO - Processing file /home/lucia/practica_creativa/flight_prediction/src/main/scala/env/lib/python3.10/site-packages/airflow/example_dags/example_dag_decorator.py for tasks to queue
[2023-05-30 13:42:52,548] {logging_mixin.py:109} INFO - [2023-05-30 13:42:52,548] {dagbag.py:496} INFO - Filling up the DagBag from /home/lucia/practica_creativa/flight_prediction/src/main/scala/env/lib/python3.10/site-packages/airflow/example_dags/example_dag_decorator.py
[2023-05-30 13:42:52,627] {processor.py:623} INFO - DAG(s) dict_keys(['example_dag_decorator']) retrieved from /home/lucia/practica_creativa/flight_prediction/src/main/scala/env/lib/python3.10/site-packages/airflow/example_dags/example_dag_decorator.py
[2023-05-30 13:42:53,303] {logging_mixin.py:109} INFO - [2023-05-30 13:42:53,302] {dag.py:1834} INFO - Sync 1 DAGs
[2023-05-30 13:42:53,314] {logging_mixin.py:109} INFO - [2023-05-30 13:42:53,314] {dag.py:2287} INFO - Setting next_dagrun for example_dag_decorator to None
[2023-05-30 13:42:53,332] {processor.py:170} INFO - Processing /home/lucia/practica_creativa/flight_prediction/src/main/scala/env/lib/python3.10/site-packages/airflow/example_dags/example_dag_decorator.py took 0.813 seconds
[2023-05-30 14:01:23,636] {processor.py:162} INFO - Started process (PID=135263) to work on /home/lucia/practica_creativa/resources/airflow/env/lib/python3.10/site-packages/airflow/example_dags/example_dag_decorator.py
[2023-05-30 14:01:23,640] {processor.py:613} INFO - Processing file /home/lucia/practica_creativa/resources/airflow/env/lib/python3.10/site-packages/airflow/example_dags/example_dag_decorator.py for tasks to queue
[2023-05-30 14:01:23,642] {logging_mixin.py:109} INFO - [2023-05-30 14:01:23,641] {dagbag.py:496} INFO - Filling up the DagBag from /home/lucia/practica_creativa/resources/airflow/env/lib/python3.10/site-packages/airflow/example_dags/example_dag_decorator.py
[2023-05-30 14:01:23,698] {processor.py:623} INFO - DAG(s) dict_keys(['example_dag_decorator']) retrieved from /home/lucia/practica_creativa/resources/airflow/env/lib/python3.10/site-packages/airflow/example_dags/example_dag_decorator.py
[2023-05-30 14:01:24,291] {logging_mixin.py:109} INFO - [2023-05-30 14:01:24,291] {dag.py:1834} INFO - Sync 1 DAGs
[2023-05-30 14:01:24,304] {logging_mixin.py:109} INFO - [2023-05-30 14:01:24,304] {dag.py:2287} INFO - Setting next_dagrun for example_dag_decorator to None
[2023-05-30 14:01:24,326] {processor.py:170} INFO - Processing /home/lucia/practica_creativa/resources/airflow/env/lib/python3.10/site-packages/airflow/example_dags/example_dag_decorator.py took 0.698 seconds
[2023-05-30 14:02:17,875] {processor.py:162} INFO - Started process (PID=135346) to work on /home/lucia/practica_creativa/resources/airflow/env/lib/python3.10/site-packages/airflow/example_dags/example_dag_decorator.py
[2023-05-30 14:02:17,879] {processor.py:613} INFO - Processing file /home/lucia/practica_creativa/resources/airflow/env/lib/python3.10/site-packages/airflow/example_dags/example_dag_decorator.py for tasks to queue
[2023-05-30 14:02:17,880] {logging_mixin.py:109} INFO - [2023-05-30 14:02:17,880] {dagbag.py:496} INFO - Filling up the DagBag from /home/lucia/practica_creativa/resources/airflow/env/lib/python3.10/site-packages/airflow/example_dags/example_dag_decorator.py
[2023-05-30 14:02:17,927] {processor.py:623} INFO - DAG(s) dict_keys(['example_dag_decorator']) retrieved from /home/lucia/practica_creativa/resources/airflow/env/lib/python3.10/site-packages/airflow/example_dags/example_dag_decorator.py
[2023-05-30 14:02:18,524] {logging_mixin.py:109} INFO - [2023-05-30 14:02:18,524] {dag.py:1834} INFO - Sync 1 DAGs
[2023-05-30 14:02:18,538] {logging_mixin.py:109} INFO - [2023-05-30 14:02:18,537] {dag.py:2287} INFO - Setting next_dagrun for example_dag_decorator to None
[2023-05-30 14:02:18,558] {processor.py:170} INFO - Processing /home/lucia/practica_creativa/resources/airflow/env/lib/python3.10/site-packages/airflow/example_dags/example_dag_decorator.py took 0.692 seconds
[2023-05-30 14:02:59,953] {processor.py:162} INFO - Started process (PID=135416) to work on /home/lucia/practica_creativa/resources/airflow/env/lib/python3.10/site-packages/airflow/example_dags/example_dag_decorator.py
[2023-05-30 14:02:59,961] {processor.py:613} INFO - Processing file /home/lucia/practica_creativa/resources/airflow/env/lib/python3.10/site-packages/airflow/example_dags/example_dag_decorator.py for tasks to queue
[2023-05-30 14:02:59,963] {logging_mixin.py:109} INFO - [2023-05-30 14:02:59,962] {dagbag.py:496} INFO - Filling up the DagBag from /home/lucia/practica_creativa/resources/airflow/env/lib/python3.10/site-packages/airflow/example_dags/example_dag_decorator.py
[2023-05-30 14:03:00,082] {processor.py:623} INFO - DAG(s) dict_keys(['example_dag_decorator']) retrieved from /home/lucia/practica_creativa/resources/airflow/env/lib/python3.10/site-packages/airflow/example_dags/example_dag_decorator.py
[2023-05-30 14:03:00,580] {logging_mixin.py:109} INFO - [2023-05-30 14:03:00,580] {dag.py:1834} INFO - Sync 1 DAGs
[2023-05-30 14:03:00,590] {logging_mixin.py:109} INFO - [2023-05-30 14:03:00,590] {dag.py:2287} INFO - Setting next_dagrun for example_dag_decorator to None
[2023-05-30 14:03:00,613] {processor.py:170} INFO - Processing /home/lucia/practica_creativa/resources/airflow/env/lib/python3.10/site-packages/airflow/example_dags/example_dag_decorator.py took 0.669 seconds
[2023-05-30 14:03:45,794] {processor.py:162} INFO - Started process (PID=135480) to work on /home/lucia/practica_creativa/resources/airflow/env/lib/python3.10/site-packages/airflow/example_dags/example_dag_decorator.py
[2023-05-30 14:03:45,797] {processor.py:613} INFO - Processing file /home/lucia/practica_creativa/resources/airflow/env/lib/python3.10/site-packages/airflow/example_dags/example_dag_decorator.py for tasks to queue
[2023-05-30 14:03:45,799] {logging_mixin.py:109} INFO - [2023-05-30 14:03:45,799] {dagbag.py:496} INFO - Filling up the DagBag from /home/lucia/practica_creativa/resources/airflow/env/lib/python3.10/site-packages/airflow/example_dags/example_dag_decorator.py
[2023-05-30 14:03:45,855] {processor.py:623} INFO - DAG(s) dict_keys(['example_dag_decorator']) retrieved from /home/lucia/practica_creativa/resources/airflow/env/lib/python3.10/site-packages/airflow/example_dags/example_dag_decorator.py
[2023-05-30 14:03:46,905] {logging_mixin.py:109} INFO - [2023-05-30 14:03:46,904] {dag.py:1834} INFO - Sync 1 DAGs
[2023-05-30 14:03:46,922] {logging_mixin.py:109} INFO - [2023-05-30 14:03:46,921] {dag.py:2287} INFO - Setting next_dagrun for example_dag_decorator to None
[2023-05-30 14:03:46,971] {processor.py:170} INFO - Processing /home/lucia/practica_creativa/resources/airflow/env/lib/python3.10/site-packages/airflow/example_dags/example_dag_decorator.py took 1.185 seconds
[2023-05-30 14:05:39,500] {processor.py:162} INFO - Started process (PID=135635) to work on /home/lucia/practica_creativa/resources/airflow/env/lib/python3.10/site-packages/airflow/example_dags/example_dag_decorator.py
[2023-05-30 14:05:39,503] {processor.py:613} INFO - Processing file /home/lucia/practica_creativa/resources/airflow/env/lib/python3.10/site-packages/airflow/example_dags/example_dag_decorator.py for tasks to queue
[2023-05-30 14:05:39,505] {logging_mixin.py:109} INFO - [2023-05-30 14:05:39,505] {dagbag.py:496} INFO - Filling up the DagBag from /home/lucia/practica_creativa/resources/airflow/env/lib/python3.10/site-packages/airflow/example_dags/example_dag_decorator.py
[2023-05-30 14:05:39,648] {processor.py:623} INFO - DAG(s) dict_keys(['example_dag_decorator']) retrieved from /home/lucia/practica_creativa/resources/airflow/env/lib/python3.10/site-packages/airflow/example_dags/example_dag_decorator.py
[2023-05-30 14:05:40,514] {logging_mixin.py:109} INFO - [2023-05-30 14:05:40,514] {dag.py:1834} INFO - Sync 1 DAGs
[2023-05-30 14:05:40,526] {logging_mixin.py:109} INFO - [2023-05-30 14:05:40,526] {dag.py:2287} INFO - Setting next_dagrun for example_dag_decorator to None
[2023-05-30 14:05:40,544] {processor.py:170} INFO - Processing /home/lucia/practica_creativa/resources/airflow/env/lib/python3.10/site-packages/airflow/example_dags/example_dag_decorator.py took 1.053 seconds
[2023-05-30 14:09:46,407] {processor.py:162} INFO - Started process (PID=135760) to work on /home/lucia/practica_creativa/resources/airflow/env/lib/python3.10/site-packages/airflow/example_dags/example_dag_decorator.py
[2023-05-30 14:09:46,411] {processor.py:613} INFO - Processing file /home/lucia/practica_creativa/resources/airflow/env/lib/python3.10/site-packages/airflow/example_dags/example_dag_decorator.py for tasks to queue
[2023-05-30 14:09:46,413] {logging_mixin.py:109} INFO - [2023-05-30 14:09:46,412] {dagbag.py:496} INFO - Filling up the DagBag from /home/lucia/practica_creativa/resources/airflow/env/lib/python3.10/site-packages/airflow/example_dags/example_dag_decorator.py
[2023-05-30 14:09:46,461] {processor.py:623} INFO - DAG(s) dict_keys(['example_dag_decorator']) retrieved from /home/lucia/practica_creativa/resources/airflow/env/lib/python3.10/site-packages/airflow/example_dags/example_dag_decorator.py
[2023-05-30 14:09:47,075] {logging_mixin.py:109} INFO - [2023-05-30 14:09:47,075] {dag.py:1834} INFO - Sync 1 DAGs
[2023-05-30 14:09:47,097] {logging_mixin.py:109} INFO - [2023-05-30 14:09:47,097] {dag.py:2287} INFO - Setting next_dagrun for example_dag_decorator to None
[2023-05-30 14:09:47,134] {processor.py:170} INFO - Processing /home/lucia/practica_creativa/resources/airflow/env/lib/python3.10/site-packages/airflow/example_dags/example_dag_decorator.py took 0.735 seconds
[2023-05-30 14:10:42,511] {processor.py:162} INFO - Started process (PID=135839) to work on /home/lucia/practica_creativa/resources/airflow/env/lib/python3.10/site-packages/airflow/example_dags/example_dag_decorator.py
[2023-05-30 14:10:42,518] {processor.py:613} INFO - Processing file /home/lucia/practica_creativa/resources/airflow/env/lib/python3.10/site-packages/airflow/example_dags/example_dag_decorator.py for tasks to queue
[2023-05-30 14:10:42,520] {logging_mixin.py:109} INFO - [2023-05-30 14:10:42,520] {dagbag.py:496} INFO - Filling up the DagBag from /home/lucia/practica_creativa/resources/airflow/env/lib/python3.10/site-packages/airflow/example_dags/example_dag_decorator.py
[2023-05-30 14:10:42,565] {processor.py:623} INFO - DAG(s) dict_keys(['example_dag_decorator']) retrieved from /home/lucia/practica_creativa/resources/airflow/env/lib/python3.10/site-packages/airflow/example_dags/example_dag_decorator.py
[2023-05-30 14:10:43,172] {logging_mixin.py:109} INFO - [2023-05-30 14:10:43,171] {dag.py:1834} INFO - Sync 1 DAGs
[2023-05-30 14:10:43,185] {logging_mixin.py:109} INFO - [2023-05-30 14:10:43,184] {dag.py:2287} INFO - Setting next_dagrun for example_dag_decorator to None
[2023-05-30 14:10:43,206] {processor.py:170} INFO - Processing /home/lucia/practica_creativa/resources/airflow/env/lib/python3.10/site-packages/airflow/example_dags/example_dag_decorator.py took 0.702 seconds
[2023-05-30 14:26:13,223] {processor.py:162} INFO - Started process (PID=136088) to work on /home/lucia/practica_creativa/resources/airflow/env/lib/python3.10/site-packages/airflow/example_dags/example_dag_decorator.py
[2023-05-30 14:26:13,226] {processor.py:613} INFO - Processing file /home/lucia/practica_creativa/resources/airflow/env/lib/python3.10/site-packages/airflow/example_dags/example_dag_decorator.py for tasks to queue
[2023-05-30 14:26:13,227] {logging_mixin.py:109} INFO - [2023-05-30 14:26:13,227] {dagbag.py:496} INFO - Filling up the DagBag from /home/lucia/practica_creativa/resources/airflow/env/lib/python3.10/site-packages/airflow/example_dags/example_dag_decorator.py
[2023-05-30 14:26:13,283] {processor.py:623} INFO - DAG(s) dict_keys(['example_dag_decorator']) retrieved from /home/lucia/practica_creativa/resources/airflow/env/lib/python3.10/site-packages/airflow/example_dags/example_dag_decorator.py
[2023-05-30 14:26:13,934] {logging_mixin.py:109} INFO - [2023-05-30 14:26:13,934] {dag.py:1834} INFO - Sync 1 DAGs
[2023-05-30 14:26:13,948] {logging_mixin.py:109} INFO - [2023-05-30 14:26:13,948] {dag.py:2287} INFO - Setting next_dagrun for example_dag_decorator to None
[2023-05-30 14:26:13,972] {processor.py:170} INFO - Processing /home/lucia/practica_creativa/resources/airflow/env/lib/python3.10/site-packages/airflow/example_dags/example_dag_decorator.py took 0.756 seconds
[2023-05-30 14:37:52,841] {processor.py:162} INFO - Started process (PID=136282) to work on /home/lucia/practica_creativa/resources/airflow/env/lib/python3.10/site-packages/airflow/example_dags/example_dag_decorator.py
[2023-05-30 14:37:52,844] {processor.py:613} INFO - Processing file /home/lucia/practica_creativa/resources/airflow/env/lib/python3.10/site-packages/airflow/example_dags/example_dag_decorator.py for tasks to queue
[2023-05-30 14:37:52,847] {logging_mixin.py:109} INFO - [2023-05-30 14:37:52,847] {dagbag.py:496} INFO - Filling up the DagBag from /home/lucia/practica_creativa/resources/airflow/env/lib/python3.10/site-packages/airflow/example_dags/example_dag_decorator.py
[2023-05-30 14:37:52,897] {processor.py:623} INFO - DAG(s) dict_keys(['example_dag_decorator']) retrieved from /home/lucia/practica_creativa/resources/airflow/env/lib/python3.10/site-packages/airflow/example_dags/example_dag_decorator.py
[2023-05-30 14:37:53,521] {logging_mixin.py:109} INFO - [2023-05-30 14:37:53,520] {dag.py:1834} INFO - Sync 1 DAGs
[2023-05-30 14:37:53,539] {logging_mixin.py:109} INFO - [2023-05-30 14:37:53,539] {dag.py:2287} INFO - Setting next_dagrun for example_dag_decorator to None
[2023-05-30 14:37:53,583] {processor.py:170} INFO - Processing /home/lucia/practica_creativa/resources/airflow/env/lib/python3.10/site-packages/airflow/example_dags/example_dag_decorator.py took 0.750 seconds
[2023-05-30 14:38:33,400] {processor.py:162} INFO - Started process (PID=136318) to work on /home/lucia/practica_creativa/resources/airflow/env/lib/python3.10/site-packages/airflow/example_dags/example_dag_decorator.py
[2023-05-30 14:38:33,404] {processor.py:613} INFO - Processing file /home/lucia/practica_creativa/resources/airflow/env/lib/python3.10/site-packages/airflow/example_dags/example_dag_decorator.py for tasks to queue
[2023-05-30 14:38:33,405] {logging_mixin.py:109} INFO - [2023-05-30 14:38:33,405] {dagbag.py:496} INFO - Filling up the DagBag from /home/lucia/practica_creativa/resources/airflow/env/lib/python3.10/site-packages/airflow/example_dags/example_dag_decorator.py
[2023-05-30 14:38:33,456] {processor.py:623} INFO - DAG(s) dict_keys(['example_dag_decorator']) retrieved from /home/lucia/practica_creativa/resources/airflow/env/lib/python3.10/site-packages/airflow/example_dags/example_dag_decorator.py
[2023-05-30 14:38:34,033] {logging_mixin.py:109} INFO - [2023-05-30 14:38:34,033] {dag.py:1834} INFO - Sync 1 DAGs
[2023-05-30 14:38:34,046] {logging_mixin.py:109} INFO - [2023-05-30 14:38:34,045] {dag.py:2287} INFO - Setting next_dagrun for example_dag_decorator to None
[2023-05-30 14:38:34,068] {processor.py:170} INFO - Processing /home/lucia/practica_creativa/resources/airflow/env/lib/python3.10/site-packages/airflow/example_dags/example_dag_decorator.py took 0.675 seconds
