[2023-05-30 13:41:46,838] {processor.py:162} INFO - Started process (PID=134526) to work on /home/lucia/practica_creativa/flight_prediction/src/main/scala/env/lib/python3.10/site-packages/airflow/example_dags/example_skip_dag.py
[2023-05-30 13:41:46,841] {processor.py:613} INFO - Processing file /home/lucia/practica_creativa/flight_prediction/src/main/scala/env/lib/python3.10/site-packages/airflow/example_dags/example_skip_dag.py for tasks to queue
[2023-05-30 13:41:46,844] {logging_mixin.py:109} INFO - [2023-05-30 13:41:46,844] {dagbag.py:496} INFO - Filling up the DagBag from /home/lucia/practica_creativa/flight_prediction/src/main/scala/env/lib/python3.10/site-packages/airflow/example_dags/example_skip_dag.py
[2023-05-30 13:41:46,882] {processor.py:623} INFO - DAG(s) dict_keys(['example_skip_dag']) retrieved from /home/lucia/practica_creativa/flight_prediction/src/main/scala/env/lib/python3.10/site-packages/airflow/example_dags/example_skip_dag.py
[2023-05-30 13:41:46,928] {logging_mixin.py:109} INFO - [2023-05-30 13:41:46,927] {dag.py:1834} INFO - Sync 1 DAGs
[2023-05-30 13:41:46,956] {logging_mixin.py:109} INFO - [2023-05-30 13:41:46,955] {dag.py:2287} INFO - Setting next_dagrun for example_skip_dag to 2023-05-28 00:00:00+00:00
[2023-05-30 13:41:46,984] {processor.py:170} INFO - Processing /home/lucia/practica_creativa/flight_prediction/src/main/scala/env/lib/python3.10/site-packages/airflow/example_dags/example_skip_dag.py took 0.158 seconds
[2023-05-30 13:42:28,995] {processor.py:162} INFO - Started process (PID=134577) to work on /home/lucia/practica_creativa/flight_prediction/src/main/scala/env/lib/python3.10/site-packages/airflow/example_dags/example_skip_dag.py
[2023-05-30 13:42:28,999] {processor.py:613} INFO - Processing file /home/lucia/practica_creativa/flight_prediction/src/main/scala/env/lib/python3.10/site-packages/airflow/example_dags/example_skip_dag.py for tasks to queue
[2023-05-30 13:42:29,005] {logging_mixin.py:109} INFO - [2023-05-30 13:42:29,004] {dagbag.py:496} INFO - Filling up the DagBag from /home/lucia/practica_creativa/flight_prediction/src/main/scala/env/lib/python3.10/site-packages/airflow/example_dags/example_skip_dag.py
[2023-05-30 13:42:29,043] {processor.py:623} INFO - DAG(s) dict_keys(['example_skip_dag']) retrieved from /home/lucia/practica_creativa/flight_prediction/src/main/scala/env/lib/python3.10/site-packages/airflow/example_dags/example_skip_dag.py
[2023-05-30 13:42:29,086] {logging_mixin.py:109} INFO - [2023-05-30 13:42:29,086] {dag.py:1834} INFO - Sync 1 DAGs
[2023-05-30 13:42:29,112] {logging_mixin.py:109} INFO - [2023-05-30 13:42:29,112] {dag.py:2287} INFO - Setting next_dagrun for example_skip_dag to 2023-05-28 00:00:00+00:00
[2023-05-30 13:42:29,148] {processor.py:170} INFO - Processing /home/lucia/practica_creativa/flight_prediction/src/main/scala/env/lib/python3.10/site-packages/airflow/example_dags/example_skip_dag.py took 0.163 seconds
[2023-05-30 13:43:11,845] {processor.py:162} INFO - Started process (PID=134632) to work on /home/lucia/practica_creativa/flight_prediction/src/main/scala/env/lib/python3.10/site-packages/airflow/example_dags/example_skip_dag.py
[2023-05-30 13:43:11,849] {processor.py:613} INFO - Processing file /home/lucia/practica_creativa/flight_prediction/src/main/scala/env/lib/python3.10/site-packages/airflow/example_dags/example_skip_dag.py for tasks to queue
[2023-05-30 13:43:11,851] {logging_mixin.py:109} INFO - [2023-05-30 13:43:11,851] {dagbag.py:496} INFO - Filling up the DagBag from /home/lucia/practica_creativa/flight_prediction/src/main/scala/env/lib/python3.10/site-packages/airflow/example_dags/example_skip_dag.py
[2023-05-30 13:43:11,893] {processor.py:623} INFO - DAG(s) dict_keys(['example_skip_dag']) retrieved from /home/lucia/practica_creativa/flight_prediction/src/main/scala/env/lib/python3.10/site-packages/airflow/example_dags/example_skip_dag.py
[2023-05-30 13:43:11,934] {logging_mixin.py:109} INFO - [2023-05-30 13:43:11,934] {dag.py:1834} INFO - Sync 1 DAGs
[2023-05-30 13:43:11,959] {logging_mixin.py:109} INFO - [2023-05-30 13:43:11,959] {dag.py:2287} INFO - Setting next_dagrun for example_skip_dag to 2023-05-28 00:00:00+00:00
[2023-05-30 13:43:11,987] {processor.py:170} INFO - Processing /home/lucia/practica_creativa/flight_prediction/src/main/scala/env/lib/python3.10/site-packages/airflow/example_dags/example_skip_dag.py took 0.150 seconds
[2023-05-30 14:01:02,515] {processor.py:162} INFO - Started process (PID=135215) to work on /home/lucia/practica_creativa/resources/airflow/env/lib/python3.10/site-packages/airflow/example_dags/example_skip_dag.py
[2023-05-30 14:01:02,520] {processor.py:613} INFO - Processing file /home/lucia/practica_creativa/resources/airflow/env/lib/python3.10/site-packages/airflow/example_dags/example_skip_dag.py for tasks to queue
[2023-05-30 14:01:02,521] {logging_mixin.py:109} INFO - [2023-05-30 14:01:02,521] {dagbag.py:496} INFO - Filling up the DagBag from /home/lucia/practica_creativa/resources/airflow/env/lib/python3.10/site-packages/airflow/example_dags/example_skip_dag.py
[2023-05-30 14:01:02,561] {processor.py:623} INFO - DAG(s) dict_keys(['example_skip_dag']) retrieved from /home/lucia/practica_creativa/resources/airflow/env/lib/python3.10/site-packages/airflow/example_dags/example_skip_dag.py
[2023-05-30 14:01:02,601] {logging_mixin.py:109} INFO - [2023-05-30 14:01:02,600] {dag.py:1834} INFO - Sync 1 DAGs
[2023-05-30 14:01:02,622] {logging_mixin.py:109} INFO - [2023-05-30 14:01:02,622] {dag.py:2287} INFO - Setting next_dagrun for example_skip_dag to 2023-05-28 00:00:00+00:00
[2023-05-30 14:01:02,649] {processor.py:170} INFO - Processing /home/lucia/practica_creativa/resources/airflow/env/lib/python3.10/site-packages/airflow/example_dags/example_skip_dag.py took 0.141 seconds
[2023-05-30 14:01:56,675] {processor.py:162} INFO - Started process (PID=135327) to work on /home/lucia/practica_creativa/resources/airflow/env/lib/python3.10/site-packages/airflow/example_dags/example_skip_dag.py
[2023-05-30 14:01:56,685] {processor.py:613} INFO - Processing file /home/lucia/practica_creativa/resources/airflow/env/lib/python3.10/site-packages/airflow/example_dags/example_skip_dag.py for tasks to queue
[2023-05-30 14:01:56,686] {logging_mixin.py:109} INFO - [2023-05-30 14:01:56,686] {dagbag.py:496} INFO - Filling up the DagBag from /home/lucia/practica_creativa/resources/airflow/env/lib/python3.10/site-packages/airflow/example_dags/example_skip_dag.py
[2023-05-30 14:01:56,714] {processor.py:623} INFO - DAG(s) dict_keys(['example_skip_dag']) retrieved from /home/lucia/practica_creativa/resources/airflow/env/lib/python3.10/site-packages/airflow/example_dags/example_skip_dag.py
[2023-05-30 14:01:56,751] {logging_mixin.py:109} INFO - [2023-05-30 14:01:56,751] {dag.py:1834} INFO - Sync 1 DAGs
[2023-05-30 14:01:56,772] {logging_mixin.py:109} INFO - [2023-05-30 14:01:56,772] {dag.py:2287} INFO - Setting next_dagrun for example_skip_dag to 2023-05-28 00:00:00+00:00
[2023-05-30 14:01:56,794] {processor.py:170} INFO - Processing /home/lucia/practica_creativa/resources/airflow/env/lib/python3.10/site-packages/airflow/example_dags/example_skip_dag.py took 0.129 seconds
[2023-05-30 14:02:37,514] {processor.py:162} INFO - Started process (PID=135371) to work on /home/lucia/practica_creativa/resources/airflow/env/lib/python3.10/site-packages/airflow/example_dags/example_skip_dag.py
[2023-05-30 14:02:37,520] {processor.py:613} INFO - Processing file /home/lucia/practica_creativa/resources/airflow/env/lib/python3.10/site-packages/airflow/example_dags/example_skip_dag.py for tasks to queue
[2023-05-30 14:02:37,522] {logging_mixin.py:109} INFO - [2023-05-30 14:02:37,522] {dagbag.py:496} INFO - Filling up the DagBag from /home/lucia/practica_creativa/resources/airflow/env/lib/python3.10/site-packages/airflow/example_dags/example_skip_dag.py
[2023-05-30 14:02:37,550] {processor.py:623} INFO - DAG(s) dict_keys(['example_skip_dag']) retrieved from /home/lucia/practica_creativa/resources/airflow/env/lib/python3.10/site-packages/airflow/example_dags/example_skip_dag.py
[2023-05-30 14:02:37,584] {logging_mixin.py:109} INFO - [2023-05-30 14:02:37,584] {dag.py:1834} INFO - Sync 1 DAGs
[2023-05-30 14:02:37,607] {logging_mixin.py:109} INFO - [2023-05-30 14:02:37,607] {dag.py:2287} INFO - Setting next_dagrun for example_skip_dag to 2023-05-28 00:00:00+00:00
[2023-05-30 14:02:37,633] {processor.py:170} INFO - Processing /home/lucia/practica_creativa/resources/airflow/env/lib/python3.10/site-packages/airflow/example_dags/example_skip_dag.py took 0.127 seconds
[2023-05-30 14:03:21,861] {processor.py:162} INFO - Started process (PID=135450) to work on /home/lucia/practica_creativa/resources/airflow/env/lib/python3.10/site-packages/airflow/example_dags/example_skip_dag.py
[2023-05-30 14:03:21,866] {processor.py:613} INFO - Processing file /home/lucia/practica_creativa/resources/airflow/env/lib/python3.10/site-packages/airflow/example_dags/example_skip_dag.py for tasks to queue
[2023-05-30 14:03:21,868] {logging_mixin.py:109} INFO - [2023-05-30 14:03:21,867] {dagbag.py:496} INFO - Filling up the DagBag from /home/lucia/practica_creativa/resources/airflow/env/lib/python3.10/site-packages/airflow/example_dags/example_skip_dag.py
[2023-05-30 14:03:21,906] {processor.py:623} INFO - DAG(s) dict_keys(['example_skip_dag']) retrieved from /home/lucia/practica_creativa/resources/airflow/env/lib/python3.10/site-packages/airflow/example_dags/example_skip_dag.py
[2023-05-30 14:03:21,947] {logging_mixin.py:109} INFO - [2023-05-30 14:03:21,946] {dag.py:1834} INFO - Sync 1 DAGs
[2023-05-30 14:03:21,968] {logging_mixin.py:109} INFO - [2023-05-30 14:03:21,968] {dag.py:2287} INFO - Setting next_dagrun for example_skip_dag to 2023-05-28 00:00:00+00:00
[2023-05-30 14:03:21,999] {processor.py:170} INFO - Processing /home/lucia/practica_creativa/resources/airflow/env/lib/python3.10/site-packages/airflow/example_dags/example_skip_dag.py took 0.149 seconds
[2023-05-30 14:04:06,946] {processor.py:162} INFO - Started process (PID=135502) to work on /home/lucia/practica_creativa/resources/airflow/env/lib/python3.10/site-packages/airflow/example_dags/example_skip_dag.py
[2023-05-30 14:04:06,957] {processor.py:613} INFO - Processing file /home/lucia/practica_creativa/resources/airflow/env/lib/python3.10/site-packages/airflow/example_dags/example_skip_dag.py for tasks to queue
[2023-05-30 14:04:06,958] {logging_mixin.py:109} INFO - [2023-05-30 14:04:06,958] {dagbag.py:496} INFO - Filling up the DagBag from /home/lucia/practica_creativa/resources/airflow/env/lib/python3.10/site-packages/airflow/example_dags/example_skip_dag.py
[2023-05-30 14:04:07,007] {processor.py:623} INFO - DAG(s) dict_keys(['example_skip_dag']) retrieved from /home/lucia/practica_creativa/resources/airflow/env/lib/python3.10/site-packages/airflow/example_dags/example_skip_dag.py
[2023-05-30 14:04:07,078] {logging_mixin.py:109} INFO - [2023-05-30 14:04:07,077] {dag.py:1834} INFO - Sync 1 DAGs
[2023-05-30 14:04:07,109] {logging_mixin.py:109} INFO - [2023-05-30 14:04:07,109] {dag.py:2287} INFO - Setting next_dagrun for example_skip_dag to 2023-05-28 00:00:00+00:00
[2023-05-30 14:04:07,161] {processor.py:170} INFO - Processing /home/lucia/practica_creativa/resources/airflow/env/lib/python3.10/site-packages/airflow/example_dags/example_skip_dag.py took 0.225 seconds
[2023-05-30 14:05:17,816] {processor.py:162} INFO - Started process (PID=135601) to work on /home/lucia/practica_creativa/resources/airflow/env/lib/python3.10/site-packages/airflow/example_dags/example_skip_dag.py
[2023-05-30 14:05:17,822] {processor.py:613} INFO - Processing file /home/lucia/practica_creativa/resources/airflow/env/lib/python3.10/site-packages/airflow/example_dags/example_skip_dag.py for tasks to queue
[2023-05-30 14:05:17,823] {logging_mixin.py:109} INFO - [2023-05-30 14:05:17,823] {dagbag.py:496} INFO - Filling up the DagBag from /home/lucia/practica_creativa/resources/airflow/env/lib/python3.10/site-packages/airflow/example_dags/example_skip_dag.py
[2023-05-30 14:05:17,918] {processor.py:623} INFO - DAG(s) dict_keys(['example_skip_dag']) retrieved from /home/lucia/practica_creativa/resources/airflow/env/lib/python3.10/site-packages/airflow/example_dags/example_skip_dag.py
[2023-05-30 14:05:17,989] {logging_mixin.py:109} INFO - [2023-05-30 14:05:17,988] {dag.py:1834} INFO - Sync 1 DAGs
[2023-05-30 14:05:18,071] {logging_mixin.py:109} INFO - [2023-05-30 14:05:18,071] {dag.py:2287} INFO - Setting next_dagrun for example_skip_dag to 2023-05-28 00:00:00+00:00
[2023-05-30 14:05:18,135] {processor.py:170} INFO - Processing /home/lucia/practica_creativa/resources/airflow/env/lib/python3.10/site-packages/airflow/example_dags/example_skip_dag.py took 0.337 seconds
[2023-05-30 14:09:24,872] {processor.py:162} INFO - Started process (PID=135726) to work on /home/lucia/practica_creativa/resources/airflow/env/lib/python3.10/site-packages/airflow/example_dags/example_skip_dag.py
[2023-05-30 14:09:24,875] {processor.py:613} INFO - Processing file /home/lucia/practica_creativa/resources/airflow/env/lib/python3.10/site-packages/airflow/example_dags/example_skip_dag.py for tasks to queue
[2023-05-30 14:09:24,876] {logging_mixin.py:109} INFO - [2023-05-30 14:09:24,876] {dagbag.py:496} INFO - Filling up the DagBag from /home/lucia/practica_creativa/resources/airflow/env/lib/python3.10/site-packages/airflow/example_dags/example_skip_dag.py
[2023-05-30 14:09:24,910] {processor.py:623} INFO - DAG(s) dict_keys(['example_skip_dag']) retrieved from /home/lucia/practica_creativa/resources/airflow/env/lib/python3.10/site-packages/airflow/example_dags/example_skip_dag.py
[2023-05-30 14:09:24,961] {logging_mixin.py:109} INFO - [2023-05-30 14:09:24,956] {dag.py:1834} INFO - Sync 1 DAGs
[2023-05-30 14:09:24,977] {logging_mixin.py:109} INFO - [2023-05-30 14:09:24,977] {dag.py:2287} INFO - Setting next_dagrun for example_skip_dag to 2023-05-28 00:00:00+00:00
[2023-05-30 14:09:24,998] {processor.py:170} INFO - Processing /home/lucia/practica_creativa/resources/airflow/env/lib/python3.10/site-packages/airflow/example_dags/example_skip_dag.py took 0.136 seconds
[2023-05-30 14:10:21,233] {processor.py:162} INFO - Started process (PID=135822) to work on /home/lucia/practica_creativa/resources/airflow/env/lib/python3.10/site-packages/airflow/example_dags/example_skip_dag.py
[2023-05-30 14:10:21,251] {processor.py:613} INFO - Processing file /home/lucia/practica_creativa/resources/airflow/env/lib/python3.10/site-packages/airflow/example_dags/example_skip_dag.py for tasks to queue
[2023-05-30 14:10:21,253] {logging_mixin.py:109} INFO - [2023-05-30 14:10:21,253] {dagbag.py:496} INFO - Filling up the DagBag from /home/lucia/practica_creativa/resources/airflow/env/lib/python3.10/site-packages/airflow/example_dags/example_skip_dag.py
[2023-05-30 14:10:21,311] {processor.py:623} INFO - DAG(s) dict_keys(['example_skip_dag']) retrieved from /home/lucia/practica_creativa/resources/airflow/env/lib/python3.10/site-packages/airflow/example_dags/example_skip_dag.py
[2023-05-30 14:10:21,353] {logging_mixin.py:109} INFO - [2023-05-30 14:10:21,353] {dag.py:1834} INFO - Sync 1 DAGs
[2023-05-30 14:10:21,405] {logging_mixin.py:109} INFO - [2023-05-30 14:10:21,405] {dag.py:2287} INFO - Setting next_dagrun for example_skip_dag to 2023-05-28 00:00:00+00:00
[2023-05-30 14:10:21,434] {processor.py:170} INFO - Processing /home/lucia/practica_creativa/resources/airflow/env/lib/python3.10/site-packages/airflow/example_dags/example_skip_dag.py took 0.220 seconds
[2023-05-30 14:11:04,404] {processor.py:162} INFO - Started process (PID=135863) to work on /home/lucia/practica_creativa/resources/airflow/env/lib/python3.10/site-packages/airflow/example_dags/example_skip_dag.py
[2023-05-30 14:11:04,407] {processor.py:613} INFO - Processing file /home/lucia/practica_creativa/resources/airflow/env/lib/python3.10/site-packages/airflow/example_dags/example_skip_dag.py for tasks to queue
[2023-05-30 14:11:04,409] {logging_mixin.py:109} INFO - [2023-05-30 14:11:04,408] {dagbag.py:496} INFO - Filling up the DagBag from /home/lucia/practica_creativa/resources/airflow/env/lib/python3.10/site-packages/airflow/example_dags/example_skip_dag.py
[2023-05-30 14:11:04,441] {processor.py:623} INFO - DAG(s) dict_keys(['example_skip_dag']) retrieved from /home/lucia/practica_creativa/resources/airflow/env/lib/python3.10/site-packages/airflow/example_dags/example_skip_dag.py
[2023-05-30 14:11:04,478] {logging_mixin.py:109} INFO - [2023-05-30 14:11:04,478] {dag.py:1834} INFO - Sync 1 DAGs
[2023-05-30 14:11:04,499] {logging_mixin.py:109} INFO - [2023-05-30 14:11:04,499] {dag.py:2287} INFO - Setting next_dagrun for example_skip_dag to 2023-05-28 00:00:00+00:00
[2023-05-30 14:11:04,527] {processor.py:170} INFO - Processing /home/lucia/practica_creativa/resources/airflow/env/lib/python3.10/site-packages/airflow/example_dags/example_skip_dag.py took 0.130 seconds
[2023-05-30 14:25:51,852] {processor.py:162} INFO - Started process (PID=136067) to work on /home/lucia/practica_creativa/resources/airflow/env/lib/python3.10/site-packages/airflow/example_dags/example_skip_dag.py
[2023-05-30 14:25:51,860] {processor.py:613} INFO - Processing file /home/lucia/practica_creativa/resources/airflow/env/lib/python3.10/site-packages/airflow/example_dags/example_skip_dag.py for tasks to queue
[2023-05-30 14:25:51,863] {logging_mixin.py:109} INFO - [2023-05-30 14:25:51,863] {dagbag.py:496} INFO - Filling up the DagBag from /home/lucia/practica_creativa/resources/airflow/env/lib/python3.10/site-packages/airflow/example_dags/example_skip_dag.py
[2023-05-30 14:25:51,924] {processor.py:623} INFO - DAG(s) dict_keys(['example_skip_dag']) retrieved from /home/lucia/practica_creativa/resources/airflow/env/lib/python3.10/site-packages/airflow/example_dags/example_skip_dag.py
[2023-05-30 14:25:51,973] {logging_mixin.py:109} INFO - [2023-05-30 14:25:51,973] {dag.py:1834} INFO - Sync 1 DAGs
[2023-05-30 14:25:52,005] {logging_mixin.py:109} INFO - [2023-05-30 14:25:52,005] {dag.py:2287} INFO - Setting next_dagrun for example_skip_dag to 2023-05-28 00:00:00+00:00
[2023-05-30 14:25:52,032] {processor.py:170} INFO - Processing /home/lucia/practica_creativa/resources/airflow/env/lib/python3.10/site-packages/airflow/example_dags/example_skip_dag.py took 0.189 seconds
[2023-05-30 14:36:55,219] {processor.py:162} INFO - Started process (PID=136235) to work on /home/lucia/practica_creativa/resources/airflow/env/lib/python3.10/site-packages/airflow/example_dags/example_skip_dag.py
[2023-05-30 14:36:55,224] {processor.py:613} INFO - Processing file /home/lucia/practica_creativa/resources/airflow/env/lib/python3.10/site-packages/airflow/example_dags/example_skip_dag.py for tasks to queue
[2023-05-30 14:36:55,226] {logging_mixin.py:109} INFO - [2023-05-30 14:36:55,226] {dagbag.py:496} INFO - Filling up the DagBag from /home/lucia/practica_creativa/resources/airflow/env/lib/python3.10/site-packages/airflow/example_dags/example_skip_dag.py
[2023-05-30 14:36:55,260] {processor.py:623} INFO - DAG(s) dict_keys(['example_skip_dag']) retrieved from /home/lucia/practica_creativa/resources/airflow/env/lib/python3.10/site-packages/airflow/example_dags/example_skip_dag.py
[2023-05-30 14:36:55,297] {logging_mixin.py:109} INFO - [2023-05-30 14:36:55,297] {dag.py:1834} INFO - Sync 1 DAGs
[2023-05-30 14:36:55,320] {logging_mixin.py:109} INFO - [2023-05-30 14:36:55,319] {dag.py:2287} INFO - Setting next_dagrun for example_skip_dag to 2023-05-28 00:00:00+00:00
[2023-05-30 14:36:55,347] {processor.py:170} INFO - Processing /home/lucia/practica_creativa/resources/airflow/env/lib/python3.10/site-packages/airflow/example_dags/example_skip_dag.py took 0.135 seconds
[2023-05-30 14:37:31,626] {processor.py:162} INFO - Started process (PID=136259) to work on /home/lucia/practica_creativa/resources/airflow/env/lib/python3.10/site-packages/airflow/example_dags/example_skip_dag.py
[2023-05-30 14:37:31,633] {processor.py:613} INFO - Processing file /home/lucia/practica_creativa/resources/airflow/env/lib/python3.10/site-packages/airflow/example_dags/example_skip_dag.py for tasks to queue
[2023-05-30 14:37:31,635] {logging_mixin.py:109} INFO - [2023-05-30 14:37:31,635] {dagbag.py:496} INFO - Filling up the DagBag from /home/lucia/practica_creativa/resources/airflow/env/lib/python3.10/site-packages/airflow/example_dags/example_skip_dag.py
[2023-05-30 14:37:31,665] {processor.py:623} INFO - DAG(s) dict_keys(['example_skip_dag']) retrieved from /home/lucia/practica_creativa/resources/airflow/env/lib/python3.10/site-packages/airflow/example_dags/example_skip_dag.py
[2023-05-30 14:37:31,699] {logging_mixin.py:109} INFO - [2023-05-30 14:37:31,699] {dag.py:1834} INFO - Sync 1 DAGs
[2023-05-30 14:37:31,720] {logging_mixin.py:109} INFO - [2023-05-30 14:37:31,719] {dag.py:2287} INFO - Setting next_dagrun for example_skip_dag to 2023-05-28 00:00:00+00:00
[2023-05-30 14:37:31,745] {processor.py:170} INFO - Processing /home/lucia/practica_creativa/resources/airflow/env/lib/python3.10/site-packages/airflow/example_dags/example_skip_dag.py took 0.131 seconds
[2023-05-30 14:38:12,403] {processor.py:162} INFO - Started process (PID=136301) to work on /home/lucia/practica_creativa/resources/airflow/env/lib/python3.10/site-packages/airflow/example_dags/example_skip_dag.py
[2023-05-30 14:38:12,407] {processor.py:613} INFO - Processing file /home/lucia/practica_creativa/resources/airflow/env/lib/python3.10/site-packages/airflow/example_dags/example_skip_dag.py for tasks to queue
[2023-05-30 14:38:12,408] {logging_mixin.py:109} INFO - [2023-05-30 14:38:12,408] {dagbag.py:496} INFO - Filling up the DagBag from /home/lucia/practica_creativa/resources/airflow/env/lib/python3.10/site-packages/airflow/example_dags/example_skip_dag.py
[2023-05-30 14:38:12,455] {processor.py:623} INFO - DAG(s) dict_keys(['example_skip_dag']) retrieved from /home/lucia/practica_creativa/resources/airflow/env/lib/python3.10/site-packages/airflow/example_dags/example_skip_dag.py
[2023-05-30 14:38:12,505] {logging_mixin.py:109} INFO - [2023-05-30 14:38:12,505] {dag.py:1834} INFO - Sync 1 DAGs
[2023-05-30 14:38:12,528] {logging_mixin.py:109} INFO - [2023-05-30 14:38:12,527] {dag.py:2287} INFO - Setting next_dagrun for example_skip_dag to 2023-05-28 00:00:00+00:00
[2023-05-30 14:38:12,555] {processor.py:170} INFO - Processing /home/lucia/practica_creativa/resources/airflow/env/lib/python3.10/site-packages/airflow/example_dags/example_skip_dag.py took 0.160 seconds
