[2023-05-30 13:41:57,538] {processor.py:162} INFO - Started process (PID=134535) to work on /home/lucia/practica_creativa/flight_prediction/src/main/scala/env/lib/python3.10/site-packages/airflow/example_dags/example_trigger_controller_dag.py
[2023-05-30 13:41:57,542] {processor.py:613} INFO - Processing file /home/lucia/practica_creativa/flight_prediction/src/main/scala/env/lib/python3.10/site-packages/airflow/example_dags/example_trigger_controller_dag.py for tasks to queue
[2023-05-30 13:41:57,543] {logging_mixin.py:109} INFO - [2023-05-30 13:41:57,543] {dagbag.py:496} INFO - Filling up the DagBag from /home/lucia/practica_creativa/flight_prediction/src/main/scala/env/lib/python3.10/site-packages/airflow/example_dags/example_trigger_controller_dag.py
[2023-05-30 13:41:57,580] {processor.py:623} INFO - DAG(s) dict_keys(['example_trigger_controller_dag']) retrieved from /home/lucia/practica_creativa/flight_prediction/src/main/scala/env/lib/python3.10/site-packages/airflow/example_dags/example_trigger_controller_dag.py
[2023-05-30 13:41:57,624] {logging_mixin.py:109} INFO - [2023-05-30 13:41:57,623] {dag.py:1834} INFO - Sync 1 DAGs
[2023-05-30 13:41:57,650] {logging_mixin.py:109} INFO - [2023-05-30 13:41:57,649] {dag.py:2287} INFO - Setting next_dagrun for example_trigger_controller_dag to 2023-05-28 00:00:00+00:00
[2023-05-30 13:41:57,696] {processor.py:170} INFO - Processing /home/lucia/practica_creativa/flight_prediction/src/main/scala/env/lib/python3.10/site-packages/airflow/example_dags/example_trigger_controller_dag.py took 0.185 seconds
[2023-05-30 13:42:40,118] {processor.py:162} INFO - Started process (PID=134590) to work on /home/lucia/practica_creativa/flight_prediction/src/main/scala/env/lib/python3.10/site-packages/airflow/example_dags/example_trigger_controller_dag.py
[2023-05-30 13:42:40,122] {processor.py:613} INFO - Processing file /home/lucia/practica_creativa/flight_prediction/src/main/scala/env/lib/python3.10/site-packages/airflow/example_dags/example_trigger_controller_dag.py for tasks to queue
[2023-05-30 13:42:40,124] {logging_mixin.py:109} INFO - [2023-05-30 13:42:40,123] {dagbag.py:496} INFO - Filling up the DagBag from /home/lucia/practica_creativa/flight_prediction/src/main/scala/env/lib/python3.10/site-packages/airflow/example_dags/example_trigger_controller_dag.py
[2023-05-30 13:42:40,157] {processor.py:623} INFO - DAG(s) dict_keys(['example_trigger_controller_dag']) retrieved from /home/lucia/practica_creativa/flight_prediction/src/main/scala/env/lib/python3.10/site-packages/airflow/example_dags/example_trigger_controller_dag.py
[2023-05-30 13:42:40,199] {logging_mixin.py:109} INFO - [2023-05-30 13:42:40,199] {dag.py:1834} INFO - Sync 1 DAGs
[2023-05-30 13:42:40,225] {logging_mixin.py:109} INFO - [2023-05-30 13:42:40,225] {dag.py:2287} INFO - Setting next_dagrun for example_trigger_controller_dag to 2023-05-28 00:00:00+00:00
[2023-05-30 13:42:40,258] {processor.py:170} INFO - Processing /home/lucia/practica_creativa/flight_prediction/src/main/scala/env/lib/python3.10/site-packages/airflow/example_dags/example_trigger_controller_dag.py took 0.149 seconds
[2023-05-30 14:01:11,436] {processor.py:162} INFO - Started process (PID=135239) to work on /home/lucia/practica_creativa/resources/airflow/env/lib/python3.10/site-packages/airflow/example_dags/example_trigger_controller_dag.py
[2023-05-30 14:01:11,442] {processor.py:613} INFO - Processing file /home/lucia/practica_creativa/resources/airflow/env/lib/python3.10/site-packages/airflow/example_dags/example_trigger_controller_dag.py for tasks to queue
[2023-05-30 14:01:11,444] {logging_mixin.py:109} INFO - [2023-05-30 14:01:11,443] {dagbag.py:496} INFO - Filling up the DagBag from /home/lucia/practica_creativa/resources/airflow/env/lib/python3.10/site-packages/airflow/example_dags/example_trigger_controller_dag.py
[2023-05-30 14:01:11,486] {processor.py:623} INFO - DAG(s) dict_keys(['example_trigger_controller_dag']) retrieved from /home/lucia/practica_creativa/resources/airflow/env/lib/python3.10/site-packages/airflow/example_dags/example_trigger_controller_dag.py
[2023-05-30 14:01:11,537] {logging_mixin.py:109} INFO - [2023-05-30 14:01:11,537] {dag.py:1834} INFO - Sync 1 DAGs
[2023-05-30 14:01:11,567] {logging_mixin.py:109} INFO - [2023-05-30 14:01:11,567] {dag.py:2287} INFO - Setting next_dagrun for example_trigger_controller_dag to 2023-05-28 00:00:00+00:00
[2023-05-30 14:01:11,596] {processor.py:170} INFO - Processing /home/lucia/practica_creativa/resources/airflow/env/lib/python3.10/site-packages/airflow/example_dags/example_trigger_controller_dag.py took 0.179 seconds
[2023-05-30 14:02:05,962] {processor.py:162} INFO - Started process (PID=135335) to work on /home/lucia/practica_creativa/resources/airflow/env/lib/python3.10/site-packages/airflow/example_dags/example_trigger_controller_dag.py
[2023-05-30 14:02:05,967] {processor.py:613} INFO - Processing file /home/lucia/practica_creativa/resources/airflow/env/lib/python3.10/site-packages/airflow/example_dags/example_trigger_controller_dag.py for tasks to queue
[2023-05-30 14:02:05,970] {logging_mixin.py:109} INFO - [2023-05-30 14:02:05,969] {dagbag.py:496} INFO - Filling up the DagBag from /home/lucia/practica_creativa/resources/airflow/env/lib/python3.10/site-packages/airflow/example_dags/example_trigger_controller_dag.py
[2023-05-30 14:02:06,009] {processor.py:623} INFO - DAG(s) dict_keys(['example_trigger_controller_dag']) retrieved from /home/lucia/practica_creativa/resources/airflow/env/lib/python3.10/site-packages/airflow/example_dags/example_trigger_controller_dag.py
[2023-05-30 14:02:06,059] {logging_mixin.py:109} INFO - [2023-05-30 14:02:06,059] {dag.py:1834} INFO - Sync 1 DAGs
[2023-05-30 14:02:06,083] {logging_mixin.py:109} INFO - [2023-05-30 14:02:06,083] {dag.py:2287} INFO - Setting next_dagrun for example_trigger_controller_dag to 2023-05-28 00:00:00+00:00
[2023-05-30 14:02:06,112] {processor.py:170} INFO - Processing /home/lucia/practica_creativa/resources/airflow/env/lib/python3.10/site-packages/airflow/example_dags/example_trigger_controller_dag.py took 0.163 seconds
[2023-05-30 14:02:46,530] {processor.py:162} INFO - Started process (PID=135390) to work on /home/lucia/practica_creativa/resources/airflow/env/lib/python3.10/site-packages/airflow/example_dags/example_trigger_controller_dag.py
[2023-05-30 14:02:46,535] {processor.py:613} INFO - Processing file /home/lucia/practica_creativa/resources/airflow/env/lib/python3.10/site-packages/airflow/example_dags/example_trigger_controller_dag.py for tasks to queue
[2023-05-30 14:02:46,537] {logging_mixin.py:109} INFO - [2023-05-30 14:02:46,537] {dagbag.py:496} INFO - Filling up the DagBag from /home/lucia/practica_creativa/resources/airflow/env/lib/python3.10/site-packages/airflow/example_dags/example_trigger_controller_dag.py
[2023-05-30 14:02:46,571] {processor.py:623} INFO - DAG(s) dict_keys(['example_trigger_controller_dag']) retrieved from /home/lucia/practica_creativa/resources/airflow/env/lib/python3.10/site-packages/airflow/example_dags/example_trigger_controller_dag.py
[2023-05-30 14:02:46,608] {logging_mixin.py:109} INFO - [2023-05-30 14:02:46,607] {dag.py:1834} INFO - Sync 1 DAGs
[2023-05-30 14:02:46,629] {logging_mixin.py:109} INFO - [2023-05-30 14:02:46,629] {dag.py:2287} INFO - Setting next_dagrun for example_trigger_controller_dag to 2023-05-28 00:00:00+00:00
[2023-05-30 14:02:46,655] {processor.py:170} INFO - Processing /home/lucia/practica_creativa/resources/airflow/env/lib/python3.10/site-packages/airflow/example_dags/example_trigger_controller_dag.py took 0.132 seconds
[2023-05-30 14:03:32,327] {processor.py:162} INFO - Started process (PID=135469) to work on /home/lucia/practica_creativa/resources/airflow/env/lib/python3.10/site-packages/airflow/example_dags/example_trigger_controller_dag.py
[2023-05-30 14:03:32,331] {processor.py:613} INFO - Processing file /home/lucia/practica_creativa/resources/airflow/env/lib/python3.10/site-packages/airflow/example_dags/example_trigger_controller_dag.py for tasks to queue
[2023-05-30 14:03:32,332] {logging_mixin.py:109} INFO - [2023-05-30 14:03:32,332] {dagbag.py:496} INFO - Filling up the DagBag from /home/lucia/practica_creativa/resources/airflow/env/lib/python3.10/site-packages/airflow/example_dags/example_trigger_controller_dag.py
[2023-05-30 14:03:32,362] {processor.py:623} INFO - DAG(s) dict_keys(['example_trigger_controller_dag']) retrieved from /home/lucia/practica_creativa/resources/airflow/env/lib/python3.10/site-packages/airflow/example_dags/example_trigger_controller_dag.py
[2023-05-30 14:03:32,403] {logging_mixin.py:109} INFO - [2023-05-30 14:03:32,403] {dag.py:1834} INFO - Sync 1 DAGs
[2023-05-30 14:03:32,427] {logging_mixin.py:109} INFO - [2023-05-30 14:03:32,427] {dag.py:2287} INFO - Setting next_dagrun for example_trigger_controller_dag to 2023-05-28 00:00:00+00:00
[2023-05-30 14:03:32,464] {processor.py:170} INFO - Processing /home/lucia/practica_creativa/resources/airflow/env/lib/python3.10/site-packages/airflow/example_dags/example_trigger_controller_dag.py took 0.145 seconds
[2023-05-30 14:05:28,113] {processor.py:162} INFO - Started process (PID=135623) to work on /home/lucia/practica_creativa/resources/airflow/env/lib/python3.10/site-packages/airflow/example_dags/example_trigger_controller_dag.py
[2023-05-30 14:05:28,120] {processor.py:613} INFO - Processing file /home/lucia/practica_creativa/resources/airflow/env/lib/python3.10/site-packages/airflow/example_dags/example_trigger_controller_dag.py for tasks to queue
[2023-05-30 14:05:28,127] {logging_mixin.py:109} INFO - [2023-05-30 14:05:28,126] {dagbag.py:496} INFO - Filling up the DagBag from /home/lucia/practica_creativa/resources/airflow/env/lib/python3.10/site-packages/airflow/example_dags/example_trigger_controller_dag.py
[2023-05-30 14:05:28,175] {processor.py:623} INFO - DAG(s) dict_keys(['example_trigger_controller_dag']) retrieved from /home/lucia/practica_creativa/resources/airflow/env/lib/python3.10/site-packages/airflow/example_dags/example_trigger_controller_dag.py
[2023-05-30 14:05:28,270] {logging_mixin.py:109} INFO - [2023-05-30 14:05:28,270] {dag.py:1834} INFO - Sync 1 DAGs
[2023-05-30 14:05:28,290] {logging_mixin.py:109} INFO - [2023-05-30 14:05:28,290] {dag.py:2287} INFO - Setting next_dagrun for example_trigger_controller_dag to 2023-05-28 00:00:00+00:00
[2023-05-30 14:05:28,315] {processor.py:170} INFO - Processing /home/lucia/practica_creativa/resources/airflow/env/lib/python3.10/site-packages/airflow/example_dags/example_trigger_controller_dag.py took 0.210 seconds
[2023-05-30 14:09:33,783] {processor.py:162} INFO - Started process (PID=135750) to work on /home/lucia/practica_creativa/resources/airflow/env/lib/python3.10/site-packages/airflow/example_dags/example_trigger_controller_dag.py
[2023-05-30 14:09:33,790] {processor.py:613} INFO - Processing file /home/lucia/practica_creativa/resources/airflow/env/lib/python3.10/site-packages/airflow/example_dags/example_trigger_controller_dag.py for tasks to queue
[2023-05-30 14:09:33,791] {logging_mixin.py:109} INFO - [2023-05-30 14:09:33,791] {dagbag.py:496} INFO - Filling up the DagBag from /home/lucia/practica_creativa/resources/airflow/env/lib/python3.10/site-packages/airflow/example_dags/example_trigger_controller_dag.py
[2023-05-30 14:09:33,822] {processor.py:623} INFO - DAG(s) dict_keys(['example_trigger_controller_dag']) retrieved from /home/lucia/practica_creativa/resources/airflow/env/lib/python3.10/site-packages/airflow/example_dags/example_trigger_controller_dag.py
[2023-05-30 14:09:33,861] {logging_mixin.py:109} INFO - [2023-05-30 14:09:33,860] {dag.py:1834} INFO - Sync 1 DAGs
[2023-05-30 14:09:33,885] {logging_mixin.py:109} INFO - [2023-05-30 14:09:33,884] {dag.py:2287} INFO - Setting next_dagrun for example_trigger_controller_dag to 2023-05-28 00:00:00+00:00
[2023-05-30 14:09:33,911] {processor.py:170} INFO - Processing /home/lucia/practica_creativa/resources/airflow/env/lib/python3.10/site-packages/airflow/example_dags/example_trigger_controller_dag.py took 0.132 seconds
[2023-05-30 14:10:29,904] {processor.py:162} INFO - Started process (PID=135829) to work on /home/lucia/practica_creativa/resources/airflow/env/lib/python3.10/site-packages/airflow/example_dags/example_trigger_controller_dag.py
[2023-05-30 14:10:29,907] {processor.py:613} INFO - Processing file /home/lucia/practica_creativa/resources/airflow/env/lib/python3.10/site-packages/airflow/example_dags/example_trigger_controller_dag.py for tasks to queue
[2023-05-30 14:10:29,909] {logging_mixin.py:109} INFO - [2023-05-30 14:10:29,908] {dagbag.py:496} INFO - Filling up the DagBag from /home/lucia/practica_creativa/resources/airflow/env/lib/python3.10/site-packages/airflow/example_dags/example_trigger_controller_dag.py
[2023-05-30 14:10:29,938] {processor.py:623} INFO - DAG(s) dict_keys(['example_trigger_controller_dag']) retrieved from /home/lucia/practica_creativa/resources/airflow/env/lib/python3.10/site-packages/airflow/example_dags/example_trigger_controller_dag.py
[2023-05-30 14:10:29,972] {logging_mixin.py:109} INFO - [2023-05-30 14:10:29,972] {dag.py:1834} INFO - Sync 1 DAGs
[2023-05-30 14:10:30,001] {logging_mixin.py:109} INFO - [2023-05-30 14:10:30,001] {dag.py:2287} INFO - Setting next_dagrun for example_trigger_controller_dag to 2023-05-28 00:00:00+00:00
[2023-05-30 14:10:30,027] {processor.py:170} INFO - Processing /home/lucia/practica_creativa/resources/airflow/env/lib/python3.10/site-packages/airflow/example_dags/example_trigger_controller_dag.py took 0.131 seconds
[2023-05-30 14:11:13,730] {processor.py:162} INFO - Started process (PID=135870) to work on /home/lucia/practica_creativa/resources/airflow/env/lib/python3.10/site-packages/airflow/example_dags/example_trigger_controller_dag.py
[2023-05-30 14:11:13,733] {processor.py:613} INFO - Processing file /home/lucia/practica_creativa/resources/airflow/env/lib/python3.10/site-packages/airflow/example_dags/example_trigger_controller_dag.py for tasks to queue
[2023-05-30 14:11:13,735] {logging_mixin.py:109} INFO - [2023-05-30 14:11:13,735] {dagbag.py:496} INFO - Filling up the DagBag from /home/lucia/practica_creativa/resources/airflow/env/lib/python3.10/site-packages/airflow/example_dags/example_trigger_controller_dag.py
[2023-05-30 14:11:13,767] {processor.py:623} INFO - DAG(s) dict_keys(['example_trigger_controller_dag']) retrieved from /home/lucia/practica_creativa/resources/airflow/env/lib/python3.10/site-packages/airflow/example_dags/example_trigger_controller_dag.py
[2023-05-30 14:11:13,804] {logging_mixin.py:109} INFO - [2023-05-30 14:11:13,804] {dag.py:1834} INFO - Sync 1 DAGs
[2023-05-30 14:11:13,828] {logging_mixin.py:109} INFO - [2023-05-30 14:11:13,828] {dag.py:2287} INFO - Setting next_dagrun for example_trigger_controller_dag to 2023-05-28 00:00:00+00:00
[2023-05-30 14:11:13,852] {processor.py:170} INFO - Processing /home/lucia/practica_creativa/resources/airflow/env/lib/python3.10/site-packages/airflow/example_dags/example_trigger_controller_dag.py took 0.131 seconds
[2023-05-30 14:26:01,230] {processor.py:162} INFO - Started process (PID=136074) to work on /home/lucia/practica_creativa/resources/airflow/env/lib/python3.10/site-packages/airflow/example_dags/example_trigger_controller_dag.py
[2023-05-30 14:26:01,235] {processor.py:613} INFO - Processing file /home/lucia/practica_creativa/resources/airflow/env/lib/python3.10/site-packages/airflow/example_dags/example_trigger_controller_dag.py for tasks to queue
[2023-05-30 14:26:01,238] {logging_mixin.py:109} INFO - [2023-05-30 14:26:01,237] {dagbag.py:496} INFO - Filling up the DagBag from /home/lucia/practica_creativa/resources/airflow/env/lib/python3.10/site-packages/airflow/example_dags/example_trigger_controller_dag.py
[2023-05-30 14:26:01,288] {processor.py:623} INFO - DAG(s) dict_keys(['example_trigger_controller_dag']) retrieved from /home/lucia/practica_creativa/resources/airflow/env/lib/python3.10/site-packages/airflow/example_dags/example_trigger_controller_dag.py
[2023-05-30 14:26:01,340] {logging_mixin.py:109} INFO - [2023-05-30 14:26:01,339] {dag.py:1834} INFO - Sync 1 DAGs
[2023-05-30 14:26:01,366] {logging_mixin.py:109} INFO - [2023-05-30 14:26:01,365] {dag.py:2287} INFO - Setting next_dagrun for example_trigger_controller_dag to 2023-05-28 00:00:00+00:00
[2023-05-30 14:26:01,403] {processor.py:170} INFO - Processing /home/lucia/practica_creativa/resources/airflow/env/lib/python3.10/site-packages/airflow/example_dags/example_trigger_controller_dag.py took 0.181 seconds
[2023-05-30 14:37:04,027] {processor.py:162} INFO - Started process (PID=136242) to work on /home/lucia/practica_creativa/resources/airflow/env/lib/python3.10/site-packages/airflow/example_dags/example_trigger_controller_dag.py
[2023-05-30 14:37:04,031] {processor.py:613} INFO - Processing file /home/lucia/practica_creativa/resources/airflow/env/lib/python3.10/site-packages/airflow/example_dags/example_trigger_controller_dag.py for tasks to queue
[2023-05-30 14:37:04,032] {logging_mixin.py:109} INFO - [2023-05-30 14:37:04,032] {dagbag.py:496} INFO - Filling up the DagBag from /home/lucia/practica_creativa/resources/airflow/env/lib/python3.10/site-packages/airflow/example_dags/example_trigger_controller_dag.py
[2023-05-30 14:37:04,062] {processor.py:623} INFO - DAG(s) dict_keys(['example_trigger_controller_dag']) retrieved from /home/lucia/practica_creativa/resources/airflow/env/lib/python3.10/site-packages/airflow/example_dags/example_trigger_controller_dag.py
[2023-05-30 14:37:04,094] {logging_mixin.py:109} INFO - [2023-05-30 14:37:04,094] {dag.py:1834} INFO - Sync 1 DAGs
[2023-05-30 14:37:04,121] {logging_mixin.py:109} INFO - [2023-05-30 14:37:04,120] {dag.py:2287} INFO - Setting next_dagrun for example_trigger_controller_dag to 2023-05-28 00:00:00+00:00
[2023-05-30 14:37:04,149] {processor.py:170} INFO - Processing /home/lucia/practica_creativa/resources/airflow/env/lib/python3.10/site-packages/airflow/example_dags/example_trigger_controller_dag.py took 0.129 seconds
[2023-05-30 14:37:40,861] {processor.py:162} INFO - Started process (PID=136272) to work on /home/lucia/practica_creativa/resources/airflow/env/lib/python3.10/site-packages/airflow/example_dags/example_trigger_controller_dag.py
[2023-05-30 14:37:40,864] {processor.py:613} INFO - Processing file /home/lucia/practica_creativa/resources/airflow/env/lib/python3.10/site-packages/airflow/example_dags/example_trigger_controller_dag.py for tasks to queue
[2023-05-30 14:37:40,864] {logging_mixin.py:109} INFO - [2023-05-30 14:37:40,864] {dagbag.py:496} INFO - Filling up the DagBag from /home/lucia/practica_creativa/resources/airflow/env/lib/python3.10/site-packages/airflow/example_dags/example_trigger_controller_dag.py
[2023-05-30 14:37:40,896] {processor.py:623} INFO - DAG(s) dict_keys(['example_trigger_controller_dag']) retrieved from /home/lucia/practica_creativa/resources/airflow/env/lib/python3.10/site-packages/airflow/example_dags/example_trigger_controller_dag.py
[2023-05-30 14:37:40,934] {logging_mixin.py:109} INFO - [2023-05-30 14:37:40,934] {dag.py:1834} INFO - Sync 1 DAGs
[2023-05-30 14:37:40,948] {logging_mixin.py:109} INFO - [2023-05-30 14:37:40,948] {dag.py:2287} INFO - Setting next_dagrun for example_trigger_controller_dag to 2023-05-28 00:00:00+00:00
[2023-05-30 14:37:40,969] {processor.py:170} INFO - Processing /home/lucia/practica_creativa/resources/airflow/env/lib/python3.10/site-packages/airflow/example_dags/example_trigger_controller_dag.py took 0.112 seconds
[2023-05-30 14:38:20,694] {processor.py:162} INFO - Started process (PID=136308) to work on /home/lucia/practica_creativa/resources/airflow/env/lib/python3.10/site-packages/airflow/example_dags/example_trigger_controller_dag.py
[2023-05-30 14:38:20,698] {processor.py:613} INFO - Processing file /home/lucia/practica_creativa/resources/airflow/env/lib/python3.10/site-packages/airflow/example_dags/example_trigger_controller_dag.py for tasks to queue
[2023-05-30 14:38:20,699] {logging_mixin.py:109} INFO - [2023-05-30 14:38:20,699] {dagbag.py:496} INFO - Filling up the DagBag from /home/lucia/practica_creativa/resources/airflow/env/lib/python3.10/site-packages/airflow/example_dags/example_trigger_controller_dag.py
[2023-05-30 14:38:20,730] {processor.py:623} INFO - DAG(s) dict_keys(['example_trigger_controller_dag']) retrieved from /home/lucia/practica_creativa/resources/airflow/env/lib/python3.10/site-packages/airflow/example_dags/example_trigger_controller_dag.py
[2023-05-30 14:38:20,764] {logging_mixin.py:109} INFO - [2023-05-30 14:38:20,764] {dag.py:1834} INFO - Sync 1 DAGs
[2023-05-30 14:38:20,785] {logging_mixin.py:109} INFO - [2023-05-30 14:38:20,785] {dag.py:2287} INFO - Setting next_dagrun for example_trigger_controller_dag to 2023-05-28 00:00:00+00:00
[2023-05-30 14:38:20,817] {processor.py:170} INFO - Processing /home/lucia/practica_creativa/resources/airflow/env/lib/python3.10/site-packages/airflow/example_dags/example_trigger_controller_dag.py took 0.131 seconds
