[2023-05-30 13:42:02,941] {processor.py:162} INFO - Started process (PID=134549) to work on /home/lucia/practica_creativa/flight_prediction/src/main/scala/env/lib/python3.10/site-packages/airflow/example_dags/example_python_operator.py
[2023-05-30 13:42:02,948] {processor.py:613} INFO - Processing file /home/lucia/practica_creativa/flight_prediction/src/main/scala/env/lib/python3.10/site-packages/airflow/example_dags/example_python_operator.py for tasks to queue
[2023-05-30 13:42:02,950] {logging_mixin.py:109} INFO - [2023-05-30 13:42:02,949] {dagbag.py:496} INFO - Filling up the DagBag from /home/lucia/practica_creativa/flight_prediction/src/main/scala/env/lib/python3.10/site-packages/airflow/example_dags/example_python_operator.py
[2023-05-30 13:42:02,994] {processor.py:623} INFO - DAG(s) dict_keys(['example_python_operator']) retrieved from /home/lucia/practica_creativa/flight_prediction/src/main/scala/env/lib/python3.10/site-packages/airflow/example_dags/example_python_operator.py
[2023-05-30 13:42:03,036] {logging_mixin.py:109} INFO - [2023-05-30 13:42:03,036] {dag.py:1834} INFO - Sync 1 DAGs
[2023-05-30 13:42:03,061] {logging_mixin.py:109} INFO - [2023-05-30 13:42:03,061] {dag.py:2287} INFO - Setting next_dagrun for example_python_operator to None
[2023-05-30 13:42:03,091] {processor.py:170} INFO - Processing /home/lucia/practica_creativa/flight_prediction/src/main/scala/env/lib/python3.10/site-packages/airflow/example_dags/example_python_operator.py took 0.158 seconds
[2023-05-30 13:42:44,673] {processor.py:162} INFO - Started process (PID=134594) to work on /home/lucia/practica_creativa/flight_prediction/src/main/scala/env/lib/python3.10/site-packages/airflow/example_dags/example_python_operator.py
[2023-05-30 13:42:44,677] {processor.py:613} INFO - Processing file /home/lucia/practica_creativa/flight_prediction/src/main/scala/env/lib/python3.10/site-packages/airflow/example_dags/example_python_operator.py for tasks to queue
[2023-05-30 13:42:44,678] {logging_mixin.py:109} INFO - [2023-05-30 13:42:44,678] {dagbag.py:496} INFO - Filling up the DagBag from /home/lucia/practica_creativa/flight_prediction/src/main/scala/env/lib/python3.10/site-packages/airflow/example_dags/example_python_operator.py
[2023-05-30 13:42:44,710] {processor.py:623} INFO - DAG(s) dict_keys(['example_python_operator']) retrieved from /home/lucia/practica_creativa/flight_prediction/src/main/scala/env/lib/python3.10/site-packages/airflow/example_dags/example_python_operator.py
[2023-05-30 13:42:44,748] {logging_mixin.py:109} INFO - [2023-05-30 13:42:44,747] {dag.py:1834} INFO - Sync 1 DAGs
[2023-05-30 13:42:44,769] {logging_mixin.py:109} INFO - [2023-05-30 13:42:44,769] {dag.py:2287} INFO - Setting next_dagrun for example_python_operator to None
[2023-05-30 13:42:44,798] {processor.py:170} INFO - Processing /home/lucia/practica_creativa/flight_prediction/src/main/scala/env/lib/python3.10/site-packages/airflow/example_dags/example_python_operator.py took 0.133 seconds
[2023-05-30 14:01:05,996] {processor.py:162} INFO - Started process (PID=135218) to work on /home/lucia/practica_creativa/resources/airflow/env/lib/python3.10/site-packages/airflow/example_dags/example_python_operator.py
[2023-05-30 14:01:06,000] {processor.py:613} INFO - Processing file /home/lucia/practica_creativa/resources/airflow/env/lib/python3.10/site-packages/airflow/example_dags/example_python_operator.py for tasks to queue
[2023-05-30 14:01:06,002] {logging_mixin.py:109} INFO - [2023-05-30 14:01:06,001] {dagbag.py:496} INFO - Filling up the DagBag from /home/lucia/practica_creativa/resources/airflow/env/lib/python3.10/site-packages/airflow/example_dags/example_python_operator.py
[2023-05-30 14:01:06,044] {processor.py:623} INFO - DAG(s) dict_keys(['example_python_operator']) retrieved from /home/lucia/practica_creativa/resources/airflow/env/lib/python3.10/site-packages/airflow/example_dags/example_python_operator.py
[2023-05-30 14:01:06,087] {logging_mixin.py:109} INFO - [2023-05-30 14:01:06,087] {dag.py:1834} INFO - Sync 1 DAGs
[2023-05-30 14:01:06,111] {logging_mixin.py:109} INFO - [2023-05-30 14:01:06,111] {dag.py:2287} INFO - Setting next_dagrun for example_python_operator to None
[2023-05-30 14:01:06,137] {processor.py:170} INFO - Processing /home/lucia/practica_creativa/resources/airflow/env/lib/python3.10/site-packages/airflow/example_dags/example_python_operator.py took 0.151 seconds
[2023-05-30 14:02:00,607] {processor.py:162} INFO - Started process (PID=135331) to work on /home/lucia/practica_creativa/resources/airflow/env/lib/python3.10/site-packages/airflow/example_dags/example_python_operator.py
[2023-05-30 14:02:00,616] {processor.py:613} INFO - Processing file /home/lucia/practica_creativa/resources/airflow/env/lib/python3.10/site-packages/airflow/example_dags/example_python_operator.py for tasks to queue
[2023-05-30 14:02:00,617] {logging_mixin.py:109} INFO - [2023-05-30 14:02:00,617] {dagbag.py:496} INFO - Filling up the DagBag from /home/lucia/practica_creativa/resources/airflow/env/lib/python3.10/site-packages/airflow/example_dags/example_python_operator.py
[2023-05-30 14:02:00,647] {processor.py:623} INFO - DAG(s) dict_keys(['example_python_operator']) retrieved from /home/lucia/practica_creativa/resources/airflow/env/lib/python3.10/site-packages/airflow/example_dags/example_python_operator.py
[2023-05-30 14:02:00,683] {logging_mixin.py:109} INFO - [2023-05-30 14:02:00,683] {dag.py:1834} INFO - Sync 1 DAGs
[2023-05-30 14:02:00,704] {logging_mixin.py:109} INFO - [2023-05-30 14:02:00,704] {dag.py:2287} INFO - Setting next_dagrun for example_python_operator to None
[2023-05-30 14:02:00,731] {processor.py:170} INFO - Processing /home/lucia/practica_creativa/resources/airflow/env/lib/python3.10/site-packages/airflow/example_dags/example_python_operator.py took 0.132 seconds
[2023-05-30 14:02:41,433] {processor.py:162} INFO - Started process (PID=135375) to work on /home/lucia/practica_creativa/resources/airflow/env/lib/python3.10/site-packages/airflow/example_dags/example_python_operator.py
[2023-05-30 14:02:41,438] {processor.py:613} INFO - Processing file /home/lucia/practica_creativa/resources/airflow/env/lib/python3.10/site-packages/airflow/example_dags/example_python_operator.py for tasks to queue
[2023-05-30 14:02:41,439] {logging_mixin.py:109} INFO - [2023-05-30 14:02:41,439] {dagbag.py:496} INFO - Filling up the DagBag from /home/lucia/practica_creativa/resources/airflow/env/lib/python3.10/site-packages/airflow/example_dags/example_python_operator.py
[2023-05-30 14:02:41,474] {processor.py:623} INFO - DAG(s) dict_keys(['example_python_operator']) retrieved from /home/lucia/practica_creativa/resources/airflow/env/lib/python3.10/site-packages/airflow/example_dags/example_python_operator.py
[2023-05-30 14:02:41,517] {logging_mixin.py:109} INFO - [2023-05-30 14:02:41,517] {dag.py:1834} INFO - Sync 1 DAGs
[2023-05-30 14:02:41,539] {logging_mixin.py:109} INFO - [2023-05-30 14:02:41,539] {dag.py:2287} INFO - Setting next_dagrun for example_python_operator to None
[2023-05-30 14:02:41,569] {processor.py:170} INFO - Processing /home/lucia/practica_creativa/resources/airflow/env/lib/python3.10/site-packages/airflow/example_dags/example_python_operator.py took 0.144 seconds
[2023-05-30 14:03:25,866] {processor.py:162} INFO - Started process (PID=135453) to work on /home/lucia/practica_creativa/resources/airflow/env/lib/python3.10/site-packages/airflow/example_dags/example_python_operator.py
[2023-05-30 14:03:25,871] {processor.py:613} INFO - Processing file /home/lucia/practica_creativa/resources/airflow/env/lib/python3.10/site-packages/airflow/example_dags/example_python_operator.py for tasks to queue
[2023-05-30 14:03:25,872] {logging_mixin.py:109} INFO - [2023-05-30 14:03:25,872] {dagbag.py:496} INFO - Filling up the DagBag from /home/lucia/practica_creativa/resources/airflow/env/lib/python3.10/site-packages/airflow/example_dags/example_python_operator.py
[2023-05-30 14:03:25,920] {processor.py:623} INFO - DAG(s) dict_keys(['example_python_operator']) retrieved from /home/lucia/practica_creativa/resources/airflow/env/lib/python3.10/site-packages/airflow/example_dags/example_python_operator.py
[2023-05-30 14:03:25,976] {logging_mixin.py:109} INFO - [2023-05-30 14:03:25,976] {dag.py:1834} INFO - Sync 1 DAGs
[2023-05-30 14:03:26,000] {logging_mixin.py:109} INFO - [2023-05-30 14:03:26,000] {dag.py:2287} INFO - Setting next_dagrun for example_python_operator to None
[2023-05-30 14:03:26,029] {processor.py:170} INFO - Processing /home/lucia/practica_creativa/resources/airflow/env/lib/python3.10/site-packages/airflow/example_dags/example_python_operator.py took 0.175 seconds
[2023-05-30 14:04:10,308] {processor.py:162} INFO - Started process (PID=135533) to work on /home/lucia/practica_creativa/resources/airflow/env/lib/python3.10/site-packages/airflow/example_dags/example_python_operator.py
[2023-05-30 14:04:10,311] {processor.py:613} INFO - Processing file /home/lucia/practica_creativa/resources/airflow/env/lib/python3.10/site-packages/airflow/example_dags/example_python_operator.py for tasks to queue
[2023-05-30 14:04:10,315] {logging_mixin.py:109} INFO - [2023-05-30 14:04:10,315] {dagbag.py:496} INFO - Filling up the DagBag from /home/lucia/practica_creativa/resources/airflow/env/lib/python3.10/site-packages/airflow/example_dags/example_python_operator.py
[2023-05-30 14:04:10,355] {processor.py:623} INFO - DAG(s) dict_keys(['example_python_operator']) retrieved from /home/lucia/practica_creativa/resources/airflow/env/lib/python3.10/site-packages/airflow/example_dags/example_python_operator.py
[2023-05-30 14:04:10,415] {logging_mixin.py:109} INFO - [2023-05-30 14:04:10,412] {dag.py:1834} INFO - Sync 1 DAGs
[2023-05-30 14:04:10,465] {logging_mixin.py:109} INFO - [2023-05-30 14:04:10,464] {dag.py:2287} INFO - Setting next_dagrun for example_python_operator to None
[2023-05-30 14:04:10,513] {processor.py:170} INFO - Processing /home/lucia/practica_creativa/resources/airflow/env/lib/python3.10/site-packages/airflow/example_dags/example_python_operator.py took 0.241 seconds
[2023-05-30 14:05:22,230] {processor.py:162} INFO - Started process (PID=135619) to work on /home/lucia/practica_creativa/resources/airflow/env/lib/python3.10/site-packages/airflow/example_dags/example_python_operator.py
[2023-05-30 14:05:22,235] {processor.py:613} INFO - Processing file /home/lucia/practica_creativa/resources/airflow/env/lib/python3.10/site-packages/airflow/example_dags/example_python_operator.py for tasks to queue
[2023-05-30 14:05:22,236] {logging_mixin.py:109} INFO - [2023-05-30 14:05:22,236] {dagbag.py:496} INFO - Filling up the DagBag from /home/lucia/practica_creativa/resources/airflow/env/lib/python3.10/site-packages/airflow/example_dags/example_python_operator.py
[2023-05-30 14:05:22,286] {processor.py:623} INFO - DAG(s) dict_keys(['example_python_operator']) retrieved from /home/lucia/practica_creativa/resources/airflow/env/lib/python3.10/site-packages/airflow/example_dags/example_python_operator.py
[2023-05-30 14:05:22,330] {logging_mixin.py:109} INFO - [2023-05-30 14:05:22,330] {dag.py:1834} INFO - Sync 1 DAGs
[2023-05-30 14:05:22,371] {logging_mixin.py:109} INFO - [2023-05-30 14:05:22,371] {dag.py:2287} INFO - Setting next_dagrun for example_python_operator to None
[2023-05-30 14:05:22,430] {processor.py:170} INFO - Processing /home/lucia/practica_creativa/resources/airflow/env/lib/python3.10/site-packages/airflow/example_dags/example_python_operator.py took 0.213 seconds
[2023-05-30 14:09:28,838] {processor.py:162} INFO - Started process (PID=135746) to work on /home/lucia/practica_creativa/resources/airflow/env/lib/python3.10/site-packages/airflow/example_dags/example_python_operator.py
[2023-05-30 14:09:28,845] {processor.py:613} INFO - Processing file /home/lucia/practica_creativa/resources/airflow/env/lib/python3.10/site-packages/airflow/example_dags/example_python_operator.py for tasks to queue
[2023-05-30 14:09:28,847] {logging_mixin.py:109} INFO - [2023-05-30 14:09:28,847] {dagbag.py:496} INFO - Filling up the DagBag from /home/lucia/practica_creativa/resources/airflow/env/lib/python3.10/site-packages/airflow/example_dags/example_python_operator.py
[2023-05-30 14:09:28,903] {processor.py:623} INFO - DAG(s) dict_keys(['example_python_operator']) retrieved from /home/lucia/practica_creativa/resources/airflow/env/lib/python3.10/site-packages/airflow/example_dags/example_python_operator.py
[2023-05-30 14:09:28,946] {logging_mixin.py:109} INFO - [2023-05-30 14:09:28,946] {dag.py:1834} INFO - Sync 1 DAGs
[2023-05-30 14:09:28,974] {logging_mixin.py:109} INFO - [2023-05-30 14:09:28,974] {dag.py:2287} INFO - Setting next_dagrun for example_python_operator to None
[2023-05-30 14:09:29,026] {processor.py:170} INFO - Processing /home/lucia/practica_creativa/resources/airflow/env/lib/python3.10/site-packages/airflow/example_dags/example_python_operator.py took 0.192 seconds
[2023-05-30 14:10:24,632] {processor.py:162} INFO - Started process (PID=135825) to work on /home/lucia/practica_creativa/resources/airflow/env/lib/python3.10/site-packages/airflow/example_dags/example_python_operator.py
[2023-05-30 14:10:24,642] {processor.py:613} INFO - Processing file /home/lucia/practica_creativa/resources/airflow/env/lib/python3.10/site-packages/airflow/example_dags/example_python_operator.py for tasks to queue
[2023-05-30 14:10:24,644] {logging_mixin.py:109} INFO - [2023-05-30 14:10:24,643] {dagbag.py:496} INFO - Filling up the DagBag from /home/lucia/practica_creativa/resources/airflow/env/lib/python3.10/site-packages/airflow/example_dags/example_python_operator.py
[2023-05-30 14:10:24,683] {processor.py:623} INFO - DAG(s) dict_keys(['example_python_operator']) retrieved from /home/lucia/practica_creativa/resources/airflow/env/lib/python3.10/site-packages/airflow/example_dags/example_python_operator.py
[2023-05-30 14:10:24,727] {logging_mixin.py:109} INFO - [2023-05-30 14:10:24,727] {dag.py:1834} INFO - Sync 1 DAGs
[2023-05-30 14:10:24,751] {logging_mixin.py:109} INFO - [2023-05-30 14:10:24,751] {dag.py:2287} INFO - Setting next_dagrun for example_python_operator to None
[2023-05-30 14:10:24,779] {processor.py:170} INFO - Processing /home/lucia/practica_creativa/resources/airflow/env/lib/python3.10/site-packages/airflow/example_dags/example_python_operator.py took 0.154 seconds
[2023-05-30 14:11:08,328] {processor.py:162} INFO - Started process (PID=135866) to work on /home/lucia/practica_creativa/resources/airflow/env/lib/python3.10/site-packages/airflow/example_dags/example_python_operator.py
[2023-05-30 14:11:08,334] {processor.py:613} INFO - Processing file /home/lucia/practica_creativa/resources/airflow/env/lib/python3.10/site-packages/airflow/example_dags/example_python_operator.py for tasks to queue
[2023-05-30 14:11:08,336] {logging_mixin.py:109} INFO - [2023-05-30 14:11:08,335] {dagbag.py:496} INFO - Filling up the DagBag from /home/lucia/practica_creativa/resources/airflow/env/lib/python3.10/site-packages/airflow/example_dags/example_python_operator.py
[2023-05-30 14:11:08,374] {processor.py:623} INFO - DAG(s) dict_keys(['example_python_operator']) retrieved from /home/lucia/practica_creativa/resources/airflow/env/lib/python3.10/site-packages/airflow/example_dags/example_python_operator.py
[2023-05-30 14:11:08,418] {logging_mixin.py:109} INFO - [2023-05-30 14:11:08,418] {dag.py:1834} INFO - Sync 1 DAGs
[2023-05-30 14:11:08,441] {logging_mixin.py:109} INFO - [2023-05-30 14:11:08,441] {dag.py:2287} INFO - Setting next_dagrun for example_python_operator to None
[2023-05-30 14:11:08,467] {processor.py:170} INFO - Processing /home/lucia/practica_creativa/resources/airflow/env/lib/python3.10/site-packages/airflow/example_dags/example_python_operator.py took 0.153 seconds
[2023-05-30 14:25:55,840] {processor.py:162} INFO - Started process (PID=136070) to work on /home/lucia/practica_creativa/resources/airflow/env/lib/python3.10/site-packages/airflow/example_dags/example_python_operator.py
[2023-05-30 14:25:55,849] {processor.py:613} INFO - Processing file /home/lucia/practica_creativa/resources/airflow/env/lib/python3.10/site-packages/airflow/example_dags/example_python_operator.py for tasks to queue
[2023-05-30 14:25:55,855] {logging_mixin.py:109} INFO - [2023-05-30 14:25:55,855] {dagbag.py:496} INFO - Filling up the DagBag from /home/lucia/practica_creativa/resources/airflow/env/lib/python3.10/site-packages/airflow/example_dags/example_python_operator.py
[2023-05-30 14:25:55,915] {processor.py:623} INFO - DAG(s) dict_keys(['example_python_operator']) retrieved from /home/lucia/practica_creativa/resources/airflow/env/lib/python3.10/site-packages/airflow/example_dags/example_python_operator.py
[2023-05-30 14:25:55,961] {logging_mixin.py:109} INFO - [2023-05-30 14:25:55,960] {dag.py:1834} INFO - Sync 1 DAGs
[2023-05-30 14:25:55,985] {logging_mixin.py:109} INFO - [2023-05-30 14:25:55,984] {dag.py:2287} INFO - Setting next_dagrun for example_python_operator to None
[2023-05-30 14:25:56,037] {processor.py:170} INFO - Processing /home/lucia/practica_creativa/resources/airflow/env/lib/python3.10/site-packages/airflow/example_dags/example_python_operator.py took 0.222 seconds
[2023-05-30 14:36:58,739] {processor.py:162} INFO - Started process (PID=136238) to work on /home/lucia/practica_creativa/resources/airflow/env/lib/python3.10/site-packages/airflow/example_dags/example_python_operator.py
[2023-05-30 14:36:58,745] {processor.py:613} INFO - Processing file /home/lucia/practica_creativa/resources/airflow/env/lib/python3.10/site-packages/airflow/example_dags/example_python_operator.py for tasks to queue
[2023-05-30 14:36:58,746] {logging_mixin.py:109} INFO - [2023-05-30 14:36:58,746] {dagbag.py:496} INFO - Filling up the DagBag from /home/lucia/practica_creativa/resources/airflow/env/lib/python3.10/site-packages/airflow/example_dags/example_python_operator.py
[2023-05-30 14:36:58,782] {processor.py:623} INFO - DAG(s) dict_keys(['example_python_operator']) retrieved from /home/lucia/practica_creativa/resources/airflow/env/lib/python3.10/site-packages/airflow/example_dags/example_python_operator.py
[2023-05-30 14:36:58,817] {logging_mixin.py:109} INFO - [2023-05-30 14:36:58,817] {dag.py:1834} INFO - Sync 1 DAGs
[2023-05-30 14:36:58,837] {logging_mixin.py:109} INFO - [2023-05-30 14:36:58,837] {dag.py:2287} INFO - Setting next_dagrun for example_python_operator to None
[2023-05-30 14:36:58,865] {processor.py:170} INFO - Processing /home/lucia/practica_creativa/resources/airflow/env/lib/python3.10/site-packages/airflow/example_dags/example_python_operator.py took 0.135 seconds
[2023-05-30 14:37:35,548] {processor.py:162} INFO - Started process (PID=136266) to work on /home/lucia/practica_creativa/resources/airflow/env/lib/python3.10/site-packages/airflow/example_dags/example_python_operator.py
[2023-05-30 14:37:35,551] {processor.py:613} INFO - Processing file /home/lucia/practica_creativa/resources/airflow/env/lib/python3.10/site-packages/airflow/example_dags/example_python_operator.py for tasks to queue
[2023-05-30 14:37:35,552] {logging_mixin.py:109} INFO - [2023-05-30 14:37:35,552] {dagbag.py:496} INFO - Filling up the DagBag from /home/lucia/practica_creativa/resources/airflow/env/lib/python3.10/site-packages/airflow/example_dags/example_python_operator.py
[2023-05-30 14:37:35,584] {processor.py:623} INFO - DAG(s) dict_keys(['example_python_operator']) retrieved from /home/lucia/practica_creativa/resources/airflow/env/lib/python3.10/site-packages/airflow/example_dags/example_python_operator.py
[2023-05-30 14:37:35,614] {logging_mixin.py:109} INFO - [2023-05-30 14:37:35,614] {dag.py:1834} INFO - Sync 1 DAGs
[2023-05-30 14:37:35,636] {logging_mixin.py:109} INFO - [2023-05-30 14:37:35,636] {dag.py:2287} INFO - Setting next_dagrun for example_python_operator to None
[2023-05-30 14:37:35,657] {processor.py:170} INFO - Processing /home/lucia/practica_creativa/resources/airflow/env/lib/python3.10/site-packages/airflow/example_dags/example_python_operator.py took 0.114 seconds
[2023-05-30 14:38:15,795] {processor.py:162} INFO - Started process (PID=136304) to work on /home/lucia/practica_creativa/resources/airflow/env/lib/python3.10/site-packages/airflow/example_dags/example_python_operator.py
[2023-05-30 14:38:15,800] {processor.py:613} INFO - Processing file /home/lucia/practica_creativa/resources/airflow/env/lib/python3.10/site-packages/airflow/example_dags/example_python_operator.py for tasks to queue
[2023-05-30 14:38:15,803] {logging_mixin.py:109} INFO - [2023-05-30 14:38:15,803] {dagbag.py:496} INFO - Filling up the DagBag from /home/lucia/practica_creativa/resources/airflow/env/lib/python3.10/site-packages/airflow/example_dags/example_python_operator.py
[2023-05-30 14:38:15,851] {processor.py:623} INFO - DAG(s) dict_keys(['example_python_operator']) retrieved from /home/lucia/practica_creativa/resources/airflow/env/lib/python3.10/site-packages/airflow/example_dags/example_python_operator.py
[2023-05-30 14:38:15,890] {logging_mixin.py:109} INFO - [2023-05-30 14:38:15,890] {dag.py:1834} INFO - Sync 1 DAGs
[2023-05-30 14:38:15,914] {logging_mixin.py:109} INFO - [2023-05-30 14:38:15,913] {dag.py:2287} INFO - Setting next_dagrun for example_python_operator to None
[2023-05-30 14:38:15,943] {processor.py:170} INFO - Processing /home/lucia/practica_creativa/resources/airflow/env/lib/python3.10/site-packages/airflow/example_dags/example_python_operator.py took 0.156 seconds
