[2023-05-30 13:41:52,066] {processor.py:162} INFO - Started process (PID=134531) to work on /home/lucia/practica_creativa/flight_prediction/src/main/scala/env/lib/python3.10/site-packages/airflow/example_dags/example_trigger_target_dag.py
[2023-05-30 13:41:52,072] {processor.py:613} INFO - Processing file /home/lucia/practica_creativa/flight_prediction/src/main/scala/env/lib/python3.10/site-packages/airflow/example_dags/example_trigger_target_dag.py for tasks to queue
[2023-05-30 13:41:52,074] {logging_mixin.py:109} INFO - [2023-05-30 13:41:52,074] {dagbag.py:496} INFO - Filling up the DagBag from /home/lucia/practica_creativa/flight_prediction/src/main/scala/env/lib/python3.10/site-packages/airflow/example_dags/example_trigger_target_dag.py
[2023-05-30 13:41:52,128] {processor.py:623} INFO - DAG(s) dict_keys(['example_trigger_target_dag']) retrieved from /home/lucia/practica_creativa/flight_prediction/src/main/scala/env/lib/python3.10/site-packages/airflow/example_dags/example_trigger_target_dag.py
[2023-05-30 13:41:52,197] {logging_mixin.py:109} INFO - [2023-05-30 13:41:52,193] {dag.py:1834} INFO - Sync 1 DAGs
[2023-05-30 13:41:52,226] {logging_mixin.py:109} INFO - [2023-05-30 13:41:52,226] {dag.py:2287} INFO - Setting next_dagrun for example_trigger_target_dag to None
[2023-05-30 13:41:52,259] {processor.py:170} INFO - Processing /home/lucia/practica_creativa/flight_prediction/src/main/scala/env/lib/python3.10/site-packages/airflow/example_dags/example_trigger_target_dag.py took 0.202 seconds
[2023-05-30 13:42:34,069] {processor.py:162} INFO - Started process (PID=134582) to work on /home/lucia/practica_creativa/flight_prediction/src/main/scala/env/lib/python3.10/site-packages/airflow/example_dags/example_trigger_target_dag.py
[2023-05-30 13:42:34,074] {processor.py:613} INFO - Processing file /home/lucia/practica_creativa/flight_prediction/src/main/scala/env/lib/python3.10/site-packages/airflow/example_dags/example_trigger_target_dag.py for tasks to queue
[2023-05-30 13:42:34,075] {logging_mixin.py:109} INFO - [2023-05-30 13:42:34,075] {dagbag.py:496} INFO - Filling up the DagBag from /home/lucia/practica_creativa/flight_prediction/src/main/scala/env/lib/python3.10/site-packages/airflow/example_dags/example_trigger_target_dag.py
[2023-05-30 13:42:34,118] {processor.py:623} INFO - DAG(s) dict_keys(['example_trigger_target_dag']) retrieved from /home/lucia/practica_creativa/flight_prediction/src/main/scala/env/lib/python3.10/site-packages/airflow/example_dags/example_trigger_target_dag.py
[2023-05-30 13:42:34,161] {logging_mixin.py:109} INFO - [2023-05-30 13:42:34,161] {dag.py:1834} INFO - Sync 1 DAGs
[2023-05-30 13:42:34,187] {logging_mixin.py:109} INFO - [2023-05-30 13:42:34,187] {dag.py:2287} INFO - Setting next_dagrun for example_trigger_target_dag to None
[2023-05-30 13:42:34,220] {processor.py:170} INFO - Processing /home/lucia/practica_creativa/flight_prediction/src/main/scala/env/lib/python3.10/site-packages/airflow/example_dags/example_trigger_target_dag.py took 0.160 seconds
[2023-05-30 14:01:04,687] {processor.py:162} INFO - Started process (PID=135217) to work on /home/lucia/practica_creativa/resources/airflow/env/lib/python3.10/site-packages/airflow/example_dags/example_trigger_target_dag.py
[2023-05-30 14:01:04,692] {processor.py:613} INFO - Processing file /home/lucia/practica_creativa/resources/airflow/env/lib/python3.10/site-packages/airflow/example_dags/example_trigger_target_dag.py for tasks to queue
[2023-05-30 14:01:04,694] {logging_mixin.py:109} INFO - [2023-05-30 14:01:04,693] {dagbag.py:496} INFO - Filling up the DagBag from /home/lucia/practica_creativa/resources/airflow/env/lib/python3.10/site-packages/airflow/example_dags/example_trigger_target_dag.py
[2023-05-30 14:01:04,750] {processor.py:623} INFO - DAG(s) dict_keys(['example_trigger_target_dag']) retrieved from /home/lucia/practica_creativa/resources/airflow/env/lib/python3.10/site-packages/airflow/example_dags/example_trigger_target_dag.py
[2023-05-30 14:01:04,792] {logging_mixin.py:109} INFO - [2023-05-30 14:01:04,792] {dag.py:1834} INFO - Sync 1 DAGs
[2023-05-30 14:01:04,817] {logging_mixin.py:109} INFO - [2023-05-30 14:01:04,817] {dag.py:2287} INFO - Setting next_dagrun for example_trigger_target_dag to None
[2023-05-30 14:01:04,845] {processor.py:170} INFO - Processing /home/lucia/practica_creativa/resources/airflow/env/lib/python3.10/site-packages/airflow/example_dags/example_trigger_target_dag.py took 0.170 seconds
[2023-05-30 14:01:59,286] {processor.py:162} INFO - Started process (PID=135329) to work on /home/lucia/practica_creativa/resources/airflow/env/lib/python3.10/site-packages/airflow/example_dags/example_trigger_target_dag.py
[2023-05-30 14:01:59,300] {processor.py:613} INFO - Processing file /home/lucia/practica_creativa/resources/airflow/env/lib/python3.10/site-packages/airflow/example_dags/example_trigger_target_dag.py for tasks to queue
[2023-05-30 14:01:59,302] {logging_mixin.py:109} INFO - [2023-05-30 14:01:59,301] {dagbag.py:496} INFO - Filling up the DagBag from /home/lucia/practica_creativa/resources/airflow/env/lib/python3.10/site-packages/airflow/example_dags/example_trigger_target_dag.py
[2023-05-30 14:01:59,340] {processor.py:623} INFO - DAG(s) dict_keys(['example_trigger_target_dag']) retrieved from /home/lucia/practica_creativa/resources/airflow/env/lib/python3.10/site-packages/airflow/example_dags/example_trigger_target_dag.py
[2023-05-30 14:01:59,380] {logging_mixin.py:109} INFO - [2023-05-30 14:01:59,380] {dag.py:1834} INFO - Sync 1 DAGs
[2023-05-30 14:01:59,405] {logging_mixin.py:109} INFO - [2023-05-30 14:01:59,404] {dag.py:2287} INFO - Setting next_dagrun for example_trigger_target_dag to None
[2023-05-30 14:01:59,437] {processor.py:170} INFO - Processing /home/lucia/practica_creativa/resources/airflow/env/lib/python3.10/site-packages/airflow/example_dags/example_trigger_target_dag.py took 0.160 seconds
[2023-05-30 14:02:40,139] {processor.py:162} INFO - Started process (PID=135374) to work on /home/lucia/practica_creativa/resources/airflow/env/lib/python3.10/site-packages/airflow/example_dags/example_trigger_target_dag.py
[2023-05-30 14:02:40,143] {processor.py:613} INFO - Processing file /home/lucia/practica_creativa/resources/airflow/env/lib/python3.10/site-packages/airflow/example_dags/example_trigger_target_dag.py for tasks to queue
[2023-05-30 14:02:40,144] {logging_mixin.py:109} INFO - [2023-05-30 14:02:40,144] {dagbag.py:496} INFO - Filling up the DagBag from /home/lucia/practica_creativa/resources/airflow/env/lib/python3.10/site-packages/airflow/example_dags/example_trigger_target_dag.py
[2023-05-30 14:02:40,179] {processor.py:623} INFO - DAG(s) dict_keys(['example_trigger_target_dag']) retrieved from /home/lucia/practica_creativa/resources/airflow/env/lib/python3.10/site-packages/airflow/example_dags/example_trigger_target_dag.py
[2023-05-30 14:02:40,212] {logging_mixin.py:109} INFO - [2023-05-30 14:02:40,212] {dag.py:1834} INFO - Sync 1 DAGs
[2023-05-30 14:02:40,234] {logging_mixin.py:109} INFO - [2023-05-30 14:02:40,234] {dag.py:2287} INFO - Setting next_dagrun for example_trigger_target_dag to None
[2023-05-30 14:02:40,257] {processor.py:170} INFO - Processing /home/lucia/practica_creativa/resources/airflow/env/lib/python3.10/site-packages/airflow/example_dags/example_trigger_target_dag.py took 0.127 seconds
[2023-05-30 14:03:24,636] {processor.py:162} INFO - Started process (PID=135452) to work on /home/lucia/practica_creativa/resources/airflow/env/lib/python3.10/site-packages/airflow/example_dags/example_trigger_target_dag.py
[2023-05-30 14:03:24,639] {processor.py:613} INFO - Processing file /home/lucia/practica_creativa/resources/airflow/env/lib/python3.10/site-packages/airflow/example_dags/example_trigger_target_dag.py for tasks to queue
[2023-05-30 14:03:24,645] {logging_mixin.py:109} INFO - [2023-05-30 14:03:24,644] {dagbag.py:496} INFO - Filling up the DagBag from /home/lucia/practica_creativa/resources/airflow/env/lib/python3.10/site-packages/airflow/example_dags/example_trigger_target_dag.py
[2023-05-30 14:03:24,684] {processor.py:623} INFO - DAG(s) dict_keys(['example_trigger_target_dag']) retrieved from /home/lucia/practica_creativa/resources/airflow/env/lib/python3.10/site-packages/airflow/example_dags/example_trigger_target_dag.py
[2023-05-30 14:03:24,724] {logging_mixin.py:109} INFO - [2023-05-30 14:03:24,724] {dag.py:1834} INFO - Sync 1 DAGs
[2023-05-30 14:03:24,754] {logging_mixin.py:109} INFO - [2023-05-30 14:03:24,753] {dag.py:2287} INFO - Setting next_dagrun for example_trigger_target_dag to None
[2023-05-30 14:03:24,805] {processor.py:170} INFO - Processing /home/lucia/practica_creativa/resources/airflow/env/lib/python3.10/site-packages/airflow/example_dags/example_trigger_target_dag.py took 0.181 seconds
[2023-05-30 14:04:08,901] {processor.py:162} INFO - Started process (PID=135516) to work on /home/lucia/practica_creativa/resources/airflow/env/lib/python3.10/site-packages/airflow/example_dags/example_trigger_target_dag.py
[2023-05-30 14:04:08,904] {processor.py:613} INFO - Processing file /home/lucia/practica_creativa/resources/airflow/env/lib/python3.10/site-packages/airflow/example_dags/example_trigger_target_dag.py for tasks to queue
[2023-05-30 14:04:08,905] {logging_mixin.py:109} INFO - [2023-05-30 14:04:08,905] {dagbag.py:496} INFO - Filling up the DagBag from /home/lucia/practica_creativa/resources/airflow/env/lib/python3.10/site-packages/airflow/example_dags/example_trigger_target_dag.py
[2023-05-30 14:04:08,943] {processor.py:623} INFO - DAG(s) dict_keys(['example_trigger_target_dag']) retrieved from /home/lucia/practica_creativa/resources/airflow/env/lib/python3.10/site-packages/airflow/example_dags/example_trigger_target_dag.py
[2023-05-30 14:04:08,990] {logging_mixin.py:109} INFO - [2023-05-30 14:04:08,990] {dag.py:1834} INFO - Sync 1 DAGs
[2023-05-30 14:04:09,040] {logging_mixin.py:109} INFO - [2023-05-30 14:04:09,040] {dag.py:2287} INFO - Setting next_dagrun for example_trigger_target_dag to None
[2023-05-30 14:04:09,065] {processor.py:170} INFO - Processing /home/lucia/practica_creativa/resources/airflow/env/lib/python3.10/site-packages/airflow/example_dags/example_trigger_target_dag.py took 0.169 seconds
[2023-05-30 14:05:20,855] {processor.py:162} INFO - Started process (PID=135618) to work on /home/lucia/practica_creativa/resources/airflow/env/lib/python3.10/site-packages/airflow/example_dags/example_trigger_target_dag.py
[2023-05-30 14:05:20,875] {processor.py:613} INFO - Processing file /home/lucia/practica_creativa/resources/airflow/env/lib/python3.10/site-packages/airflow/example_dags/example_trigger_target_dag.py for tasks to queue
[2023-05-30 14:05:20,875] {logging_mixin.py:109} INFO - [2023-05-30 14:05:20,875] {dagbag.py:496} INFO - Filling up the DagBag from /home/lucia/practica_creativa/resources/airflow/env/lib/python3.10/site-packages/airflow/example_dags/example_trigger_target_dag.py
[2023-05-30 14:05:20,941] {processor.py:623} INFO - DAG(s) dict_keys(['example_trigger_target_dag']) retrieved from /home/lucia/practica_creativa/resources/airflow/env/lib/python3.10/site-packages/airflow/example_dags/example_trigger_target_dag.py
[2023-05-30 14:05:21,004] {logging_mixin.py:109} INFO - [2023-05-30 14:05:21,004] {dag.py:1834} INFO - Sync 1 DAGs
[2023-05-30 14:05:21,055] {logging_mixin.py:109} INFO - [2023-05-30 14:05:21,055] {dag.py:2287} INFO - Setting next_dagrun for example_trigger_target_dag to None
[2023-05-30 14:05:21,096] {processor.py:170} INFO - Processing /home/lucia/practica_creativa/resources/airflow/env/lib/python3.10/site-packages/airflow/example_dags/example_trigger_target_dag.py took 0.252 seconds
[2023-05-30 14:09:27,462] {processor.py:162} INFO - Started process (PID=135739) to work on /home/lucia/practica_creativa/resources/airflow/env/lib/python3.10/site-packages/airflow/example_dags/example_trigger_target_dag.py
[2023-05-30 14:09:27,465] {processor.py:613} INFO - Processing file /home/lucia/practica_creativa/resources/airflow/env/lib/python3.10/site-packages/airflow/example_dags/example_trigger_target_dag.py for tasks to queue
[2023-05-30 14:09:27,466] {logging_mixin.py:109} INFO - [2023-05-30 14:09:27,466] {dagbag.py:496} INFO - Filling up the DagBag from /home/lucia/practica_creativa/resources/airflow/env/lib/python3.10/site-packages/airflow/example_dags/example_trigger_target_dag.py
[2023-05-30 14:09:27,525] {processor.py:623} INFO - DAG(s) dict_keys(['example_trigger_target_dag']) retrieved from /home/lucia/practica_creativa/resources/airflow/env/lib/python3.10/site-packages/airflow/example_dags/example_trigger_target_dag.py
[2023-05-30 14:09:27,579] {logging_mixin.py:109} INFO - [2023-05-30 14:09:27,579] {dag.py:1834} INFO - Sync 1 DAGs
[2023-05-30 14:09:27,605] {logging_mixin.py:109} INFO - [2023-05-30 14:09:27,605] {dag.py:2287} INFO - Setting next_dagrun for example_trigger_target_dag to None
[2023-05-30 14:09:27,662] {processor.py:170} INFO - Processing /home/lucia/practica_creativa/resources/airflow/env/lib/python3.10/site-packages/airflow/example_dags/example_trigger_target_dag.py took 0.217 seconds
[2023-05-30 14:10:23,281] {processor.py:162} INFO - Started process (PID=135824) to work on /home/lucia/practica_creativa/resources/airflow/env/lib/python3.10/site-packages/airflow/example_dags/example_trigger_target_dag.py
[2023-05-30 14:10:23,292] {processor.py:613} INFO - Processing file /home/lucia/practica_creativa/resources/airflow/env/lib/python3.10/site-packages/airflow/example_dags/example_trigger_target_dag.py for tasks to queue
[2023-05-30 14:10:23,294] {logging_mixin.py:109} INFO - [2023-05-30 14:10:23,293] {dagbag.py:496} INFO - Filling up the DagBag from /home/lucia/practica_creativa/resources/airflow/env/lib/python3.10/site-packages/airflow/example_dags/example_trigger_target_dag.py
[2023-05-30 14:10:23,328] {processor.py:623} INFO - DAG(s) dict_keys(['example_trigger_target_dag']) retrieved from /home/lucia/practica_creativa/resources/airflow/env/lib/python3.10/site-packages/airflow/example_dags/example_trigger_target_dag.py
[2023-05-30 14:10:23,366] {logging_mixin.py:109} INFO - [2023-05-30 14:10:23,366] {dag.py:1834} INFO - Sync 1 DAGs
[2023-05-30 14:10:23,389] {logging_mixin.py:109} INFO - [2023-05-30 14:10:23,388] {dag.py:2287} INFO - Setting next_dagrun for example_trigger_target_dag to None
[2023-05-30 14:10:23,412] {processor.py:170} INFO - Processing /home/lucia/practica_creativa/resources/airflow/env/lib/python3.10/site-packages/airflow/example_dags/example_trigger_target_dag.py took 0.140 seconds
[2023-05-30 14:11:07,013] {processor.py:162} INFO - Started process (PID=135865) to work on /home/lucia/practica_creativa/resources/airflow/env/lib/python3.10/site-packages/airflow/example_dags/example_trigger_target_dag.py
[2023-05-30 14:11:07,016] {processor.py:613} INFO - Processing file /home/lucia/practica_creativa/resources/airflow/env/lib/python3.10/site-packages/airflow/example_dags/example_trigger_target_dag.py for tasks to queue
[2023-05-30 14:11:07,018] {logging_mixin.py:109} INFO - [2023-05-30 14:11:07,018] {dagbag.py:496} INFO - Filling up the DagBag from /home/lucia/practica_creativa/resources/airflow/env/lib/python3.10/site-packages/airflow/example_dags/example_trigger_target_dag.py
[2023-05-30 14:11:07,052] {processor.py:623} INFO - DAG(s) dict_keys(['example_trigger_target_dag']) retrieved from /home/lucia/practica_creativa/resources/airflow/env/lib/python3.10/site-packages/airflow/example_dags/example_trigger_target_dag.py
[2023-05-30 14:11:07,086] {logging_mixin.py:109} INFO - [2023-05-30 14:11:07,086] {dag.py:1834} INFO - Sync 1 DAGs
[2023-05-30 14:11:07,110] {logging_mixin.py:109} INFO - [2023-05-30 14:11:07,109] {dag.py:2287} INFO - Setting next_dagrun for example_trigger_target_dag to None
[2023-05-30 14:11:07,133] {processor.py:170} INFO - Processing /home/lucia/practica_creativa/resources/airflow/env/lib/python3.10/site-packages/airflow/example_dags/example_trigger_target_dag.py took 0.128 seconds
[2023-05-30 14:25:54,535] {processor.py:162} INFO - Started process (PID=136069) to work on /home/lucia/practica_creativa/resources/airflow/env/lib/python3.10/site-packages/airflow/example_dags/example_trigger_target_dag.py
[2023-05-30 14:25:54,539] {processor.py:613} INFO - Processing file /home/lucia/practica_creativa/resources/airflow/env/lib/python3.10/site-packages/airflow/example_dags/example_trigger_target_dag.py for tasks to queue
[2023-05-30 14:25:54,540] {logging_mixin.py:109} INFO - [2023-05-30 14:25:54,540] {dagbag.py:496} INFO - Filling up the DagBag from /home/lucia/practica_creativa/resources/airflow/env/lib/python3.10/site-packages/airflow/example_dags/example_trigger_target_dag.py
[2023-05-30 14:25:54,581] {processor.py:623} INFO - DAG(s) dict_keys(['example_trigger_target_dag']) retrieved from /home/lucia/practica_creativa/resources/airflow/env/lib/python3.10/site-packages/airflow/example_dags/example_trigger_target_dag.py
[2023-05-30 14:25:54,617] {logging_mixin.py:109} INFO - [2023-05-30 14:25:54,617] {dag.py:1834} INFO - Sync 1 DAGs
[2023-05-30 14:25:54,639] {logging_mixin.py:109} INFO - [2023-05-30 14:25:54,639] {dag.py:2287} INFO - Setting next_dagrun for example_trigger_target_dag to None
[2023-05-30 14:25:54,671] {processor.py:170} INFO - Processing /home/lucia/practica_creativa/resources/airflow/env/lib/python3.10/site-packages/airflow/example_dags/example_trigger_target_dag.py took 0.146 seconds
[2023-05-30 14:36:57,441] {processor.py:162} INFO - Started process (PID=136237) to work on /home/lucia/practica_creativa/resources/airflow/env/lib/python3.10/site-packages/airflow/example_dags/example_trigger_target_dag.py
[2023-05-30 14:36:57,445] {processor.py:613} INFO - Processing file /home/lucia/practica_creativa/resources/airflow/env/lib/python3.10/site-packages/airflow/example_dags/example_trigger_target_dag.py for tasks to queue
[2023-05-30 14:36:57,447] {logging_mixin.py:109} INFO - [2023-05-30 14:36:57,446] {dagbag.py:496} INFO - Filling up the DagBag from /home/lucia/practica_creativa/resources/airflow/env/lib/python3.10/site-packages/airflow/example_dags/example_trigger_target_dag.py
[2023-05-30 14:36:57,486] {processor.py:623} INFO - DAG(s) dict_keys(['example_trigger_target_dag']) retrieved from /home/lucia/practica_creativa/resources/airflow/env/lib/python3.10/site-packages/airflow/example_dags/example_trigger_target_dag.py
[2023-05-30 14:36:57,520] {logging_mixin.py:109} INFO - [2023-05-30 14:36:57,520] {dag.py:1834} INFO - Sync 1 DAGs
[2023-05-30 14:36:57,540] {logging_mixin.py:109} INFO - [2023-05-30 14:36:57,540] {dag.py:2287} INFO - Setting next_dagrun for example_trigger_target_dag to None
[2023-05-30 14:36:57,563] {processor.py:170} INFO - Processing /home/lucia/practica_creativa/resources/airflow/env/lib/python3.10/site-packages/airflow/example_dags/example_trigger_target_dag.py took 0.129 seconds
[2023-05-30 14:37:34,240] {processor.py:162} INFO - Started process (PID=136262) to work on /home/lucia/practica_creativa/resources/airflow/env/lib/python3.10/site-packages/airflow/example_dags/example_trigger_target_dag.py
[2023-05-30 14:37:34,243] {processor.py:613} INFO - Processing file /home/lucia/practica_creativa/resources/airflow/env/lib/python3.10/site-packages/airflow/example_dags/example_trigger_target_dag.py for tasks to queue
[2023-05-30 14:37:34,244] {logging_mixin.py:109} INFO - [2023-05-30 14:37:34,244] {dagbag.py:496} INFO - Filling up the DagBag from /home/lucia/practica_creativa/resources/airflow/env/lib/python3.10/site-packages/airflow/example_dags/example_trigger_target_dag.py
[2023-05-30 14:37:34,287] {processor.py:623} INFO - DAG(s) dict_keys(['example_trigger_target_dag']) retrieved from /home/lucia/practica_creativa/resources/airflow/env/lib/python3.10/site-packages/airflow/example_dags/example_trigger_target_dag.py
[2023-05-30 14:37:34,325] {logging_mixin.py:109} INFO - [2023-05-30 14:37:34,325] {dag.py:1834} INFO - Sync 1 DAGs
[2023-05-30 14:37:34,350] {logging_mixin.py:109} INFO - [2023-05-30 14:37:34,350] {dag.py:2287} INFO - Setting next_dagrun for example_trigger_target_dag to None
[2023-05-30 14:37:34,386] {processor.py:170} INFO - Processing /home/lucia/practica_creativa/resources/airflow/env/lib/python3.10/site-packages/airflow/example_dags/example_trigger_target_dag.py took 0.159 seconds
[2023-05-30 14:38:14,484] {processor.py:162} INFO - Started process (PID=136303) to work on /home/lucia/practica_creativa/resources/airflow/env/lib/python3.10/site-packages/airflow/example_dags/example_trigger_target_dag.py
[2023-05-30 14:38:14,487] {processor.py:613} INFO - Processing file /home/lucia/practica_creativa/resources/airflow/env/lib/python3.10/site-packages/airflow/example_dags/example_trigger_target_dag.py for tasks to queue
[2023-05-30 14:38:14,488] {logging_mixin.py:109} INFO - [2023-05-30 14:38:14,488] {dagbag.py:496} INFO - Filling up the DagBag from /home/lucia/practica_creativa/resources/airflow/env/lib/python3.10/site-packages/airflow/example_dags/example_trigger_target_dag.py
[2023-05-30 14:38:14,525] {processor.py:623} INFO - DAG(s) dict_keys(['example_trigger_target_dag']) retrieved from /home/lucia/practica_creativa/resources/airflow/env/lib/python3.10/site-packages/airflow/example_dags/example_trigger_target_dag.py
[2023-05-30 14:38:14,557] {logging_mixin.py:109} INFO - [2023-05-30 14:38:14,557] {dag.py:1834} INFO - Sync 1 DAGs
[2023-05-30 14:38:14,578] {logging_mixin.py:109} INFO - [2023-05-30 14:38:14,578] {dag.py:2287} INFO - Setting next_dagrun for example_trigger_target_dag to None
[2023-05-30 14:38:14,606] {processor.py:170} INFO - Processing /home/lucia/practica_creativa/resources/airflow/env/lib/python3.10/site-packages/airflow/example_dags/example_trigger_target_dag.py took 0.129 seconds
