[2023-05-30 13:42:11,640] {processor.py:162} INFO - Started process (PID=134563) to work on /home/lucia/practica_creativa/flight_prediction/src/main/scala/env/lib/python3.10/site-packages/airflow/example_dags/example_branch_python_dop_operator_3.py
[2023-05-30 13:42:11,643] {processor.py:613} INFO - Processing file /home/lucia/practica_creativa/flight_prediction/src/main/scala/env/lib/python3.10/site-packages/airflow/example_dags/example_branch_python_dop_operator_3.py for tasks to queue
[2023-05-30 13:42:11,644] {logging_mixin.py:109} INFO - [2023-05-30 13:42:11,644] {dagbag.py:496} INFO - Filling up the DagBag from /home/lucia/practica_creativa/flight_prediction/src/main/scala/env/lib/python3.10/site-packages/airflow/example_dags/example_branch_python_dop_operator_3.py
[2023-05-30 13:42:11,695] {processor.py:623} INFO - DAG(s) dict_keys(['example_branch_dop_operator_v3']) retrieved from /home/lucia/practica_creativa/flight_prediction/src/main/scala/env/lib/python3.10/site-packages/airflow/example_dags/example_branch_python_dop_operator_3.py
[2023-05-30 13:42:11,738] {logging_mixin.py:109} INFO - [2023-05-30 13:42:11,738] {dag.py:1834} INFO - Sync 1 DAGs
[2023-05-30 13:42:11,801] {logging_mixin.py:109} INFO - [2023-05-30 13:42:11,800] {dag.py:2287} INFO - Setting next_dagrun for example_branch_dop_operator_v3 to 2023-05-28 00:00:00+00:00
[2023-05-30 13:42:11,828] {processor.py:170} INFO - Processing /home/lucia/practica_creativa/flight_prediction/src/main/scala/env/lib/python3.10/site-packages/airflow/example_dags/example_branch_python_dop_operator_3.py took 0.200 seconds
[2023-05-30 13:42:54,512] {processor.py:162} INFO - Started process (PID=134617) to work on /home/lucia/practica_creativa/flight_prediction/src/main/scala/env/lib/python3.10/site-packages/airflow/example_dags/example_branch_python_dop_operator_3.py
[2023-05-30 13:42:54,517] {processor.py:613} INFO - Processing file /home/lucia/practica_creativa/flight_prediction/src/main/scala/env/lib/python3.10/site-packages/airflow/example_dags/example_branch_python_dop_operator_3.py for tasks to queue
[2023-05-30 13:42:54,523] {logging_mixin.py:109} INFO - [2023-05-30 13:42:54,523] {dagbag.py:496} INFO - Filling up the DagBag from /home/lucia/practica_creativa/flight_prediction/src/main/scala/env/lib/python3.10/site-packages/airflow/example_dags/example_branch_python_dop_operator_3.py
[2023-05-30 13:42:54,564] {processor.py:623} INFO - DAG(s) dict_keys(['example_branch_dop_operator_v3']) retrieved from /home/lucia/practica_creativa/flight_prediction/src/main/scala/env/lib/python3.10/site-packages/airflow/example_dags/example_branch_python_dop_operator_3.py
[2023-05-30 13:42:54,609] {logging_mixin.py:109} INFO - [2023-05-30 13:42:54,609] {dag.py:1834} INFO - Sync 1 DAGs
[2023-05-30 13:42:54,680] {logging_mixin.py:109} INFO - [2023-05-30 13:42:54,680] {dag.py:2287} INFO - Setting next_dagrun for example_branch_dop_operator_v3 to 2023-05-28 00:00:00+00:00
[2023-05-30 13:42:54,727] {processor.py:170} INFO - Processing /home/lucia/practica_creativa/flight_prediction/src/main/scala/env/lib/python3.10/site-packages/airflow/example_dags/example_branch_python_dop_operator_3.py took 0.223 seconds
[2023-05-30 14:01:25,508] {processor.py:162} INFO - Started process (PID=135264) to work on /home/lucia/practica_creativa/resources/airflow/env/lib/python3.10/site-packages/airflow/example_dags/example_branch_python_dop_operator_3.py
[2023-05-30 14:01:25,511] {processor.py:613} INFO - Processing file /home/lucia/practica_creativa/resources/airflow/env/lib/python3.10/site-packages/airflow/example_dags/example_branch_python_dop_operator_3.py for tasks to queue
[2023-05-30 14:01:25,512] {logging_mixin.py:109} INFO - [2023-05-30 14:01:25,512] {dagbag.py:496} INFO - Filling up the DagBag from /home/lucia/practica_creativa/resources/airflow/env/lib/python3.10/site-packages/airflow/example_dags/example_branch_python_dop_operator_3.py
[2023-05-30 14:01:25,551] {processor.py:623} INFO - DAG(s) dict_keys(['example_branch_dop_operator_v3']) retrieved from /home/lucia/practica_creativa/resources/airflow/env/lib/python3.10/site-packages/airflow/example_dags/example_branch_python_dop_operator_3.py
[2023-05-30 14:01:25,585] {logging_mixin.py:109} INFO - [2023-05-30 14:01:25,585] {dag.py:1834} INFO - Sync 1 DAGs
[2023-05-30 14:01:25,632] {logging_mixin.py:109} INFO - [2023-05-30 14:01:25,631] {dag.py:2287} INFO - Setting next_dagrun for example_branch_dop_operator_v3 to 2023-05-28 00:00:00+00:00
[2023-05-30 14:01:25,654] {processor.py:170} INFO - Processing /home/lucia/practica_creativa/resources/airflow/env/lib/python3.10/site-packages/airflow/example_dags/example_branch_python_dop_operator_3.py took 0.153 seconds
[2023-05-30 14:02:19,680] {processor.py:162} INFO - Started process (PID=135348) to work on /home/lucia/practica_creativa/resources/airflow/env/lib/python3.10/site-packages/airflow/example_dags/example_branch_python_dop_operator_3.py
[2023-05-30 14:02:19,684] {processor.py:613} INFO - Processing file /home/lucia/practica_creativa/resources/airflow/env/lib/python3.10/site-packages/airflow/example_dags/example_branch_python_dop_operator_3.py for tasks to queue
[2023-05-30 14:02:19,686] {logging_mixin.py:109} INFO - [2023-05-30 14:02:19,685] {dagbag.py:496} INFO - Filling up the DagBag from /home/lucia/practica_creativa/resources/airflow/env/lib/python3.10/site-packages/airflow/example_dags/example_branch_python_dop_operator_3.py
[2023-05-30 14:02:19,720] {processor.py:623} INFO - DAG(s) dict_keys(['example_branch_dop_operator_v3']) retrieved from /home/lucia/practica_creativa/resources/airflow/env/lib/python3.10/site-packages/airflow/example_dags/example_branch_python_dop_operator_3.py
[2023-05-30 14:02:19,757] {logging_mixin.py:109} INFO - [2023-05-30 14:02:19,756] {dag.py:1834} INFO - Sync 1 DAGs
[2023-05-30 14:02:19,808] {logging_mixin.py:109} INFO - [2023-05-30 14:02:19,808] {dag.py:2287} INFO - Setting next_dagrun for example_branch_dop_operator_v3 to 2023-05-28 00:00:00+00:00
[2023-05-30 14:02:19,832] {processor.py:170} INFO - Processing /home/lucia/practica_creativa/resources/airflow/env/lib/python3.10/site-packages/airflow/example_dags/example_branch_python_dop_operator_3.py took 0.160 seconds
[2023-05-30 14:03:01,748] {processor.py:162} INFO - Started process (PID=135428) to work on /home/lucia/practica_creativa/resources/airflow/env/lib/python3.10/site-packages/airflow/example_dags/example_branch_python_dop_operator_3.py
[2023-05-30 14:03:01,754] {processor.py:613} INFO - Processing file /home/lucia/practica_creativa/resources/airflow/env/lib/python3.10/site-packages/airflow/example_dags/example_branch_python_dop_operator_3.py for tasks to queue
[2023-05-30 14:03:01,755] {logging_mixin.py:109} INFO - [2023-05-30 14:03:01,755] {dagbag.py:496} INFO - Filling up the DagBag from /home/lucia/practica_creativa/resources/airflow/env/lib/python3.10/site-packages/airflow/example_dags/example_branch_python_dop_operator_3.py
[2023-05-30 14:03:01,839] {processor.py:623} INFO - DAG(s) dict_keys(['example_branch_dop_operator_v3']) retrieved from /home/lucia/practica_creativa/resources/airflow/env/lib/python3.10/site-packages/airflow/example_dags/example_branch_python_dop_operator_3.py
[2023-05-30 14:03:01,925] {logging_mixin.py:109} INFO - [2023-05-30 14:03:01,925] {dag.py:1834} INFO - Sync 1 DAGs
[2023-05-30 14:03:01,965] {logging_mixin.py:109} INFO - [2023-05-30 14:03:01,965] {dag.py:2287} INFO - Setting next_dagrun for example_branch_dop_operator_v3 to 2023-05-28 00:00:00+00:00
[2023-05-30 14:03:02,019] {processor.py:170} INFO - Processing /home/lucia/practica_creativa/resources/airflow/env/lib/python3.10/site-packages/airflow/example_dags/example_branch_python_dop_operator_3.py took 0.282 seconds
[2023-05-30 14:03:47,151] {processor.py:162} INFO - Started process (PID=135481) to work on /home/lucia/practica_creativa/resources/airflow/env/lib/python3.10/site-packages/airflow/example_dags/example_branch_python_dop_operator_3.py
[2023-05-30 14:03:47,155] {processor.py:613} INFO - Processing file /home/lucia/practica_creativa/resources/airflow/env/lib/python3.10/site-packages/airflow/example_dags/example_branch_python_dop_operator_3.py for tasks to queue
[2023-05-30 14:03:47,157] {logging_mixin.py:109} INFO - [2023-05-30 14:03:47,157] {dagbag.py:496} INFO - Filling up the DagBag from /home/lucia/practica_creativa/resources/airflow/env/lib/python3.10/site-packages/airflow/example_dags/example_branch_python_dop_operator_3.py
[2023-05-30 14:03:47,219] {processor.py:623} INFO - DAG(s) dict_keys(['example_branch_dop_operator_v3']) retrieved from /home/lucia/practica_creativa/resources/airflow/env/lib/python3.10/site-packages/airflow/example_dags/example_branch_python_dop_operator_3.py
[2023-05-30 14:03:47,299] {logging_mixin.py:109} INFO - [2023-05-30 14:03:47,299] {dag.py:1834} INFO - Sync 1 DAGs
[2023-05-30 14:03:47,376] {logging_mixin.py:109} INFO - [2023-05-30 14:03:47,375] {dag.py:2287} INFO - Setting next_dagrun for example_branch_dop_operator_v3 to 2023-05-28 00:00:00+00:00
[2023-05-30 14:03:47,419] {processor.py:170} INFO - Processing /home/lucia/practica_creativa/resources/airflow/env/lib/python3.10/site-packages/airflow/example_dags/example_branch_python_dop_operator_3.py took 0.276 seconds
[2023-05-30 14:05:41,741] {processor.py:162} INFO - Started process (PID=135636) to work on /home/lucia/practica_creativa/resources/airflow/env/lib/python3.10/site-packages/airflow/example_dags/example_branch_python_dop_operator_3.py
[2023-05-30 14:05:41,747] {processor.py:613} INFO - Processing file /home/lucia/practica_creativa/resources/airflow/env/lib/python3.10/site-packages/airflow/example_dags/example_branch_python_dop_operator_3.py for tasks to queue
[2023-05-30 14:05:41,749] {logging_mixin.py:109} INFO - [2023-05-30 14:05:41,749] {dagbag.py:496} INFO - Filling up the DagBag from /home/lucia/practica_creativa/resources/airflow/env/lib/python3.10/site-packages/airflow/example_dags/example_branch_python_dop_operator_3.py
[2023-05-30 14:05:41,836] {processor.py:623} INFO - DAG(s) dict_keys(['example_branch_dop_operator_v3']) retrieved from /home/lucia/practica_creativa/resources/airflow/env/lib/python3.10/site-packages/airflow/example_dags/example_branch_python_dop_operator_3.py
[2023-05-30 14:05:41,881] {logging_mixin.py:109} INFO - [2023-05-30 14:05:41,881] {dag.py:1834} INFO - Sync 1 DAGs
[2023-05-30 14:05:41,936] {logging_mixin.py:109} INFO - [2023-05-30 14:05:41,936] {dag.py:2287} INFO - Setting next_dagrun for example_branch_dop_operator_v3 to 2023-05-28 00:00:00+00:00
[2023-05-30 14:05:41,960] {processor.py:170} INFO - Processing /home/lucia/practica_creativa/resources/airflow/env/lib/python3.10/site-packages/airflow/example_dags/example_branch_python_dop_operator_3.py took 0.244 seconds
[2023-05-30 14:09:48,311] {processor.py:162} INFO - Started process (PID=135761) to work on /home/lucia/practica_creativa/resources/airflow/env/lib/python3.10/site-packages/airflow/example_dags/example_branch_python_dop_operator_3.py
[2023-05-30 14:09:48,315] {processor.py:613} INFO - Processing file /home/lucia/practica_creativa/resources/airflow/env/lib/python3.10/site-packages/airflow/example_dags/example_branch_python_dop_operator_3.py for tasks to queue
[2023-05-30 14:09:48,316] {logging_mixin.py:109} INFO - [2023-05-30 14:09:48,316] {dagbag.py:496} INFO - Filling up the DagBag from /home/lucia/practica_creativa/resources/airflow/env/lib/python3.10/site-packages/airflow/example_dags/example_branch_python_dop_operator_3.py
[2023-05-30 14:09:48,354] {processor.py:623} INFO - DAG(s) dict_keys(['example_branch_dop_operator_v3']) retrieved from /home/lucia/practica_creativa/resources/airflow/env/lib/python3.10/site-packages/airflow/example_dags/example_branch_python_dop_operator_3.py
[2023-05-30 14:09:48,387] {logging_mixin.py:109} INFO - [2023-05-30 14:09:48,387] {dag.py:1834} INFO - Sync 1 DAGs
[2023-05-30 14:09:48,434] {logging_mixin.py:109} INFO - [2023-05-30 14:09:48,434] {dag.py:2287} INFO - Setting next_dagrun for example_branch_dop_operator_v3 to 2023-05-28 00:00:00+00:00
[2023-05-30 14:09:48,459] {processor.py:170} INFO - Processing /home/lucia/practica_creativa/resources/airflow/env/lib/python3.10/site-packages/airflow/example_dags/example_branch_python_dop_operator_3.py took 0.154 seconds
[2023-05-30 14:10:44,403] {processor.py:162} INFO - Started process (PID=135840) to work on /home/lucia/practica_creativa/resources/airflow/env/lib/python3.10/site-packages/airflow/example_dags/example_branch_python_dop_operator_3.py
[2023-05-30 14:10:44,410] {processor.py:613} INFO - Processing file /home/lucia/practica_creativa/resources/airflow/env/lib/python3.10/site-packages/airflow/example_dags/example_branch_python_dop_operator_3.py for tasks to queue
[2023-05-30 14:10:44,411] {logging_mixin.py:109} INFO - [2023-05-30 14:10:44,411] {dagbag.py:496} INFO - Filling up the DagBag from /home/lucia/practica_creativa/resources/airflow/env/lib/python3.10/site-packages/airflow/example_dags/example_branch_python_dop_operator_3.py
[2023-05-30 14:10:44,447] {processor.py:623} INFO - DAG(s) dict_keys(['example_branch_dop_operator_v3']) retrieved from /home/lucia/practica_creativa/resources/airflow/env/lib/python3.10/site-packages/airflow/example_dags/example_branch_python_dop_operator_3.py
[2023-05-30 14:10:44,481] {logging_mixin.py:109} INFO - [2023-05-30 14:10:44,481] {dag.py:1834} INFO - Sync 1 DAGs
[2023-05-30 14:10:44,528] {logging_mixin.py:109} INFO - [2023-05-30 14:10:44,528] {dag.py:2287} INFO - Setting next_dagrun for example_branch_dop_operator_v3 to 2023-05-28 00:00:00+00:00
[2023-05-30 14:10:44,555] {processor.py:170} INFO - Processing /home/lucia/practica_creativa/resources/airflow/env/lib/python3.10/site-packages/airflow/example_dags/example_branch_python_dop_operator_3.py took 0.159 seconds
[2023-05-30 14:26:15,094] {processor.py:162} INFO - Started process (PID=136090) to work on /home/lucia/practica_creativa/resources/airflow/env/lib/python3.10/site-packages/airflow/example_dags/example_branch_python_dop_operator_3.py
[2023-05-30 14:26:15,097] {processor.py:613} INFO - Processing file /home/lucia/practica_creativa/resources/airflow/env/lib/python3.10/site-packages/airflow/example_dags/example_branch_python_dop_operator_3.py for tasks to queue
[2023-05-30 14:26:15,099] {logging_mixin.py:109} INFO - [2023-05-30 14:26:15,099] {dagbag.py:496} INFO - Filling up the DagBag from /home/lucia/practica_creativa/resources/airflow/env/lib/python3.10/site-packages/airflow/example_dags/example_branch_python_dop_operator_3.py
[2023-05-30 14:26:15,142] {processor.py:623} INFO - DAG(s) dict_keys(['example_branch_dop_operator_v3']) retrieved from /home/lucia/practica_creativa/resources/airflow/env/lib/python3.10/site-packages/airflow/example_dags/example_branch_python_dop_operator_3.py
[2023-05-30 14:26:15,178] {logging_mixin.py:109} INFO - [2023-05-30 14:26:15,178] {dag.py:1834} INFO - Sync 1 DAGs
[2023-05-30 14:26:15,231] {logging_mixin.py:109} INFO - [2023-05-30 14:26:15,231] {dag.py:2287} INFO - Setting next_dagrun for example_branch_dop_operator_v3 to 2023-05-28 00:00:00+00:00
[2023-05-30 14:26:15,262] {processor.py:170} INFO - Processing /home/lucia/practica_creativa/resources/airflow/env/lib/python3.10/site-packages/airflow/example_dags/example_branch_python_dop_operator_3.py took 0.175 seconds
[2023-05-30 14:37:54,746] {processor.py:162} INFO - Started process (PID=136283) to work on /home/lucia/practica_creativa/resources/airflow/env/lib/python3.10/site-packages/airflow/example_dags/example_branch_python_dop_operator_3.py
[2023-05-30 14:37:54,750] {processor.py:613} INFO - Processing file /home/lucia/practica_creativa/resources/airflow/env/lib/python3.10/site-packages/airflow/example_dags/example_branch_python_dop_operator_3.py for tasks to queue
[2023-05-30 14:37:54,754] {logging_mixin.py:109} INFO - [2023-05-30 14:37:54,754] {dagbag.py:496} INFO - Filling up the DagBag from /home/lucia/practica_creativa/resources/airflow/env/lib/python3.10/site-packages/airflow/example_dags/example_branch_python_dop_operator_3.py
[2023-05-30 14:37:54,805] {processor.py:623} INFO - DAG(s) dict_keys(['example_branch_dop_operator_v3']) retrieved from /home/lucia/practica_creativa/resources/airflow/env/lib/python3.10/site-packages/airflow/example_dags/example_branch_python_dop_operator_3.py
[2023-05-30 14:37:54,840] {logging_mixin.py:109} INFO - [2023-05-30 14:37:54,840] {dag.py:1834} INFO - Sync 1 DAGs
[2023-05-30 14:37:54,895] {logging_mixin.py:109} INFO - [2023-05-30 14:37:54,895] {dag.py:2287} INFO - Setting next_dagrun for example_branch_dop_operator_v3 to 2023-05-28 00:00:00+00:00
[2023-05-30 14:37:54,925] {processor.py:170} INFO - Processing /home/lucia/practica_creativa/resources/airflow/env/lib/python3.10/site-packages/airflow/example_dags/example_branch_python_dop_operator_3.py took 0.187 seconds
[2023-05-30 14:38:34,787] {processor.py:162} INFO - Started process (PID=136319) to work on /home/lucia/practica_creativa/resources/airflow/env/lib/python3.10/site-packages/airflow/example_dags/example_branch_python_dop_operator_3.py
[2023-05-30 14:38:34,790] {processor.py:613} INFO - Processing file /home/lucia/practica_creativa/resources/airflow/env/lib/python3.10/site-packages/airflow/example_dags/example_branch_python_dop_operator_3.py for tasks to queue
[2023-05-30 14:38:34,792] {logging_mixin.py:109} INFO - [2023-05-30 14:38:34,792] {dagbag.py:496} INFO - Filling up the DagBag from /home/lucia/practica_creativa/resources/airflow/env/lib/python3.10/site-packages/airflow/example_dags/example_branch_python_dop_operator_3.py
[2023-05-30 14:38:34,830] {processor.py:623} INFO - DAG(s) dict_keys(['example_branch_dop_operator_v3']) retrieved from /home/lucia/practica_creativa/resources/airflow/env/lib/python3.10/site-packages/airflow/example_dags/example_branch_python_dop_operator_3.py
[2023-05-30 14:38:34,865] {logging_mixin.py:109} INFO - [2023-05-30 14:38:34,864] {dag.py:1834} INFO - Sync 1 DAGs
[2023-05-30 14:38:34,922] {logging_mixin.py:109} INFO - [2023-05-30 14:38:34,922] {dag.py:2287} INFO - Setting next_dagrun for example_branch_dop_operator_v3 to 2023-05-28 00:00:00+00:00
[2023-05-30 14:38:34,959] {processor.py:170} INFO - Processing /home/lucia/practica_creativa/resources/airflow/env/lib/python3.10/site-packages/airflow/example_dags/example_branch_python_dop_operator_3.py took 0.180 seconds
