[2023-05-30 13:42:16,247] {processor.py:162} INFO - Started process (PID=134567) to work on /home/lucia/practica_creativa/flight_prediction/src/main/scala/env/lib/python3.10/site-packages/airflow/example_dags/example_bash_operator.py
[2023-05-30 13:42:16,250] {processor.py:613} INFO - Processing file /home/lucia/practica_creativa/flight_prediction/src/main/scala/env/lib/python3.10/site-packages/airflow/example_dags/example_bash_operator.py for tasks to queue
[2023-05-30 13:42:16,252] {logging_mixin.py:109} INFO - [2023-05-30 13:42:16,251] {dagbag.py:496} INFO - Filling up the DagBag from /home/lucia/practica_creativa/flight_prediction/src/main/scala/env/lib/python3.10/site-packages/airflow/example_dags/example_bash_operator.py
[2023-05-30 13:42:16,309] {processor.py:623} INFO - DAG(s) dict_keys(['example_bash_operator']) retrieved from /home/lucia/practica_creativa/flight_prediction/src/main/scala/env/lib/python3.10/site-packages/airflow/example_dags/example_bash_operator.py
[2023-05-30 13:42:16,349] {logging_mixin.py:109} INFO - [2023-05-30 13:42:16,349] {dag.py:1834} INFO - Sync 1 DAGs
[2023-05-30 13:42:16,386] {logging_mixin.py:109} INFO - [2023-05-30 13:42:16,386] {dag.py:2287} INFO - Setting next_dagrun for example_bash_operator to 2023-05-28 00:00:00+00:00
[2023-05-30 13:42:16,423] {processor.py:170} INFO - Processing /home/lucia/practica_creativa/flight_prediction/src/main/scala/env/lib/python3.10/site-packages/airflow/example_dags/example_bash_operator.py took 0.185 seconds
[2023-05-30 13:42:59,155] {processor.py:162} INFO - Started process (PID=134621) to work on /home/lucia/practica_creativa/flight_prediction/src/main/scala/env/lib/python3.10/site-packages/airflow/example_dags/example_bash_operator.py
[2023-05-30 13:42:59,159] {processor.py:613} INFO - Processing file /home/lucia/practica_creativa/flight_prediction/src/main/scala/env/lib/python3.10/site-packages/airflow/example_dags/example_bash_operator.py for tasks to queue
[2023-05-30 13:42:59,161] {logging_mixin.py:109} INFO - [2023-05-30 13:42:59,160] {dagbag.py:496} INFO - Filling up the DagBag from /home/lucia/practica_creativa/flight_prediction/src/main/scala/env/lib/python3.10/site-packages/airflow/example_dags/example_bash_operator.py
[2023-05-30 13:42:59,222] {processor.py:623} INFO - DAG(s) dict_keys(['example_bash_operator']) retrieved from /home/lucia/practica_creativa/flight_prediction/src/main/scala/env/lib/python3.10/site-packages/airflow/example_dags/example_bash_operator.py
[2023-05-30 13:42:59,278] {logging_mixin.py:109} INFO - [2023-05-30 13:42:59,278] {dag.py:1834} INFO - Sync 1 DAGs
[2023-05-30 13:42:59,312] {logging_mixin.py:109} INFO - [2023-05-30 13:42:59,312] {dag.py:2287} INFO - Setting next_dagrun for example_bash_operator to 2023-05-28 00:00:00+00:00
[2023-05-30 13:42:59,340] {processor.py:170} INFO - Processing /home/lucia/practica_creativa/flight_prediction/src/main/scala/env/lib/python3.10/site-packages/airflow/example_dags/example_bash_operator.py took 0.203 seconds
[2023-05-30 14:01:30,224] {processor.py:162} INFO - Started process (PID=135269) to work on /home/lucia/practica_creativa/resources/airflow/env/lib/python3.10/site-packages/airflow/example_dags/example_bash_operator.py
[2023-05-30 14:01:30,228] {processor.py:613} INFO - Processing file /home/lucia/practica_creativa/resources/airflow/env/lib/python3.10/site-packages/airflow/example_dags/example_bash_operator.py for tasks to queue
[2023-05-30 14:01:30,230] {logging_mixin.py:109} INFO - [2023-05-30 14:01:30,229] {dagbag.py:496} INFO - Filling up the DagBag from /home/lucia/practica_creativa/resources/airflow/env/lib/python3.10/site-packages/airflow/example_dags/example_bash_operator.py
[2023-05-30 14:01:30,271] {processor.py:623} INFO - DAG(s) dict_keys(['example_bash_operator']) retrieved from /home/lucia/practica_creativa/resources/airflow/env/lib/python3.10/site-packages/airflow/example_dags/example_bash_operator.py
[2023-05-30 14:01:30,311] {logging_mixin.py:109} INFO - [2023-05-30 14:01:30,311] {dag.py:1834} INFO - Sync 1 DAGs
[2023-05-30 14:01:30,356] {logging_mixin.py:109} INFO - [2023-05-30 14:01:30,356] {dag.py:2287} INFO - Setting next_dagrun for example_bash_operator to 2023-05-28 00:00:00+00:00
[2023-05-30 14:01:30,389] {processor.py:170} INFO - Processing /home/lucia/practica_creativa/resources/airflow/env/lib/python3.10/site-packages/airflow/example_dags/example_bash_operator.py took 0.174 seconds
[2023-05-30 14:02:24,520] {processor.py:162} INFO - Started process (PID=135352) to work on /home/lucia/practica_creativa/resources/airflow/env/lib/python3.10/site-packages/airflow/example_dags/example_bash_operator.py
[2023-05-30 14:02:24,524] {processor.py:613} INFO - Processing file /home/lucia/practica_creativa/resources/airflow/env/lib/python3.10/site-packages/airflow/example_dags/example_bash_operator.py for tasks to queue
[2023-05-30 14:02:24,526] {logging_mixin.py:109} INFO - [2023-05-30 14:02:24,525] {dagbag.py:496} INFO - Filling up the DagBag from /home/lucia/practica_creativa/resources/airflow/env/lib/python3.10/site-packages/airflow/example_dags/example_bash_operator.py
[2023-05-30 14:02:24,564] {processor.py:623} INFO - DAG(s) dict_keys(['example_bash_operator']) retrieved from /home/lucia/practica_creativa/resources/airflow/env/lib/python3.10/site-packages/airflow/example_dags/example_bash_operator.py
[2023-05-30 14:02:24,608] {logging_mixin.py:109} INFO - [2023-05-30 14:02:24,607] {dag.py:1834} INFO - Sync 1 DAGs
[2023-05-30 14:02:24,639] {logging_mixin.py:109} INFO - [2023-05-30 14:02:24,639] {dag.py:2287} INFO - Setting next_dagrun for example_bash_operator to 2023-05-28 00:00:00+00:00
[2023-05-30 14:02:24,664] {processor.py:170} INFO - Processing /home/lucia/practica_creativa/resources/airflow/env/lib/python3.10/site-packages/airflow/example_dags/example_bash_operator.py took 0.152 seconds
[2023-05-30 14:03:06,698] {processor.py:162} INFO - Started process (PID=135438) to work on /home/lucia/practica_creativa/resources/airflow/env/lib/python3.10/site-packages/airflow/example_dags/example_bash_operator.py
[2023-05-30 14:03:06,701] {processor.py:613} INFO - Processing file /home/lucia/practica_creativa/resources/airflow/env/lib/python3.10/site-packages/airflow/example_dags/example_bash_operator.py for tasks to queue
[2023-05-30 14:03:06,705] {logging_mixin.py:109} INFO - [2023-05-30 14:03:06,705] {dagbag.py:496} INFO - Filling up the DagBag from /home/lucia/practica_creativa/resources/airflow/env/lib/python3.10/site-packages/airflow/example_dags/example_bash_operator.py
[2023-05-30 14:03:06,754] {processor.py:623} INFO - DAG(s) dict_keys(['example_bash_operator']) retrieved from /home/lucia/practica_creativa/resources/airflow/env/lib/python3.10/site-packages/airflow/example_dags/example_bash_operator.py
[2023-05-30 14:03:06,790] {logging_mixin.py:109} INFO - [2023-05-30 14:03:06,790] {dag.py:1834} INFO - Sync 1 DAGs
[2023-05-30 14:03:06,824] {logging_mixin.py:109} INFO - [2023-05-30 14:03:06,823] {dag.py:2287} INFO - Setting next_dagrun for example_bash_operator to 2023-05-28 00:00:00+00:00
[2023-05-30 14:03:06,852] {processor.py:170} INFO - Processing /home/lucia/practica_creativa/resources/airflow/env/lib/python3.10/site-packages/airflow/example_dags/example_bash_operator.py took 0.172 seconds
[2023-05-30 14:03:52,621] {processor.py:162} INFO - Started process (PID=135486) to work on /home/lucia/practica_creativa/resources/airflow/env/lib/python3.10/site-packages/airflow/example_dags/example_bash_operator.py
[2023-05-30 14:03:52,625] {processor.py:613} INFO - Processing file /home/lucia/practica_creativa/resources/airflow/env/lib/python3.10/site-packages/airflow/example_dags/example_bash_operator.py for tasks to queue
[2023-05-30 14:03:52,627] {logging_mixin.py:109} INFO - [2023-05-30 14:03:52,626] {dagbag.py:496} INFO - Filling up the DagBag from /home/lucia/practica_creativa/resources/airflow/env/lib/python3.10/site-packages/airflow/example_dags/example_bash_operator.py
[2023-05-30 14:03:52,660] {processor.py:623} INFO - DAG(s) dict_keys(['example_bash_operator']) retrieved from /home/lucia/practica_creativa/resources/airflow/env/lib/python3.10/site-packages/airflow/example_dags/example_bash_operator.py
[2023-05-30 14:03:52,692] {logging_mixin.py:109} INFO - [2023-05-30 14:03:52,692] {dag.py:1834} INFO - Sync 1 DAGs
[2023-05-30 14:03:52,720] {logging_mixin.py:109} INFO - [2023-05-30 14:03:52,720] {dag.py:2287} INFO - Setting next_dagrun for example_bash_operator to 2023-05-28 00:00:00+00:00
[2023-05-30 14:03:52,743] {processor.py:170} INFO - Processing /home/lucia/practica_creativa/resources/airflow/env/lib/python3.10/site-packages/airflow/example_dags/example_bash_operator.py took 0.128 seconds
[2023-05-30 14:09:53,435] {processor.py:162} INFO - Started process (PID=135765) to work on /home/lucia/practica_creativa/resources/airflow/env/lib/python3.10/site-packages/airflow/example_dags/example_bash_operator.py
[2023-05-30 14:09:53,438] {processor.py:613} INFO - Processing file /home/lucia/practica_creativa/resources/airflow/env/lib/python3.10/site-packages/airflow/example_dags/example_bash_operator.py for tasks to queue
[2023-05-30 14:09:53,440] {logging_mixin.py:109} INFO - [2023-05-30 14:09:53,440] {dagbag.py:496} INFO - Filling up the DagBag from /home/lucia/practica_creativa/resources/airflow/env/lib/python3.10/site-packages/airflow/example_dags/example_bash_operator.py
[2023-05-30 14:09:53,480] {processor.py:623} INFO - DAG(s) dict_keys(['example_bash_operator']) retrieved from /home/lucia/practica_creativa/resources/airflow/env/lib/python3.10/site-packages/airflow/example_dags/example_bash_operator.py
[2023-05-30 14:09:53,515] {logging_mixin.py:109} INFO - [2023-05-30 14:09:53,515] {dag.py:1834} INFO - Sync 1 DAGs
[2023-05-30 14:09:53,547] {logging_mixin.py:109} INFO - [2023-05-30 14:09:53,547] {dag.py:2287} INFO - Setting next_dagrun for example_bash_operator to 2023-05-28 00:00:00+00:00
[2023-05-30 14:09:53,570] {processor.py:170} INFO - Processing /home/lucia/practica_creativa/resources/airflow/env/lib/python3.10/site-packages/airflow/example_dags/example_bash_operator.py took 0.143 seconds
[2023-05-30 14:10:49,199] {processor.py:162} INFO - Started process (PID=135850) to work on /home/lucia/practica_creativa/resources/airflow/env/lib/python3.10/site-packages/airflow/example_dags/example_bash_operator.py
[2023-05-30 14:10:49,201] {processor.py:613} INFO - Processing file /home/lucia/practica_creativa/resources/airflow/env/lib/python3.10/site-packages/airflow/example_dags/example_bash_operator.py for tasks to queue
[2023-05-30 14:10:49,203] {logging_mixin.py:109} INFO - [2023-05-30 14:10:49,203] {dagbag.py:496} INFO - Filling up the DagBag from /home/lucia/practica_creativa/resources/airflow/env/lib/python3.10/site-packages/airflow/example_dags/example_bash_operator.py
[2023-05-30 14:10:49,230] {processor.py:623} INFO - DAG(s) dict_keys(['example_bash_operator']) retrieved from /home/lucia/practica_creativa/resources/airflow/env/lib/python3.10/site-packages/airflow/example_dags/example_bash_operator.py
[2023-05-30 14:10:49,258] {logging_mixin.py:109} INFO - [2023-05-30 14:10:49,258] {dag.py:1834} INFO - Sync 1 DAGs
[2023-05-30 14:10:49,280] {logging_mixin.py:109} INFO - [2023-05-30 14:10:49,280] {dag.py:2287} INFO - Setting next_dagrun for example_bash_operator to 2023-05-28 00:00:00+00:00
[2023-05-30 14:10:49,303] {processor.py:170} INFO - Processing /home/lucia/practica_creativa/resources/airflow/env/lib/python3.10/site-packages/airflow/example_dags/example_bash_operator.py took 0.110 seconds
[2023-05-30 14:37:59,412] {processor.py:162} INFO - Started process (PID=136291) to work on /home/lucia/practica_creativa/resources/airflow/env/lib/python3.10/site-packages/airflow/example_dags/example_bash_operator.py
[2023-05-30 14:37:59,414] {processor.py:613} INFO - Processing file /home/lucia/practica_creativa/resources/airflow/env/lib/python3.10/site-packages/airflow/example_dags/example_bash_operator.py for tasks to queue
[2023-05-30 14:37:59,415] {logging_mixin.py:109} INFO - [2023-05-30 14:37:59,415] {dagbag.py:496} INFO - Filling up the DagBag from /home/lucia/practica_creativa/resources/airflow/env/lib/python3.10/site-packages/airflow/example_dags/example_bash_operator.py
[2023-05-30 14:37:59,440] {processor.py:623} INFO - DAG(s) dict_keys(['example_bash_operator']) retrieved from /home/lucia/practica_creativa/resources/airflow/env/lib/python3.10/site-packages/airflow/example_dags/example_bash_operator.py
[2023-05-30 14:37:59,463] {logging_mixin.py:109} INFO - [2023-05-30 14:37:59,462] {dag.py:1834} INFO - Sync 1 DAGs
[2023-05-30 14:37:59,481] {logging_mixin.py:109} INFO - [2023-05-30 14:37:59,481] {dag.py:2287} INFO - Setting next_dagrun for example_bash_operator to 2023-05-28 00:00:00+00:00
[2023-05-30 14:37:59,510] {processor.py:170} INFO - Processing /home/lucia/practica_creativa/resources/airflow/env/lib/python3.10/site-packages/airflow/example_dags/example_bash_operator.py took 0.103 seconds
[2023-05-30 14:38:39,913] {processor.py:162} INFO - Started process (PID=136323) to work on /home/lucia/practica_creativa/resources/airflow/env/lib/python3.10/site-packages/airflow/example_dags/example_bash_operator.py
[2023-05-30 14:38:39,916] {processor.py:613} INFO - Processing file /home/lucia/practica_creativa/resources/airflow/env/lib/python3.10/site-packages/airflow/example_dags/example_bash_operator.py for tasks to queue
[2023-05-30 14:38:39,917] {logging_mixin.py:109} INFO - [2023-05-30 14:38:39,917] {dagbag.py:496} INFO - Filling up the DagBag from /home/lucia/practica_creativa/resources/airflow/env/lib/python3.10/site-packages/airflow/example_dags/example_bash_operator.py
[2023-05-30 14:38:39,954] {processor.py:623} INFO - DAG(s) dict_keys(['example_bash_operator']) retrieved from /home/lucia/practica_creativa/resources/airflow/env/lib/python3.10/site-packages/airflow/example_dags/example_bash_operator.py
[2023-05-30 14:38:39,995] {logging_mixin.py:109} INFO - [2023-05-30 14:38:39,995] {dag.py:1834} INFO - Sync 1 DAGs
[2023-05-30 14:38:40,023] {logging_mixin.py:109} INFO - [2023-05-30 14:38:40,022] {dag.py:2287} INFO - Setting next_dagrun for example_bash_operator to 2023-05-28 00:00:00+00:00
[2023-05-30 14:38:40,047] {processor.py:170} INFO - Processing /home/lucia/practica_creativa/resources/airflow/env/lib/python3.10/site-packages/airflow/example_dags/example_bash_operator.py took 0.141 seconds
