[2023-05-30 13:41:53,510] {processor.py:162} INFO - Started process (PID=134532) to work on /home/lucia/practica_creativa/flight_prediction/src/main/scala/env/lib/python3.10/site-packages/airflow/example_dags/example_short_circuit_operator.py
[2023-05-30 13:41:53,513] {processor.py:613} INFO - Processing file /home/lucia/practica_creativa/flight_prediction/src/main/scala/env/lib/python3.10/site-packages/airflow/example_dags/example_short_circuit_operator.py for tasks to queue
[2023-05-30 13:41:53,515] {logging_mixin.py:109} INFO - [2023-05-30 13:41:53,514] {dagbag.py:496} INFO - Filling up the DagBag from /home/lucia/practica_creativa/flight_prediction/src/main/scala/env/lib/python3.10/site-packages/airflow/example_dags/example_short_circuit_operator.py
[2023-05-30 13:41:53,564] {processor.py:623} INFO - DAG(s) dict_keys(['example_short_circuit_operator']) retrieved from /home/lucia/practica_creativa/flight_prediction/src/main/scala/env/lib/python3.10/site-packages/airflow/example_dags/example_short_circuit_operator.py
[2023-05-30 13:41:53,635] {logging_mixin.py:109} INFO - [2023-05-30 13:41:53,635] {dag.py:1834} INFO - Sync 1 DAGs
[2023-05-30 13:41:53,660] {logging_mixin.py:109} INFO - [2023-05-30 13:41:53,660] {dag.py:2287} INFO - Setting next_dagrun for example_short_circuit_operator to 2023-05-28 00:00:00+00:00
[2023-05-30 13:41:53,692] {processor.py:170} INFO - Processing /home/lucia/practica_creativa/flight_prediction/src/main/scala/env/lib/python3.10/site-packages/airflow/example_dags/example_short_circuit_operator.py took 0.190 seconds
[2023-05-30 13:42:35,355] {processor.py:162} INFO - Started process (PID=134583) to work on /home/lucia/practica_creativa/flight_prediction/src/main/scala/env/lib/python3.10/site-packages/airflow/example_dags/example_short_circuit_operator.py
[2023-05-30 13:42:35,359] {processor.py:613} INFO - Processing file /home/lucia/practica_creativa/flight_prediction/src/main/scala/env/lib/python3.10/site-packages/airflow/example_dags/example_short_circuit_operator.py for tasks to queue
[2023-05-30 13:42:35,361] {logging_mixin.py:109} INFO - [2023-05-30 13:42:35,360] {dagbag.py:496} INFO - Filling up the DagBag from /home/lucia/practica_creativa/flight_prediction/src/main/scala/env/lib/python3.10/site-packages/airflow/example_dags/example_short_circuit_operator.py
[2023-05-30 13:42:35,400] {processor.py:623} INFO - DAG(s) dict_keys(['example_short_circuit_operator']) retrieved from /home/lucia/practica_creativa/flight_prediction/src/main/scala/env/lib/python3.10/site-packages/airflow/example_dags/example_short_circuit_operator.py
[2023-05-30 13:42:35,443] {logging_mixin.py:109} INFO - [2023-05-30 13:42:35,443] {dag.py:1834} INFO - Sync 1 DAGs
[2023-05-30 13:42:35,475] {logging_mixin.py:109} INFO - [2023-05-30 13:42:35,474] {dag.py:2287} INFO - Setting next_dagrun for example_short_circuit_operator to 2023-05-28 00:00:00+00:00
[2023-05-30 13:42:35,508] {processor.py:170} INFO - Processing /home/lucia/practica_creativa/flight_prediction/src/main/scala/env/lib/python3.10/site-packages/airflow/example_dags/example_short_circuit_operator.py took 0.163 seconds
[2023-05-30 14:01:06,519] {processor.py:162} INFO - Started process (PID=135219) to work on /home/lucia/practica_creativa/resources/airflow/env/lib/python3.10/site-packages/airflow/example_dags/example_short_circuit_operator.py
[2023-05-30 14:01:06,523] {processor.py:613} INFO - Processing file /home/lucia/practica_creativa/resources/airflow/env/lib/python3.10/site-packages/airflow/example_dags/example_short_circuit_operator.py for tasks to queue
[2023-05-30 14:01:06,524] {logging_mixin.py:109} INFO - [2023-05-30 14:01:06,524] {dagbag.py:496} INFO - Filling up the DagBag from /home/lucia/practica_creativa/resources/airflow/env/lib/python3.10/site-packages/airflow/example_dags/example_short_circuit_operator.py
[2023-05-30 14:01:06,564] {processor.py:623} INFO - DAG(s) dict_keys(['example_short_circuit_operator']) retrieved from /home/lucia/practica_creativa/resources/airflow/env/lib/python3.10/site-packages/airflow/example_dags/example_short_circuit_operator.py
[2023-05-30 14:01:06,607] {logging_mixin.py:109} INFO - [2023-05-30 14:01:06,607] {dag.py:1834} INFO - Sync 1 DAGs
[2023-05-30 14:01:06,636] {logging_mixin.py:109} INFO - [2023-05-30 14:01:06,636] {dag.py:2287} INFO - Setting next_dagrun for example_short_circuit_operator to 2023-05-28 00:00:00+00:00
[2023-05-30 14:01:06,674] {processor.py:170} INFO - Processing /home/lucia/practica_creativa/resources/airflow/env/lib/python3.10/site-packages/airflow/example_dags/example_short_circuit_operator.py took 0.163 seconds
[2023-05-30 14:02:01,952] {processor.py:162} INFO - Started process (PID=135332) to work on /home/lucia/practica_creativa/resources/airflow/env/lib/python3.10/site-packages/airflow/example_dags/example_short_circuit_operator.py
[2023-05-30 14:02:01,963] {processor.py:613} INFO - Processing file /home/lucia/practica_creativa/resources/airflow/env/lib/python3.10/site-packages/airflow/example_dags/example_short_circuit_operator.py for tasks to queue
[2023-05-30 14:02:01,965] {logging_mixin.py:109} INFO - [2023-05-30 14:02:01,964] {dagbag.py:496} INFO - Filling up the DagBag from /home/lucia/practica_creativa/resources/airflow/env/lib/python3.10/site-packages/airflow/example_dags/example_short_circuit_operator.py
[2023-05-30 14:02:01,995] {processor.py:623} INFO - DAG(s) dict_keys(['example_short_circuit_operator']) retrieved from /home/lucia/practica_creativa/resources/airflow/env/lib/python3.10/site-packages/airflow/example_dags/example_short_circuit_operator.py
[2023-05-30 14:02:02,031] {logging_mixin.py:109} INFO - [2023-05-30 14:02:02,031] {dag.py:1834} INFO - Sync 1 DAGs
[2023-05-30 14:02:02,052] {logging_mixin.py:109} INFO - [2023-05-30 14:02:02,052] {dag.py:2287} INFO - Setting next_dagrun for example_short_circuit_operator to 2023-05-28 00:00:00+00:00
[2023-05-30 14:02:02,077] {processor.py:170} INFO - Processing /home/lucia/practica_creativa/resources/airflow/env/lib/python3.10/site-packages/airflow/example_dags/example_short_circuit_operator.py took 0.131 seconds
[2023-05-30 14:02:42,738] {processor.py:162} INFO - Started process (PID=135376) to work on /home/lucia/practica_creativa/resources/airflow/env/lib/python3.10/site-packages/airflow/example_dags/example_short_circuit_operator.py
[2023-05-30 14:02:42,741] {processor.py:613} INFO - Processing file /home/lucia/practica_creativa/resources/airflow/env/lib/python3.10/site-packages/airflow/example_dags/example_short_circuit_operator.py for tasks to queue
[2023-05-30 14:02:42,742] {logging_mixin.py:109} INFO - [2023-05-30 14:02:42,742] {dagbag.py:496} INFO - Filling up the DagBag from /home/lucia/practica_creativa/resources/airflow/env/lib/python3.10/site-packages/airflow/example_dags/example_short_circuit_operator.py
[2023-05-30 14:02:42,775] {processor.py:623} INFO - DAG(s) dict_keys(['example_short_circuit_operator']) retrieved from /home/lucia/practica_creativa/resources/airflow/env/lib/python3.10/site-packages/airflow/example_dags/example_short_circuit_operator.py
[2023-05-30 14:02:42,809] {logging_mixin.py:109} INFO - [2023-05-30 14:02:42,809] {dag.py:1834} INFO - Sync 1 DAGs
[2023-05-30 14:02:42,833] {logging_mixin.py:109} INFO - [2023-05-30 14:02:42,832] {dag.py:2287} INFO - Setting next_dagrun for example_short_circuit_operator to 2023-05-28 00:00:00+00:00
[2023-05-30 14:02:42,856] {processor.py:170} INFO - Processing /home/lucia/practica_creativa/resources/airflow/env/lib/python3.10/site-packages/airflow/example_dags/example_short_circuit_operator.py took 0.126 seconds
[2023-05-30 14:03:27,225] {processor.py:162} INFO - Started process (PID=135454) to work on /home/lucia/practica_creativa/resources/airflow/env/lib/python3.10/site-packages/airflow/example_dags/example_short_circuit_operator.py
[2023-05-30 14:03:27,227] {processor.py:613} INFO - Processing file /home/lucia/practica_creativa/resources/airflow/env/lib/python3.10/site-packages/airflow/example_dags/example_short_circuit_operator.py for tasks to queue
[2023-05-30 14:03:27,229] {logging_mixin.py:109} INFO - [2023-05-30 14:03:27,229] {dagbag.py:496} INFO - Filling up the DagBag from /home/lucia/practica_creativa/resources/airflow/env/lib/python3.10/site-packages/airflow/example_dags/example_short_circuit_operator.py
[2023-05-30 14:03:27,276] {processor.py:623} INFO - DAG(s) dict_keys(['example_short_circuit_operator']) retrieved from /home/lucia/practica_creativa/resources/airflow/env/lib/python3.10/site-packages/airflow/example_dags/example_short_circuit_operator.py
[2023-05-30 14:03:27,313] {logging_mixin.py:109} INFO - [2023-05-30 14:03:27,313] {dag.py:1834} INFO - Sync 1 DAGs
[2023-05-30 14:03:27,340] {logging_mixin.py:109} INFO - [2023-05-30 14:03:27,340] {dag.py:2287} INFO - Setting next_dagrun for example_short_circuit_operator to 2023-05-28 00:00:00+00:00
[2023-05-30 14:03:27,385] {processor.py:170} INFO - Processing /home/lucia/practica_creativa/resources/airflow/env/lib/python3.10/site-packages/airflow/example_dags/example_short_circuit_operator.py took 0.167 seconds
[2023-05-30 14:04:11,711] {processor.py:162} INFO - Started process (PID=135534) to work on /home/lucia/practica_creativa/resources/airflow/env/lib/python3.10/site-packages/airflow/example_dags/example_short_circuit_operator.py
[2023-05-30 14:04:11,717] {processor.py:613} INFO - Processing file /home/lucia/practica_creativa/resources/airflow/env/lib/python3.10/site-packages/airflow/example_dags/example_short_circuit_operator.py for tasks to queue
[2023-05-30 14:04:11,718] {logging_mixin.py:109} INFO - [2023-05-30 14:04:11,718] {dagbag.py:496} INFO - Filling up the DagBag from /home/lucia/practica_creativa/resources/airflow/env/lib/python3.10/site-packages/airflow/example_dags/example_short_circuit_operator.py
[2023-05-30 14:04:11,748] {processor.py:623} INFO - DAG(s) dict_keys(['example_short_circuit_operator']) retrieved from /home/lucia/practica_creativa/resources/airflow/env/lib/python3.10/site-packages/airflow/example_dags/example_short_circuit_operator.py
[2023-05-30 14:04:11,785] {logging_mixin.py:109} INFO - [2023-05-30 14:04:11,785] {dag.py:1834} INFO - Sync 1 DAGs
[2023-05-30 14:04:11,813] {logging_mixin.py:109} INFO - [2023-05-30 14:04:11,813] {dag.py:2287} INFO - Setting next_dagrun for example_short_circuit_operator to 2023-05-28 00:00:00+00:00
[2023-05-30 14:04:11,835] {processor.py:170} INFO - Processing /home/lucia/practica_creativa/resources/airflow/env/lib/python3.10/site-packages/airflow/example_dags/example_short_circuit_operator.py took 0.132 seconds
[2023-05-30 14:05:23,330] {processor.py:162} INFO - Started process (PID=135620) to work on /home/lucia/practica_creativa/resources/airflow/env/lib/python3.10/site-packages/airflow/example_dags/example_short_circuit_operator.py
[2023-05-30 14:05:23,337] {processor.py:613} INFO - Processing file /home/lucia/practica_creativa/resources/airflow/env/lib/python3.10/site-packages/airflow/example_dags/example_short_circuit_operator.py for tasks to queue
[2023-05-30 14:05:23,337] {logging_mixin.py:109} INFO - [2023-05-30 14:05:23,337] {dagbag.py:496} INFO - Filling up the DagBag from /home/lucia/practica_creativa/resources/airflow/env/lib/python3.10/site-packages/airflow/example_dags/example_short_circuit_operator.py
[2023-05-30 14:05:23,385] {processor.py:623} INFO - DAG(s) dict_keys(['example_short_circuit_operator']) retrieved from /home/lucia/practica_creativa/resources/airflow/env/lib/python3.10/site-packages/airflow/example_dags/example_short_circuit_operator.py
[2023-05-30 14:05:23,434] {logging_mixin.py:109} INFO - [2023-05-30 14:05:23,434] {dag.py:1834} INFO - Sync 1 DAGs
[2023-05-30 14:05:23,468] {logging_mixin.py:109} INFO - [2023-05-30 14:05:23,467] {dag.py:2287} INFO - Setting next_dagrun for example_short_circuit_operator to 2023-05-28 00:00:00+00:00
[2023-05-30 14:05:23,509] {processor.py:170} INFO - Processing /home/lucia/practica_creativa/resources/airflow/env/lib/python3.10/site-packages/airflow/example_dags/example_short_circuit_operator.py took 0.187 seconds
[2023-05-30 14:09:29,710] {processor.py:162} INFO - Started process (PID=135747) to work on /home/lucia/practica_creativa/resources/airflow/env/lib/python3.10/site-packages/airflow/example_dags/example_short_circuit_operator.py
[2023-05-30 14:09:29,713] {processor.py:613} INFO - Processing file /home/lucia/practica_creativa/resources/airflow/env/lib/python3.10/site-packages/airflow/example_dags/example_short_circuit_operator.py for tasks to queue
[2023-05-30 14:09:29,714] {logging_mixin.py:109} INFO - [2023-05-30 14:09:29,713] {dagbag.py:496} INFO - Filling up the DagBag from /home/lucia/practica_creativa/resources/airflow/env/lib/python3.10/site-packages/airflow/example_dags/example_short_circuit_operator.py
[2023-05-30 14:09:29,779] {processor.py:623} INFO - DAG(s) dict_keys(['example_short_circuit_operator']) retrieved from /home/lucia/practica_creativa/resources/airflow/env/lib/python3.10/site-packages/airflow/example_dags/example_short_circuit_operator.py
[2023-05-30 14:09:29,848] {logging_mixin.py:109} INFO - [2023-05-30 14:09:29,847] {dag.py:1834} INFO - Sync 1 DAGs
[2023-05-30 14:09:29,898] {logging_mixin.py:109} INFO - [2023-05-30 14:09:29,898] {dag.py:2287} INFO - Setting next_dagrun for example_short_circuit_operator to 2023-05-28 00:00:00+00:00
[2023-05-30 14:09:29,972] {processor.py:170} INFO - Processing /home/lucia/practica_creativa/resources/airflow/env/lib/python3.10/site-packages/airflow/example_dags/example_short_circuit_operator.py took 0.268 seconds
[2023-05-30 14:10:25,219] {processor.py:162} INFO - Started process (PID=135826) to work on /home/lucia/practica_creativa/resources/airflow/env/lib/python3.10/site-packages/airflow/example_dags/example_short_circuit_operator.py
[2023-05-30 14:10:25,230] {processor.py:613} INFO - Processing file /home/lucia/practica_creativa/resources/airflow/env/lib/python3.10/site-packages/airflow/example_dags/example_short_circuit_operator.py for tasks to queue
[2023-05-30 14:10:25,232] {logging_mixin.py:109} INFO - [2023-05-30 14:10:25,231] {dagbag.py:496} INFO - Filling up the DagBag from /home/lucia/practica_creativa/resources/airflow/env/lib/python3.10/site-packages/airflow/example_dags/example_short_circuit_operator.py
[2023-05-30 14:10:25,270] {processor.py:623} INFO - DAG(s) dict_keys(['example_short_circuit_operator']) retrieved from /home/lucia/practica_creativa/resources/airflow/env/lib/python3.10/site-packages/airflow/example_dags/example_short_circuit_operator.py
[2023-05-30 14:10:25,309] {logging_mixin.py:109} INFO - [2023-05-30 14:10:25,308] {dag.py:1834} INFO - Sync 1 DAGs
[2023-05-30 14:10:25,339] {logging_mixin.py:109} INFO - [2023-05-30 14:10:25,339] {dag.py:2287} INFO - Setting next_dagrun for example_short_circuit_operator to 2023-05-28 00:00:00+00:00
[2023-05-30 14:10:25,371] {processor.py:170} INFO - Processing /home/lucia/practica_creativa/resources/airflow/env/lib/python3.10/site-packages/airflow/example_dags/example_short_circuit_operator.py took 0.161 seconds
[2023-05-30 14:11:08,972] {processor.py:162} INFO - Started process (PID=135867) to work on /home/lucia/practica_creativa/resources/airflow/env/lib/python3.10/site-packages/airflow/example_dags/example_short_circuit_operator.py
[2023-05-30 14:11:08,975] {processor.py:613} INFO - Processing file /home/lucia/practica_creativa/resources/airflow/env/lib/python3.10/site-packages/airflow/example_dags/example_short_circuit_operator.py for tasks to queue
[2023-05-30 14:11:08,977] {logging_mixin.py:109} INFO - [2023-05-30 14:11:08,977] {dagbag.py:496} INFO - Filling up the DagBag from /home/lucia/practica_creativa/resources/airflow/env/lib/python3.10/site-packages/airflow/example_dags/example_short_circuit_operator.py
[2023-05-30 14:11:09,019] {processor.py:623} INFO - DAG(s) dict_keys(['example_short_circuit_operator']) retrieved from /home/lucia/practica_creativa/resources/airflow/env/lib/python3.10/site-packages/airflow/example_dags/example_short_circuit_operator.py
[2023-05-30 14:11:09,067] {logging_mixin.py:109} INFO - [2023-05-30 14:11:09,067] {dag.py:1834} INFO - Sync 1 DAGs
[2023-05-30 14:11:09,091] {logging_mixin.py:109} INFO - [2023-05-30 14:11:09,091] {dag.py:2287} INFO - Setting next_dagrun for example_short_circuit_operator to 2023-05-28 00:00:00+00:00
[2023-05-30 14:11:09,118] {processor.py:170} INFO - Processing /home/lucia/practica_creativa/resources/airflow/env/lib/python3.10/site-packages/airflow/example_dags/example_short_circuit_operator.py took 0.154 seconds
[2023-05-30 14:25:57,236] {processor.py:162} INFO - Started process (PID=136071) to work on /home/lucia/practica_creativa/resources/airflow/env/lib/python3.10/site-packages/airflow/example_dags/example_short_circuit_operator.py
[2023-05-30 14:25:57,248] {processor.py:613} INFO - Processing file /home/lucia/practica_creativa/resources/airflow/env/lib/python3.10/site-packages/airflow/example_dags/example_short_circuit_operator.py for tasks to queue
[2023-05-30 14:25:57,250] {logging_mixin.py:109} INFO - [2023-05-30 14:25:57,249] {dagbag.py:496} INFO - Filling up the DagBag from /home/lucia/practica_creativa/resources/airflow/env/lib/python3.10/site-packages/airflow/example_dags/example_short_circuit_operator.py
[2023-05-30 14:25:57,303] {processor.py:623} INFO - DAG(s) dict_keys(['example_short_circuit_operator']) retrieved from /home/lucia/practica_creativa/resources/airflow/env/lib/python3.10/site-packages/airflow/example_dags/example_short_circuit_operator.py
[2023-05-30 14:25:57,350] {logging_mixin.py:109} INFO - [2023-05-30 14:25:57,350] {dag.py:1834} INFO - Sync 1 DAGs
[2023-05-30 14:25:57,375] {logging_mixin.py:109} INFO - [2023-05-30 14:25:57,375] {dag.py:2287} INFO - Setting next_dagrun for example_short_circuit_operator to 2023-05-28 00:00:00+00:00
[2023-05-30 14:25:57,413] {processor.py:170} INFO - Processing /home/lucia/practica_creativa/resources/airflow/env/lib/python3.10/site-packages/airflow/example_dags/example_short_circuit_operator.py took 0.187 seconds
[2023-05-30 14:37:00,036] {processor.py:162} INFO - Started process (PID=136239) to work on /home/lucia/practica_creativa/resources/airflow/env/lib/python3.10/site-packages/airflow/example_dags/example_short_circuit_operator.py
[2023-05-30 14:37:00,042] {processor.py:613} INFO - Processing file /home/lucia/practica_creativa/resources/airflow/env/lib/python3.10/site-packages/airflow/example_dags/example_short_circuit_operator.py for tasks to queue
[2023-05-30 14:37:00,044] {logging_mixin.py:109} INFO - [2023-05-30 14:37:00,043] {dagbag.py:496} INFO - Filling up the DagBag from /home/lucia/practica_creativa/resources/airflow/env/lib/python3.10/site-packages/airflow/example_dags/example_short_circuit_operator.py
[2023-05-30 14:37:00,080] {processor.py:623} INFO - DAG(s) dict_keys(['example_short_circuit_operator']) retrieved from /home/lucia/practica_creativa/resources/airflow/env/lib/python3.10/site-packages/airflow/example_dags/example_short_circuit_operator.py
[2023-05-30 14:37:00,113] {logging_mixin.py:109} INFO - [2023-05-30 14:37:00,112] {dag.py:1834} INFO - Sync 1 DAGs
[2023-05-30 14:37:00,132] {logging_mixin.py:109} INFO - [2023-05-30 14:37:00,132] {dag.py:2287} INFO - Setting next_dagrun for example_short_circuit_operator to 2023-05-28 00:00:00+00:00
[2023-05-30 14:37:00,157] {processor.py:170} INFO - Processing /home/lucia/practica_creativa/resources/airflow/env/lib/python3.10/site-packages/airflow/example_dags/example_short_circuit_operator.py took 0.128 seconds
[2023-05-30 14:37:36,867] {processor.py:162} INFO - Started process (PID=136269) to work on /home/lucia/practica_creativa/resources/airflow/env/lib/python3.10/site-packages/airflow/example_dags/example_short_circuit_operator.py
[2023-05-30 14:37:36,869] {processor.py:613} INFO - Processing file /home/lucia/practica_creativa/resources/airflow/env/lib/python3.10/site-packages/airflow/example_dags/example_short_circuit_operator.py for tasks to queue
[2023-05-30 14:37:36,871] {logging_mixin.py:109} INFO - [2023-05-30 14:37:36,870] {dagbag.py:496} INFO - Filling up the DagBag from /home/lucia/practica_creativa/resources/airflow/env/lib/python3.10/site-packages/airflow/example_dags/example_short_circuit_operator.py
[2023-05-30 14:37:36,900] {processor.py:623} INFO - DAG(s) dict_keys(['example_short_circuit_operator']) retrieved from /home/lucia/practica_creativa/resources/airflow/env/lib/python3.10/site-packages/airflow/example_dags/example_short_circuit_operator.py
[2023-05-30 14:37:36,936] {logging_mixin.py:109} INFO - [2023-05-30 14:37:36,936] {dag.py:1834} INFO - Sync 1 DAGs
[2023-05-30 14:37:36,963] {logging_mixin.py:109} INFO - [2023-05-30 14:37:36,963] {dag.py:2287} INFO - Setting next_dagrun for example_short_circuit_operator to 2023-05-28 00:00:00+00:00
[2023-05-30 14:37:36,984] {processor.py:170} INFO - Processing /home/lucia/practica_creativa/resources/airflow/env/lib/python3.10/site-packages/airflow/example_dags/example_short_circuit_operator.py took 0.125 seconds
[2023-05-30 14:38:17,092] {processor.py:162} INFO - Started process (PID=136305) to work on /home/lucia/practica_creativa/resources/airflow/env/lib/python3.10/site-packages/airflow/example_dags/example_short_circuit_operator.py
[2023-05-30 14:38:17,096] {processor.py:613} INFO - Processing file /home/lucia/practica_creativa/resources/airflow/env/lib/python3.10/site-packages/airflow/example_dags/example_short_circuit_operator.py for tasks to queue
[2023-05-30 14:38:17,097] {logging_mixin.py:109} INFO - [2023-05-30 14:38:17,097] {dagbag.py:496} INFO - Filling up the DagBag from /home/lucia/practica_creativa/resources/airflow/env/lib/python3.10/site-packages/airflow/example_dags/example_short_circuit_operator.py
[2023-05-30 14:38:17,140] {processor.py:623} INFO - DAG(s) dict_keys(['example_short_circuit_operator']) retrieved from /home/lucia/practica_creativa/resources/airflow/env/lib/python3.10/site-packages/airflow/example_dags/example_short_circuit_operator.py
[2023-05-30 14:38:17,176] {logging_mixin.py:109} INFO - [2023-05-30 14:38:17,176] {dag.py:1834} INFO - Sync 1 DAGs
[2023-05-30 14:38:17,198] {logging_mixin.py:109} INFO - [2023-05-30 14:38:17,198] {dag.py:2287} INFO - Setting next_dagrun for example_short_circuit_operator to 2023-05-28 00:00:00+00:00
[2023-05-30 14:38:17,223] {processor.py:170} INFO - Processing /home/lucia/practica_creativa/resources/airflow/env/lib/python3.10/site-packages/airflow/example_dags/example_short_circuit_operator.py took 0.140 seconds
