[2023-05-30 13:41:50,135] {processor.py:162} INFO - Started process (PID=134529) to work on /home/lucia/practica_creativa/flight_prediction/src/main/scala/env/lib/python3.10/site-packages/airflow/example_dags/example_task_group.py
[2023-05-30 13:41:50,137] {processor.py:613} INFO - Processing file /home/lucia/practica_creativa/flight_prediction/src/main/scala/env/lib/python3.10/site-packages/airflow/example_dags/example_task_group.py for tasks to queue
[2023-05-30 13:41:50,139] {logging_mixin.py:109} INFO - [2023-05-30 13:41:50,139] {dagbag.py:496} INFO - Filling up the DagBag from /home/lucia/practica_creativa/flight_prediction/src/main/scala/env/lib/python3.10/site-packages/airflow/example_dags/example_task_group.py
[2023-05-30 13:41:50,186] {processor.py:623} INFO - DAG(s) dict_keys(['example_task_group']) retrieved from /home/lucia/practica_creativa/flight_prediction/src/main/scala/env/lib/python3.10/site-packages/airflow/example_dags/example_task_group.py
[2023-05-30 13:41:50,241] {logging_mixin.py:109} INFO - [2023-05-30 13:41:50,241] {dag.py:1834} INFO - Sync 1 DAGs
[2023-05-30 13:41:50,271] {logging_mixin.py:109} INFO - [2023-05-30 13:41:50,270] {dag.py:2287} INFO - Setting next_dagrun for example_task_group to 2023-05-28 00:00:00+00:00
[2023-05-30 13:41:50,295] {processor.py:170} INFO - Processing /home/lucia/practica_creativa/flight_prediction/src/main/scala/env/lib/python3.10/site-packages/airflow/example_dags/example_task_group.py took 0.175 seconds
[2023-05-30 13:42:31,498] {processor.py:162} INFO - Started process (PID=134580) to work on /home/lucia/practica_creativa/flight_prediction/src/main/scala/env/lib/python3.10/site-packages/airflow/example_dags/example_task_group.py
[2023-05-30 13:42:31,504] {processor.py:613} INFO - Processing file /home/lucia/practica_creativa/flight_prediction/src/main/scala/env/lib/python3.10/site-packages/airflow/example_dags/example_task_group.py for tasks to queue
[2023-05-30 13:42:31,505] {logging_mixin.py:109} INFO - [2023-05-30 13:42:31,505] {dagbag.py:496} INFO - Filling up the DagBag from /home/lucia/practica_creativa/flight_prediction/src/main/scala/env/lib/python3.10/site-packages/airflow/example_dags/example_task_group.py
[2023-05-30 13:42:31,548] {processor.py:623} INFO - DAG(s) dict_keys(['example_task_group']) retrieved from /home/lucia/practica_creativa/flight_prediction/src/main/scala/env/lib/python3.10/site-packages/airflow/example_dags/example_task_group.py
[2023-05-30 13:42:31,592] {logging_mixin.py:109} INFO - [2023-05-30 13:42:31,591] {dag.py:1834} INFO - Sync 1 DAGs
[2023-05-30 13:42:31,618] {logging_mixin.py:109} INFO - [2023-05-30 13:42:31,617] {dag.py:2287} INFO - Setting next_dagrun for example_task_group to 2023-05-28 00:00:00+00:00
[2023-05-30 13:42:31,649] {processor.py:170} INFO - Processing /home/lucia/practica_creativa/flight_prediction/src/main/scala/env/lib/python3.10/site-packages/airflow/example_dags/example_task_group.py took 0.159 seconds
[2023-05-30 13:43:14,699] {processor.py:162} INFO - Started process (PID=134634) to work on /home/lucia/practica_creativa/flight_prediction/src/main/scala/env/lib/python3.10/site-packages/airflow/example_dags/example_task_group.py
[2023-05-30 13:43:14,706] {processor.py:613} INFO - Processing file /home/lucia/practica_creativa/flight_prediction/src/main/scala/env/lib/python3.10/site-packages/airflow/example_dags/example_task_group.py for tasks to queue
[2023-05-30 13:43:14,711] {logging_mixin.py:109} INFO - [2023-05-30 13:43:14,710] {dagbag.py:496} INFO - Filling up the DagBag from /home/lucia/practica_creativa/flight_prediction/src/main/scala/env/lib/python3.10/site-packages/airflow/example_dags/example_task_group.py
[2023-05-30 13:43:14,790] {processor.py:623} INFO - DAG(s) dict_keys(['example_task_group']) retrieved from /home/lucia/practica_creativa/flight_prediction/src/main/scala/env/lib/python3.10/site-packages/airflow/example_dags/example_task_group.py
[2023-05-30 13:43:14,835] {logging_mixin.py:109} INFO - [2023-05-30 13:43:14,834] {dag.py:1834} INFO - Sync 1 DAGs
[2023-05-30 13:43:14,860] {logging_mixin.py:109} INFO - [2023-05-30 13:43:14,860] {dag.py:2287} INFO - Setting next_dagrun for example_task_group to 2023-05-28 00:00:00+00:00
[2023-05-30 13:43:14,888] {processor.py:170} INFO - Processing /home/lucia/practica_creativa/flight_prediction/src/main/scala/env/lib/python3.10/site-packages/airflow/example_dags/example_task_group.py took 0.201 seconds
[2023-05-30 14:01:03,805] {processor.py:162} INFO - Started process (PID=135216) to work on /home/lucia/practica_creativa/resources/airflow/env/lib/python3.10/site-packages/airflow/example_dags/example_task_group.py
[2023-05-30 14:01:03,809] {processor.py:613} INFO - Processing file /home/lucia/practica_creativa/resources/airflow/env/lib/python3.10/site-packages/airflow/example_dags/example_task_group.py for tasks to queue
[2023-05-30 14:01:03,810] {logging_mixin.py:109} INFO - [2023-05-30 14:01:03,810] {dagbag.py:496} INFO - Filling up the DagBag from /home/lucia/practica_creativa/resources/airflow/env/lib/python3.10/site-packages/airflow/example_dags/example_task_group.py
[2023-05-30 14:01:03,848] {processor.py:623} INFO - DAG(s) dict_keys(['example_task_group']) retrieved from /home/lucia/practica_creativa/resources/airflow/env/lib/python3.10/site-packages/airflow/example_dags/example_task_group.py
[2023-05-30 14:01:03,889] {logging_mixin.py:109} INFO - [2023-05-30 14:01:03,888] {dag.py:1834} INFO - Sync 1 DAGs
[2023-05-30 14:01:03,909] {logging_mixin.py:109} INFO - [2023-05-30 14:01:03,908] {dag.py:2287} INFO - Setting next_dagrun for example_task_group to 2023-05-28 00:00:00+00:00
[2023-05-30 14:01:03,938] {processor.py:170} INFO - Processing /home/lucia/practica_creativa/resources/airflow/env/lib/python3.10/site-packages/airflow/example_dags/example_task_group.py took 0.142 seconds
[2023-05-30 14:01:57,971] {processor.py:162} INFO - Started process (PID=135328) to work on /home/lucia/practica_creativa/resources/airflow/env/lib/python3.10/site-packages/airflow/example_dags/example_task_group.py
[2023-05-30 14:01:57,982] {processor.py:613} INFO - Processing file /home/lucia/practica_creativa/resources/airflow/env/lib/python3.10/site-packages/airflow/example_dags/example_task_group.py for tasks to queue
[2023-05-30 14:01:57,984] {logging_mixin.py:109} INFO - [2023-05-30 14:01:57,983] {dagbag.py:496} INFO - Filling up the DagBag from /home/lucia/practica_creativa/resources/airflow/env/lib/python3.10/site-packages/airflow/example_dags/example_task_group.py
[2023-05-30 14:01:58,022] {processor.py:623} INFO - DAG(s) dict_keys(['example_task_group']) retrieved from /home/lucia/practica_creativa/resources/airflow/env/lib/python3.10/site-packages/airflow/example_dags/example_task_group.py
[2023-05-30 14:01:58,066] {logging_mixin.py:109} INFO - [2023-05-30 14:01:58,065] {dag.py:1834} INFO - Sync 1 DAGs
[2023-05-30 14:01:58,091] {logging_mixin.py:109} INFO - [2023-05-30 14:01:58,091] {dag.py:2287} INFO - Setting next_dagrun for example_task_group to 2023-05-28 00:00:00+00:00
[2023-05-30 14:01:58,116] {processor.py:170} INFO - Processing /home/lucia/practica_creativa/resources/airflow/env/lib/python3.10/site-packages/airflow/example_dags/example_task_group.py took 0.152 seconds
[2023-05-30 14:02:38,834] {processor.py:162} INFO - Started process (PID=135372) to work on /home/lucia/practica_creativa/resources/airflow/env/lib/python3.10/site-packages/airflow/example_dags/example_task_group.py
[2023-05-30 14:02:38,838] {processor.py:613} INFO - Processing file /home/lucia/practica_creativa/resources/airflow/env/lib/python3.10/site-packages/airflow/example_dags/example_task_group.py for tasks to queue
[2023-05-30 14:02:38,839] {logging_mixin.py:109} INFO - [2023-05-30 14:02:38,839] {dagbag.py:496} INFO - Filling up the DagBag from /home/lucia/practica_creativa/resources/airflow/env/lib/python3.10/site-packages/airflow/example_dags/example_task_group.py
[2023-05-30 14:02:38,871] {processor.py:623} INFO - DAG(s) dict_keys(['example_task_group']) retrieved from /home/lucia/practica_creativa/resources/airflow/env/lib/python3.10/site-packages/airflow/example_dags/example_task_group.py
[2023-05-30 14:02:38,907] {logging_mixin.py:109} INFO - [2023-05-30 14:02:38,906] {dag.py:1834} INFO - Sync 1 DAGs
[2023-05-30 14:02:38,927] {logging_mixin.py:109} INFO - [2023-05-30 14:02:38,927] {dag.py:2287} INFO - Setting next_dagrun for example_task_group to 2023-05-28 00:00:00+00:00
[2023-05-30 14:02:38,952] {processor.py:170} INFO - Processing /home/lucia/practica_creativa/resources/airflow/env/lib/python3.10/site-packages/airflow/example_dags/example_task_group.py took 0.125 seconds
[2023-05-30 14:03:23,215] {processor.py:162} INFO - Started process (PID=135451) to work on /home/lucia/practica_creativa/resources/airflow/env/lib/python3.10/site-packages/airflow/example_dags/example_task_group.py
[2023-05-30 14:03:23,218] {processor.py:613} INFO - Processing file /home/lucia/practica_creativa/resources/airflow/env/lib/python3.10/site-packages/airflow/example_dags/example_task_group.py for tasks to queue
[2023-05-30 14:03:23,222] {logging_mixin.py:109} INFO - [2023-05-30 14:03:23,221] {dagbag.py:496} INFO - Filling up the DagBag from /home/lucia/practica_creativa/resources/airflow/env/lib/python3.10/site-packages/airflow/example_dags/example_task_group.py
[2023-05-30 14:03:23,298] {processor.py:623} INFO - DAG(s) dict_keys(['example_task_group']) retrieved from /home/lucia/practica_creativa/resources/airflow/env/lib/python3.10/site-packages/airflow/example_dags/example_task_group.py
[2023-05-30 14:03:23,340] {logging_mixin.py:109} INFO - [2023-05-30 14:03:23,340] {dag.py:1834} INFO - Sync 1 DAGs
[2023-05-30 14:03:23,364] {logging_mixin.py:109} INFO - [2023-05-30 14:03:23,364] {dag.py:2287} INFO - Setting next_dagrun for example_task_group to 2023-05-28 00:00:00+00:00
[2023-05-30 14:03:23,393] {processor.py:170} INFO - Processing /home/lucia/practica_creativa/resources/airflow/env/lib/python3.10/site-packages/airflow/example_dags/example_task_group.py took 0.195 seconds
[2023-05-30 14:04:08,420] {processor.py:162} INFO - Started process (PID=135513) to work on /home/lucia/practica_creativa/resources/airflow/env/lib/python3.10/site-packages/airflow/example_dags/example_task_group.py
[2023-05-30 14:04:08,425] {processor.py:613} INFO - Processing file /home/lucia/practica_creativa/resources/airflow/env/lib/python3.10/site-packages/airflow/example_dags/example_task_group.py for tasks to queue
[2023-05-30 14:04:08,427] {logging_mixin.py:109} INFO - [2023-05-30 14:04:08,427] {dagbag.py:496} INFO - Filling up the DagBag from /home/lucia/practica_creativa/resources/airflow/env/lib/python3.10/site-packages/airflow/example_dags/example_task_group.py
[2023-05-30 14:04:08,471] {processor.py:623} INFO - DAG(s) dict_keys(['example_task_group']) retrieved from /home/lucia/practica_creativa/resources/airflow/env/lib/python3.10/site-packages/airflow/example_dags/example_task_group.py
[2023-05-30 14:04:08,522] {logging_mixin.py:109} INFO - [2023-05-30 14:04:08,522] {dag.py:1834} INFO - Sync 1 DAGs
[2023-05-30 14:04:08,548] {logging_mixin.py:109} INFO - [2023-05-30 14:04:08,548] {dag.py:2287} INFO - Setting next_dagrun for example_task_group to 2023-05-28 00:00:00+00:00
[2023-05-30 14:04:08,572] {processor.py:170} INFO - Processing /home/lucia/practica_creativa/resources/airflow/env/lib/python3.10/site-packages/airflow/example_dags/example_task_group.py took 0.160 seconds
[2023-05-30 14:05:19,341] {processor.py:162} INFO - Started process (PID=135614) to work on /home/lucia/practica_creativa/resources/airflow/env/lib/python3.10/site-packages/airflow/example_dags/example_task_group.py
[2023-05-30 14:05:19,344] {processor.py:613} INFO - Processing file /home/lucia/practica_creativa/resources/airflow/env/lib/python3.10/site-packages/airflow/example_dags/example_task_group.py for tasks to queue
[2023-05-30 14:05:19,347] {logging_mixin.py:109} INFO - [2023-05-30 14:05:19,345] {dagbag.py:496} INFO - Filling up the DagBag from /home/lucia/practica_creativa/resources/airflow/env/lib/python3.10/site-packages/airflow/example_dags/example_task_group.py
[2023-05-30 14:05:19,444] {processor.py:623} INFO - DAG(s) dict_keys(['example_task_group']) retrieved from /home/lucia/practica_creativa/resources/airflow/env/lib/python3.10/site-packages/airflow/example_dags/example_task_group.py
[2023-05-30 14:05:19,519] {logging_mixin.py:109} INFO - [2023-05-30 14:05:19,519] {dag.py:1834} INFO - Sync 1 DAGs
[2023-05-30 14:05:19,581] {logging_mixin.py:109} INFO - [2023-05-30 14:05:19,581] {dag.py:2287} INFO - Setting next_dagrun for example_task_group to 2023-05-28 00:00:00+00:00
[2023-05-30 14:05:19,647] {processor.py:170} INFO - Processing /home/lucia/practica_creativa/resources/airflow/env/lib/python3.10/site-packages/airflow/example_dags/example_task_group.py took 0.317 seconds
[2023-05-30 14:09:26,189] {processor.py:162} INFO - Started process (PID=135728) to work on /home/lucia/practica_creativa/resources/airflow/env/lib/python3.10/site-packages/airflow/example_dags/example_task_group.py
[2023-05-30 14:09:26,194] {processor.py:613} INFO - Processing file /home/lucia/practica_creativa/resources/airflow/env/lib/python3.10/site-packages/airflow/example_dags/example_task_group.py for tasks to queue
[2023-05-30 14:09:26,195] {logging_mixin.py:109} INFO - [2023-05-30 14:09:26,195] {dagbag.py:496} INFO - Filling up the DagBag from /home/lucia/practica_creativa/resources/airflow/env/lib/python3.10/site-packages/airflow/example_dags/example_task_group.py
[2023-05-30 14:09:26,234] {processor.py:623} INFO - DAG(s) dict_keys(['example_task_group']) retrieved from /home/lucia/practica_creativa/resources/airflow/env/lib/python3.10/site-packages/airflow/example_dags/example_task_group.py
[2023-05-30 14:09:26,275] {logging_mixin.py:109} INFO - [2023-05-30 14:09:26,274] {dag.py:1834} INFO - Sync 1 DAGs
[2023-05-30 14:09:26,293] {logging_mixin.py:109} INFO - [2023-05-30 14:09:26,293] {dag.py:2287} INFO - Setting next_dagrun for example_task_group to 2023-05-28 00:00:00+00:00
[2023-05-30 14:09:26,313] {processor.py:170} INFO - Processing /home/lucia/practica_creativa/resources/airflow/env/lib/python3.10/site-packages/airflow/example_dags/example_task_group.py took 0.134 seconds
[2023-05-30 14:10:22,620] {processor.py:162} INFO - Started process (PID=135823) to work on /home/lucia/practica_creativa/resources/airflow/env/lib/python3.10/site-packages/airflow/example_dags/example_task_group.py
[2023-05-30 14:10:22,637] {processor.py:613} INFO - Processing file /home/lucia/practica_creativa/resources/airflow/env/lib/python3.10/site-packages/airflow/example_dags/example_task_group.py for tasks to queue
[2023-05-30 14:10:22,639] {logging_mixin.py:109} INFO - [2023-05-30 14:10:22,638] {dagbag.py:496} INFO - Filling up the DagBag from /home/lucia/practica_creativa/resources/airflow/env/lib/python3.10/site-packages/airflow/example_dags/example_task_group.py
[2023-05-30 14:10:22,686] {processor.py:623} INFO - DAG(s) dict_keys(['example_task_group']) retrieved from /home/lucia/practica_creativa/resources/airflow/env/lib/python3.10/site-packages/airflow/example_dags/example_task_group.py
[2023-05-30 14:10:22,729] {logging_mixin.py:109} INFO - [2023-05-30 14:10:22,729] {dag.py:1834} INFO - Sync 1 DAGs
[2023-05-30 14:10:22,753] {logging_mixin.py:109} INFO - [2023-05-30 14:10:22,753] {dag.py:2287} INFO - Setting next_dagrun for example_task_group to 2023-05-28 00:00:00+00:00
[2023-05-30 14:10:22,792] {processor.py:170} INFO - Processing /home/lucia/practica_creativa/resources/airflow/env/lib/python3.10/site-packages/airflow/example_dags/example_task_group.py took 0.180 seconds
[2023-05-30 14:11:05,719] {processor.py:162} INFO - Started process (PID=135864) to work on /home/lucia/practica_creativa/resources/airflow/env/lib/python3.10/site-packages/airflow/example_dags/example_task_group.py
[2023-05-30 14:11:05,724] {processor.py:613} INFO - Processing file /home/lucia/practica_creativa/resources/airflow/env/lib/python3.10/site-packages/airflow/example_dags/example_task_group.py for tasks to queue
[2023-05-30 14:11:05,727] {logging_mixin.py:109} INFO - [2023-05-30 14:11:05,726] {dagbag.py:496} INFO - Filling up the DagBag from /home/lucia/practica_creativa/resources/airflow/env/lib/python3.10/site-packages/airflow/example_dags/example_task_group.py
[2023-05-30 14:11:05,759] {processor.py:623} INFO - DAG(s) dict_keys(['example_task_group']) retrieved from /home/lucia/practica_creativa/resources/airflow/env/lib/python3.10/site-packages/airflow/example_dags/example_task_group.py
[2023-05-30 14:11:05,795] {logging_mixin.py:109} INFO - [2023-05-30 14:11:05,794] {dag.py:1834} INFO - Sync 1 DAGs
[2023-05-30 14:11:05,816] {logging_mixin.py:109} INFO - [2023-05-30 14:11:05,815] {dag.py:2287} INFO - Setting next_dagrun for example_task_group to 2023-05-28 00:00:00+00:00
[2023-05-30 14:11:05,840] {processor.py:170} INFO - Processing /home/lucia/practica_creativa/resources/airflow/env/lib/python3.10/site-packages/airflow/example_dags/example_task_group.py took 0.128 seconds
[2023-05-30 14:25:53,260] {processor.py:162} INFO - Started process (PID=136068) to work on /home/lucia/practica_creativa/resources/airflow/env/lib/python3.10/site-packages/airflow/example_dags/example_task_group.py
[2023-05-30 14:25:53,266] {processor.py:613} INFO - Processing file /home/lucia/practica_creativa/resources/airflow/env/lib/python3.10/site-packages/airflow/example_dags/example_task_group.py for tasks to queue
[2023-05-30 14:25:53,268] {logging_mixin.py:109} INFO - [2023-05-30 14:25:53,267] {dagbag.py:496} INFO - Filling up the DagBag from /home/lucia/practica_creativa/resources/airflow/env/lib/python3.10/site-packages/airflow/example_dags/example_task_group.py
[2023-05-30 14:25:53,321] {processor.py:623} INFO - DAG(s) dict_keys(['example_task_group']) retrieved from /home/lucia/practica_creativa/resources/airflow/env/lib/python3.10/site-packages/airflow/example_dags/example_task_group.py
[2023-05-30 14:25:53,363] {logging_mixin.py:109} INFO - [2023-05-30 14:25:53,363] {dag.py:1834} INFO - Sync 1 DAGs
[2023-05-30 14:25:53,391] {logging_mixin.py:109} INFO - [2023-05-30 14:25:53,390] {dag.py:2287} INFO - Setting next_dagrun for example_task_group to 2023-05-28 00:00:00+00:00
[2023-05-30 14:25:53,420] {processor.py:170} INFO - Processing /home/lucia/practica_creativa/resources/airflow/env/lib/python3.10/site-packages/airflow/example_dags/example_task_group.py took 0.169 seconds
[2023-05-30 14:36:56,120] {processor.py:162} INFO - Started process (PID=136236) to work on /home/lucia/practica_creativa/resources/airflow/env/lib/python3.10/site-packages/airflow/example_dags/example_task_group.py
[2023-05-30 14:36:56,125] {processor.py:613} INFO - Processing file /home/lucia/practica_creativa/resources/airflow/env/lib/python3.10/site-packages/airflow/example_dags/example_task_group.py for tasks to queue
[2023-05-30 14:36:56,127] {logging_mixin.py:109} INFO - [2023-05-30 14:36:56,126] {dagbag.py:496} INFO - Filling up the DagBag from /home/lucia/practica_creativa/resources/airflow/env/lib/python3.10/site-packages/airflow/example_dags/example_task_group.py
[2023-05-30 14:36:56,170] {processor.py:623} INFO - DAG(s) dict_keys(['example_task_group']) retrieved from /home/lucia/practica_creativa/resources/airflow/env/lib/python3.10/site-packages/airflow/example_dags/example_task_group.py
[2023-05-30 14:36:56,214] {logging_mixin.py:109} INFO - [2023-05-30 14:36:56,214] {dag.py:1834} INFO - Sync 1 DAGs
[2023-05-30 14:36:56,236] {logging_mixin.py:109} INFO - [2023-05-30 14:36:56,236] {dag.py:2287} INFO - Setting next_dagrun for example_task_group to 2023-05-28 00:00:00+00:00
[2023-05-30 14:36:56,262] {processor.py:170} INFO - Processing /home/lucia/practica_creativa/resources/airflow/env/lib/python3.10/site-packages/airflow/example_dags/example_task_group.py took 0.151 seconds
[2023-05-30 14:37:32,925] {processor.py:162} INFO - Started process (PID=136261) to work on /home/lucia/practica_creativa/resources/airflow/env/lib/python3.10/site-packages/airflow/example_dags/example_task_group.py
[2023-05-30 14:37:32,928] {processor.py:613} INFO - Processing file /home/lucia/practica_creativa/resources/airflow/env/lib/python3.10/site-packages/airflow/example_dags/example_task_group.py for tasks to queue
[2023-05-30 14:37:32,930] {logging_mixin.py:109} INFO - [2023-05-30 14:37:32,929] {dagbag.py:496} INFO - Filling up the DagBag from /home/lucia/practica_creativa/resources/airflow/env/lib/python3.10/site-packages/airflow/example_dags/example_task_group.py
[2023-05-30 14:37:32,969] {processor.py:623} INFO - DAG(s) dict_keys(['example_task_group']) retrieved from /home/lucia/practica_creativa/resources/airflow/env/lib/python3.10/site-packages/airflow/example_dags/example_task_group.py
[2023-05-30 14:37:33,010] {logging_mixin.py:109} INFO - [2023-05-30 14:37:33,009] {dag.py:1834} INFO - Sync 1 DAGs
[2023-05-30 14:37:33,032] {logging_mixin.py:109} INFO - [2023-05-30 14:37:33,031] {dag.py:2287} INFO - Setting next_dagrun for example_task_group to 2023-05-28 00:00:00+00:00
[2023-05-30 14:37:33,058] {processor.py:170} INFO - Processing /home/lucia/practica_creativa/resources/airflow/env/lib/python3.10/site-packages/airflow/example_dags/example_task_group.py took 0.142 seconds
[2023-05-30 14:38:13,157] {processor.py:162} INFO - Started process (PID=136302) to work on /home/lucia/practica_creativa/resources/airflow/env/lib/python3.10/site-packages/airflow/example_dags/example_task_group.py
[2023-05-30 14:38:13,160] {processor.py:613} INFO - Processing file /home/lucia/practica_creativa/resources/airflow/env/lib/python3.10/site-packages/airflow/example_dags/example_task_group.py for tasks to queue
[2023-05-30 14:38:13,162] {logging_mixin.py:109} INFO - [2023-05-30 14:38:13,161] {dagbag.py:496} INFO - Filling up the DagBag from /home/lucia/practica_creativa/resources/airflow/env/lib/python3.10/site-packages/airflow/example_dags/example_task_group.py
[2023-05-30 14:38:13,197] {processor.py:623} INFO - DAG(s) dict_keys(['example_task_group']) retrieved from /home/lucia/practica_creativa/resources/airflow/env/lib/python3.10/site-packages/airflow/example_dags/example_task_group.py
[2023-05-30 14:38:13,232] {logging_mixin.py:109} INFO - [2023-05-30 14:38:13,232] {dag.py:1834} INFO - Sync 1 DAGs
[2023-05-30 14:38:13,254] {logging_mixin.py:109} INFO - [2023-05-30 14:38:13,253] {dag.py:2287} INFO - Setting next_dagrun for example_task_group to 2023-05-28 00:00:00+00:00
[2023-05-30 14:38:13,277] {processor.py:170} INFO - Processing /home/lucia/practica_creativa/resources/airflow/env/lib/python3.10/site-packages/airflow/example_dags/example_task_group.py took 0.128 seconds
