[2023-05-30 13:42:07,299] {processor.py:162} INFO - Started process (PID=134559) to work on /home/lucia/practica_creativa/flight_prediction/src/main/scala/env/lib/python3.10/site-packages/airflow/example_dags/example_external_task_marker_dag.py
[2023-05-30 13:42:07,302] {processor.py:613} INFO - Processing file /home/lucia/practica_creativa/flight_prediction/src/main/scala/env/lib/python3.10/site-packages/airflow/example_dags/example_external_task_marker_dag.py for tasks to queue
[2023-05-30 13:42:07,304] {logging_mixin.py:109} INFO - [2023-05-30 13:42:07,304] {dagbag.py:496} INFO - Filling up the DagBag from /home/lucia/practica_creativa/flight_prediction/src/main/scala/env/lib/python3.10/site-packages/airflow/example_dags/example_external_task_marker_dag.py
[2023-05-30 13:42:07,356] {processor.py:623} INFO - DAG(s) dict_keys(['example_external_task_marker_parent', 'example_external_task_marker_child']) retrieved from /home/lucia/practica_creativa/flight_prediction/src/main/scala/env/lib/python3.10/site-packages/airflow/example_dags/example_external_task_marker_dag.py
[2023-05-30 13:42:07,409] {logging_mixin.py:109} INFO - [2023-05-30 13:42:07,408] {dag.py:1834} INFO - Sync 2 DAGs
[2023-05-30 13:42:07,441] {logging_mixin.py:109} INFO - [2023-05-30 13:42:07,441] {dag.py:2287} INFO - Setting next_dagrun for example_external_task_marker_child to None
[2023-05-30 13:42:07,443] {logging_mixin.py:109} INFO - [2023-05-30 13:42:07,443] {dag.py:2287} INFO - Setting next_dagrun for example_external_task_marker_parent to None
[2023-05-30 13:42:07,478] {processor.py:170} INFO - Processing /home/lucia/practica_creativa/flight_prediction/src/main/scala/env/lib/python3.10/site-packages/airflow/example_dags/example_external_task_marker_dag.py took 0.195 seconds
[2023-05-30 13:42:49,895] {processor.py:162} INFO - Started process (PID=134599) to work on /home/lucia/practica_creativa/flight_prediction/src/main/scala/env/lib/python3.10/site-packages/airflow/example_dags/example_external_task_marker_dag.py
[2023-05-30 13:42:49,900] {processor.py:613} INFO - Processing file /home/lucia/practica_creativa/flight_prediction/src/main/scala/env/lib/python3.10/site-packages/airflow/example_dags/example_external_task_marker_dag.py for tasks to queue
[2023-05-30 13:42:49,901] {logging_mixin.py:109} INFO - [2023-05-30 13:42:49,901] {dagbag.py:496} INFO - Filling up the DagBag from /home/lucia/practica_creativa/flight_prediction/src/main/scala/env/lib/python3.10/site-packages/airflow/example_dags/example_external_task_marker_dag.py
[2023-05-30 13:42:49,938] {processor.py:623} INFO - DAG(s) dict_keys(['example_external_task_marker_parent', 'example_external_task_marker_child']) retrieved from /home/lucia/practica_creativa/flight_prediction/src/main/scala/env/lib/python3.10/site-packages/airflow/example_dags/example_external_task_marker_dag.py
[2023-05-30 13:42:49,995] {logging_mixin.py:109} INFO - [2023-05-30 13:42:49,995] {dag.py:1834} INFO - Sync 2 DAGs
[2023-05-30 13:42:50,021] {logging_mixin.py:109} INFO - [2023-05-30 13:42:50,021] {dag.py:2287} INFO - Setting next_dagrun for example_external_task_marker_child to None
[2023-05-30 13:42:50,023] {logging_mixin.py:109} INFO - [2023-05-30 13:42:50,023] {dag.py:2287} INFO - Setting next_dagrun for example_external_task_marker_parent to None
[2023-05-30 13:42:50,057] {processor.py:170} INFO - Processing /home/lucia/practica_creativa/flight_prediction/src/main/scala/env/lib/python3.10/site-packages/airflow/example_dags/example_external_task_marker_dag.py took 0.169 seconds
[2023-05-30 14:01:19,750] {processor.py:162} INFO - Started process (PID=135260) to work on /home/lucia/practica_creativa/resources/airflow/env/lib/python3.10/site-packages/airflow/example_dags/example_external_task_marker_dag.py
[2023-05-30 14:01:19,754] {processor.py:613} INFO - Processing file /home/lucia/practica_creativa/resources/airflow/env/lib/python3.10/site-packages/airflow/example_dags/example_external_task_marker_dag.py for tasks to queue
[2023-05-30 14:01:19,756] {logging_mixin.py:109} INFO - [2023-05-30 14:01:19,755] {dagbag.py:496} INFO - Filling up the DagBag from /home/lucia/practica_creativa/resources/airflow/env/lib/python3.10/site-packages/airflow/example_dags/example_external_task_marker_dag.py
[2023-05-30 14:01:19,794] {processor.py:623} INFO - DAG(s) dict_keys(['example_external_task_marker_parent', 'example_external_task_marker_child']) retrieved from /home/lucia/practica_creativa/resources/airflow/env/lib/python3.10/site-packages/airflow/example_dags/example_external_task_marker_dag.py
[2023-05-30 14:01:19,840] {logging_mixin.py:109} INFO - [2023-05-30 14:01:19,839] {dag.py:1834} INFO - Sync 2 DAGs
[2023-05-30 14:01:19,863] {logging_mixin.py:109} INFO - [2023-05-30 14:01:19,863] {dag.py:2287} INFO - Setting next_dagrun for example_external_task_marker_child to None
[2023-05-30 14:01:19,865] {logging_mixin.py:109} INFO - [2023-05-30 14:01:19,865] {dag.py:2287} INFO - Setting next_dagrun for example_external_task_marker_parent to None
[2023-05-30 14:01:19,890] {processor.py:170} INFO - Processing /home/lucia/practica_creativa/resources/airflow/env/lib/python3.10/site-packages/airflow/example_dags/example_external_task_marker_dag.py took 0.148 seconds
[2023-05-30 14:02:14,603] {processor.py:162} INFO - Started process (PID=135343) to work on /home/lucia/practica_creativa/resources/airflow/env/lib/python3.10/site-packages/airflow/example_dags/example_external_task_marker_dag.py
[2023-05-30 14:02:14,607] {processor.py:613} INFO - Processing file /home/lucia/practica_creativa/resources/airflow/env/lib/python3.10/site-packages/airflow/example_dags/example_external_task_marker_dag.py for tasks to queue
[2023-05-30 14:02:14,609] {logging_mixin.py:109} INFO - [2023-05-30 14:02:14,608] {dagbag.py:496} INFO - Filling up the DagBag from /home/lucia/practica_creativa/resources/airflow/env/lib/python3.10/site-packages/airflow/example_dags/example_external_task_marker_dag.py
[2023-05-30 14:02:14,637] {processor.py:623} INFO - DAG(s) dict_keys(['example_external_task_marker_parent', 'example_external_task_marker_child']) retrieved from /home/lucia/practica_creativa/resources/airflow/env/lib/python3.10/site-packages/airflow/example_dags/example_external_task_marker_dag.py
[2023-05-30 14:02:14,677] {logging_mixin.py:109} INFO - [2023-05-30 14:02:14,677] {dag.py:1834} INFO - Sync 2 DAGs
[2023-05-30 14:02:14,700] {logging_mixin.py:109} INFO - [2023-05-30 14:02:14,700] {dag.py:2287} INFO - Setting next_dagrun for example_external_task_marker_child to None
[2023-05-30 14:02:14,702] {logging_mixin.py:109} INFO - [2023-05-30 14:02:14,701] {dag.py:2287} INFO - Setting next_dagrun for example_external_task_marker_parent to None
[2023-05-30 14:02:14,730] {processor.py:170} INFO - Processing /home/lucia/practica_creativa/resources/airflow/env/lib/python3.10/site-packages/airflow/example_dags/example_external_task_marker_dag.py took 0.134 seconds
[2023-05-30 14:02:55,722] {processor.py:162} INFO - Started process (PID=135406) to work on /home/lucia/practica_creativa/resources/airflow/env/lib/python3.10/site-packages/airflow/example_dags/example_external_task_marker_dag.py
[2023-05-30 14:02:55,727] {processor.py:613} INFO - Processing file /home/lucia/practica_creativa/resources/airflow/env/lib/python3.10/site-packages/airflow/example_dags/example_external_task_marker_dag.py for tasks to queue
[2023-05-30 14:02:55,728] {logging_mixin.py:109} INFO - [2023-05-30 14:02:55,728] {dagbag.py:496} INFO - Filling up the DagBag from /home/lucia/practica_creativa/resources/airflow/env/lib/python3.10/site-packages/airflow/example_dags/example_external_task_marker_dag.py
[2023-05-30 14:02:55,763] {processor.py:623} INFO - DAG(s) dict_keys(['example_external_task_marker_parent', 'example_external_task_marker_child']) retrieved from /home/lucia/practica_creativa/resources/airflow/env/lib/python3.10/site-packages/airflow/example_dags/example_external_task_marker_dag.py
[2023-05-30 14:02:55,841] {logging_mixin.py:109} INFO - [2023-05-30 14:02:55,841] {dag.py:1834} INFO - Sync 2 DAGs
[2023-05-30 14:02:55,889] {logging_mixin.py:109} INFO - [2023-05-30 14:02:55,889] {dag.py:2287} INFO - Setting next_dagrun for example_external_task_marker_child to None
[2023-05-30 14:02:55,891] {logging_mixin.py:109} INFO - [2023-05-30 14:02:55,891] {dag.py:2287} INFO - Setting next_dagrun for example_external_task_marker_parent to None
[2023-05-30 14:02:55,937] {processor.py:170} INFO - Processing /home/lucia/practica_creativa/resources/airflow/env/lib/python3.10/site-packages/airflow/example_dags/example_external_task_marker_dag.py took 0.232 seconds
[2023-05-30 14:03:41,820] {processor.py:162} INFO - Started process (PID=135477) to work on /home/lucia/practica_creativa/resources/airflow/env/lib/python3.10/site-packages/airflow/example_dags/example_external_task_marker_dag.py
[2023-05-30 14:03:41,824] {processor.py:613} INFO - Processing file /home/lucia/practica_creativa/resources/airflow/env/lib/python3.10/site-packages/airflow/example_dags/example_external_task_marker_dag.py for tasks to queue
[2023-05-30 14:03:41,826] {logging_mixin.py:109} INFO - [2023-05-30 14:03:41,826] {dagbag.py:496} INFO - Filling up the DagBag from /home/lucia/practica_creativa/resources/airflow/env/lib/python3.10/site-packages/airflow/example_dags/example_external_task_marker_dag.py
[2023-05-30 14:03:41,865] {processor.py:623} INFO - DAG(s) dict_keys(['example_external_task_marker_parent', 'example_external_task_marker_child']) retrieved from /home/lucia/practica_creativa/resources/airflow/env/lib/python3.10/site-packages/airflow/example_dags/example_external_task_marker_dag.py
[2023-05-30 14:03:41,909] {logging_mixin.py:109} INFO - [2023-05-30 14:03:41,909] {dag.py:1834} INFO - Sync 2 DAGs
[2023-05-30 14:03:41,961] {logging_mixin.py:109} INFO - [2023-05-30 14:03:41,961] {dag.py:2287} INFO - Setting next_dagrun for example_external_task_marker_child to None
[2023-05-30 14:03:41,963] {logging_mixin.py:109} INFO - [2023-05-30 14:03:41,963] {dag.py:2287} INFO - Setting next_dagrun for example_external_task_marker_parent to None
[2023-05-30 14:03:41,993] {processor.py:170} INFO - Processing /home/lucia/practica_creativa/resources/airflow/env/lib/python3.10/site-packages/airflow/example_dags/example_external_task_marker_dag.py took 0.182 seconds
[2023-05-30 14:05:36,789] {processor.py:162} INFO - Started process (PID=135631) to work on /home/lucia/practica_creativa/resources/airflow/env/lib/python3.10/site-packages/airflow/example_dags/example_external_task_marker_dag.py
[2023-05-30 14:05:36,794] {processor.py:613} INFO - Processing file /home/lucia/practica_creativa/resources/airflow/env/lib/python3.10/site-packages/airflow/example_dags/example_external_task_marker_dag.py for tasks to queue
[2023-05-30 14:05:36,795] {logging_mixin.py:109} INFO - [2023-05-30 14:05:36,795] {dagbag.py:496} INFO - Filling up the DagBag from /home/lucia/practica_creativa/resources/airflow/env/lib/python3.10/site-packages/airflow/example_dags/example_external_task_marker_dag.py
[2023-05-30 14:05:36,837] {processor.py:623} INFO - DAG(s) dict_keys(['example_external_task_marker_parent', 'example_external_task_marker_child']) retrieved from /home/lucia/practica_creativa/resources/airflow/env/lib/python3.10/site-packages/airflow/example_dags/example_external_task_marker_dag.py
[2023-05-30 14:05:36,919] {logging_mixin.py:109} INFO - [2023-05-30 14:05:36,919] {dag.py:1834} INFO - Sync 2 DAGs
[2023-05-30 14:05:36,946] {logging_mixin.py:109} INFO - [2023-05-30 14:05:36,946] {dag.py:2287} INFO - Setting next_dagrun for example_external_task_marker_child to None
[2023-05-30 14:05:36,949] {logging_mixin.py:109} INFO - [2023-05-30 14:05:36,949] {dag.py:2287} INFO - Setting next_dagrun for example_external_task_marker_parent to None
[2023-05-30 14:05:36,971] {processor.py:170} INFO - Processing /home/lucia/practica_creativa/resources/airflow/env/lib/python3.10/site-packages/airflow/example_dags/example_external_task_marker_dag.py took 0.199 seconds
[2023-05-30 14:09:42,762] {processor.py:162} INFO - Started process (PID=135757) to work on /home/lucia/practica_creativa/resources/airflow/env/lib/python3.10/site-packages/airflow/example_dags/example_external_task_marker_dag.py
[2023-05-30 14:09:42,765] {processor.py:613} INFO - Processing file /home/lucia/practica_creativa/resources/airflow/env/lib/python3.10/site-packages/airflow/example_dags/example_external_task_marker_dag.py for tasks to queue
[2023-05-30 14:09:42,767] {logging_mixin.py:109} INFO - [2023-05-30 14:09:42,766] {dagbag.py:496} INFO - Filling up the DagBag from /home/lucia/practica_creativa/resources/airflow/env/lib/python3.10/site-packages/airflow/example_dags/example_external_task_marker_dag.py
[2023-05-30 14:09:42,809] {processor.py:623} INFO - DAG(s) dict_keys(['example_external_task_marker_parent', 'example_external_task_marker_child']) retrieved from /home/lucia/practica_creativa/resources/airflow/env/lib/python3.10/site-packages/airflow/example_dags/example_external_task_marker_dag.py
[2023-05-30 14:09:42,848] {logging_mixin.py:109} INFO - [2023-05-30 14:09:42,847] {dag.py:1834} INFO - Sync 2 DAGs
[2023-05-30 14:09:42,869] {logging_mixin.py:109} INFO - [2023-05-30 14:09:42,868] {dag.py:2287} INFO - Setting next_dagrun for example_external_task_marker_child to None
[2023-05-30 14:09:42,870] {logging_mixin.py:109} INFO - [2023-05-30 14:09:42,870] {dag.py:2287} INFO - Setting next_dagrun for example_external_task_marker_parent to None
[2023-05-30 14:09:42,893] {processor.py:170} INFO - Processing /home/lucia/practica_creativa/resources/airflow/env/lib/python3.10/site-packages/airflow/example_dags/example_external_task_marker_dag.py took 0.138 seconds
[2023-05-30 14:10:38,532] {processor.py:162} INFO - Started process (PID=135836) to work on /home/lucia/practica_creativa/resources/airflow/env/lib/python3.10/site-packages/airflow/example_dags/example_external_task_marker_dag.py
[2023-05-30 14:10:38,540] {processor.py:613} INFO - Processing file /home/lucia/practica_creativa/resources/airflow/env/lib/python3.10/site-packages/airflow/example_dags/example_external_task_marker_dag.py for tasks to queue
[2023-05-30 14:10:38,542] {logging_mixin.py:109} INFO - [2023-05-30 14:10:38,542] {dagbag.py:496} INFO - Filling up the DagBag from /home/lucia/practica_creativa/resources/airflow/env/lib/python3.10/site-packages/airflow/example_dags/example_external_task_marker_dag.py
[2023-05-30 14:10:38,578] {processor.py:623} INFO - DAG(s) dict_keys(['example_external_task_marker_parent', 'example_external_task_marker_child']) retrieved from /home/lucia/practica_creativa/resources/airflow/env/lib/python3.10/site-packages/airflow/example_dags/example_external_task_marker_dag.py
[2023-05-30 14:10:38,639] {logging_mixin.py:109} INFO - [2023-05-30 14:10:38,639] {dag.py:1834} INFO - Sync 2 DAGs
[2023-05-30 14:10:38,662] {logging_mixin.py:109} INFO - [2023-05-30 14:10:38,662] {dag.py:2287} INFO - Setting next_dagrun for example_external_task_marker_child to None
[2023-05-30 14:10:38,665] {logging_mixin.py:109} INFO - [2023-05-30 14:10:38,664] {dag.py:2287} INFO - Setting next_dagrun for example_external_task_marker_parent to None
[2023-05-30 14:10:38,687] {processor.py:170} INFO - Processing /home/lucia/practica_creativa/resources/airflow/env/lib/python3.10/site-packages/airflow/example_dags/example_external_task_marker_dag.py took 0.165 seconds
[2023-05-30 14:26:09,841] {processor.py:162} INFO - Started process (PID=136085) to work on /home/lucia/practica_creativa/resources/airflow/env/lib/python3.10/site-packages/airflow/example_dags/example_external_task_marker_dag.py
[2023-05-30 14:26:09,845] {processor.py:613} INFO - Processing file /home/lucia/practica_creativa/resources/airflow/env/lib/python3.10/site-packages/airflow/example_dags/example_external_task_marker_dag.py for tasks to queue
[2023-05-30 14:26:09,847] {logging_mixin.py:109} INFO - [2023-05-30 14:26:09,846] {dagbag.py:496} INFO - Filling up the DagBag from /home/lucia/practica_creativa/resources/airflow/env/lib/python3.10/site-packages/airflow/example_dags/example_external_task_marker_dag.py
[2023-05-30 14:26:09,889] {processor.py:623} INFO - DAG(s) dict_keys(['example_external_task_marker_parent', 'example_external_task_marker_child']) retrieved from /home/lucia/practica_creativa/resources/airflow/env/lib/python3.10/site-packages/airflow/example_dags/example_external_task_marker_dag.py
[2023-05-30 14:26:09,930] {logging_mixin.py:109} INFO - [2023-05-30 14:26:09,930] {dag.py:1834} INFO - Sync 2 DAGs
[2023-05-30 14:26:09,953] {logging_mixin.py:109} INFO - [2023-05-30 14:26:09,953] {dag.py:2287} INFO - Setting next_dagrun for example_external_task_marker_child to None
[2023-05-30 14:26:09,955] {logging_mixin.py:109} INFO - [2023-05-30 14:26:09,955] {dag.py:2287} INFO - Setting next_dagrun for example_external_task_marker_parent to None
[2023-05-30 14:26:09,982] {processor.py:170} INFO - Processing /home/lucia/practica_creativa/resources/airflow/env/lib/python3.10/site-packages/airflow/example_dags/example_external_task_marker_dag.py took 0.147 seconds
[2023-05-30 14:37:49,554] {processor.py:162} INFO - Started process (PID=136279) to work on /home/lucia/practica_creativa/resources/airflow/env/lib/python3.10/site-packages/airflow/example_dags/example_external_task_marker_dag.py
[2023-05-30 14:37:49,558] {processor.py:613} INFO - Processing file /home/lucia/practica_creativa/resources/airflow/env/lib/python3.10/site-packages/airflow/example_dags/example_external_task_marker_dag.py for tasks to queue
[2023-05-30 14:37:49,560] {logging_mixin.py:109} INFO - [2023-05-30 14:37:49,559] {dagbag.py:496} INFO - Filling up the DagBag from /home/lucia/practica_creativa/resources/airflow/env/lib/python3.10/site-packages/airflow/example_dags/example_external_task_marker_dag.py
[2023-05-30 14:37:49,597] {processor.py:623} INFO - DAG(s) dict_keys(['example_external_task_marker_parent', 'example_external_task_marker_child']) retrieved from /home/lucia/practica_creativa/resources/airflow/env/lib/python3.10/site-packages/airflow/example_dags/example_external_task_marker_dag.py
[2023-05-30 14:37:49,647] {logging_mixin.py:109} INFO - [2023-05-30 14:37:49,647] {dag.py:1834} INFO - Sync 2 DAGs
[2023-05-30 14:37:49,670] {logging_mixin.py:109} INFO - [2023-05-30 14:37:49,670] {dag.py:2287} INFO - Setting next_dagrun for example_external_task_marker_child to None
[2023-05-30 14:37:49,672] {logging_mixin.py:109} INFO - [2023-05-30 14:37:49,672] {dag.py:2287} INFO - Setting next_dagrun for example_external_task_marker_parent to None
[2023-05-30 14:37:49,696] {processor.py:170} INFO - Processing /home/lucia/practica_creativa/resources/airflow/env/lib/python3.10/site-packages/airflow/example_dags/example_external_task_marker_dag.py took 0.150 seconds
[2023-05-30 14:38:29,443] {processor.py:162} INFO - Started process (PID=136315) to work on /home/lucia/practica_creativa/resources/airflow/env/lib/python3.10/site-packages/airflow/example_dags/example_external_task_marker_dag.py
[2023-05-30 14:38:29,447] {processor.py:613} INFO - Processing file /home/lucia/practica_creativa/resources/airflow/env/lib/python3.10/site-packages/airflow/example_dags/example_external_task_marker_dag.py for tasks to queue
[2023-05-30 14:38:29,449] {logging_mixin.py:109} INFO - [2023-05-30 14:38:29,448] {dagbag.py:496} INFO - Filling up the DagBag from /home/lucia/practica_creativa/resources/airflow/env/lib/python3.10/site-packages/airflow/example_dags/example_external_task_marker_dag.py
[2023-05-30 14:38:29,482] {processor.py:623} INFO - DAG(s) dict_keys(['example_external_task_marker_parent', 'example_external_task_marker_child']) retrieved from /home/lucia/practica_creativa/resources/airflow/env/lib/python3.10/site-packages/airflow/example_dags/example_external_task_marker_dag.py
[2023-05-30 14:38:29,521] {logging_mixin.py:109} INFO - [2023-05-30 14:38:29,521] {dag.py:1834} INFO - Sync 2 DAGs
[2023-05-30 14:38:29,541] {logging_mixin.py:109} INFO - [2023-05-30 14:38:29,541] {dag.py:2287} INFO - Setting next_dagrun for example_external_task_marker_child to None
[2023-05-30 14:38:29,543] {logging_mixin.py:109} INFO - [2023-05-30 14:38:29,543] {dag.py:2287} INFO - Setting next_dagrun for example_external_task_marker_parent to None
[2023-05-30 14:38:29,570] {processor.py:170} INFO - Processing /home/lucia/practica_creativa/resources/airflow/env/lib/python3.10/site-packages/airflow/example_dags/example_external_task_marker_dag.py took 0.134 seconds
