[2023-05-30 13:42:04,324] {processor.py:162} INFO - Started process (PID=134556) to work on /home/lucia/practica_creativa/flight_prediction/src/main/scala/env/lib/python3.10/site-packages/airflow/example_dags/example_nested_branch_dag.py
[2023-05-30 13:42:04,332] {processor.py:613} INFO - Processing file /home/lucia/practica_creativa/flight_prediction/src/main/scala/env/lib/python3.10/site-packages/airflow/example_dags/example_nested_branch_dag.py for tasks to queue
[2023-05-30 13:42:04,336] {logging_mixin.py:109} INFO - [2023-05-30 13:42:04,334] {dagbag.py:496} INFO - Filling up the DagBag from /home/lucia/practica_creativa/flight_prediction/src/main/scala/env/lib/python3.10/site-packages/airflow/example_dags/example_nested_branch_dag.py
[2023-05-30 13:42:04,399] {processor.py:623} INFO - DAG(s) dict_keys(['example_nested_branch_dag']) retrieved from /home/lucia/practica_creativa/flight_prediction/src/main/scala/env/lib/python3.10/site-packages/airflow/example_dags/example_nested_branch_dag.py
[2023-05-30 13:42:04,448] {logging_mixin.py:109} INFO - [2023-05-30 13:42:04,448] {dag.py:1834} INFO - Sync 1 DAGs
[2023-05-30 13:42:04,501] {logging_mixin.py:109} INFO - [2023-05-30 13:42:04,501] {dag.py:2287} INFO - Setting next_dagrun for example_nested_branch_dag to 2023-05-28 00:00:00+00:00
[2023-05-30 13:42:04,540] {processor.py:170} INFO - Processing /home/lucia/practica_creativa/flight_prediction/src/main/scala/env/lib/python3.10/site-packages/airflow/example_dags/example_nested_branch_dag.py took 0.224 seconds
[2023-05-30 13:42:45,986] {processor.py:162} INFO - Started process (PID=134595) to work on /home/lucia/practica_creativa/flight_prediction/src/main/scala/env/lib/python3.10/site-packages/airflow/example_dags/example_nested_branch_dag.py
[2023-05-30 13:42:45,991] {processor.py:613} INFO - Processing file /home/lucia/practica_creativa/flight_prediction/src/main/scala/env/lib/python3.10/site-packages/airflow/example_dags/example_nested_branch_dag.py for tasks to queue
[2023-05-30 13:42:45,992] {logging_mixin.py:109} INFO - [2023-05-30 13:42:45,992] {dagbag.py:496} INFO - Filling up the DagBag from /home/lucia/practica_creativa/flight_prediction/src/main/scala/env/lib/python3.10/site-packages/airflow/example_dags/example_nested_branch_dag.py
[2023-05-30 13:42:46,051] {processor.py:623} INFO - DAG(s) dict_keys(['example_nested_branch_dag']) retrieved from /home/lucia/practica_creativa/flight_prediction/src/main/scala/env/lib/python3.10/site-packages/airflow/example_dags/example_nested_branch_dag.py
[2023-05-30 13:42:46,102] {logging_mixin.py:109} INFO - [2023-05-30 13:42:46,102] {dag.py:1834} INFO - Sync 1 DAGs
[2023-05-30 13:42:46,139] {logging_mixin.py:109} INFO - [2023-05-30 13:42:46,139] {dag.py:2287} INFO - Setting next_dagrun for example_nested_branch_dag to 2023-05-28 00:00:00+00:00
[2023-05-30 13:42:46,172] {processor.py:170} INFO - Processing /home/lucia/practica_creativa/flight_prediction/src/main/scala/env/lib/python3.10/site-packages/airflow/example_dags/example_nested_branch_dag.py took 0.194 seconds
[2023-05-30 14:01:16,033] {processor.py:162} INFO - Started process (PID=135243) to work on /home/lucia/practica_creativa/resources/airflow/env/lib/python3.10/site-packages/airflow/example_dags/example_nested_branch_dag.py
[2023-05-30 14:01:16,037] {processor.py:613} INFO - Processing file /home/lucia/practica_creativa/resources/airflow/env/lib/python3.10/site-packages/airflow/example_dags/example_nested_branch_dag.py for tasks to queue
[2023-05-30 14:01:16,040] {logging_mixin.py:109} INFO - [2023-05-30 14:01:16,039] {dagbag.py:496} INFO - Filling up the DagBag from /home/lucia/practica_creativa/resources/airflow/env/lib/python3.10/site-packages/airflow/example_dags/example_nested_branch_dag.py
[2023-05-30 14:01:16,104] {processor.py:623} INFO - DAG(s) dict_keys(['example_nested_branch_dag']) retrieved from /home/lucia/practica_creativa/resources/airflow/env/lib/python3.10/site-packages/airflow/example_dags/example_nested_branch_dag.py
[2023-05-30 14:01:16,159] {logging_mixin.py:109} INFO - [2023-05-30 14:01:16,158] {dag.py:1834} INFO - Sync 1 DAGs
[2023-05-30 14:01:16,186] {logging_mixin.py:109} INFO - [2023-05-30 14:01:16,186] {dag.py:2287} INFO - Setting next_dagrun for example_nested_branch_dag to 2023-05-28 00:00:00+00:00
[2023-05-30 14:01:16,240] {processor.py:170} INFO - Processing /home/lucia/practica_creativa/resources/airflow/env/lib/python3.10/site-packages/airflow/example_dags/example_nested_branch_dag.py took 0.222 seconds
[2023-05-30 14:02:11,205] {processor.py:162} INFO - Started process (PID=135340) to work on /home/lucia/practica_creativa/resources/airflow/env/lib/python3.10/site-packages/airflow/example_dags/example_nested_branch_dag.py
[2023-05-30 14:02:11,209] {processor.py:613} INFO - Processing file /home/lucia/practica_creativa/resources/airflow/env/lib/python3.10/site-packages/airflow/example_dags/example_nested_branch_dag.py for tasks to queue
[2023-05-30 14:02:11,211] {logging_mixin.py:109} INFO - [2023-05-30 14:02:11,210] {dagbag.py:496} INFO - Filling up the DagBag from /home/lucia/practica_creativa/resources/airflow/env/lib/python3.10/site-packages/airflow/example_dags/example_nested_branch_dag.py
[2023-05-30 14:02:11,244] {processor.py:623} INFO - DAG(s) dict_keys(['example_nested_branch_dag']) retrieved from /home/lucia/practica_creativa/resources/airflow/env/lib/python3.10/site-packages/airflow/example_dags/example_nested_branch_dag.py
[2023-05-30 14:02:11,280] {logging_mixin.py:109} INFO - [2023-05-30 14:02:11,280] {dag.py:1834} INFO - Sync 1 DAGs
[2023-05-30 14:02:11,310] {logging_mixin.py:109} INFO - [2023-05-30 14:02:11,310] {dag.py:2287} INFO - Setting next_dagrun for example_nested_branch_dag to 2023-05-28 00:00:00+00:00
[2023-05-30 14:02:11,339] {processor.py:170} INFO - Processing /home/lucia/practica_creativa/resources/airflow/env/lib/python3.10/site-packages/airflow/example_dags/example_nested_branch_dag.py took 0.141 seconds
[2023-05-30 14:02:51,910] {processor.py:162} INFO - Started process (PID=135400) to work on /home/lucia/practica_creativa/resources/airflow/env/lib/python3.10/site-packages/airflow/example_dags/example_nested_branch_dag.py
[2023-05-30 14:02:51,913] {processor.py:613} INFO - Processing file /home/lucia/practica_creativa/resources/airflow/env/lib/python3.10/site-packages/airflow/example_dags/example_nested_branch_dag.py for tasks to queue
[2023-05-30 14:02:51,917] {logging_mixin.py:109} INFO - [2023-05-30 14:02:51,917] {dagbag.py:496} INFO - Filling up the DagBag from /home/lucia/practica_creativa/resources/airflow/env/lib/python3.10/site-packages/airflow/example_dags/example_nested_branch_dag.py
[2023-05-30 14:02:51,954] {processor.py:623} INFO - DAG(s) dict_keys(['example_nested_branch_dag']) retrieved from /home/lucia/practica_creativa/resources/airflow/env/lib/python3.10/site-packages/airflow/example_dags/example_nested_branch_dag.py
[2023-05-30 14:02:51,994] {logging_mixin.py:109} INFO - [2023-05-30 14:02:51,994] {dag.py:1834} INFO - Sync 1 DAGs
[2023-05-30 14:02:52,028] {logging_mixin.py:109} INFO - [2023-05-30 14:02:52,028] {dag.py:2287} INFO - Setting next_dagrun for example_nested_branch_dag to 2023-05-28 00:00:00+00:00
[2023-05-30 14:02:52,053] {processor.py:170} INFO - Processing /home/lucia/practica_creativa/resources/airflow/env/lib/python3.10/site-packages/airflow/example_dags/example_nested_branch_dag.py took 0.150 seconds
[2023-05-30 14:03:37,966] {processor.py:162} INFO - Started process (PID=135473) to work on /home/lucia/practica_creativa/resources/airflow/env/lib/python3.10/site-packages/airflow/example_dags/example_nested_branch_dag.py
[2023-05-30 14:03:37,972] {processor.py:613} INFO - Processing file /home/lucia/practica_creativa/resources/airflow/env/lib/python3.10/site-packages/airflow/example_dags/example_nested_branch_dag.py for tasks to queue
[2023-05-30 14:03:37,974] {logging_mixin.py:109} INFO - [2023-05-30 14:03:37,973] {dagbag.py:496} INFO - Filling up the DagBag from /home/lucia/practica_creativa/resources/airflow/env/lib/python3.10/site-packages/airflow/example_dags/example_nested_branch_dag.py
[2023-05-30 14:03:38,017] {processor.py:623} INFO - DAG(s) dict_keys(['example_nested_branch_dag']) retrieved from /home/lucia/practica_creativa/resources/airflow/env/lib/python3.10/site-packages/airflow/example_dags/example_nested_branch_dag.py
[2023-05-30 14:03:38,060] {logging_mixin.py:109} INFO - [2023-05-30 14:03:38,060] {dag.py:1834} INFO - Sync 1 DAGs
[2023-05-30 14:03:38,090] {logging_mixin.py:109} INFO - [2023-05-30 14:03:38,090] {dag.py:2287} INFO - Setting next_dagrun for example_nested_branch_dag to 2023-05-28 00:00:00+00:00
[2023-05-30 14:03:38,113] {processor.py:170} INFO - Processing /home/lucia/practica_creativa/resources/airflow/env/lib/python3.10/site-packages/airflow/example_dags/example_nested_branch_dag.py took 0.168 seconds
[2023-05-30 14:05:32,917] {processor.py:162} INFO - Started process (PID=135628) to work on /home/lucia/practica_creativa/resources/airflow/env/lib/python3.10/site-packages/airflow/example_dags/example_nested_branch_dag.py
[2023-05-30 14:05:32,920] {processor.py:613} INFO - Processing file /home/lucia/practica_creativa/resources/airflow/env/lib/python3.10/site-packages/airflow/example_dags/example_nested_branch_dag.py for tasks to queue
[2023-05-30 14:05:32,921] {logging_mixin.py:109} INFO - [2023-05-30 14:05:32,921] {dagbag.py:496} INFO - Filling up the DagBag from /home/lucia/practica_creativa/resources/airflow/env/lib/python3.10/site-packages/airflow/example_dags/example_nested_branch_dag.py
[2023-05-30 14:05:32,958] {processor.py:623} INFO - DAG(s) dict_keys(['example_nested_branch_dag']) retrieved from /home/lucia/practica_creativa/resources/airflow/env/lib/python3.10/site-packages/airflow/example_dags/example_nested_branch_dag.py
[2023-05-30 14:05:32,993] {logging_mixin.py:109} INFO - [2023-05-30 14:05:32,993] {dag.py:1834} INFO - Sync 1 DAGs
[2023-05-30 14:05:33,020] {logging_mixin.py:109} INFO - [2023-05-30 14:05:33,019] {dag.py:2287} INFO - Setting next_dagrun for example_nested_branch_dag to 2023-05-28 00:00:00+00:00
[2023-05-30 14:05:33,048] {processor.py:170} INFO - Processing /home/lucia/practica_creativa/resources/airflow/env/lib/python3.10/site-packages/airflow/example_dags/example_nested_branch_dag.py took 0.138 seconds
[2023-05-30 14:09:38,956] {processor.py:162} INFO - Started process (PID=135754) to work on /home/lucia/practica_creativa/resources/airflow/env/lib/python3.10/site-packages/airflow/example_dags/example_nested_branch_dag.py
[2023-05-30 14:09:38,960] {processor.py:613} INFO - Processing file /home/lucia/practica_creativa/resources/airflow/env/lib/python3.10/site-packages/airflow/example_dags/example_nested_branch_dag.py for tasks to queue
[2023-05-30 14:09:38,961] {logging_mixin.py:109} INFO - [2023-05-30 14:09:38,961] {dagbag.py:496} INFO - Filling up the DagBag from /home/lucia/practica_creativa/resources/airflow/env/lib/python3.10/site-packages/airflow/example_dags/example_nested_branch_dag.py
[2023-05-30 14:09:39,006] {processor.py:623} INFO - DAG(s) dict_keys(['example_nested_branch_dag']) retrieved from /home/lucia/practica_creativa/resources/airflow/env/lib/python3.10/site-packages/airflow/example_dags/example_nested_branch_dag.py
[2023-05-30 14:09:39,042] {logging_mixin.py:109} INFO - [2023-05-30 14:09:39,042] {dag.py:1834} INFO - Sync 1 DAGs
[2023-05-30 14:09:39,072] {logging_mixin.py:109} INFO - [2023-05-30 14:09:39,072] {dag.py:2287} INFO - Setting next_dagrun for example_nested_branch_dag to 2023-05-28 00:00:00+00:00
[2023-05-30 14:09:39,100] {processor.py:170} INFO - Processing /home/lucia/practica_creativa/resources/airflow/env/lib/python3.10/site-packages/airflow/example_dags/example_nested_branch_dag.py took 0.151 seconds
[2023-05-30 14:10:34,738] {processor.py:162} INFO - Started process (PID=135833) to work on /home/lucia/practica_creativa/resources/airflow/env/lib/python3.10/site-packages/airflow/example_dags/example_nested_branch_dag.py
[2023-05-30 14:10:34,741] {processor.py:613} INFO - Processing file /home/lucia/practica_creativa/resources/airflow/env/lib/python3.10/site-packages/airflow/example_dags/example_nested_branch_dag.py for tasks to queue
[2023-05-30 14:10:34,743] {logging_mixin.py:109} INFO - [2023-05-30 14:10:34,743] {dagbag.py:496} INFO - Filling up the DagBag from /home/lucia/practica_creativa/resources/airflow/env/lib/python3.10/site-packages/airflow/example_dags/example_nested_branch_dag.py
[2023-05-30 14:10:34,779] {processor.py:623} INFO - DAG(s) dict_keys(['example_nested_branch_dag']) retrieved from /home/lucia/practica_creativa/resources/airflow/env/lib/python3.10/site-packages/airflow/example_dags/example_nested_branch_dag.py
[2023-05-30 14:10:34,818] {logging_mixin.py:109} INFO - [2023-05-30 14:10:34,817] {dag.py:1834} INFO - Sync 1 DAGs
[2023-05-30 14:10:34,848] {logging_mixin.py:109} INFO - [2023-05-30 14:10:34,848] {dag.py:2287} INFO - Setting next_dagrun for example_nested_branch_dag to 2023-05-28 00:00:00+00:00
[2023-05-30 14:10:34,871] {processor.py:170} INFO - Processing /home/lucia/practica_creativa/resources/airflow/env/lib/python3.10/site-packages/airflow/example_dags/example_nested_branch_dag.py took 0.141 seconds
[2023-05-30 14:11:19,073] {processor.py:162} INFO - Started process (PID=135874) to work on /home/lucia/practica_creativa/resources/airflow/env/lib/python3.10/site-packages/airflow/example_dags/example_nested_branch_dag.py
[2023-05-30 14:11:19,076] {processor.py:613} INFO - Processing file /home/lucia/practica_creativa/resources/airflow/env/lib/python3.10/site-packages/airflow/example_dags/example_nested_branch_dag.py for tasks to queue
[2023-05-30 14:11:19,078] {logging_mixin.py:109} INFO - [2023-05-30 14:11:19,078] {dagbag.py:496} INFO - Filling up the DagBag from /home/lucia/practica_creativa/resources/airflow/env/lib/python3.10/site-packages/airflow/example_dags/example_nested_branch_dag.py
[2023-05-30 14:11:19,123] {processor.py:623} INFO - DAG(s) dict_keys(['example_nested_branch_dag']) retrieved from /home/lucia/practica_creativa/resources/airflow/env/lib/python3.10/site-packages/airflow/example_dags/example_nested_branch_dag.py
[2023-05-30 14:11:19,170] {logging_mixin.py:109} INFO - [2023-05-30 14:11:19,170] {dag.py:1834} INFO - Sync 1 DAGs
[2023-05-30 14:11:19,210] {logging_mixin.py:109} INFO - [2023-05-30 14:11:19,209] {dag.py:2287} INFO - Setting next_dagrun for example_nested_branch_dag to 2023-05-28 00:00:00+00:00
[2023-05-30 14:11:19,240] {processor.py:170} INFO - Processing /home/lucia/practica_creativa/resources/airflow/env/lib/python3.10/site-packages/airflow/example_dags/example_nested_branch_dag.py took 0.177 seconds
[2023-05-30 14:26:06,545] {processor.py:162} INFO - Started process (PID=136082) to work on /home/lucia/practica_creativa/resources/airflow/env/lib/python3.10/site-packages/airflow/example_dags/example_nested_branch_dag.py
[2023-05-30 14:26:06,550] {processor.py:613} INFO - Processing file /home/lucia/practica_creativa/resources/airflow/env/lib/python3.10/site-packages/airflow/example_dags/example_nested_branch_dag.py for tasks to queue
[2023-05-30 14:26:06,552] {logging_mixin.py:109} INFO - [2023-05-30 14:26:06,552] {dagbag.py:496} INFO - Filling up the DagBag from /home/lucia/practica_creativa/resources/airflow/env/lib/python3.10/site-packages/airflow/example_dags/example_nested_branch_dag.py
[2023-05-30 14:26:06,593] {processor.py:623} INFO - DAG(s) dict_keys(['example_nested_branch_dag']) retrieved from /home/lucia/practica_creativa/resources/airflow/env/lib/python3.10/site-packages/airflow/example_dags/example_nested_branch_dag.py
[2023-05-30 14:26:06,629] {logging_mixin.py:109} INFO - [2023-05-30 14:26:06,629] {dag.py:1834} INFO - Sync 1 DAGs
[2023-05-30 14:26:06,658] {logging_mixin.py:109} INFO - [2023-05-30 14:26:06,658] {dag.py:2287} INFO - Setting next_dagrun for example_nested_branch_dag to 2023-05-28 00:00:00+00:00
[2023-05-30 14:26:06,714] {processor.py:170} INFO - Processing /home/lucia/practica_creativa/resources/airflow/env/lib/python3.10/site-packages/airflow/example_dags/example_nested_branch_dag.py took 0.177 seconds
[2023-05-30 14:37:08,593] {processor.py:162} INFO - Started process (PID=136246) to work on /home/lucia/practica_creativa/resources/airflow/env/lib/python3.10/site-packages/airflow/example_dags/example_nested_branch_dag.py
[2023-05-30 14:37:08,596] {processor.py:613} INFO - Processing file /home/lucia/practica_creativa/resources/airflow/env/lib/python3.10/site-packages/airflow/example_dags/example_nested_branch_dag.py for tasks to queue
[2023-05-30 14:37:08,598] {logging_mixin.py:109} INFO - [2023-05-30 14:37:08,598] {dagbag.py:496} INFO - Filling up the DagBag from /home/lucia/practica_creativa/resources/airflow/env/lib/python3.10/site-packages/airflow/example_dags/example_nested_branch_dag.py
[2023-05-30 14:37:08,640] {processor.py:623} INFO - DAG(s) dict_keys(['example_nested_branch_dag']) retrieved from /home/lucia/practica_creativa/resources/airflow/env/lib/python3.10/site-packages/airflow/example_dags/example_nested_branch_dag.py
[2023-05-30 14:37:08,676] {logging_mixin.py:109} INFO - [2023-05-30 14:37:08,676] {dag.py:1834} INFO - Sync 1 DAGs
[2023-05-30 14:37:08,703] {logging_mixin.py:109} INFO - [2023-05-30 14:37:08,703] {dag.py:2287} INFO - Setting next_dagrun for example_nested_branch_dag to 2023-05-28 00:00:00+00:00
[2023-05-30 14:37:08,724] {processor.py:170} INFO - Processing /home/lucia/practica_creativa/resources/airflow/env/lib/python3.10/site-packages/airflow/example_dags/example_nested_branch_dag.py took 0.139 seconds
[2023-05-30 14:37:46,186] {processor.py:162} INFO - Started process (PID=136276) to work on /home/lucia/practica_creativa/resources/airflow/env/lib/python3.10/site-packages/airflow/example_dags/example_nested_branch_dag.py
[2023-05-30 14:37:46,189] {processor.py:613} INFO - Processing file /home/lucia/practica_creativa/resources/airflow/env/lib/python3.10/site-packages/airflow/example_dags/example_nested_branch_dag.py for tasks to queue
[2023-05-30 14:37:46,190] {logging_mixin.py:109} INFO - [2023-05-30 14:37:46,190] {dagbag.py:496} INFO - Filling up the DagBag from /home/lucia/practica_creativa/resources/airflow/env/lib/python3.10/site-packages/airflow/example_dags/example_nested_branch_dag.py
[2023-05-30 14:37:46,230] {processor.py:623} INFO - DAG(s) dict_keys(['example_nested_branch_dag']) retrieved from /home/lucia/practica_creativa/resources/airflow/env/lib/python3.10/site-packages/airflow/example_dags/example_nested_branch_dag.py
[2023-05-30 14:37:46,267] {logging_mixin.py:109} INFO - [2023-05-30 14:37:46,267] {dag.py:1834} INFO - Sync 1 DAGs
[2023-05-30 14:37:46,298] {logging_mixin.py:109} INFO - [2023-05-30 14:37:46,298] {dag.py:2287} INFO - Setting next_dagrun for example_nested_branch_dag to 2023-05-28 00:00:00+00:00
[2023-05-30 14:37:46,322] {processor.py:170} INFO - Processing /home/lucia/practica_creativa/resources/airflow/env/lib/python3.10/site-packages/airflow/example_dags/example_nested_branch_dag.py took 0.143 seconds
[2023-05-30 14:38:25,649] {processor.py:162} INFO - Started process (PID=136312) to work on /home/lucia/practica_creativa/resources/airflow/env/lib/python3.10/site-packages/airflow/example_dags/example_nested_branch_dag.py
[2023-05-30 14:38:25,653] {processor.py:613} INFO - Processing file /home/lucia/practica_creativa/resources/airflow/env/lib/python3.10/site-packages/airflow/example_dags/example_nested_branch_dag.py for tasks to queue
[2023-05-30 14:38:25,655] {logging_mixin.py:109} INFO - [2023-05-30 14:38:25,654] {dagbag.py:496} INFO - Filling up the DagBag from /home/lucia/practica_creativa/resources/airflow/env/lib/python3.10/site-packages/airflow/example_dags/example_nested_branch_dag.py
[2023-05-30 14:38:25,696] {processor.py:623} INFO - DAG(s) dict_keys(['example_nested_branch_dag']) retrieved from /home/lucia/practica_creativa/resources/airflow/env/lib/python3.10/site-packages/airflow/example_dags/example_nested_branch_dag.py
[2023-05-30 14:38:25,732] {logging_mixin.py:109} INFO - [2023-05-30 14:38:25,731] {dag.py:1834} INFO - Sync 1 DAGs
[2023-05-30 14:38:25,762] {logging_mixin.py:109} INFO - [2023-05-30 14:38:25,761] {dag.py:2287} INFO - Setting next_dagrun for example_nested_branch_dag to 2023-05-28 00:00:00+00:00
[2023-05-30 14:38:25,787] {processor.py:170} INFO - Processing /home/lucia/practica_creativa/resources/airflow/env/lib/python3.10/site-packages/airflow/example_dags/example_nested_branch_dag.py took 0.146 seconds
