[2023-05-30 13:42:06,071] {processor.py:162} INFO - Started process (PID=134558) to work on /home/lucia/practica_creativa/flight_prediction/src/main/scala/env/lib/python3.10/site-packages/airflow/example_dags/example_kubernetes_executor_config.py
[2023-05-30 13:42:06,077] {processor.py:613} INFO - Processing file /home/lucia/practica_creativa/flight_prediction/src/main/scala/env/lib/python3.10/site-packages/airflow/example_dags/example_kubernetes_executor_config.py for tasks to queue
[2023-05-30 13:42:06,078] {logging_mixin.py:109} INFO - [2023-05-30 13:42:06,078] {dagbag.py:496} INFO - Filling up the DagBag from /home/lucia/practica_creativa/flight_prediction/src/main/scala/env/lib/python3.10/site-packages/airflow/example_dags/example_kubernetes_executor_config.py
[2023-05-30 13:42:06,098] {logging_mixin.py:109} INFO - [2023-05-30 13:42:06,098] {example_kubernetes_executor_config.py:175} WARNING - Could not import DAGs in example_kubernetes_executor_config.py: No module named 'kubernetes'
[2023-05-30 13:42:06,099] {logging_mixin.py:109} INFO - [2023-05-30 13:42:06,099] {example_kubernetes_executor_config.py:176} WARNING - Install kubernetes dependencies with: pip install apache-airflow['cncf.kubernetes']
[2023-05-30 13:42:06,100] {processor.py:625} WARNING - No viable dags retrieved from /home/lucia/practica_creativa/flight_prediction/src/main/scala/env/lib/python3.10/site-packages/airflow/example_dags/example_kubernetes_executor_config.py
[2023-05-30 13:42:06,119] {processor.py:170} INFO - Processing /home/lucia/practica_creativa/flight_prediction/src/main/scala/env/lib/python3.10/site-packages/airflow/example_dags/example_kubernetes_executor_config.py took 0.058 seconds
[2023-05-30 13:42:48,717] {processor.py:162} INFO - Started process (PID=134597) to work on /home/lucia/practica_creativa/flight_prediction/src/main/scala/env/lib/python3.10/site-packages/airflow/example_dags/example_kubernetes_executor_config.py
[2023-05-30 13:42:48,722] {processor.py:613} INFO - Processing file /home/lucia/practica_creativa/flight_prediction/src/main/scala/env/lib/python3.10/site-packages/airflow/example_dags/example_kubernetes_executor_config.py for tasks to queue
[2023-05-30 13:42:48,723] {logging_mixin.py:109} INFO - [2023-05-30 13:42:48,723] {dagbag.py:496} INFO - Filling up the DagBag from /home/lucia/practica_creativa/flight_prediction/src/main/scala/env/lib/python3.10/site-packages/airflow/example_dags/example_kubernetes_executor_config.py
[2023-05-30 13:42:48,738] {logging_mixin.py:109} INFO - [2023-05-30 13:42:48,738] {example_kubernetes_executor_config.py:175} WARNING - Could not import DAGs in example_kubernetes_executor_config.py: No module named 'kubernetes'
[2023-05-30 13:42:48,738] {logging_mixin.py:109} INFO - [2023-05-30 13:42:48,738] {example_kubernetes_executor_config.py:176} WARNING - Install kubernetes dependencies with: pip install apache-airflow['cncf.kubernetes']
[2023-05-30 13:42:48,739] {processor.py:625} WARNING - No viable dags retrieved from /home/lucia/practica_creativa/flight_prediction/src/main/scala/env/lib/python3.10/site-packages/airflow/example_dags/example_kubernetes_executor_config.py
[2023-05-30 13:42:48,758] {processor.py:170} INFO - Processing /home/lucia/practica_creativa/flight_prediction/src/main/scala/env/lib/python3.10/site-packages/airflow/example_dags/example_kubernetes_executor_config.py took 0.048 seconds
[2023-05-30 14:01:18,563] {processor.py:162} INFO - Started process (PID=135258) to work on /home/lucia/practica_creativa/resources/airflow/env/lib/python3.10/site-packages/airflow/example_dags/example_kubernetes_executor_config.py
[2023-05-30 14:01:18,567] {processor.py:613} INFO - Processing file /home/lucia/practica_creativa/resources/airflow/env/lib/python3.10/site-packages/airflow/example_dags/example_kubernetes_executor_config.py for tasks to queue
[2023-05-30 14:01:18,569] {logging_mixin.py:109} INFO - [2023-05-30 14:01:18,569] {dagbag.py:496} INFO - Filling up the DagBag from /home/lucia/practica_creativa/resources/airflow/env/lib/python3.10/site-packages/airflow/example_dags/example_kubernetes_executor_config.py
[2023-05-30 14:01:18,592] {logging_mixin.py:109} INFO - [2023-05-30 14:01:18,591] {example_kubernetes_executor_config.py:175} WARNING - Could not import DAGs in example_kubernetes_executor_config.py: No module named 'kubernetes'
[2023-05-30 14:01:18,592] {logging_mixin.py:109} INFO - [2023-05-30 14:01:18,592] {example_kubernetes_executor_config.py:176} WARNING - Install kubernetes dependencies with: pip install apache-airflow['cncf.kubernetes']
[2023-05-30 14:01:18,593] {processor.py:625} WARNING - No viable dags retrieved from /home/lucia/practica_creativa/resources/airflow/env/lib/python3.10/site-packages/airflow/example_dags/example_kubernetes_executor_config.py
[2023-05-30 14:01:18,612] {processor.py:170} INFO - Processing /home/lucia/practica_creativa/resources/airflow/env/lib/python3.10/site-packages/airflow/example_dags/example_kubernetes_executor_config.py took 0.068 seconds
[2023-05-30 14:02:13,860] {processor.py:162} INFO - Started process (PID=135342) to work on /home/lucia/practica_creativa/resources/airflow/env/lib/python3.10/site-packages/airflow/example_dags/example_kubernetes_executor_config.py
[2023-05-30 14:02:13,865] {processor.py:613} INFO - Processing file /home/lucia/practica_creativa/resources/airflow/env/lib/python3.10/site-packages/airflow/example_dags/example_kubernetes_executor_config.py for tasks to queue
[2023-05-30 14:02:13,866] {logging_mixin.py:109} INFO - [2023-05-30 14:02:13,866] {dagbag.py:496} INFO - Filling up the DagBag from /home/lucia/practica_creativa/resources/airflow/env/lib/python3.10/site-packages/airflow/example_dags/example_kubernetes_executor_config.py
[2023-05-30 14:02:13,885] {logging_mixin.py:109} INFO - [2023-05-30 14:02:13,885] {example_kubernetes_executor_config.py:175} WARNING - Could not import DAGs in example_kubernetes_executor_config.py: No module named 'kubernetes'
[2023-05-30 14:02:13,886] {logging_mixin.py:109} INFO - [2023-05-30 14:02:13,886] {example_kubernetes_executor_config.py:176} WARNING - Install kubernetes dependencies with: pip install apache-airflow['cncf.kubernetes']
[2023-05-30 14:02:13,887] {processor.py:625} WARNING - No viable dags retrieved from /home/lucia/practica_creativa/resources/airflow/env/lib/python3.10/site-packages/airflow/example_dags/example_kubernetes_executor_config.py
[2023-05-30 14:02:13,914] {processor.py:170} INFO - Processing /home/lucia/practica_creativa/resources/airflow/env/lib/python3.10/site-packages/airflow/example_dags/example_kubernetes_executor_config.py took 0.061 seconds
[2023-05-30 14:02:54,473] {processor.py:162} INFO - Started process (PID=135402) to work on /home/lucia/practica_creativa/resources/airflow/env/lib/python3.10/site-packages/airflow/example_dags/example_kubernetes_executor_config.py
[2023-05-30 14:02:54,477] {processor.py:613} INFO - Processing file /home/lucia/practica_creativa/resources/airflow/env/lib/python3.10/site-packages/airflow/example_dags/example_kubernetes_executor_config.py for tasks to queue
[2023-05-30 14:02:54,480] {logging_mixin.py:109} INFO - [2023-05-30 14:02:54,480] {dagbag.py:496} INFO - Filling up the DagBag from /home/lucia/practica_creativa/resources/airflow/env/lib/python3.10/site-packages/airflow/example_dags/example_kubernetes_executor_config.py
[2023-05-30 14:02:54,496] {logging_mixin.py:109} INFO - [2023-05-30 14:02:54,496] {example_kubernetes_executor_config.py:175} WARNING - Could not import DAGs in example_kubernetes_executor_config.py: No module named 'kubernetes'
[2023-05-30 14:02:54,497] {logging_mixin.py:109} INFO - [2023-05-30 14:02:54,497] {example_kubernetes_executor_config.py:176} WARNING - Install kubernetes dependencies with: pip install apache-airflow['cncf.kubernetes']
[2023-05-30 14:02:54,498] {processor.py:625} WARNING - No viable dags retrieved from /home/lucia/practica_creativa/resources/airflow/env/lib/python3.10/site-packages/airflow/example_dags/example_kubernetes_executor_config.py
[2023-05-30 14:02:54,519] {processor.py:170} INFO - Processing /home/lucia/practica_creativa/resources/airflow/env/lib/python3.10/site-packages/airflow/example_dags/example_kubernetes_executor_config.py took 0.053 seconds
[2023-05-30 14:03:40,588] {processor.py:162} INFO - Started process (PID=135476) to work on /home/lucia/practica_creativa/resources/airflow/env/lib/python3.10/site-packages/airflow/example_dags/example_kubernetes_executor_config.py
[2023-05-30 14:03:40,592] {processor.py:613} INFO - Processing file /home/lucia/practica_creativa/resources/airflow/env/lib/python3.10/site-packages/airflow/example_dags/example_kubernetes_executor_config.py for tasks to queue
[2023-05-30 14:03:40,594] {logging_mixin.py:109} INFO - [2023-05-30 14:03:40,593] {dagbag.py:496} INFO - Filling up the DagBag from /home/lucia/practica_creativa/resources/airflow/env/lib/python3.10/site-packages/airflow/example_dags/example_kubernetes_executor_config.py
[2023-05-30 14:03:40,611] {logging_mixin.py:109} INFO - [2023-05-30 14:03:40,611] {example_kubernetes_executor_config.py:175} WARNING - Could not import DAGs in example_kubernetes_executor_config.py: No module named 'kubernetes'
[2023-05-30 14:03:40,612] {logging_mixin.py:109} INFO - [2023-05-30 14:03:40,612] {example_kubernetes_executor_config.py:176} WARNING - Install kubernetes dependencies with: pip install apache-airflow['cncf.kubernetes']
[2023-05-30 14:03:40,612] {processor.py:625} WARNING - No viable dags retrieved from /home/lucia/practica_creativa/resources/airflow/env/lib/python3.10/site-packages/airflow/example_dags/example_kubernetes_executor_config.py
[2023-05-30 14:03:40,633] {processor.py:170} INFO - Processing /home/lucia/practica_creativa/resources/airflow/env/lib/python3.10/site-packages/airflow/example_dags/example_kubernetes_executor_config.py took 0.053 seconds
[2023-05-30 14:05:35,517] {processor.py:162} INFO - Started process (PID=135630) to work on /home/lucia/practica_creativa/resources/airflow/env/lib/python3.10/site-packages/airflow/example_dags/example_kubernetes_executor_config.py
[2023-05-30 14:05:35,522] {processor.py:613} INFO - Processing file /home/lucia/practica_creativa/resources/airflow/env/lib/python3.10/site-packages/airflow/example_dags/example_kubernetes_executor_config.py for tasks to queue
[2023-05-30 14:05:35,523] {logging_mixin.py:109} INFO - [2023-05-30 14:05:35,523] {dagbag.py:496} INFO - Filling up the DagBag from /home/lucia/practica_creativa/resources/airflow/env/lib/python3.10/site-packages/airflow/example_dags/example_kubernetes_executor_config.py
[2023-05-30 14:05:35,569] {logging_mixin.py:109} INFO - [2023-05-30 14:05:35,569] {example_kubernetes_executor_config.py:175} WARNING - Could not import DAGs in example_kubernetes_executor_config.py: No module named 'kubernetes'
[2023-05-30 14:05:35,569] {logging_mixin.py:109} INFO - [2023-05-30 14:05:35,569] {example_kubernetes_executor_config.py:176} WARNING - Install kubernetes dependencies with: pip install apache-airflow['cncf.kubernetes']
[2023-05-30 14:05:35,570] {processor.py:625} WARNING - No viable dags retrieved from /home/lucia/practica_creativa/resources/airflow/env/lib/python3.10/site-packages/airflow/example_dags/example_kubernetes_executor_config.py
[2023-05-30 14:05:35,588] {processor.py:170} INFO - Processing /home/lucia/practica_creativa/resources/airflow/env/lib/python3.10/site-packages/airflow/example_dags/example_kubernetes_executor_config.py took 0.097 seconds
[2023-05-30 14:09:41,517] {processor.py:162} INFO - Started process (PID=135756) to work on /home/lucia/practica_creativa/resources/airflow/env/lib/python3.10/site-packages/airflow/example_dags/example_kubernetes_executor_config.py
[2023-05-30 14:09:41,521] {processor.py:613} INFO - Processing file /home/lucia/practica_creativa/resources/airflow/env/lib/python3.10/site-packages/airflow/example_dags/example_kubernetes_executor_config.py for tasks to queue
[2023-05-30 14:09:41,522] {logging_mixin.py:109} INFO - [2023-05-30 14:09:41,522] {dagbag.py:496} INFO - Filling up the DagBag from /home/lucia/practica_creativa/resources/airflow/env/lib/python3.10/site-packages/airflow/example_dags/example_kubernetes_executor_config.py
[2023-05-30 14:09:41,554] {logging_mixin.py:109} INFO - [2023-05-30 14:09:41,551] {example_kubernetes_executor_config.py:175} WARNING - Could not import DAGs in example_kubernetes_executor_config.py: No module named 'kubernetes'
[2023-05-30 14:09:41,556] {logging_mixin.py:109} INFO - [2023-05-30 14:09:41,554] {example_kubernetes_executor_config.py:176} WARNING - Install kubernetes dependencies with: pip install apache-airflow['cncf.kubernetes']
[2023-05-30 14:09:41,556] {processor.py:625} WARNING - No viable dags retrieved from /home/lucia/practica_creativa/resources/airflow/env/lib/python3.10/site-packages/airflow/example_dags/example_kubernetes_executor_config.py
[2023-05-30 14:09:41,582] {processor.py:170} INFO - Processing /home/lucia/practica_creativa/resources/airflow/env/lib/python3.10/site-packages/airflow/example_dags/example_kubernetes_executor_config.py took 0.072 seconds
[2023-05-30 14:10:37,337] {processor.py:162} INFO - Started process (PID=135835) to work on /home/lucia/practica_creativa/resources/airflow/env/lib/python3.10/site-packages/airflow/example_dags/example_kubernetes_executor_config.py
[2023-05-30 14:10:37,341] {processor.py:613} INFO - Processing file /home/lucia/practica_creativa/resources/airflow/env/lib/python3.10/site-packages/airflow/example_dags/example_kubernetes_executor_config.py for tasks to queue
[2023-05-30 14:10:37,343] {logging_mixin.py:109} INFO - [2023-05-30 14:10:37,342] {dagbag.py:496} INFO - Filling up the DagBag from /home/lucia/practica_creativa/resources/airflow/env/lib/python3.10/site-packages/airflow/example_dags/example_kubernetes_executor_config.py
[2023-05-30 14:10:37,369] {logging_mixin.py:109} INFO - [2023-05-30 14:10:37,369] {example_kubernetes_executor_config.py:175} WARNING - Could not import DAGs in example_kubernetes_executor_config.py: No module named 'kubernetes'
[2023-05-30 14:10:37,369] {logging_mixin.py:109} INFO - [2023-05-30 14:10:37,369] {example_kubernetes_executor_config.py:176} WARNING - Install kubernetes dependencies with: pip install apache-airflow['cncf.kubernetes']
[2023-05-30 14:10:37,370] {processor.py:625} WARNING - No viable dags retrieved from /home/lucia/practica_creativa/resources/airflow/env/lib/python3.10/site-packages/airflow/example_dags/example_kubernetes_executor_config.py
[2023-05-30 14:10:37,397] {processor.py:170} INFO - Processing /home/lucia/practica_creativa/resources/airflow/env/lib/python3.10/site-packages/airflow/example_dags/example_kubernetes_executor_config.py took 0.068 seconds
[2023-05-30 14:26:09,331] {processor.py:162} INFO - Started process (PID=136084) to work on /home/lucia/practica_creativa/resources/airflow/env/lib/python3.10/site-packages/airflow/example_dags/example_kubernetes_executor_config.py
[2023-05-30 14:26:09,335] {processor.py:613} INFO - Processing file /home/lucia/practica_creativa/resources/airflow/env/lib/python3.10/site-packages/airflow/example_dags/example_kubernetes_executor_config.py for tasks to queue
[2023-05-30 14:26:09,341] {logging_mixin.py:109} INFO - [2023-05-30 14:26:09,341] {dagbag.py:496} INFO - Filling up the DagBag from /home/lucia/practica_creativa/resources/airflow/env/lib/python3.10/site-packages/airflow/example_dags/example_kubernetes_executor_config.py
[2023-05-30 14:26:09,415] {logging_mixin.py:109} INFO - [2023-05-30 14:26:09,415] {example_kubernetes_executor_config.py:175} WARNING - Could not import DAGs in example_kubernetes_executor_config.py: No module named 'kubernetes'
[2023-05-30 14:26:09,416] {logging_mixin.py:109} INFO - [2023-05-30 14:26:09,416] {example_kubernetes_executor_config.py:176} WARNING - Install kubernetes dependencies with: pip install apache-airflow['cncf.kubernetes']
[2023-05-30 14:26:09,416] {processor.py:625} WARNING - No viable dags retrieved from /home/lucia/practica_creativa/resources/airflow/env/lib/python3.10/site-packages/airflow/example_dags/example_kubernetes_executor_config.py
[2023-05-30 14:26:09,433] {processor.py:170} INFO - Processing /home/lucia/practica_creativa/resources/airflow/env/lib/python3.10/site-packages/airflow/example_dags/example_kubernetes_executor_config.py took 0.121 seconds
[2023-05-30 14:37:48,801] {processor.py:162} INFO - Started process (PID=136278) to work on /home/lucia/practica_creativa/resources/airflow/env/lib/python3.10/site-packages/airflow/example_dags/example_kubernetes_executor_config.py
[2023-05-30 14:37:48,805] {processor.py:613} INFO - Processing file /home/lucia/practica_creativa/resources/airflow/env/lib/python3.10/site-packages/airflow/example_dags/example_kubernetes_executor_config.py for tasks to queue
[2023-05-30 14:37:48,806] {logging_mixin.py:109} INFO - [2023-05-30 14:37:48,806] {dagbag.py:496} INFO - Filling up the DagBag from /home/lucia/practica_creativa/resources/airflow/env/lib/python3.10/site-packages/airflow/example_dags/example_kubernetes_executor_config.py
[2023-05-30 14:37:48,827] {logging_mixin.py:109} INFO - [2023-05-30 14:37:48,827] {example_kubernetes_executor_config.py:175} WARNING - Could not import DAGs in example_kubernetes_executor_config.py: No module named 'kubernetes'
[2023-05-30 14:37:48,827] {logging_mixin.py:109} INFO - [2023-05-30 14:37:48,827] {example_kubernetes_executor_config.py:176} WARNING - Install kubernetes dependencies with: pip install apache-airflow['cncf.kubernetes']
[2023-05-30 14:37:48,828] {processor.py:625} WARNING - No viable dags retrieved from /home/lucia/practica_creativa/resources/airflow/env/lib/python3.10/site-packages/airflow/example_dags/example_kubernetes_executor_config.py
[2023-05-30 14:37:48,846] {processor.py:170} INFO - Processing /home/lucia/practica_creativa/resources/airflow/env/lib/python3.10/site-packages/airflow/example_dags/example_kubernetes_executor_config.py took 0.054 seconds
[2023-05-30 14:38:28,245] {processor.py:162} INFO - Started process (PID=136314) to work on /home/lucia/practica_creativa/resources/airflow/env/lib/python3.10/site-packages/airflow/example_dags/example_kubernetes_executor_config.py
[2023-05-30 14:38:28,249] {processor.py:613} INFO - Processing file /home/lucia/practica_creativa/resources/airflow/env/lib/python3.10/site-packages/airflow/example_dags/example_kubernetes_executor_config.py for tasks to queue
[2023-05-30 14:38:28,251] {logging_mixin.py:109} INFO - [2023-05-30 14:38:28,250] {dagbag.py:496} INFO - Filling up the DagBag from /home/lucia/practica_creativa/resources/airflow/env/lib/python3.10/site-packages/airflow/example_dags/example_kubernetes_executor_config.py
[2023-05-30 14:38:28,272] {logging_mixin.py:109} INFO - [2023-05-30 14:38:28,272] {example_kubernetes_executor_config.py:175} WARNING - Could not import DAGs in example_kubernetes_executor_config.py: No module named 'kubernetes'
[2023-05-30 14:38:28,273] {logging_mixin.py:109} INFO - [2023-05-30 14:38:28,272] {example_kubernetes_executor_config.py:176} WARNING - Install kubernetes dependencies with: pip install apache-airflow['cncf.kubernetes']
[2023-05-30 14:38:28,273] {processor.py:625} WARNING - No viable dags retrieved from /home/lucia/practica_creativa/resources/airflow/env/lib/python3.10/site-packages/airflow/example_dags/example_kubernetes_executor_config.py
[2023-05-30 14:38:28,290] {processor.py:170} INFO - Processing /home/lucia/practica_creativa/resources/airflow/env/lib/python3.10/site-packages/airflow/example_dags/example_kubernetes_executor_config.py took 0.052 seconds
