[2023-05-30 13:42:01,578] {processor.py:162} INFO - Started process (PID=134539) to work on /home/lucia/practica_creativa/flight_prediction/src/main/scala/env/lib/python3.10/site-packages/airflow/example_dags/example_kubernetes_executor.py
[2023-05-30 13:42:01,581] {processor.py:613} INFO - Processing file /home/lucia/practica_creativa/flight_prediction/src/main/scala/env/lib/python3.10/site-packages/airflow/example_dags/example_kubernetes_executor.py for tasks to queue
[2023-05-30 13:42:01,583] {logging_mixin.py:109} INFO - [2023-05-30 13:42:01,583] {dagbag.py:496} INFO - Filling up the DagBag from /home/lucia/practica_creativa/flight_prediction/src/main/scala/env/lib/python3.10/site-packages/airflow/example_dags/example_kubernetes_executor.py
[2023-05-30 13:42:01,623] {processor.py:623} INFO - DAG(s) dict_keys(['example_kubernetes_executor']) retrieved from /home/lucia/practica_creativa/flight_prediction/src/main/scala/env/lib/python3.10/site-packages/airflow/example_dags/example_kubernetes_executor.py
[2023-05-30 13:42:01,663] {logging_mixin.py:109} INFO - [2023-05-30 13:42:01,663] {dag.py:1834} INFO - Sync 1 DAGs
[2023-05-30 13:42:01,689] {logging_mixin.py:109} INFO - [2023-05-30 13:42:01,689] {dag.py:2287} INFO - Setting next_dagrun for example_kubernetes_executor to None
[2023-05-30 13:42:01,717] {processor.py:170} INFO - Processing /home/lucia/practica_creativa/flight_prediction/src/main/scala/env/lib/python3.10/site-packages/airflow/example_dags/example_kubernetes_executor.py took 0.178 seconds
[2023-05-30 13:42:43,397] {processor.py:162} INFO - Started process (PID=134593) to work on /home/lucia/practica_creativa/flight_prediction/src/main/scala/env/lib/python3.10/site-packages/airflow/example_dags/example_kubernetes_executor.py
[2023-05-30 13:42:43,401] {processor.py:613} INFO - Processing file /home/lucia/practica_creativa/flight_prediction/src/main/scala/env/lib/python3.10/site-packages/airflow/example_dags/example_kubernetes_executor.py for tasks to queue
[2023-05-30 13:42:43,403] {logging_mixin.py:109} INFO - [2023-05-30 13:42:43,403] {dagbag.py:496} INFO - Filling up the DagBag from /home/lucia/practica_creativa/flight_prediction/src/main/scala/env/lib/python3.10/site-packages/airflow/example_dags/example_kubernetes_executor.py
[2023-05-30 13:42:43,442] {processor.py:623} INFO - DAG(s) dict_keys(['example_kubernetes_executor']) retrieved from /home/lucia/practica_creativa/flight_prediction/src/main/scala/env/lib/python3.10/site-packages/airflow/example_dags/example_kubernetes_executor.py
[2023-05-30 13:42:43,478] {logging_mixin.py:109} INFO - [2023-05-30 13:42:43,478] {dag.py:1834} INFO - Sync 1 DAGs
[2023-05-30 13:42:43,501] {logging_mixin.py:109} INFO - [2023-05-30 13:42:43,501] {dag.py:2287} INFO - Setting next_dagrun for example_kubernetes_executor to None
[2023-05-30 13:42:43,533] {processor.py:170} INFO - Processing /home/lucia/practica_creativa/flight_prediction/src/main/scala/env/lib/python3.10/site-packages/airflow/example_dags/example_kubernetes_executor.py took 0.143 seconds
[2023-05-30 14:01:14,617] {processor.py:162} INFO - Started process (PID=135242) to work on /home/lucia/practica_creativa/resources/airflow/env/lib/python3.10/site-packages/airflow/example_dags/example_kubernetes_executor.py
[2023-05-30 14:01:14,622] {processor.py:613} INFO - Processing file /home/lucia/practica_creativa/resources/airflow/env/lib/python3.10/site-packages/airflow/example_dags/example_kubernetes_executor.py for tasks to queue
[2023-05-30 14:01:14,624] {logging_mixin.py:109} INFO - [2023-05-30 14:01:14,623] {dagbag.py:496} INFO - Filling up the DagBag from /home/lucia/practica_creativa/resources/airflow/env/lib/python3.10/site-packages/airflow/example_dags/example_kubernetes_executor.py
[2023-05-30 14:01:14,682] {processor.py:623} INFO - DAG(s) dict_keys(['example_kubernetes_executor']) retrieved from /home/lucia/practica_creativa/resources/airflow/env/lib/python3.10/site-packages/airflow/example_dags/example_kubernetes_executor.py
[2023-05-30 14:01:14,742] {logging_mixin.py:109} INFO - [2023-05-30 14:01:14,742] {dag.py:1834} INFO - Sync 1 DAGs
[2023-05-30 14:01:14,777] {logging_mixin.py:109} INFO - [2023-05-30 14:01:14,777] {dag.py:2287} INFO - Setting next_dagrun for example_kubernetes_executor to None
[2023-05-30 14:01:14,800] {processor.py:170} INFO - Processing /home/lucia/practica_creativa/resources/airflow/env/lib/python3.10/site-packages/airflow/example_dags/example_kubernetes_executor.py took 0.190 seconds
[2023-05-30 14:02:09,900] {processor.py:162} INFO - Started process (PID=135339) to work on /home/lucia/practica_creativa/resources/airflow/env/lib/python3.10/site-packages/airflow/example_dags/example_kubernetes_executor.py
[2023-05-30 14:02:09,903] {processor.py:613} INFO - Processing file /home/lucia/practica_creativa/resources/airflow/env/lib/python3.10/site-packages/airflow/example_dags/example_kubernetes_executor.py for tasks to queue
[2023-05-30 14:02:09,905] {logging_mixin.py:109} INFO - [2023-05-30 14:02:09,905] {dagbag.py:496} INFO - Filling up the DagBag from /home/lucia/practica_creativa/resources/airflow/env/lib/python3.10/site-packages/airflow/example_dags/example_kubernetes_executor.py
[2023-05-30 14:02:09,939] {processor.py:623} INFO - DAG(s) dict_keys(['example_kubernetes_executor']) retrieved from /home/lucia/practica_creativa/resources/airflow/env/lib/python3.10/site-packages/airflow/example_dags/example_kubernetes_executor.py
[2023-05-30 14:02:09,977] {logging_mixin.py:109} INFO - [2023-05-30 14:02:09,977] {dag.py:1834} INFO - Sync 1 DAGs
[2023-05-30 14:02:09,999] {logging_mixin.py:109} INFO - [2023-05-30 14:02:09,999] {dag.py:2287} INFO - Setting next_dagrun for example_kubernetes_executor to None
[2023-05-30 14:02:10,028] {processor.py:170} INFO - Processing /home/lucia/practica_creativa/resources/airflow/env/lib/python3.10/site-packages/airflow/example_dags/example_kubernetes_executor.py took 0.137 seconds
[2023-05-30 14:02:50,601] {processor.py:162} INFO - Started process (PID=135394) to work on /home/lucia/practica_creativa/resources/airflow/env/lib/python3.10/site-packages/airflow/example_dags/example_kubernetes_executor.py
[2023-05-30 14:02:50,605] {processor.py:613} INFO - Processing file /home/lucia/practica_creativa/resources/airflow/env/lib/python3.10/site-packages/airflow/example_dags/example_kubernetes_executor.py for tasks to queue
[2023-05-30 14:02:50,607] {logging_mixin.py:109} INFO - [2023-05-30 14:02:50,606] {dagbag.py:496} INFO - Filling up the DagBag from /home/lucia/practica_creativa/resources/airflow/env/lib/python3.10/site-packages/airflow/example_dags/example_kubernetes_executor.py
[2023-05-30 14:02:50,652] {processor.py:623} INFO - DAG(s) dict_keys(['example_kubernetes_executor']) retrieved from /home/lucia/practica_creativa/resources/airflow/env/lib/python3.10/site-packages/airflow/example_dags/example_kubernetes_executor.py
[2023-05-30 14:02:50,702] {logging_mixin.py:109} INFO - [2023-05-30 14:02:50,702] {dag.py:1834} INFO - Sync 1 DAGs
[2023-05-30 14:02:50,731] {logging_mixin.py:109} INFO - [2023-05-30 14:02:50,731] {dag.py:2287} INFO - Setting next_dagrun for example_kubernetes_executor to None
[2023-05-30 14:02:50,765] {processor.py:170} INFO - Processing /home/lucia/practica_creativa/resources/airflow/env/lib/python3.10/site-packages/airflow/example_dags/example_kubernetes_executor.py took 0.173 seconds
[2023-05-30 14:03:36,346] {processor.py:162} INFO - Started process (PID=135472) to work on /home/lucia/practica_creativa/resources/airflow/env/lib/python3.10/site-packages/airflow/example_dags/example_kubernetes_executor.py
[2023-05-30 14:03:36,350] {processor.py:613} INFO - Processing file /home/lucia/practica_creativa/resources/airflow/env/lib/python3.10/site-packages/airflow/example_dags/example_kubernetes_executor.py for tasks to queue
[2023-05-30 14:03:36,353] {logging_mixin.py:109} INFO - [2023-05-30 14:03:36,353] {dagbag.py:496} INFO - Filling up the DagBag from /home/lucia/practica_creativa/resources/airflow/env/lib/python3.10/site-packages/airflow/example_dags/example_kubernetes_executor.py
[2023-05-30 14:03:36,514] {processor.py:623} INFO - DAG(s) dict_keys(['example_kubernetes_executor']) retrieved from /home/lucia/practica_creativa/resources/airflow/env/lib/python3.10/site-packages/airflow/example_dags/example_kubernetes_executor.py
[2023-05-30 14:03:36,563] {logging_mixin.py:109} INFO - [2023-05-30 14:03:36,563] {dag.py:1834} INFO - Sync 1 DAGs
[2023-05-30 14:03:36,590] {logging_mixin.py:109} INFO - [2023-05-30 14:03:36,590] {dag.py:2287} INFO - Setting next_dagrun for example_kubernetes_executor to None
[2023-05-30 14:03:36,618] {processor.py:170} INFO - Processing /home/lucia/practica_creativa/resources/airflow/env/lib/python3.10/site-packages/airflow/example_dags/example_kubernetes_executor.py took 0.295 seconds
[2023-05-30 14:05:31,545] {processor.py:162} INFO - Started process (PID=135627) to work on /home/lucia/practica_creativa/resources/airflow/env/lib/python3.10/site-packages/airflow/example_dags/example_kubernetes_executor.py
[2023-05-30 14:05:31,557] {processor.py:613} INFO - Processing file /home/lucia/practica_creativa/resources/airflow/env/lib/python3.10/site-packages/airflow/example_dags/example_kubernetes_executor.py for tasks to queue
[2023-05-30 14:05:31,570] {logging_mixin.py:109} INFO - [2023-05-30 14:05:31,570] {dagbag.py:496} INFO - Filling up the DagBag from /home/lucia/practica_creativa/resources/airflow/env/lib/python3.10/site-packages/airflow/example_dags/example_kubernetes_executor.py
[2023-05-30 14:05:31,638] {processor.py:623} INFO - DAG(s) dict_keys(['example_kubernetes_executor']) retrieved from /home/lucia/practica_creativa/resources/airflow/env/lib/python3.10/site-packages/airflow/example_dags/example_kubernetes_executor.py
[2023-05-30 14:05:31,677] {logging_mixin.py:109} INFO - [2023-05-30 14:05:31,677] {dag.py:1834} INFO - Sync 1 DAGs
[2023-05-30 14:05:31,697] {logging_mixin.py:109} INFO - [2023-05-30 14:05:31,696] {dag.py:2287} INFO - Setting next_dagrun for example_kubernetes_executor to None
[2023-05-30 14:05:31,723] {processor.py:170} INFO - Processing /home/lucia/practica_creativa/resources/airflow/env/lib/python3.10/site-packages/airflow/example_dags/example_kubernetes_executor.py took 0.189 seconds
[2023-05-30 14:09:37,667] {processor.py:162} INFO - Started process (PID=135753) to work on /home/lucia/practica_creativa/resources/airflow/env/lib/python3.10/site-packages/airflow/example_dags/example_kubernetes_executor.py
[2023-05-30 14:09:37,671] {processor.py:613} INFO - Processing file /home/lucia/practica_creativa/resources/airflow/env/lib/python3.10/site-packages/airflow/example_dags/example_kubernetes_executor.py for tasks to queue
[2023-05-30 14:09:37,672] {logging_mixin.py:109} INFO - [2023-05-30 14:09:37,672] {dagbag.py:496} INFO - Filling up the DagBag from /home/lucia/practica_creativa/resources/airflow/env/lib/python3.10/site-packages/airflow/example_dags/example_kubernetes_executor.py
[2023-05-30 14:09:37,708] {processor.py:623} INFO - DAG(s) dict_keys(['example_kubernetes_executor']) retrieved from /home/lucia/practica_creativa/resources/airflow/env/lib/python3.10/site-packages/airflow/example_dags/example_kubernetes_executor.py
[2023-05-30 14:09:37,759] {logging_mixin.py:109} INFO - [2023-05-30 14:09:37,758] {dag.py:1834} INFO - Sync 1 DAGs
[2023-05-30 14:09:37,788] {logging_mixin.py:109} INFO - [2023-05-30 14:09:37,788] {dag.py:2287} INFO - Setting next_dagrun for example_kubernetes_executor to None
[2023-05-30 14:09:37,821] {processor.py:170} INFO - Processing /home/lucia/practica_creativa/resources/airflow/env/lib/python3.10/site-packages/airflow/example_dags/example_kubernetes_executor.py took 0.161 seconds
[2023-05-30 14:10:33,435] {processor.py:162} INFO - Started process (PID=135832) to work on /home/lucia/practica_creativa/resources/airflow/env/lib/python3.10/site-packages/airflow/example_dags/example_kubernetes_executor.py
[2023-05-30 14:10:33,440] {processor.py:613} INFO - Processing file /home/lucia/practica_creativa/resources/airflow/env/lib/python3.10/site-packages/airflow/example_dags/example_kubernetes_executor.py for tasks to queue
[2023-05-30 14:10:33,443] {logging_mixin.py:109} INFO - [2023-05-30 14:10:33,443] {dagbag.py:496} INFO - Filling up the DagBag from /home/lucia/practica_creativa/resources/airflow/env/lib/python3.10/site-packages/airflow/example_dags/example_kubernetes_executor.py
[2023-05-30 14:10:33,481] {processor.py:623} INFO - DAG(s) dict_keys(['example_kubernetes_executor']) retrieved from /home/lucia/practica_creativa/resources/airflow/env/lib/python3.10/site-packages/airflow/example_dags/example_kubernetes_executor.py
[2023-05-30 14:10:33,532] {logging_mixin.py:109} INFO - [2023-05-30 14:10:33,532] {dag.py:1834} INFO - Sync 1 DAGs
[2023-05-30 14:10:33,556] {logging_mixin.py:109} INFO - [2023-05-30 14:10:33,556] {dag.py:2287} INFO - Setting next_dagrun for example_kubernetes_executor to None
[2023-05-30 14:10:33,586] {processor.py:170} INFO - Processing /home/lucia/practica_creativa/resources/airflow/env/lib/python3.10/site-packages/airflow/example_dags/example_kubernetes_executor.py took 0.160 seconds
[2023-05-30 14:11:17,799] {processor.py:162} INFO - Started process (PID=135873) to work on /home/lucia/practica_creativa/resources/airflow/env/lib/python3.10/site-packages/airflow/example_dags/example_kubernetes_executor.py
[2023-05-30 14:11:17,803] {processor.py:613} INFO - Processing file /home/lucia/practica_creativa/resources/airflow/env/lib/python3.10/site-packages/airflow/example_dags/example_kubernetes_executor.py for tasks to queue
[2023-05-30 14:11:17,805] {logging_mixin.py:109} INFO - [2023-05-30 14:11:17,805] {dagbag.py:496} INFO - Filling up the DagBag from /home/lucia/practica_creativa/resources/airflow/env/lib/python3.10/site-packages/airflow/example_dags/example_kubernetes_executor.py
[2023-05-30 14:11:17,842] {processor.py:623} INFO - DAG(s) dict_keys(['example_kubernetes_executor']) retrieved from /home/lucia/practica_creativa/resources/airflow/env/lib/python3.10/site-packages/airflow/example_dags/example_kubernetes_executor.py
[2023-05-30 14:11:17,883] {logging_mixin.py:109} INFO - [2023-05-30 14:11:17,883] {dag.py:1834} INFO - Sync 1 DAGs
[2023-05-30 14:11:17,907] {logging_mixin.py:109} INFO - [2023-05-30 14:11:17,907] {dag.py:2287} INFO - Setting next_dagrun for example_kubernetes_executor to None
[2023-05-30 14:11:17,953] {processor.py:170} INFO - Processing /home/lucia/practica_creativa/resources/airflow/env/lib/python3.10/site-packages/airflow/example_dags/example_kubernetes_executor.py took 0.165 seconds
[2023-05-30 14:26:05,379] {processor.py:162} INFO - Started process (PID=136081) to work on /home/lucia/practica_creativa/resources/airflow/env/lib/python3.10/site-packages/airflow/example_dags/example_kubernetes_executor.py
[2023-05-30 14:26:05,382] {processor.py:613} INFO - Processing file /home/lucia/practica_creativa/resources/airflow/env/lib/python3.10/site-packages/airflow/example_dags/example_kubernetes_executor.py for tasks to queue
[2023-05-30 14:26:05,384] {logging_mixin.py:109} INFO - [2023-05-30 14:26:05,383] {dagbag.py:496} INFO - Filling up the DagBag from /home/lucia/practica_creativa/resources/airflow/env/lib/python3.10/site-packages/airflow/example_dags/example_kubernetes_executor.py
[2023-05-30 14:26:05,427] {processor.py:623} INFO - DAG(s) dict_keys(['example_kubernetes_executor']) retrieved from /home/lucia/practica_creativa/resources/airflow/env/lib/python3.10/site-packages/airflow/example_dags/example_kubernetes_executor.py
[2023-05-30 14:26:05,461] {logging_mixin.py:109} INFO - [2023-05-30 14:26:05,461] {dag.py:1834} INFO - Sync 1 DAGs
[2023-05-30 14:26:05,489] {logging_mixin.py:109} INFO - [2023-05-30 14:26:05,488] {dag.py:2287} INFO - Setting next_dagrun for example_kubernetes_executor to None
[2023-05-30 14:26:05,514] {processor.py:170} INFO - Processing /home/lucia/practica_creativa/resources/airflow/env/lib/python3.10/site-packages/airflow/example_dags/example_kubernetes_executor.py took 0.143 seconds
[2023-05-30 14:37:07,268] {processor.py:162} INFO - Started process (PID=136245) to work on /home/lucia/practica_creativa/resources/airflow/env/lib/python3.10/site-packages/airflow/example_dags/example_kubernetes_executor.py
[2023-05-30 14:37:07,272] {processor.py:613} INFO - Processing file /home/lucia/practica_creativa/resources/airflow/env/lib/python3.10/site-packages/airflow/example_dags/example_kubernetes_executor.py for tasks to queue
[2023-05-30 14:37:07,273] {logging_mixin.py:109} INFO - [2023-05-30 14:37:07,273] {dagbag.py:496} INFO - Filling up the DagBag from /home/lucia/practica_creativa/resources/airflow/env/lib/python3.10/site-packages/airflow/example_dags/example_kubernetes_executor.py
[2023-05-30 14:37:07,312] {processor.py:623} INFO - DAG(s) dict_keys(['example_kubernetes_executor']) retrieved from /home/lucia/practica_creativa/resources/airflow/env/lib/python3.10/site-packages/airflow/example_dags/example_kubernetes_executor.py
[2023-05-30 14:37:07,347] {logging_mixin.py:109} INFO - [2023-05-30 14:37:07,347] {dag.py:1834} INFO - Sync 1 DAGs
[2023-05-30 14:37:07,369] {logging_mixin.py:109} INFO - [2023-05-30 14:37:07,368] {dag.py:2287} INFO - Setting next_dagrun for example_kubernetes_executor to None
[2023-05-30 14:37:07,393] {processor.py:170} INFO - Processing /home/lucia/practica_creativa/resources/airflow/env/lib/python3.10/site-packages/airflow/example_dags/example_kubernetes_executor.py took 0.135 seconds
[2023-05-30 14:37:44,893] {processor.py:162} INFO - Started process (PID=136275) to work on /home/lucia/practica_creativa/resources/airflow/env/lib/python3.10/site-packages/airflow/example_dags/example_kubernetes_executor.py
[2023-05-30 14:37:44,896] {processor.py:613} INFO - Processing file /home/lucia/practica_creativa/resources/airflow/env/lib/python3.10/site-packages/airflow/example_dags/example_kubernetes_executor.py for tasks to queue
[2023-05-30 14:37:44,898] {logging_mixin.py:109} INFO - [2023-05-30 14:37:44,898] {dagbag.py:496} INFO - Filling up the DagBag from /home/lucia/practica_creativa/resources/airflow/env/lib/python3.10/site-packages/airflow/example_dags/example_kubernetes_executor.py
[2023-05-30 14:37:44,937] {processor.py:623} INFO - DAG(s) dict_keys(['example_kubernetes_executor']) retrieved from /home/lucia/practica_creativa/resources/airflow/env/lib/python3.10/site-packages/airflow/example_dags/example_kubernetes_executor.py
[2023-05-30 14:37:44,976] {logging_mixin.py:109} INFO - [2023-05-30 14:37:44,976] {dag.py:1834} INFO - Sync 1 DAGs
[2023-05-30 14:37:44,999] {logging_mixin.py:109} INFO - [2023-05-30 14:37:44,999] {dag.py:2287} INFO - Setting next_dagrun for example_kubernetes_executor to None
[2023-05-30 14:37:45,028] {processor.py:170} INFO - Processing /home/lucia/practica_creativa/resources/airflow/env/lib/python3.10/site-packages/airflow/example_dags/example_kubernetes_executor.py took 0.142 seconds
[2023-05-30 14:38:24,313] {processor.py:162} INFO - Started process (PID=136311) to work on /home/lucia/practica_creativa/resources/airflow/env/lib/python3.10/site-packages/airflow/example_dags/example_kubernetes_executor.py
[2023-05-30 14:38:24,317] {processor.py:613} INFO - Processing file /home/lucia/practica_creativa/resources/airflow/env/lib/python3.10/site-packages/airflow/example_dags/example_kubernetes_executor.py for tasks to queue
[2023-05-30 14:38:24,318] {logging_mixin.py:109} INFO - [2023-05-30 14:38:24,318] {dagbag.py:496} INFO - Filling up the DagBag from /home/lucia/practica_creativa/resources/airflow/env/lib/python3.10/site-packages/airflow/example_dags/example_kubernetes_executor.py
[2023-05-30 14:38:24,362] {processor.py:623} INFO - DAG(s) dict_keys(['example_kubernetes_executor']) retrieved from /home/lucia/practica_creativa/resources/airflow/env/lib/python3.10/site-packages/airflow/example_dags/example_kubernetes_executor.py
[2023-05-30 14:38:24,396] {logging_mixin.py:109} INFO - [2023-05-30 14:38:24,395] {dag.py:1834} INFO - Sync 1 DAGs
[2023-05-30 14:38:24,416] {logging_mixin.py:109} INFO - [2023-05-30 14:38:24,416] {dag.py:2287} INFO - Setting next_dagrun for example_kubernetes_executor to None
[2023-05-30 14:38:24,444] {processor.py:170} INFO - Processing /home/lucia/practica_creativa/resources/airflow/env/lib/python3.10/site-packages/airflow/example_dags/example_kubernetes_executor.py took 0.139 seconds
