[2023-05-30 13:42:13,653] {processor.py:162} INFO - Started process (PID=134565) to work on /home/lucia/practica_creativa/flight_prediction/src/main/scala/env/lib/python3.10/site-packages/airflow/example_dags/example_branch_labels.py
[2023-05-30 13:42:13,659] {processor.py:613} INFO - Processing file /home/lucia/practica_creativa/flight_prediction/src/main/scala/env/lib/python3.10/site-packages/airflow/example_dags/example_branch_labels.py for tasks to queue
[2023-05-30 13:42:13,660] {logging_mixin.py:109} INFO - [2023-05-30 13:42:13,660] {dagbag.py:496} INFO - Filling up the DagBag from /home/lucia/practica_creativa/flight_prediction/src/main/scala/env/lib/python3.10/site-packages/airflow/example_dags/example_branch_labels.py
[2023-05-30 13:42:13,701] {processor.py:623} INFO - DAG(s) dict_keys(['example_branch_labels']) retrieved from /home/lucia/practica_creativa/flight_prediction/src/main/scala/env/lib/python3.10/site-packages/airflow/example_dags/example_branch_labels.py
[2023-05-30 13:42:13,753] {logging_mixin.py:109} INFO - [2023-05-30 13:42:13,752] {dag.py:1834} INFO - Sync 1 DAGs
[2023-05-30 13:42:13,791] {logging_mixin.py:109} INFO - [2023-05-30 13:42:13,791] {dag.py:2287} INFO - Setting next_dagrun for example_branch_labels to 2023-05-28 00:00:00+00:00
[2023-05-30 13:42:13,816] {processor.py:170} INFO - Processing /home/lucia/practica_creativa/flight_prediction/src/main/scala/env/lib/python3.10/site-packages/airflow/example_dags/example_branch_labels.py took 0.177 seconds
[2023-05-30 13:42:56,522] {processor.py:162} INFO - Started process (PID=134619) to work on /home/lucia/practica_creativa/flight_prediction/src/main/scala/env/lib/python3.10/site-packages/airflow/example_dags/example_branch_labels.py
[2023-05-30 13:42:56,527] {processor.py:613} INFO - Processing file /home/lucia/practica_creativa/flight_prediction/src/main/scala/env/lib/python3.10/site-packages/airflow/example_dags/example_branch_labels.py for tasks to queue
[2023-05-30 13:42:56,529] {logging_mixin.py:109} INFO - [2023-05-30 13:42:56,529] {dagbag.py:496} INFO - Filling up the DagBag from /home/lucia/practica_creativa/flight_prediction/src/main/scala/env/lib/python3.10/site-packages/airflow/example_dags/example_branch_labels.py
[2023-05-30 13:42:56,565] {processor.py:623} INFO - DAG(s) dict_keys(['example_branch_labels']) retrieved from /home/lucia/practica_creativa/flight_prediction/src/main/scala/env/lib/python3.10/site-packages/airflow/example_dags/example_branch_labels.py
[2023-05-30 13:42:56,612] {logging_mixin.py:109} INFO - [2023-05-30 13:42:56,611] {dag.py:1834} INFO - Sync 1 DAGs
[2023-05-30 13:42:56,651] {logging_mixin.py:109} INFO - [2023-05-30 13:42:56,650] {dag.py:2287} INFO - Setting next_dagrun for example_branch_labels to 2023-05-28 00:00:00+00:00
[2023-05-30 13:42:56,672] {processor.py:170} INFO - Processing /home/lucia/practica_creativa/flight_prediction/src/main/scala/env/lib/python3.10/site-packages/airflow/example_dags/example_branch_labels.py took 0.158 seconds
[2023-05-30 14:01:28,943] {processor.py:162} INFO - Started process (PID=135267) to work on /home/lucia/practica_creativa/resources/airflow/env/lib/python3.10/site-packages/airflow/example_dags/example_branch_labels.py
[2023-05-30 14:01:28,968] {processor.py:613} INFO - Processing file /home/lucia/practica_creativa/resources/airflow/env/lib/python3.10/site-packages/airflow/example_dags/example_branch_labels.py for tasks to queue
[2023-05-30 14:01:28,969] {logging_mixin.py:109} INFO - [2023-05-30 14:01:28,969] {dagbag.py:496} INFO - Filling up the DagBag from /home/lucia/practica_creativa/resources/airflow/env/lib/python3.10/site-packages/airflow/example_dags/example_branch_labels.py
[2023-05-30 14:01:29,008] {processor.py:623} INFO - DAG(s) dict_keys(['example_branch_labels']) retrieved from /home/lucia/practica_creativa/resources/airflow/env/lib/python3.10/site-packages/airflow/example_dags/example_branch_labels.py
[2023-05-30 14:01:29,049] {logging_mixin.py:109} INFO - [2023-05-30 14:01:29,049] {dag.py:1834} INFO - Sync 1 DAGs
[2023-05-30 14:01:29,086] {logging_mixin.py:109} INFO - [2023-05-30 14:01:29,085] {dag.py:2287} INFO - Setting next_dagrun for example_branch_labels to 2023-05-28 00:00:00+00:00
[2023-05-30 14:01:29,118] {processor.py:170} INFO - Processing /home/lucia/practica_creativa/resources/airflow/env/lib/python3.10/site-packages/airflow/example_dags/example_branch_labels.py took 0.185 seconds
[2023-05-30 14:02:23,207] {processor.py:162} INFO - Started process (PID=135351) to work on /home/lucia/practica_creativa/resources/airflow/env/lib/python3.10/site-packages/airflow/example_dags/example_branch_labels.py
[2023-05-30 14:02:23,211] {processor.py:613} INFO - Processing file /home/lucia/practica_creativa/resources/airflow/env/lib/python3.10/site-packages/airflow/example_dags/example_branch_labels.py for tasks to queue
[2023-05-30 14:02:23,212] {logging_mixin.py:109} INFO - [2023-05-30 14:02:23,212] {dagbag.py:496} INFO - Filling up the DagBag from /home/lucia/practica_creativa/resources/airflow/env/lib/python3.10/site-packages/airflow/example_dags/example_branch_labels.py
[2023-05-30 14:02:23,239] {processor.py:623} INFO - DAG(s) dict_keys(['example_branch_labels']) retrieved from /home/lucia/practica_creativa/resources/airflow/env/lib/python3.10/site-packages/airflow/example_dags/example_branch_labels.py
[2023-05-30 14:02:23,273] {logging_mixin.py:109} INFO - [2023-05-30 14:02:23,273] {dag.py:1834} INFO - Sync 1 DAGs
[2023-05-30 14:02:23,303] {logging_mixin.py:109} INFO - [2023-05-30 14:02:23,303] {dag.py:2287} INFO - Setting next_dagrun for example_branch_labels to 2023-05-28 00:00:00+00:00
[2023-05-30 14:02:23,325] {processor.py:170} INFO - Processing /home/lucia/practica_creativa/resources/airflow/env/lib/python3.10/site-packages/airflow/example_dags/example_branch_labels.py took 0.126 seconds
[2023-05-30 14:03:05,391] {processor.py:162} INFO - Started process (PID=135437) to work on /home/lucia/practica_creativa/resources/airflow/env/lib/python3.10/site-packages/airflow/example_dags/example_branch_labels.py
[2023-05-30 14:03:05,395] {processor.py:613} INFO - Processing file /home/lucia/practica_creativa/resources/airflow/env/lib/python3.10/site-packages/airflow/example_dags/example_branch_labels.py for tasks to queue
[2023-05-30 14:03:05,396] {logging_mixin.py:109} INFO - [2023-05-30 14:03:05,396] {dagbag.py:496} INFO - Filling up the DagBag from /home/lucia/practica_creativa/resources/airflow/env/lib/python3.10/site-packages/airflow/example_dags/example_branch_labels.py
[2023-05-30 14:03:05,433] {processor.py:623} INFO - DAG(s) dict_keys(['example_branch_labels']) retrieved from /home/lucia/practica_creativa/resources/airflow/env/lib/python3.10/site-packages/airflow/example_dags/example_branch_labels.py
[2023-05-30 14:03:05,457] {logging_mixin.py:109} INFO - [2023-05-30 14:03:05,457] {dag.py:1834} INFO - Sync 1 DAGs
[2023-05-30 14:03:05,475] {logging_mixin.py:109} INFO - [2023-05-30 14:03:05,475] {dag.py:2287} INFO - Setting next_dagrun for example_branch_labels to 2023-05-28 00:00:00+00:00
[2023-05-30 14:03:05,490] {processor.py:170} INFO - Processing /home/lucia/practica_creativa/resources/airflow/env/lib/python3.10/site-packages/airflow/example_dags/example_branch_labels.py took 0.110 seconds
[2023-05-30 14:03:51,278] {processor.py:162} INFO - Started process (PID=135485) to work on /home/lucia/practica_creativa/resources/airflow/env/lib/python3.10/site-packages/airflow/example_dags/example_branch_labels.py
[2023-05-30 14:03:51,292] {processor.py:613} INFO - Processing file /home/lucia/practica_creativa/resources/airflow/env/lib/python3.10/site-packages/airflow/example_dags/example_branch_labels.py for tasks to queue
[2023-05-30 14:03:51,301] {logging_mixin.py:109} INFO - [2023-05-30 14:03:51,300] {dagbag.py:496} INFO - Filling up the DagBag from /home/lucia/practica_creativa/resources/airflow/env/lib/python3.10/site-packages/airflow/example_dags/example_branch_labels.py
[2023-05-30 14:03:51,374] {processor.py:623} INFO - DAG(s) dict_keys(['example_branch_labels']) retrieved from /home/lucia/practica_creativa/resources/airflow/env/lib/python3.10/site-packages/airflow/example_dags/example_branch_labels.py
[2023-05-30 14:03:51,412] {logging_mixin.py:109} INFO - [2023-05-30 14:03:51,412] {dag.py:1834} INFO - Sync 1 DAGs
[2023-05-30 14:03:51,442] {logging_mixin.py:109} INFO - [2023-05-30 14:03:51,442] {dag.py:2287} INFO - Setting next_dagrun for example_branch_labels to 2023-05-28 00:00:00+00:00
[2023-05-30 14:03:51,463] {processor.py:170} INFO - Processing /home/lucia/practica_creativa/resources/airflow/env/lib/python3.10/site-packages/airflow/example_dags/example_branch_labels.py took 0.215 seconds
[2023-05-30 14:05:45,719] {processor.py:162} INFO - Started process (PID=135639) to work on /home/lucia/practica_creativa/resources/airflow/env/lib/python3.10/site-packages/airflow/example_dags/example_branch_labels.py
[2023-05-30 14:05:45,722] {processor.py:613} INFO - Processing file /home/lucia/practica_creativa/resources/airflow/env/lib/python3.10/site-packages/airflow/example_dags/example_branch_labels.py for tasks to queue
[2023-05-30 14:05:45,723] {logging_mixin.py:109} INFO - [2023-05-30 14:05:45,723] {dagbag.py:496} INFO - Filling up the DagBag from /home/lucia/practica_creativa/resources/airflow/env/lib/python3.10/site-packages/airflow/example_dags/example_branch_labels.py
[2023-05-30 14:05:45,755] {processor.py:623} INFO - DAG(s) dict_keys(['example_branch_labels']) retrieved from /home/lucia/practica_creativa/resources/airflow/env/lib/python3.10/site-packages/airflow/example_dags/example_branch_labels.py
[2023-05-30 14:05:45,790] {logging_mixin.py:109} INFO - [2023-05-30 14:05:45,790] {dag.py:1834} INFO - Sync 1 DAGs
[2023-05-30 14:05:45,829] {logging_mixin.py:109} INFO - [2023-05-30 14:05:45,829] {dag.py:2287} INFO - Setting next_dagrun for example_branch_labels to 2023-05-28 00:00:00+00:00
[2023-05-30 14:05:45,855] {processor.py:170} INFO - Processing /home/lucia/practica_creativa/resources/airflow/env/lib/python3.10/site-packages/airflow/example_dags/example_branch_labels.py took 0.146 seconds
[2023-05-30 14:09:52,130] {processor.py:162} INFO - Started process (PID=135764) to work on /home/lucia/practica_creativa/resources/airflow/env/lib/python3.10/site-packages/airflow/example_dags/example_branch_labels.py
[2023-05-30 14:09:52,134] {processor.py:613} INFO - Processing file /home/lucia/practica_creativa/resources/airflow/env/lib/python3.10/site-packages/airflow/example_dags/example_branch_labels.py for tasks to queue
[2023-05-30 14:09:52,137] {logging_mixin.py:109} INFO - [2023-05-30 14:09:52,136] {dagbag.py:496} INFO - Filling up the DagBag from /home/lucia/practica_creativa/resources/airflow/env/lib/python3.10/site-packages/airflow/example_dags/example_branch_labels.py
[2023-05-30 14:09:52,179] {processor.py:623} INFO - DAG(s) dict_keys(['example_branch_labels']) retrieved from /home/lucia/practica_creativa/resources/airflow/env/lib/python3.10/site-packages/airflow/example_dags/example_branch_labels.py
[2023-05-30 14:09:52,232] {logging_mixin.py:109} INFO - [2023-05-30 14:09:52,232] {dag.py:1834} INFO - Sync 1 DAGs
[2023-05-30 14:09:52,261] {logging_mixin.py:109} INFO - [2023-05-30 14:09:52,260] {dag.py:2287} INFO - Setting next_dagrun for example_branch_labels to 2023-05-28 00:00:00+00:00
[2023-05-30 14:09:52,280] {processor.py:170} INFO - Processing /home/lucia/practica_creativa/resources/airflow/env/lib/python3.10/site-packages/airflow/example_dags/example_branch_labels.py took 0.161 seconds
[2023-05-30 14:10:47,842] {processor.py:162} INFO - Started process (PID=135849) to work on /home/lucia/practica_creativa/resources/airflow/env/lib/python3.10/site-packages/airflow/example_dags/example_branch_labels.py
[2023-05-30 14:10:47,845] {processor.py:613} INFO - Processing file /home/lucia/practica_creativa/resources/airflow/env/lib/python3.10/site-packages/airflow/example_dags/example_branch_labels.py for tasks to queue
[2023-05-30 14:10:47,847] {logging_mixin.py:109} INFO - [2023-05-30 14:10:47,847] {dagbag.py:496} INFO - Filling up the DagBag from /home/lucia/practica_creativa/resources/airflow/env/lib/python3.10/site-packages/airflow/example_dags/example_branch_labels.py
[2023-05-30 14:10:47,877] {processor.py:623} INFO - DAG(s) dict_keys(['example_branch_labels']) retrieved from /home/lucia/practica_creativa/resources/airflow/env/lib/python3.10/site-packages/airflow/example_dags/example_branch_labels.py
[2023-05-30 14:10:47,919] {logging_mixin.py:109} INFO - [2023-05-30 14:10:47,919] {dag.py:1834} INFO - Sync 1 DAGs
[2023-05-30 14:10:47,950] {logging_mixin.py:109} INFO - [2023-05-30 14:10:47,950] {dag.py:2287} INFO - Setting next_dagrun for example_branch_labels to 2023-05-28 00:00:00+00:00
[2023-05-30 14:10:47,985] {processor.py:170} INFO - Processing /home/lucia/practica_creativa/resources/airflow/env/lib/python3.10/site-packages/airflow/example_dags/example_branch_labels.py took 0.151 seconds
[2023-05-30 14:37:58,142] {processor.py:162} INFO - Started process (PID=136290) to work on /home/lucia/practica_creativa/resources/airflow/env/lib/python3.10/site-packages/airflow/example_dags/example_branch_labels.py
[2023-05-30 14:37:58,144] {processor.py:613} INFO - Processing file /home/lucia/practica_creativa/resources/airflow/env/lib/python3.10/site-packages/airflow/example_dags/example_branch_labels.py for tasks to queue
[2023-05-30 14:37:58,145] {logging_mixin.py:109} INFO - [2023-05-30 14:37:58,145] {dagbag.py:496} INFO - Filling up the DagBag from /home/lucia/practica_creativa/resources/airflow/env/lib/python3.10/site-packages/airflow/example_dags/example_branch_labels.py
[2023-05-30 14:37:58,176] {processor.py:623} INFO - DAG(s) dict_keys(['example_branch_labels']) retrieved from /home/lucia/practica_creativa/resources/airflow/env/lib/python3.10/site-packages/airflow/example_dags/example_branch_labels.py
[2023-05-30 14:37:58,207] {logging_mixin.py:109} INFO - [2023-05-30 14:37:58,207] {dag.py:1834} INFO - Sync 1 DAGs
[2023-05-30 14:37:58,232] {logging_mixin.py:109} INFO - [2023-05-30 14:37:58,231] {dag.py:2287} INFO - Setting next_dagrun for example_branch_labels to 2023-05-28 00:00:00+00:00
[2023-05-30 14:37:58,248] {processor.py:170} INFO - Processing /home/lucia/practica_creativa/resources/airflow/env/lib/python3.10/site-packages/airflow/example_dags/example_branch_labels.py took 0.113 seconds
[2023-05-30 14:38:38,617] {processor.py:162} INFO - Started process (PID=136322) to work on /home/lucia/practica_creativa/resources/airflow/env/lib/python3.10/site-packages/airflow/example_dags/example_branch_labels.py
[2023-05-30 14:38:38,620] {processor.py:613} INFO - Processing file /home/lucia/practica_creativa/resources/airflow/env/lib/python3.10/site-packages/airflow/example_dags/example_branch_labels.py for tasks to queue
[2023-05-30 14:38:38,622] {logging_mixin.py:109} INFO - [2023-05-30 14:38:38,621] {dagbag.py:496} INFO - Filling up the DagBag from /home/lucia/practica_creativa/resources/airflow/env/lib/python3.10/site-packages/airflow/example_dags/example_branch_labels.py
[2023-05-30 14:38:38,662] {processor.py:623} INFO - DAG(s) dict_keys(['example_branch_labels']) retrieved from /home/lucia/practica_creativa/resources/airflow/env/lib/python3.10/site-packages/airflow/example_dags/example_branch_labels.py
[2023-05-30 14:38:38,701] {logging_mixin.py:109} INFO - [2023-05-30 14:38:38,700] {dag.py:1834} INFO - Sync 1 DAGs
[2023-05-30 14:38:38,734] {logging_mixin.py:109} INFO - [2023-05-30 14:38:38,734] {dag.py:2287} INFO - Setting next_dagrun for example_branch_labels to 2023-05-28 00:00:00+00:00
[2023-05-30 14:38:38,756] {processor.py:170} INFO - Processing /home/lucia/practica_creativa/resources/airflow/env/lib/python3.10/site-packages/airflow/example_dags/example_branch_labels.py took 0.147 seconds
