[2023-05-30 13:41:48,155] {processor.py:162} INFO - Started process (PID=134527) to work on /home/lucia/practica_creativa/flight_prediction/src/main/scala/env/lib/python3.10/site-packages/airflow/example_dags/example_xcomargs.py
[2023-05-30 13:41:48,160] {processor.py:613} INFO - Processing file /home/lucia/practica_creativa/flight_prediction/src/main/scala/env/lib/python3.10/site-packages/airflow/example_dags/example_xcomargs.py for tasks to queue
[2023-05-30 13:41:48,161] {logging_mixin.py:109} INFO - [2023-05-30 13:41:48,161] {dagbag.py:496} INFO - Filling up the DagBag from /home/lucia/practica_creativa/flight_prediction/src/main/scala/env/lib/python3.10/site-packages/airflow/example_dags/example_xcomargs.py
[2023-05-30 13:41:48,217] {processor.py:623} INFO - DAG(s) dict_keys(['example_xcom_args', 'example_xcom_args_with_operators']) retrieved from /home/lucia/practica_creativa/flight_prediction/src/main/scala/env/lib/python3.10/site-packages/airflow/example_dags/example_xcomargs.py
[2023-05-30 13:41:48,958] {logging_mixin.py:109} INFO - [2023-05-30 13:41:48,958] {dag.py:1834} INFO - Sync 2 DAGs
[2023-05-30 13:41:48,973] {logging_mixin.py:109} INFO - [2023-05-30 13:41:48,973] {dag.py:2287} INFO - Setting next_dagrun for example_xcom_args to None
[2023-05-30 13:41:48,975] {logging_mixin.py:109} INFO - [2023-05-30 13:41:48,975] {dag.py:2287} INFO - Setting next_dagrun for example_xcom_args_with_operators to None
[2023-05-30 13:41:49,003] {processor.py:170} INFO - Processing /home/lucia/practica_creativa/flight_prediction/src/main/scala/env/lib/python3.10/site-packages/airflow/example_dags/example_xcomargs.py took 0.857 seconds
[2023-05-30 13:42:29,558] {processor.py:162} INFO - Started process (PID=134579) to work on /home/lucia/practica_creativa/flight_prediction/src/main/scala/env/lib/python3.10/site-packages/airflow/example_dags/example_xcomargs.py
[2023-05-30 13:42:29,562] {processor.py:613} INFO - Processing file /home/lucia/practica_creativa/flight_prediction/src/main/scala/env/lib/python3.10/site-packages/airflow/example_dags/example_xcomargs.py for tasks to queue
[2023-05-30 13:42:29,563] {logging_mixin.py:109} INFO - [2023-05-30 13:42:29,563] {dagbag.py:496} INFO - Filling up the DagBag from /home/lucia/practica_creativa/flight_prediction/src/main/scala/env/lib/python3.10/site-packages/airflow/example_dags/example_xcomargs.py
[2023-05-30 13:42:29,607] {processor.py:623} INFO - DAG(s) dict_keys(['example_xcom_args', 'example_xcom_args_with_operators']) retrieved from /home/lucia/practica_creativa/flight_prediction/src/main/scala/env/lib/python3.10/site-packages/airflow/example_dags/example_xcomargs.py
[2023-05-30 13:42:30,236] {logging_mixin.py:109} INFO - [2023-05-30 13:42:30,236] {dag.py:1834} INFO - Sync 2 DAGs
[2023-05-30 13:42:30,249] {logging_mixin.py:109} INFO - [2023-05-30 13:42:30,249] {dag.py:2287} INFO - Setting next_dagrun for example_xcom_args to None
[2023-05-30 13:42:30,250] {logging_mixin.py:109} INFO - [2023-05-30 13:42:30,250] {dag.py:2287} INFO - Setting next_dagrun for example_xcom_args_with_operators to None
[2023-05-30 13:42:30,275] {processor.py:170} INFO - Processing /home/lucia/practica_creativa/flight_prediction/src/main/scala/env/lib/python3.10/site-packages/airflow/example_dags/example_xcomargs.py took 0.724 seconds
[2023-05-30 13:43:12,565] {processor.py:162} INFO - Started process (PID=134633) to work on /home/lucia/practica_creativa/flight_prediction/src/main/scala/env/lib/python3.10/site-packages/airflow/example_dags/example_xcomargs.py
[2023-05-30 13:43:12,572] {processor.py:613} INFO - Processing file /home/lucia/practica_creativa/flight_prediction/src/main/scala/env/lib/python3.10/site-packages/airflow/example_dags/example_xcomargs.py for tasks to queue
[2023-05-30 13:43:12,578] {logging_mixin.py:109} INFO - [2023-05-30 13:43:12,577] {dagbag.py:496} INFO - Filling up the DagBag from /home/lucia/practica_creativa/flight_prediction/src/main/scala/env/lib/python3.10/site-packages/airflow/example_dags/example_xcomargs.py
[2023-05-30 13:43:12,634] {processor.py:623} INFO - DAG(s) dict_keys(['example_xcom_args', 'example_xcom_args_with_operators']) retrieved from /home/lucia/practica_creativa/flight_prediction/src/main/scala/env/lib/python3.10/site-packages/airflow/example_dags/example_xcomargs.py
[2023-05-30 13:43:13,443] {logging_mixin.py:109} INFO - [2023-05-30 13:43:13,443] {dag.py:1834} INFO - Sync 2 DAGs
[2023-05-30 13:43:13,460] {logging_mixin.py:109} INFO - [2023-05-30 13:43:13,460] {dag.py:2287} INFO - Setting next_dagrun for example_xcom_args to None
[2023-05-30 13:43:13,461] {logging_mixin.py:109} INFO - [2023-05-30 13:43:13,461] {dag.py:2287} INFO - Setting next_dagrun for example_xcom_args_with_operators to None
[2023-05-30 13:43:13,487] {processor.py:170} INFO - Processing /home/lucia/practica_creativa/flight_prediction/src/main/scala/env/lib/python3.10/site-packages/airflow/example_dags/example_xcomargs.py took 0.930 seconds
[2023-05-30 14:00:51,222] {processor.py:162} INFO - Started process (PID=135207) to work on /home/lucia/practica_creativa/resources/airflow/env/lib/python3.10/site-packages/airflow/example_dags/example_xcomargs.py
[2023-05-30 14:00:51,226] {processor.py:613} INFO - Processing file /home/lucia/practica_creativa/resources/airflow/env/lib/python3.10/site-packages/airflow/example_dags/example_xcomargs.py for tasks to queue
[2023-05-30 14:00:51,228] {logging_mixin.py:109} INFO - [2023-05-30 14:00:51,228] {dagbag.py:496} INFO - Filling up the DagBag from /home/lucia/practica_creativa/resources/airflow/env/lib/python3.10/site-packages/airflow/example_dags/example_xcomargs.py
[2023-05-30 14:00:51,317] {processor.py:623} INFO - DAG(s) dict_keys(['example_xcom_args', 'example_xcom_args_with_operators']) retrieved from /home/lucia/practica_creativa/resources/airflow/env/lib/python3.10/site-packages/airflow/example_dags/example_xcomargs.py
[2023-05-30 14:00:52,001] {logging_mixin.py:109} INFO - [2023-05-30 14:00:52,001] {dag.py:1834} INFO - Sync 2 DAGs
[2023-05-30 14:00:52,015] {logging_mixin.py:109} INFO - [2023-05-30 14:00:52,015] {dag.py:2287} INFO - Setting next_dagrun for example_xcom_args to None
[2023-05-30 14:00:52,017] {logging_mixin.py:109} INFO - [2023-05-30 14:00:52,016] {dag.py:2287} INFO - Setting next_dagrun for example_xcom_args_with_operators to None
[2023-05-30 14:00:52,039] {processor.py:170} INFO - Processing /home/lucia/practica_creativa/resources/airflow/env/lib/python3.10/site-packages/airflow/example_dags/example_xcomargs.py took 0.826 seconds
[2023-05-30 14:01:45,618] {processor.py:162} INFO - Started process (PID=135317) to work on /home/lucia/practica_creativa/resources/airflow/env/lib/python3.10/site-packages/airflow/example_dags/example_xcomargs.py
[2023-05-30 14:01:45,622] {processor.py:613} INFO - Processing file /home/lucia/practica_creativa/resources/airflow/env/lib/python3.10/site-packages/airflow/example_dags/example_xcomargs.py for tasks to queue
[2023-05-30 14:01:45,625] {logging_mixin.py:109} INFO - [2023-05-30 14:01:45,624] {dagbag.py:496} INFO - Filling up the DagBag from /home/lucia/practica_creativa/resources/airflow/env/lib/python3.10/site-packages/airflow/example_dags/example_xcomargs.py
[2023-05-30 14:01:45,693] {processor.py:623} INFO - DAG(s) dict_keys(['example_xcom_args', 'example_xcom_args_with_operators']) retrieved from /home/lucia/practica_creativa/resources/airflow/env/lib/python3.10/site-packages/airflow/example_dags/example_xcomargs.py
[2023-05-30 14:01:46,418] {logging_mixin.py:109} INFO - [2023-05-30 14:01:46,418] {dag.py:1834} INFO - Sync 2 DAGs
[2023-05-30 14:01:46,433] {logging_mixin.py:109} INFO - [2023-05-30 14:01:46,433] {dag.py:2287} INFO - Setting next_dagrun for example_xcom_args to None
[2023-05-30 14:01:46,435] {logging_mixin.py:109} INFO - [2023-05-30 14:01:46,434] {dag.py:2287} INFO - Setting next_dagrun for example_xcom_args_with_operators to None
[2023-05-30 14:01:46,471] {processor.py:170} INFO - Processing /home/lucia/practica_creativa/resources/airflow/env/lib/python3.10/site-packages/airflow/example_dags/example_xcomargs.py took 0.864 seconds
[2023-05-30 14:02:28,308] {processor.py:162} INFO - Started process (PID=135358) to work on /home/lucia/practica_creativa/resources/airflow/env/lib/python3.10/site-packages/airflow/example_dags/example_xcomargs.py
[2023-05-30 14:02:28,313] {processor.py:613} INFO - Processing file /home/lucia/practica_creativa/resources/airflow/env/lib/python3.10/site-packages/airflow/example_dags/example_xcomargs.py for tasks to queue
[2023-05-30 14:02:28,314] {logging_mixin.py:109} INFO - [2023-05-30 14:02:28,314] {dagbag.py:496} INFO - Filling up the DagBag from /home/lucia/practica_creativa/resources/airflow/env/lib/python3.10/site-packages/airflow/example_dags/example_xcomargs.py
[2023-05-30 14:02:28,370] {processor.py:623} INFO - DAG(s) dict_keys(['example_xcom_args', 'example_xcom_args_with_operators']) retrieved from /home/lucia/practica_creativa/resources/airflow/env/lib/python3.10/site-packages/airflow/example_dags/example_xcomargs.py
[2023-05-30 14:02:28,891] {logging_mixin.py:109} INFO - [2023-05-30 14:02:28,891] {dag.py:1834} INFO - Sync 2 DAGs
[2023-05-30 14:02:28,903] {logging_mixin.py:109} INFO - [2023-05-30 14:02:28,903] {dag.py:2287} INFO - Setting next_dagrun for example_xcom_args to None
[2023-05-30 14:02:28,904] {logging_mixin.py:109} INFO - [2023-05-30 14:02:28,904] {dag.py:2287} INFO - Setting next_dagrun for example_xcom_args_with_operators to None
[2023-05-30 14:02:28,925] {processor.py:170} INFO - Processing /home/lucia/practica_creativa/resources/airflow/env/lib/python3.10/site-packages/airflow/example_dags/example_xcomargs.py took 0.626 seconds
[2023-05-30 14:03:10,621] {processor.py:162} INFO - Started process (PID=135442) to work on /home/lucia/practica_creativa/resources/airflow/env/lib/python3.10/site-packages/airflow/example_dags/example_xcomargs.py
[2023-05-30 14:03:10,626] {processor.py:613} INFO - Processing file /home/lucia/practica_creativa/resources/airflow/env/lib/python3.10/site-packages/airflow/example_dags/example_xcomargs.py for tasks to queue
[2023-05-30 14:03:10,628] {logging_mixin.py:109} INFO - [2023-05-30 14:03:10,628] {dagbag.py:496} INFO - Filling up the DagBag from /home/lucia/practica_creativa/resources/airflow/env/lib/python3.10/site-packages/airflow/example_dags/example_xcomargs.py
[2023-05-30 14:03:10,689] {processor.py:623} INFO - DAG(s) dict_keys(['example_xcom_args', 'example_xcom_args_with_operators']) retrieved from /home/lucia/practica_creativa/resources/airflow/env/lib/python3.10/site-packages/airflow/example_dags/example_xcomargs.py
[2023-05-30 14:03:11,883] {logging_mixin.py:109} INFO - [2023-05-30 14:03:11,883] {dag.py:1834} INFO - Sync 2 DAGs
[2023-05-30 14:03:11,900] {logging_mixin.py:109} INFO - [2023-05-30 14:03:11,900] {dag.py:2287} INFO - Setting next_dagrun for example_xcom_args to None
[2023-05-30 14:03:11,901] {logging_mixin.py:109} INFO - [2023-05-30 14:03:11,901] {dag.py:2287} INFO - Setting next_dagrun for example_xcom_args_with_operators to None
[2023-05-30 14:03:11,933] {processor.py:170} INFO - Processing /home/lucia/practica_creativa/resources/airflow/env/lib/python3.10/site-packages/airflow/example_dags/example_xcomargs.py took 1.325 seconds
[2023-05-30 14:03:56,605] {processor.py:162} INFO - Started process (PID=135489) to work on /home/lucia/practica_creativa/resources/airflow/env/lib/python3.10/site-packages/airflow/example_dags/example_xcomargs.py
[2023-05-30 14:03:56,610] {processor.py:613} INFO - Processing file /home/lucia/practica_creativa/resources/airflow/env/lib/python3.10/site-packages/airflow/example_dags/example_xcomargs.py for tasks to queue
[2023-05-30 14:03:56,622] {logging_mixin.py:109} INFO - [2023-05-30 14:03:56,622] {dagbag.py:496} INFO - Filling up the DagBag from /home/lucia/practica_creativa/resources/airflow/env/lib/python3.10/site-packages/airflow/example_dags/example_xcomargs.py
[2023-05-30 14:03:56,681] {processor.py:623} INFO - DAG(s) dict_keys(['example_xcom_args', 'example_xcom_args_with_operators']) retrieved from /home/lucia/practica_creativa/resources/airflow/env/lib/python3.10/site-packages/airflow/example_dags/example_xcomargs.py
[2023-05-30 14:03:57,478] {logging_mixin.py:109} INFO - [2023-05-30 14:03:57,478] {dag.py:1834} INFO - Sync 2 DAGs
[2023-05-30 14:03:57,492] {logging_mixin.py:109} INFO - [2023-05-30 14:03:57,492] {dag.py:2287} INFO - Setting next_dagrun for example_xcom_args to None
[2023-05-30 14:03:57,493] {logging_mixin.py:109} INFO - [2023-05-30 14:03:57,493] {dag.py:2287} INFO - Setting next_dagrun for example_xcom_args_with_operators to None
[2023-05-30 14:03:57,526] {processor.py:170} INFO - Processing /home/lucia/practica_creativa/resources/airflow/env/lib/python3.10/site-packages/airflow/example_dags/example_xcomargs.py took 0.935 seconds
[2023-05-30 14:05:08,813] {processor.py:162} INFO - Started process (PID=135578) to work on /home/lucia/practica_creativa/resources/airflow/env/lib/python3.10/site-packages/airflow/example_dags/example_xcomargs.py
[2023-05-30 14:05:08,816] {processor.py:613} INFO - Processing file /home/lucia/practica_creativa/resources/airflow/env/lib/python3.10/site-packages/airflow/example_dags/example_xcomargs.py for tasks to queue
[2023-05-30 14:05:08,818] {logging_mixin.py:109} INFO - [2023-05-30 14:05:08,818] {dagbag.py:496} INFO - Filling up the DagBag from /home/lucia/practica_creativa/resources/airflow/env/lib/python3.10/site-packages/airflow/example_dags/example_xcomargs.py
[2023-05-30 14:05:08,869] {processor.py:623} INFO - DAG(s) dict_keys(['example_xcom_args', 'example_xcom_args_with_operators']) retrieved from /home/lucia/practica_creativa/resources/airflow/env/lib/python3.10/site-packages/airflow/example_dags/example_xcomargs.py
[2023-05-30 14:05:08,906] {logging_mixin.py:109} INFO - [2023-05-30 14:05:08,906] {dag.py:1834} INFO - Sync 2 DAGs
[2023-05-30 14:05:08,929] {logging_mixin.py:109} INFO - [2023-05-30 14:05:08,929] {dag.py:2287} INFO - Setting next_dagrun for example_xcom_args to None
[2023-05-30 14:05:08,931] {logging_mixin.py:109} INFO - [2023-05-30 14:05:08,931] {dag.py:2287} INFO - Setting next_dagrun for example_xcom_args_with_operators to None
[2023-05-30 14:05:08,959] {processor.py:170} INFO - Processing /home/lucia/practica_creativa/resources/airflow/env/lib/python3.10/site-packages/airflow/example_dags/example_xcomargs.py took 0.153 seconds
[2023-05-30 14:09:16,097] {processor.py:162} INFO - Started process (PID=135715) to work on /home/lucia/practica_creativa/resources/airflow/env/lib/python3.10/site-packages/airflow/example_dags/example_xcomargs.py
[2023-05-30 14:09:16,101] {processor.py:613} INFO - Processing file /home/lucia/practica_creativa/resources/airflow/env/lib/python3.10/site-packages/airflow/example_dags/example_xcomargs.py for tasks to queue
[2023-05-30 14:09:16,102] {logging_mixin.py:109} INFO - [2023-05-30 14:09:16,102] {dagbag.py:496} INFO - Filling up the DagBag from /home/lucia/practica_creativa/resources/airflow/env/lib/python3.10/site-packages/airflow/example_dags/example_xcomargs.py
[2023-05-30 14:09:16,152] {processor.py:623} INFO - DAG(s) dict_keys(['example_xcom_args', 'example_xcom_args_with_operators']) retrieved from /home/lucia/practica_creativa/resources/airflow/env/lib/python3.10/site-packages/airflow/example_dags/example_xcomargs.py
[2023-05-30 14:09:16,187] {logging_mixin.py:109} INFO - [2023-05-30 14:09:16,186] {dag.py:1834} INFO - Sync 2 DAGs
[2023-05-30 14:09:16,215] {logging_mixin.py:109} INFO - [2023-05-30 14:09:16,214] {dag.py:2287} INFO - Setting next_dagrun for example_xcom_args to None
[2023-05-30 14:09:16,217] {logging_mixin.py:109} INFO - [2023-05-30 14:09:16,217] {dag.py:2287} INFO - Setting next_dagrun for example_xcom_args_with_operators to None
[2023-05-30 14:09:16,257] {processor.py:170} INFO - Processing /home/lucia/practica_creativa/resources/airflow/env/lib/python3.10/site-packages/airflow/example_dags/example_xcomargs.py took 0.167 seconds
[2023-05-30 14:10:09,604] {processor.py:162} INFO - Started process (PID=135813) to work on /home/lucia/practica_creativa/resources/airflow/env/lib/python3.10/site-packages/airflow/example_dags/example_xcomargs.py
[2023-05-30 14:10:09,610] {processor.py:613} INFO - Processing file /home/lucia/practica_creativa/resources/airflow/env/lib/python3.10/site-packages/airflow/example_dags/example_xcomargs.py for tasks to queue
[2023-05-30 14:10:09,612] {logging_mixin.py:109} INFO - [2023-05-30 14:10:09,611] {dagbag.py:496} INFO - Filling up the DagBag from /home/lucia/practica_creativa/resources/airflow/env/lib/python3.10/site-packages/airflow/example_dags/example_xcomargs.py
[2023-05-30 14:10:09,714] {processor.py:623} INFO - DAG(s) dict_keys(['example_xcom_args', 'example_xcom_args_with_operators']) retrieved from /home/lucia/practica_creativa/resources/airflow/env/lib/python3.10/site-packages/airflow/example_dags/example_xcomargs.py
[2023-05-30 14:10:10,658] {logging_mixin.py:109} INFO - [2023-05-30 14:10:10,657] {dag.py:1834} INFO - Sync 2 DAGs
[2023-05-30 14:10:10,677] {logging_mixin.py:109} INFO - [2023-05-30 14:10:10,677] {dag.py:2287} INFO - Setting next_dagrun for example_xcom_args to None
[2023-05-30 14:10:10,679] {logging_mixin.py:109} INFO - [2023-05-30 14:10:10,679] {dag.py:2287} INFO - Setting next_dagrun for example_xcom_args_with_operators to None
[2023-05-30 14:10:10,704] {processor.py:170} INFO - Processing /home/lucia/practica_creativa/resources/airflow/env/lib/python3.10/site-packages/airflow/example_dags/example_xcomargs.py took 1.110 seconds
[2023-05-30 14:10:53,061] {processor.py:162} INFO - Started process (PID=135856) to work on /home/lucia/practica_creativa/resources/airflow/env/lib/python3.10/site-packages/airflow/example_dags/example_xcomargs.py
[2023-05-30 14:10:53,070] {processor.py:613} INFO - Processing file /home/lucia/practica_creativa/resources/airflow/env/lib/python3.10/site-packages/airflow/example_dags/example_xcomargs.py for tasks to queue
[2023-05-30 14:10:53,072] {logging_mixin.py:109} INFO - [2023-05-30 14:10:53,072] {dagbag.py:496} INFO - Filling up the DagBag from /home/lucia/practica_creativa/resources/airflow/env/lib/python3.10/site-packages/airflow/example_dags/example_xcomargs.py
[2023-05-30 14:10:53,149] {processor.py:623} INFO - DAG(s) dict_keys(['example_xcom_args', 'example_xcom_args_with_operators']) retrieved from /home/lucia/practica_creativa/resources/airflow/env/lib/python3.10/site-packages/airflow/example_dags/example_xcomargs.py
[2023-05-30 14:10:53,770] {logging_mixin.py:109} INFO - [2023-05-30 14:10:53,770] {dag.py:1834} INFO - Sync 2 DAGs
[2023-05-30 14:10:53,783] {logging_mixin.py:109} INFO - [2023-05-30 14:10:53,783] {dag.py:2287} INFO - Setting next_dagrun for example_xcom_args to None
[2023-05-30 14:10:53,785] {logging_mixin.py:109} INFO - [2023-05-30 14:10:53,784] {dag.py:2287} INFO - Setting next_dagrun for example_xcom_args_with_operators to None
[2023-05-30 14:10:53,811] {processor.py:170} INFO - Processing /home/lucia/practica_creativa/resources/airflow/env/lib/python3.10/site-packages/airflow/example_dags/example_xcomargs.py took 0.758 seconds
[2023-05-30 14:25:41,016] {processor.py:162} INFO - Started process (PID=136055) to work on /home/lucia/practica_creativa/resources/airflow/env/lib/python3.10/site-packages/airflow/example_dags/example_xcomargs.py
[2023-05-30 14:25:41,020] {processor.py:613} INFO - Processing file /home/lucia/practica_creativa/resources/airflow/env/lib/python3.10/site-packages/airflow/example_dags/example_xcomargs.py for tasks to queue
[2023-05-30 14:25:41,022] {logging_mixin.py:109} INFO - [2023-05-30 14:25:41,021] {dagbag.py:496} INFO - Filling up the DagBag from /home/lucia/practica_creativa/resources/airflow/env/lib/python3.10/site-packages/airflow/example_dags/example_xcomargs.py
[2023-05-30 14:25:41,073] {processor.py:623} INFO - DAG(s) dict_keys(['example_xcom_args', 'example_xcom_args_with_operators']) retrieved from /home/lucia/practica_creativa/resources/airflow/env/lib/python3.10/site-packages/airflow/example_dags/example_xcomargs.py
[2023-05-30 14:25:41,632] {logging_mixin.py:109} INFO - [2023-05-30 14:25:41,631] {dag.py:1834} INFO - Sync 2 DAGs
[2023-05-30 14:25:41,643] {logging_mixin.py:109} INFO - [2023-05-30 14:25:41,643] {dag.py:2287} INFO - Setting next_dagrun for example_xcom_args to None
[2023-05-30 14:25:41,644] {logging_mixin.py:109} INFO - [2023-05-30 14:25:41,644] {dag.py:2287} INFO - Setting next_dagrun for example_xcom_args_with_operators to None
[2023-05-30 14:25:41,667] {processor.py:170} INFO - Processing /home/lucia/practica_creativa/resources/airflow/env/lib/python3.10/site-packages/airflow/example_dags/example_xcomargs.py took 0.657 seconds
[2023-05-30 14:36:45,796] {processor.py:162} INFO - Started process (PID=136228) to work on /home/lucia/practica_creativa/resources/airflow/env/lib/python3.10/site-packages/airflow/example_dags/example_xcomargs.py
[2023-05-30 14:36:45,801] {processor.py:613} INFO - Processing file /home/lucia/practica_creativa/resources/airflow/env/lib/python3.10/site-packages/airflow/example_dags/example_xcomargs.py for tasks to queue
[2023-05-30 14:36:45,802] {logging_mixin.py:109} INFO - [2023-05-30 14:36:45,802] {dagbag.py:496} INFO - Filling up the DagBag from /home/lucia/practica_creativa/resources/airflow/env/lib/python3.10/site-packages/airflow/example_dags/example_xcomargs.py
[2023-05-30 14:36:45,856] {processor.py:623} INFO - DAG(s) dict_keys(['example_xcom_args', 'example_xcom_args_with_operators']) retrieved from /home/lucia/practica_creativa/resources/airflow/env/lib/python3.10/site-packages/airflow/example_dags/example_xcomargs.py
[2023-05-30 14:36:46,553] {logging_mixin.py:109} INFO - [2023-05-30 14:36:46,552] {dag.py:1834} INFO - Sync 2 DAGs
[2023-05-30 14:36:46,567] {logging_mixin.py:109} INFO - [2023-05-30 14:36:46,567] {dag.py:2287} INFO - Setting next_dagrun for example_xcom_args to None
[2023-05-30 14:36:46,569] {logging_mixin.py:109} INFO - [2023-05-30 14:36:46,568] {dag.py:2287} INFO - Setting next_dagrun for example_xcom_args_with_operators to None
[2023-05-30 14:36:46,596] {processor.py:170} INFO - Processing /home/lucia/practica_creativa/resources/airflow/env/lib/python3.10/site-packages/airflow/example_dags/example_xcomargs.py took 0.808 seconds
[2023-05-30 14:37:20,737] {processor.py:162} INFO - Started process (PID=136252) to work on /home/lucia/practica_creativa/resources/airflow/env/lib/python3.10/site-packages/airflow/example_dags/example_xcomargs.py
[2023-05-30 14:37:20,742] {processor.py:613} INFO - Processing file /home/lucia/practica_creativa/resources/airflow/env/lib/python3.10/site-packages/airflow/example_dags/example_xcomargs.py for tasks to queue
[2023-05-30 14:37:20,743] {logging_mixin.py:109} INFO - [2023-05-30 14:37:20,743] {dagbag.py:496} INFO - Filling up the DagBag from /home/lucia/practica_creativa/resources/airflow/env/lib/python3.10/site-packages/airflow/example_dags/example_xcomargs.py
[2023-05-30 14:37:20,796] {processor.py:623} INFO - DAG(s) dict_keys(['example_xcom_args', 'example_xcom_args_with_operators']) retrieved from /home/lucia/practica_creativa/resources/airflow/env/lib/python3.10/site-packages/airflow/example_dags/example_xcomargs.py
[2023-05-30 14:37:21,462] {logging_mixin.py:109} INFO - [2023-05-30 14:37:21,462] {dag.py:1834} INFO - Sync 2 DAGs
[2023-05-30 14:37:21,476] {logging_mixin.py:109} INFO - [2023-05-30 14:37:21,476] {dag.py:2287} INFO - Setting next_dagrun for example_xcom_args to None
[2023-05-30 14:37:21,477] {logging_mixin.py:109} INFO - [2023-05-30 14:37:21,477] {dag.py:2287} INFO - Setting next_dagrun for example_xcom_args_with_operators to None
[2023-05-30 14:37:21,501] {processor.py:170} INFO - Processing /home/lucia/practica_creativa/resources/airflow/env/lib/python3.10/site-packages/airflow/example_dags/example_xcomargs.py took 0.771 seconds
[2023-05-30 14:38:02,134] {processor.py:162} INFO - Started process (PID=136294) to work on /home/lucia/practica_creativa/resources/airflow/env/lib/python3.10/site-packages/airflow/example_dags/example_xcomargs.py
[2023-05-30 14:38:02,137] {processor.py:613} INFO - Processing file /home/lucia/practica_creativa/resources/airflow/env/lib/python3.10/site-packages/airflow/example_dags/example_xcomargs.py for tasks to queue
[2023-05-30 14:38:02,138] {logging_mixin.py:109} INFO - [2023-05-30 14:38:02,138] {dagbag.py:496} INFO - Filling up the DagBag from /home/lucia/practica_creativa/resources/airflow/env/lib/python3.10/site-packages/airflow/example_dags/example_xcomargs.py
[2023-05-30 14:38:02,172] {processor.py:623} INFO - DAG(s) dict_keys(['example_xcom_args', 'example_xcom_args_with_operators']) retrieved from /home/lucia/practica_creativa/resources/airflow/env/lib/python3.10/site-packages/airflow/example_dags/example_xcomargs.py
[2023-05-30 14:38:02,637] {logging_mixin.py:109} INFO - [2023-05-30 14:38:02,637] {dag.py:1834} INFO - Sync 2 DAGs
[2023-05-30 14:38:02,648] {logging_mixin.py:109} INFO - [2023-05-30 14:38:02,648] {dag.py:2287} INFO - Setting next_dagrun for example_xcom_args to None
[2023-05-30 14:38:02,649] {logging_mixin.py:109} INFO - [2023-05-30 14:38:02,649] {dag.py:2287} INFO - Setting next_dagrun for example_xcom_args_with_operators to None
[2023-05-30 14:38:02,677] {processor.py:170} INFO - Processing /home/lucia/practica_creativa/resources/airflow/env/lib/python3.10/site-packages/airflow/example_dags/example_xcomargs.py took 0.548 seconds
[2023-05-30 14:38:43,775] {processor.py:162} INFO - Started process (PID=136326) to work on /home/lucia/practica_creativa/resources/airflow/env/lib/python3.10/site-packages/airflow/example_dags/example_xcomargs.py
[2023-05-30 14:38:43,778] {processor.py:613} INFO - Processing file /home/lucia/practica_creativa/resources/airflow/env/lib/python3.10/site-packages/airflow/example_dags/example_xcomargs.py for tasks to queue
[2023-05-30 14:38:43,780] {logging_mixin.py:109} INFO - [2023-05-30 14:38:43,780] {dagbag.py:496} INFO - Filling up the DagBag from /home/lucia/practica_creativa/resources/airflow/env/lib/python3.10/site-packages/airflow/example_dags/example_xcomargs.py
[2023-05-30 14:38:43,830] {processor.py:623} INFO - DAG(s) dict_keys(['example_xcom_args', 'example_xcom_args_with_operators']) retrieved from /home/lucia/practica_creativa/resources/airflow/env/lib/python3.10/site-packages/airflow/example_dags/example_xcomargs.py
[2023-05-30 14:38:44,410] {logging_mixin.py:109} INFO - [2023-05-30 14:38:44,410] {dag.py:1834} INFO - Sync 2 DAGs
[2023-05-30 14:38:44,424] {logging_mixin.py:109} INFO - [2023-05-30 14:38:44,424] {dag.py:2287} INFO - Setting next_dagrun for example_xcom_args to None
[2023-05-30 14:38:44,425] {logging_mixin.py:109} INFO - [2023-05-30 14:38:44,425] {dag.py:2287} INFO - Setting next_dagrun for example_xcom_args_with_operators to None
[2023-05-30 14:38:44,447] {processor.py:170} INFO - Processing /home/lucia/practica_creativa/resources/airflow/env/lib/python3.10/site-packages/airflow/example_dags/example_xcomargs.py took 0.679 seconds
