[2023-05-30 13:41:54,811] {processor.py:162} INFO - Started process (PID=134533) to work on /home/lucia/practica_creativa/flight_prediction/src/main/scala/env/lib/python3.10/site-packages/airflow/example_dags/example_task_group_decorator.py
[2023-05-30 13:41:54,814] {processor.py:613} INFO - Processing file /home/lucia/practica_creativa/flight_prediction/src/main/scala/env/lib/python3.10/site-packages/airflow/example_dags/example_task_group_decorator.py for tasks to queue
[2023-05-30 13:41:54,815] {logging_mixin.py:109} INFO - [2023-05-30 13:41:54,815] {dagbag.py:496} INFO - Filling up the DagBag from /home/lucia/practica_creativa/flight_prediction/src/main/scala/env/lib/python3.10/site-packages/airflow/example_dags/example_task_group_decorator.py
[2023-05-30 13:41:54,900] {processor.py:623} INFO - DAG(s) dict_keys(['example_task_group_decorator']) retrieved from /home/lucia/practica_creativa/flight_prediction/src/main/scala/env/lib/python3.10/site-packages/airflow/example_dags/example_task_group_decorator.py
[2023-05-30 13:41:55,658] {logging_mixin.py:109} INFO - [2023-05-30 13:41:55,657] {dag.py:1834} INFO - Sync 1 DAGs
[2023-05-30 13:41:55,673] {logging_mixin.py:109} INFO - [2023-05-30 13:41:55,673] {dag.py:2287} INFO - Setting next_dagrun for example_task_group_decorator to 2023-05-28 00:00:00+00:00
[2023-05-30 13:41:55,713] {processor.py:170} INFO - Processing /home/lucia/practica_creativa/flight_prediction/src/main/scala/env/lib/python3.10/site-packages/airflow/example_dags/example_task_group_decorator.py took 0.912 seconds
[2023-05-30 13:42:36,681] {processor.py:162} INFO - Started process (PID=134587) to work on /home/lucia/practica_creativa/flight_prediction/src/main/scala/env/lib/python3.10/site-packages/airflow/example_dags/example_task_group_decorator.py
[2023-05-30 13:42:36,686] {processor.py:613} INFO - Processing file /home/lucia/practica_creativa/flight_prediction/src/main/scala/env/lib/python3.10/site-packages/airflow/example_dags/example_task_group_decorator.py for tasks to queue
[2023-05-30 13:42:36,688] {logging_mixin.py:109} INFO - [2023-05-30 13:42:36,687] {dagbag.py:496} INFO - Filling up the DagBag from /home/lucia/practica_creativa/flight_prediction/src/main/scala/env/lib/python3.10/site-packages/airflow/example_dags/example_task_group_decorator.py
[2023-05-30 13:42:36,756] {processor.py:623} INFO - DAG(s) dict_keys(['example_task_group_decorator']) retrieved from /home/lucia/practica_creativa/flight_prediction/src/main/scala/env/lib/python3.10/site-packages/airflow/example_dags/example_task_group_decorator.py
[2023-05-30 13:42:37,456] {logging_mixin.py:109} INFO - [2023-05-30 13:42:37,456] {dag.py:1834} INFO - Sync 1 DAGs
[2023-05-30 13:42:37,469] {logging_mixin.py:109} INFO - [2023-05-30 13:42:37,469] {dag.py:2287} INFO - Setting next_dagrun for example_task_group_decorator to 2023-05-28 00:00:00+00:00
[2023-05-30 13:42:37,501] {processor.py:170} INFO - Processing /home/lucia/practica_creativa/flight_prediction/src/main/scala/env/lib/python3.10/site-packages/airflow/example_dags/example_task_group_decorator.py took 0.830 seconds
[2023-05-30 14:01:07,872] {processor.py:162} INFO - Started process (PID=135220) to work on /home/lucia/practica_creativa/resources/airflow/env/lib/python3.10/site-packages/airflow/example_dags/example_task_group_decorator.py
[2023-05-30 14:01:07,875] {processor.py:613} INFO - Processing file /home/lucia/practica_creativa/resources/airflow/env/lib/python3.10/site-packages/airflow/example_dags/example_task_group_decorator.py for tasks to queue
[2023-05-30 14:01:07,878] {logging_mixin.py:109} INFO - [2023-05-30 14:01:07,878] {dagbag.py:496} INFO - Filling up the DagBag from /home/lucia/practica_creativa/resources/airflow/env/lib/python3.10/site-packages/airflow/example_dags/example_task_group_decorator.py
[2023-05-30 14:01:07,959] {processor.py:623} INFO - DAG(s) dict_keys(['example_task_group_decorator']) retrieved from /home/lucia/practica_creativa/resources/airflow/env/lib/python3.10/site-packages/airflow/example_dags/example_task_group_decorator.py
[2023-05-30 14:01:08,773] {logging_mixin.py:109} INFO - [2023-05-30 14:01:08,773] {dag.py:1834} INFO - Sync 1 DAGs
[2023-05-30 14:01:08,791] {logging_mixin.py:109} INFO - [2023-05-30 14:01:08,791] {dag.py:2287} INFO - Setting next_dagrun for example_task_group_decorator to 2023-05-28 00:00:00+00:00
[2023-05-30 14:01:08,824] {processor.py:170} INFO - Processing /home/lucia/practica_creativa/resources/airflow/env/lib/python3.10/site-packages/airflow/example_dags/example_task_group_decorator.py took 0.960 seconds
[2023-05-30 14:02:03,250] {processor.py:162} INFO - Started process (PID=135333) to work on /home/lucia/practica_creativa/resources/airflow/env/lib/python3.10/site-packages/airflow/example_dags/example_task_group_decorator.py
[2023-05-30 14:02:03,260] {processor.py:613} INFO - Processing file /home/lucia/practica_creativa/resources/airflow/env/lib/python3.10/site-packages/airflow/example_dags/example_task_group_decorator.py for tasks to queue
[2023-05-30 14:02:03,263] {logging_mixin.py:109} INFO - [2023-05-30 14:02:03,262] {dagbag.py:496} INFO - Filling up the DagBag from /home/lucia/practica_creativa/resources/airflow/env/lib/python3.10/site-packages/airflow/example_dags/example_task_group_decorator.py
[2023-05-30 14:02:03,333] {processor.py:623} INFO - DAG(s) dict_keys(['example_task_group_decorator']) retrieved from /home/lucia/practica_creativa/resources/airflow/env/lib/python3.10/site-packages/airflow/example_dags/example_task_group_decorator.py
[2023-05-30 14:02:03,948] {logging_mixin.py:109} INFO - [2023-05-30 14:02:03,948] {dag.py:1834} INFO - Sync 1 DAGs
[2023-05-30 14:02:03,962] {logging_mixin.py:109} INFO - [2023-05-30 14:02:03,961] {dag.py:2287} INFO - Setting next_dagrun for example_task_group_decorator to 2023-05-28 00:00:00+00:00
[2023-05-30 14:02:03,988] {processor.py:170} INFO - Processing /home/lucia/practica_creativa/resources/airflow/env/lib/python3.10/site-packages/airflow/example_dags/example_task_group_decorator.py took 0.746 seconds
[2023-05-30 14:02:44,068] {processor.py:162} INFO - Started process (PID=135378) to work on /home/lucia/practica_creativa/resources/airflow/env/lib/python3.10/site-packages/airflow/example_dags/example_task_group_decorator.py
[2023-05-30 14:02:44,071] {processor.py:613} INFO - Processing file /home/lucia/practica_creativa/resources/airflow/env/lib/python3.10/site-packages/airflow/example_dags/example_task_group_decorator.py for tasks to queue
[2023-05-30 14:02:44,073] {logging_mixin.py:109} INFO - [2023-05-30 14:02:44,073] {dagbag.py:496} INFO - Filling up the DagBag from /home/lucia/practica_creativa/resources/airflow/env/lib/python3.10/site-packages/airflow/example_dags/example_task_group_decorator.py
[2023-05-30 14:02:44,138] {processor.py:623} INFO - DAG(s) dict_keys(['example_task_group_decorator']) retrieved from /home/lucia/practica_creativa/resources/airflow/env/lib/python3.10/site-packages/airflow/example_dags/example_task_group_decorator.py
[2023-05-30 14:02:44,718] {logging_mixin.py:109} INFO - [2023-05-30 14:02:44,718] {dag.py:1834} INFO - Sync 1 DAGs
[2023-05-30 14:02:44,731] {logging_mixin.py:109} INFO - [2023-05-30 14:02:44,731] {dag.py:2287} INFO - Setting next_dagrun for example_task_group_decorator to 2023-05-28 00:00:00+00:00
[2023-05-30 14:02:44,750] {processor.py:170} INFO - Processing /home/lucia/practica_creativa/resources/airflow/env/lib/python3.10/site-packages/airflow/example_dags/example_task_group_decorator.py took 0.689 seconds
[2023-05-30 14:03:28,544] {processor.py:162} INFO - Started process (PID=135461) to work on /home/lucia/practica_creativa/resources/airflow/env/lib/python3.10/site-packages/airflow/example_dags/example_task_group_decorator.py
[2023-05-30 14:03:28,547] {processor.py:613} INFO - Processing file /home/lucia/practica_creativa/resources/airflow/env/lib/python3.10/site-packages/airflow/example_dags/example_task_group_decorator.py for tasks to queue
[2023-05-30 14:03:28,549] {logging_mixin.py:109} INFO - [2023-05-30 14:03:28,548] {dagbag.py:496} INFO - Filling up the DagBag from /home/lucia/practica_creativa/resources/airflow/env/lib/python3.10/site-packages/airflow/example_dags/example_task_group_decorator.py
[2023-05-30 14:03:28,647] {processor.py:623} INFO - DAG(s) dict_keys(['example_task_group_decorator']) retrieved from /home/lucia/practica_creativa/resources/airflow/env/lib/python3.10/site-packages/airflow/example_dags/example_task_group_decorator.py
[2023-05-30 14:03:29,588] {logging_mixin.py:109} INFO - [2023-05-30 14:03:29,588] {dag.py:1834} INFO - Sync 1 DAGs
[2023-05-30 14:03:29,604] {logging_mixin.py:109} INFO - [2023-05-30 14:03:29,604] {dag.py:2287} INFO - Setting next_dagrun for example_task_group_decorator to 2023-05-28 00:00:00+00:00
[2023-05-30 14:03:29,637] {processor.py:170} INFO - Processing /home/lucia/practica_creativa/resources/airflow/env/lib/python3.10/site-packages/airflow/example_dags/example_task_group_decorator.py took 1.101 seconds
[2023-05-30 14:04:12,992] {processor.py:162} INFO - Started process (PID=135535) to work on /home/lucia/practica_creativa/resources/airflow/env/lib/python3.10/site-packages/airflow/example_dags/example_task_group_decorator.py
[2023-05-30 14:04:12,997] {processor.py:613} INFO - Processing file /home/lucia/practica_creativa/resources/airflow/env/lib/python3.10/site-packages/airflow/example_dags/example_task_group_decorator.py for tasks to queue
[2023-05-30 14:04:12,999] {logging_mixin.py:109} INFO - [2023-05-30 14:04:12,999] {dagbag.py:496} INFO - Filling up the DagBag from /home/lucia/practica_creativa/resources/airflow/env/lib/python3.10/site-packages/airflow/example_dags/example_task_group_decorator.py
[2023-05-30 14:04:13,086] {processor.py:623} INFO - DAG(s) dict_keys(['example_task_group_decorator']) retrieved from /home/lucia/practica_creativa/resources/airflow/env/lib/python3.10/site-packages/airflow/example_dags/example_task_group_decorator.py
[2023-05-30 14:04:14,108] {logging_mixin.py:109} INFO - [2023-05-30 14:04:14,108] {dag.py:1834} INFO - Sync 1 DAGs
[2023-05-30 14:04:14,127] {logging_mixin.py:109} INFO - [2023-05-30 14:04:14,127] {dag.py:2287} INFO - Setting next_dagrun for example_task_group_decorator to 2023-05-28 00:00:00+00:00
[2023-05-30 14:04:14,158] {processor.py:170} INFO - Processing /home/lucia/practica_creativa/resources/airflow/env/lib/python3.10/site-packages/airflow/example_dags/example_task_group_decorator.py took 1.178 seconds
[2023-05-30 14:05:24,771] {processor.py:162} INFO - Started process (PID=135621) to work on /home/lucia/practica_creativa/resources/airflow/env/lib/python3.10/site-packages/airflow/example_dags/example_task_group_decorator.py
[2023-05-30 14:05:24,774] {processor.py:613} INFO - Processing file /home/lucia/practica_creativa/resources/airflow/env/lib/python3.10/site-packages/airflow/example_dags/example_task_group_decorator.py for tasks to queue
[2023-05-30 14:05:24,775] {logging_mixin.py:109} INFO - [2023-05-30 14:05:24,774] {dagbag.py:496} INFO - Filling up the DagBag from /home/lucia/practica_creativa/resources/airflow/env/lib/python3.10/site-packages/airflow/example_dags/example_task_group_decorator.py
[2023-05-30 14:05:24,855] {processor.py:623} INFO - DAG(s) dict_keys(['example_task_group_decorator']) retrieved from /home/lucia/practica_creativa/resources/airflow/env/lib/python3.10/site-packages/airflow/example_dags/example_task_group_decorator.py
[2023-05-30 14:05:25,508] {logging_mixin.py:109} INFO - [2023-05-30 14:05:25,508] {dag.py:1834} INFO - Sync 1 DAGs
[2023-05-30 14:05:25,541] {logging_mixin.py:109} INFO - [2023-05-30 14:05:25,541] {dag.py:2287} INFO - Setting next_dagrun for example_task_group_decorator to 2023-05-28 00:00:00+00:00
[2023-05-30 14:05:25,580] {processor.py:170} INFO - Processing /home/lucia/practica_creativa/resources/airflow/env/lib/python3.10/site-packages/airflow/example_dags/example_task_group_decorator.py took 0.839 seconds
[2023-05-30 14:09:30,175] {processor.py:162} INFO - Started process (PID=135748) to work on /home/lucia/practica_creativa/resources/airflow/env/lib/python3.10/site-packages/airflow/example_dags/example_task_group_decorator.py
[2023-05-30 14:09:30,180] {processor.py:613} INFO - Processing file /home/lucia/practica_creativa/resources/airflow/env/lib/python3.10/site-packages/airflow/example_dags/example_task_group_decorator.py for tasks to queue
[2023-05-30 14:09:30,181] {logging_mixin.py:109} INFO - [2023-05-30 14:09:30,181] {dagbag.py:496} INFO - Filling up the DagBag from /home/lucia/practica_creativa/resources/airflow/env/lib/python3.10/site-packages/airflow/example_dags/example_task_group_decorator.py
[2023-05-30 14:09:30,322] {processor.py:623} INFO - DAG(s) dict_keys(['example_task_group_decorator']) retrieved from /home/lucia/practica_creativa/resources/airflow/env/lib/python3.10/site-packages/airflow/example_dags/example_task_group_decorator.py
[2023-05-30 14:09:31,347] {logging_mixin.py:109} INFO - [2023-05-30 14:09:31,347] {dag.py:1834} INFO - Sync 1 DAGs
[2023-05-30 14:09:31,360] {logging_mixin.py:109} INFO - [2023-05-30 14:09:31,360] {dag.py:2287} INFO - Setting next_dagrun for example_task_group_decorator to 2023-05-28 00:00:00+00:00
[2023-05-30 14:09:31,405] {processor.py:170} INFO - Processing /home/lucia/practica_creativa/resources/airflow/env/lib/python3.10/site-packages/airflow/example_dags/example_task_group_decorator.py took 1.248 seconds
[2023-05-30 14:10:26,556] {processor.py:162} INFO - Started process (PID=135827) to work on /home/lucia/practica_creativa/resources/airflow/env/lib/python3.10/site-packages/airflow/example_dags/example_task_group_decorator.py
[2023-05-30 14:10:26,569] {processor.py:613} INFO - Processing file /home/lucia/practica_creativa/resources/airflow/env/lib/python3.10/site-packages/airflow/example_dags/example_task_group_decorator.py for tasks to queue
[2023-05-30 14:10:26,571] {logging_mixin.py:109} INFO - [2023-05-30 14:10:26,571] {dagbag.py:496} INFO - Filling up the DagBag from /home/lucia/practica_creativa/resources/airflow/env/lib/python3.10/site-packages/airflow/example_dags/example_task_group_decorator.py
[2023-05-30 14:10:26,643] {processor.py:623} INFO - DAG(s) dict_keys(['example_task_group_decorator']) retrieved from /home/lucia/practica_creativa/resources/airflow/env/lib/python3.10/site-packages/airflow/example_dags/example_task_group_decorator.py
[2023-05-30 14:10:27,384] {logging_mixin.py:109} INFO - [2023-05-30 14:10:27,384] {dag.py:1834} INFO - Sync 1 DAGs
[2023-05-30 14:10:27,398] {logging_mixin.py:109} INFO - [2023-05-30 14:10:27,398] {dag.py:2287} INFO - Setting next_dagrun for example_task_group_decorator to 2023-05-28 00:00:00+00:00
[2023-05-30 14:10:27,417] {processor.py:170} INFO - Processing /home/lucia/practica_creativa/resources/airflow/env/lib/python3.10/site-packages/airflow/example_dags/example_task_group_decorator.py took 0.878 seconds
[2023-05-30 14:11:10,363] {processor.py:162} INFO - Started process (PID=135868) to work on /home/lucia/practica_creativa/resources/airflow/env/lib/python3.10/site-packages/airflow/example_dags/example_task_group_decorator.py
[2023-05-30 14:11:10,377] {processor.py:613} INFO - Processing file /home/lucia/practica_creativa/resources/airflow/env/lib/python3.10/site-packages/airflow/example_dags/example_task_group_decorator.py for tasks to queue
[2023-05-30 14:11:10,378] {logging_mixin.py:109} INFO - [2023-05-30 14:11:10,378] {dagbag.py:496} INFO - Filling up the DagBag from /home/lucia/practica_creativa/resources/airflow/env/lib/python3.10/site-packages/airflow/example_dags/example_task_group_decorator.py
[2023-05-30 14:11:10,484] {processor.py:623} INFO - DAG(s) dict_keys(['example_task_group_decorator']) retrieved from /home/lucia/practica_creativa/resources/airflow/env/lib/python3.10/site-packages/airflow/example_dags/example_task_group_decorator.py
[2023-05-30 14:11:11,230] {logging_mixin.py:109} INFO - [2023-05-30 14:11:11,230] {dag.py:1834} INFO - Sync 1 DAGs
[2023-05-30 14:11:11,242] {logging_mixin.py:109} INFO - [2023-05-30 14:11:11,242] {dag.py:2287} INFO - Setting next_dagrun for example_task_group_decorator to 2023-05-28 00:00:00+00:00
[2023-05-30 14:11:11,264] {processor.py:170} INFO - Processing /home/lucia/practica_creativa/resources/airflow/env/lib/python3.10/site-packages/airflow/example_dags/example_task_group_decorator.py took 0.934 seconds
[2023-05-30 14:25:58,619] {processor.py:162} INFO - Started process (PID=136072) to work on /home/lucia/practica_creativa/resources/airflow/env/lib/python3.10/site-packages/airflow/example_dags/example_task_group_decorator.py
[2023-05-30 14:25:58,624] {processor.py:613} INFO - Processing file /home/lucia/practica_creativa/resources/airflow/env/lib/python3.10/site-packages/airflow/example_dags/example_task_group_decorator.py for tasks to queue
[2023-05-30 14:25:58,627] {logging_mixin.py:109} INFO - [2023-05-30 14:25:58,625] {dagbag.py:496} INFO - Filling up the DagBag from /home/lucia/practica_creativa/resources/airflow/env/lib/python3.10/site-packages/airflow/example_dags/example_task_group_decorator.py
[2023-05-30 14:25:58,716] {processor.py:623} INFO - DAG(s) dict_keys(['example_task_group_decorator']) retrieved from /home/lucia/practica_creativa/resources/airflow/env/lib/python3.10/site-packages/airflow/example_dags/example_task_group_decorator.py
[2023-05-30 14:25:59,641] {logging_mixin.py:109} INFO - [2023-05-30 14:25:59,641] {dag.py:1834} INFO - Sync 1 DAGs
[2023-05-30 14:25:59,652] {logging_mixin.py:109} INFO - [2023-05-30 14:25:59,652] {dag.py:2287} INFO - Setting next_dagrun for example_task_group_decorator to 2023-05-28 00:00:00+00:00
[2023-05-30 14:25:59,680] {processor.py:170} INFO - Processing /home/lucia/practica_creativa/resources/airflow/env/lib/python3.10/site-packages/airflow/example_dags/example_task_group_decorator.py took 1.068 seconds
[2023-05-30 14:37:01,350] {processor.py:162} INFO - Started process (PID=136240) to work on /home/lucia/practica_creativa/resources/airflow/env/lib/python3.10/site-packages/airflow/example_dags/example_task_group_decorator.py
[2023-05-30 14:37:01,356] {processor.py:613} INFO - Processing file /home/lucia/practica_creativa/resources/airflow/env/lib/python3.10/site-packages/airflow/example_dags/example_task_group_decorator.py for tasks to queue
[2023-05-30 14:37:01,358] {logging_mixin.py:109} INFO - [2023-05-30 14:37:01,358] {dagbag.py:496} INFO - Filling up the DagBag from /home/lucia/practica_creativa/resources/airflow/env/lib/python3.10/site-packages/airflow/example_dags/example_task_group_decorator.py
[2023-05-30 14:37:01,428] {processor.py:623} INFO - DAG(s) dict_keys(['example_task_group_decorator']) retrieved from /home/lucia/practica_creativa/resources/airflow/env/lib/python3.10/site-packages/airflow/example_dags/example_task_group_decorator.py
[2023-05-30 14:37:02,020] {logging_mixin.py:109} INFO - [2023-05-30 14:37:02,020] {dag.py:1834} INFO - Sync 1 DAGs
[2023-05-30 14:37:02,033] {logging_mixin.py:109} INFO - [2023-05-30 14:37:02,033] {dag.py:2287} INFO - Setting next_dagrun for example_task_group_decorator to 2023-05-28 00:00:00+00:00
[2023-05-30 14:37:02,057] {processor.py:170} INFO - Processing /home/lucia/practica_creativa/resources/airflow/env/lib/python3.10/site-packages/airflow/example_dags/example_task_group_decorator.py took 0.713 seconds
[2023-05-30 14:37:38,139] {processor.py:162} INFO - Started process (PID=136270) to work on /home/lucia/practica_creativa/resources/airflow/env/lib/python3.10/site-packages/airflow/example_dags/example_task_group_decorator.py
[2023-05-30 14:37:38,141] {processor.py:613} INFO - Processing file /home/lucia/practica_creativa/resources/airflow/env/lib/python3.10/site-packages/airflow/example_dags/example_task_group_decorator.py for tasks to queue
[2023-05-30 14:37:38,142] {logging_mixin.py:109} INFO - [2023-05-30 14:37:38,142] {dagbag.py:496} INFO - Filling up the DagBag from /home/lucia/practica_creativa/resources/airflow/env/lib/python3.10/site-packages/airflow/example_dags/example_task_group_decorator.py
[2023-05-30 14:37:38,184] {processor.py:623} INFO - DAG(s) dict_keys(['example_task_group_decorator']) retrieved from /home/lucia/practica_creativa/resources/airflow/env/lib/python3.10/site-packages/airflow/example_dags/example_task_group_decorator.py
[2023-05-30 14:37:38,597] {logging_mixin.py:109} INFO - [2023-05-30 14:37:38,597] {dag.py:1834} INFO - Sync 1 DAGs
[2023-05-30 14:37:38,608] {logging_mixin.py:109} INFO - [2023-05-30 14:37:38,608] {dag.py:2287} INFO - Setting next_dagrun for example_task_group_decorator to 2023-05-28 00:00:00+00:00
[2023-05-30 14:37:38,635] {processor.py:170} INFO - Processing /home/lucia/practica_creativa/resources/airflow/env/lib/python3.10/site-packages/airflow/example_dags/example_task_group_decorator.py took 0.500 seconds
[2023-05-30 14:38:18,393] {processor.py:162} INFO - Started process (PID=136306) to work on /home/lucia/practica_creativa/resources/airflow/env/lib/python3.10/site-packages/airflow/example_dags/example_task_group_decorator.py
[2023-05-30 14:38:18,396] {processor.py:613} INFO - Processing file /home/lucia/practica_creativa/resources/airflow/env/lib/python3.10/site-packages/airflow/example_dags/example_task_group_decorator.py for tasks to queue
[2023-05-30 14:38:18,397] {logging_mixin.py:109} INFO - [2023-05-30 14:38:18,397] {dagbag.py:496} INFO - Filling up the DagBag from /home/lucia/practica_creativa/resources/airflow/env/lib/python3.10/site-packages/airflow/example_dags/example_task_group_decorator.py
[2023-05-30 14:38:18,460] {processor.py:623} INFO - DAG(s) dict_keys(['example_task_group_decorator']) retrieved from /home/lucia/practica_creativa/resources/airflow/env/lib/python3.10/site-packages/airflow/example_dags/example_task_group_decorator.py
[2023-05-30 14:38:19,069] {logging_mixin.py:109} INFO - [2023-05-30 14:38:19,069] {dag.py:1834} INFO - Sync 1 DAGs
[2023-05-30 14:38:19,093] {logging_mixin.py:109} INFO - [2023-05-30 14:38:19,093] {dag.py:2287} INFO - Setting next_dagrun for example_task_group_decorator to 2023-05-28 00:00:00+00:00
[2023-05-30 14:38:19,129] {processor.py:170} INFO - Processing /home/lucia/practica_creativa/resources/airflow/env/lib/python3.10/site-packages/airflow/example_dags/example_task_group_decorator.py took 0.743 seconds
