[2023-05-30 13:42:14,958] {processor.py:162} INFO - Started process (PID=134566) to work on /home/lucia/practica_creativa/flight_prediction/src/main/scala/env/lib/python3.10/site-packages/airflow/example_dags/example_branch_datetime_operator.py
[2023-05-30 13:42:14,960] {processor.py:613} INFO - Processing file /home/lucia/practica_creativa/flight_prediction/src/main/scala/env/lib/python3.10/site-packages/airflow/example_dags/example_branch_datetime_operator.py for tasks to queue
[2023-05-30 13:42:14,962] {logging_mixin.py:109} INFO - [2023-05-30 13:42:14,961] {dagbag.py:496} INFO - Filling up the DagBag from /home/lucia/practica_creativa/flight_prediction/src/main/scala/env/lib/python3.10/site-packages/airflow/example_dags/example_branch_datetime_operator.py
[2023-05-30 13:42:14,997] {processor.py:623} INFO - DAG(s) dict_keys(['example_branch_datetime_operator_2']) retrieved from /home/lucia/practica_creativa/flight_prediction/src/main/scala/env/lib/python3.10/site-packages/airflow/example_dags/example_branch_datetime_operator.py
[2023-05-30 13:42:15,034] {logging_mixin.py:109} INFO - [2023-05-30 13:42:15,034] {dag.py:1834} INFO - Sync 1 DAGs
[2023-05-30 13:42:15,068] {logging_mixin.py:109} INFO - [2023-05-30 13:42:15,068] {dag.py:2287} INFO - Setting next_dagrun for example_branch_datetime_operator_2 to 2023-05-28 00:00:00+00:00
[2023-05-30 13:42:15,098] {processor.py:170} INFO - Processing /home/lucia/practica_creativa/flight_prediction/src/main/scala/env/lib/python3.10/site-packages/airflow/example_dags/example_branch_datetime_operator.py took 0.148 seconds
[2023-05-30 13:42:57,854] {processor.py:162} INFO - Started process (PID=134620) to work on /home/lucia/practica_creativa/flight_prediction/src/main/scala/env/lib/python3.10/site-packages/airflow/example_dags/example_branch_datetime_operator.py
[2023-05-30 13:42:57,860] {processor.py:613} INFO - Processing file /home/lucia/practica_creativa/flight_prediction/src/main/scala/env/lib/python3.10/site-packages/airflow/example_dags/example_branch_datetime_operator.py for tasks to queue
[2023-05-30 13:42:57,864] {logging_mixin.py:109} INFO - [2023-05-30 13:42:57,863] {dagbag.py:496} INFO - Filling up the DagBag from /home/lucia/practica_creativa/flight_prediction/src/main/scala/env/lib/python3.10/site-packages/airflow/example_dags/example_branch_datetime_operator.py
[2023-05-30 13:42:57,897] {processor.py:623} INFO - DAG(s) dict_keys(['example_branch_datetime_operator_2']) retrieved from /home/lucia/practica_creativa/flight_prediction/src/main/scala/env/lib/python3.10/site-packages/airflow/example_dags/example_branch_datetime_operator.py
[2023-05-30 13:42:57,934] {logging_mixin.py:109} INFO - [2023-05-30 13:42:57,934] {dag.py:1834} INFO - Sync 1 DAGs
[2023-05-30 13:42:57,966] {logging_mixin.py:109} INFO - [2023-05-30 13:42:57,965] {dag.py:2287} INFO - Setting next_dagrun for example_branch_datetime_operator_2 to 2023-05-28 00:00:00+00:00
[2023-05-30 13:42:57,994] {processor.py:170} INFO - Processing /home/lucia/practica_creativa/flight_prediction/src/main/scala/env/lib/python3.10/site-packages/airflow/example_dags/example_branch_datetime_operator.py took 0.147 seconds
[2023-05-30 14:01:22,336] {processor.py:162} INFO - Started process (PID=135262) to work on /home/lucia/practica_creativa/resources/airflow/env/lib/python3.10/site-packages/airflow/example_dags/example_branch_datetime_operator.py
[2023-05-30 14:01:22,340] {processor.py:613} INFO - Processing file /home/lucia/practica_creativa/resources/airflow/env/lib/python3.10/site-packages/airflow/example_dags/example_branch_datetime_operator.py for tasks to queue
[2023-05-30 14:01:22,342] {logging_mixin.py:109} INFO - [2023-05-30 14:01:22,342] {dagbag.py:496} INFO - Filling up the DagBag from /home/lucia/practica_creativa/resources/airflow/env/lib/python3.10/site-packages/airflow/example_dags/example_branch_datetime_operator.py
[2023-05-30 14:01:22,384] {processor.py:623} INFO - DAG(s) dict_keys(['example_branch_datetime_operator_2']) retrieved from /home/lucia/practica_creativa/resources/airflow/env/lib/python3.10/site-packages/airflow/example_dags/example_branch_datetime_operator.py
[2023-05-30 14:01:22,424] {logging_mixin.py:109} INFO - [2023-05-30 14:01:22,424] {dag.py:1834} INFO - Sync 1 DAGs
[2023-05-30 14:01:22,466] {logging_mixin.py:109} INFO - [2023-05-30 14:01:22,466] {dag.py:2287} INFO - Setting next_dagrun for example_branch_datetime_operator_2 to 2023-05-28 00:00:00+00:00
[2023-05-30 14:01:22,494] {processor.py:170} INFO - Processing /home/lucia/practica_creativa/resources/airflow/env/lib/python3.10/site-packages/airflow/example_dags/example_branch_datetime_operator.py took 0.167 seconds
[2023-05-30 14:02:16,545] {processor.py:162} INFO - Started process (PID=135345) to work on /home/lucia/practica_creativa/resources/airflow/env/lib/python3.10/site-packages/airflow/example_dags/example_branch_datetime_operator.py
[2023-05-30 14:02:16,548] {processor.py:613} INFO - Processing file /home/lucia/practica_creativa/resources/airflow/env/lib/python3.10/site-packages/airflow/example_dags/example_branch_datetime_operator.py for tasks to queue
[2023-05-30 14:02:16,550] {logging_mixin.py:109} INFO - [2023-05-30 14:02:16,549] {dagbag.py:496} INFO - Filling up the DagBag from /home/lucia/practica_creativa/resources/airflow/env/lib/python3.10/site-packages/airflow/example_dags/example_branch_datetime_operator.py
[2023-05-30 14:02:16,582] {processor.py:623} INFO - DAG(s) dict_keys(['example_branch_datetime_operator_2']) retrieved from /home/lucia/practica_creativa/resources/airflow/env/lib/python3.10/site-packages/airflow/example_dags/example_branch_datetime_operator.py
[2023-05-30 14:02:16,615] {logging_mixin.py:109} INFO - [2023-05-30 14:02:16,615] {dag.py:1834} INFO - Sync 1 DAGs
[2023-05-30 14:02:16,645] {logging_mixin.py:109} INFO - [2023-05-30 14:02:16,645] {dag.py:2287} INFO - Setting next_dagrun for example_branch_datetime_operator_2 to 2023-05-28 00:00:00+00:00
[2023-05-30 14:02:16,670] {processor.py:170} INFO - Processing /home/lucia/practica_creativa/resources/airflow/env/lib/python3.10/site-packages/airflow/example_dags/example_branch_datetime_operator.py took 0.132 seconds
[2023-05-30 14:02:58,524] {processor.py:162} INFO - Started process (PID=135413) to work on /home/lucia/practica_creativa/resources/airflow/env/lib/python3.10/site-packages/airflow/example_dags/example_branch_datetime_operator.py
[2023-05-30 14:02:58,539] {processor.py:613} INFO - Processing file /home/lucia/practica_creativa/resources/airflow/env/lib/python3.10/site-packages/airflow/example_dags/example_branch_datetime_operator.py for tasks to queue
[2023-05-30 14:02:58,541] {logging_mixin.py:109} INFO - [2023-05-30 14:02:58,541] {dagbag.py:496} INFO - Filling up the DagBag from /home/lucia/practica_creativa/resources/airflow/env/lib/python3.10/site-packages/airflow/example_dags/example_branch_datetime_operator.py
[2023-05-30 14:02:58,592] {processor.py:623} INFO - DAG(s) dict_keys(['example_branch_datetime_operator_2']) retrieved from /home/lucia/practica_creativa/resources/airflow/env/lib/python3.10/site-packages/airflow/example_dags/example_branch_datetime_operator.py
[2023-05-30 14:02:58,625] {logging_mixin.py:109} INFO - [2023-05-30 14:02:58,625] {dag.py:1834} INFO - Sync 1 DAGs
[2023-05-30 14:02:58,655] {logging_mixin.py:109} INFO - [2023-05-30 14:02:58,655] {dag.py:2287} INFO - Setting next_dagrun for example_branch_datetime_operator_2 to 2023-05-28 00:00:00+00:00
[2023-05-30 14:02:58,684] {processor.py:170} INFO - Processing /home/lucia/practica_creativa/resources/airflow/env/lib/python3.10/site-packages/airflow/example_dags/example_branch_datetime_operator.py took 0.169 seconds
[2023-05-30 14:03:44,449] {processor.py:162} INFO - Started process (PID=135479) to work on /home/lucia/practica_creativa/resources/airflow/env/lib/python3.10/site-packages/airflow/example_dags/example_branch_datetime_operator.py
[2023-05-30 14:03:44,453] {processor.py:613} INFO - Processing file /home/lucia/practica_creativa/resources/airflow/env/lib/python3.10/site-packages/airflow/example_dags/example_branch_datetime_operator.py for tasks to queue
[2023-05-30 14:03:44,455] {logging_mixin.py:109} INFO - [2023-05-30 14:03:44,454] {dagbag.py:496} INFO - Filling up the DagBag from /home/lucia/practica_creativa/resources/airflow/env/lib/python3.10/site-packages/airflow/example_dags/example_branch_datetime_operator.py
[2023-05-30 14:03:44,490] {processor.py:623} INFO - DAG(s) dict_keys(['example_branch_datetime_operator_2']) retrieved from /home/lucia/practica_creativa/resources/airflow/env/lib/python3.10/site-packages/airflow/example_dags/example_branch_datetime_operator.py
[2023-05-30 14:03:44,530] {logging_mixin.py:109} INFO - [2023-05-30 14:03:44,529] {dag.py:1834} INFO - Sync 1 DAGs
[2023-05-30 14:03:44,562] {logging_mixin.py:109} INFO - [2023-05-30 14:03:44,562] {dag.py:2287} INFO - Setting next_dagrun for example_branch_datetime_operator_2 to 2023-05-28 00:00:00+00:00
[2023-05-30 14:03:44,591] {processor.py:170} INFO - Processing /home/lucia/practica_creativa/resources/airflow/env/lib/python3.10/site-packages/airflow/example_dags/example_branch_datetime_operator.py took 0.150 seconds
[2023-05-30 14:05:38,957] {processor.py:162} INFO - Started process (PID=135633) to work on /home/lucia/practica_creativa/resources/airflow/env/lib/python3.10/site-packages/airflow/example_dags/example_branch_datetime_operator.py
[2023-05-30 14:05:38,964] {processor.py:613} INFO - Processing file /home/lucia/practica_creativa/resources/airflow/env/lib/python3.10/site-packages/airflow/example_dags/example_branch_datetime_operator.py for tasks to queue
[2023-05-30 14:05:38,967] {logging_mixin.py:109} INFO - [2023-05-30 14:05:38,967] {dagbag.py:496} INFO - Filling up the DagBag from /home/lucia/practica_creativa/resources/airflow/env/lib/python3.10/site-packages/airflow/example_dags/example_branch_datetime_operator.py
[2023-05-30 14:05:39,012] {processor.py:623} INFO - DAG(s) dict_keys(['example_branch_datetime_operator_2']) retrieved from /home/lucia/practica_creativa/resources/airflow/env/lib/python3.10/site-packages/airflow/example_dags/example_branch_datetime_operator.py
[2023-05-30 14:05:39,050] {logging_mixin.py:109} INFO - [2023-05-30 14:05:39,050] {dag.py:1834} INFO - Sync 1 DAGs
[2023-05-30 14:05:39,101] {logging_mixin.py:109} INFO - [2023-05-30 14:05:39,101] {dag.py:2287} INFO - Setting next_dagrun for example_branch_datetime_operator_2 to 2023-05-28 00:00:00+00:00
[2023-05-30 14:05:39,146] {processor.py:170} INFO - Processing /home/lucia/practica_creativa/resources/airflow/env/lib/python3.10/site-packages/airflow/example_dags/example_branch_datetime_operator.py took 0.200 seconds
[2023-05-30 14:09:45,089] {processor.py:162} INFO - Started process (PID=135759) to work on /home/lucia/practica_creativa/resources/airflow/env/lib/python3.10/site-packages/airflow/example_dags/example_branch_datetime_operator.py
[2023-05-30 14:09:45,092] {processor.py:613} INFO - Processing file /home/lucia/practica_creativa/resources/airflow/env/lib/python3.10/site-packages/airflow/example_dags/example_branch_datetime_operator.py for tasks to queue
[2023-05-30 14:09:45,094] {logging_mixin.py:109} INFO - [2023-05-30 14:09:45,093] {dagbag.py:496} INFO - Filling up the DagBag from /home/lucia/practica_creativa/resources/airflow/env/lib/python3.10/site-packages/airflow/example_dags/example_branch_datetime_operator.py
[2023-05-30 14:09:45,127] {processor.py:623} INFO - DAG(s) dict_keys(['example_branch_datetime_operator_2']) retrieved from /home/lucia/practica_creativa/resources/airflow/env/lib/python3.10/site-packages/airflow/example_dags/example_branch_datetime_operator.py
[2023-05-30 14:09:45,159] {logging_mixin.py:109} INFO - [2023-05-30 14:09:45,159] {dag.py:1834} INFO - Sync 1 DAGs
[2023-05-30 14:09:45,187] {logging_mixin.py:109} INFO - [2023-05-30 14:09:45,187] {dag.py:2287} INFO - Setting next_dagrun for example_branch_datetime_operator_2 to 2023-05-28 00:00:00+00:00
[2023-05-30 14:09:45,218] {processor.py:170} INFO - Processing /home/lucia/practica_creativa/resources/airflow/env/lib/python3.10/site-packages/airflow/example_dags/example_branch_datetime_operator.py took 0.136 seconds
[2023-05-30 14:10:41,189] {processor.py:162} INFO - Started process (PID=135838) to work on /home/lucia/practica_creativa/resources/airflow/env/lib/python3.10/site-packages/airflow/example_dags/example_branch_datetime_operator.py
[2023-05-30 14:10:41,192] {processor.py:613} INFO - Processing file /home/lucia/practica_creativa/resources/airflow/env/lib/python3.10/site-packages/airflow/example_dags/example_branch_datetime_operator.py for tasks to queue
[2023-05-30 14:10:41,195] {logging_mixin.py:109} INFO - [2023-05-30 14:10:41,194] {dagbag.py:496} INFO - Filling up the DagBag from /home/lucia/practica_creativa/resources/airflow/env/lib/python3.10/site-packages/airflow/example_dags/example_branch_datetime_operator.py
[2023-05-30 14:10:41,226] {processor.py:623} INFO - DAG(s) dict_keys(['example_branch_datetime_operator_2']) retrieved from /home/lucia/practica_creativa/resources/airflow/env/lib/python3.10/site-packages/airflow/example_dags/example_branch_datetime_operator.py
[2023-05-30 14:10:41,259] {logging_mixin.py:109} INFO - [2023-05-30 14:10:41,259] {dag.py:1834} INFO - Sync 1 DAGs
[2023-05-30 14:10:41,289] {logging_mixin.py:109} INFO - [2023-05-30 14:10:41,289] {dag.py:2287} INFO - Setting next_dagrun for example_branch_datetime_operator_2 to 2023-05-28 00:00:00+00:00
[2023-05-30 14:10:41,313] {processor.py:170} INFO - Processing /home/lucia/practica_creativa/resources/airflow/env/lib/python3.10/site-packages/airflow/example_dags/example_branch_datetime_operator.py took 0.130 seconds
[2023-05-30 14:26:11,897] {processor.py:162} INFO - Started process (PID=136087) to work on /home/lucia/practica_creativa/resources/airflow/env/lib/python3.10/site-packages/airflow/example_dags/example_branch_datetime_operator.py
[2023-05-30 14:26:11,901] {processor.py:613} INFO - Processing file /home/lucia/practica_creativa/resources/airflow/env/lib/python3.10/site-packages/airflow/example_dags/example_branch_datetime_operator.py for tasks to queue
[2023-05-30 14:26:11,902] {logging_mixin.py:109} INFO - [2023-05-30 14:26:11,902] {dagbag.py:496} INFO - Filling up the DagBag from /home/lucia/practica_creativa/resources/airflow/env/lib/python3.10/site-packages/airflow/example_dags/example_branch_datetime_operator.py
[2023-05-30 14:26:11,941] {processor.py:623} INFO - DAG(s) dict_keys(['example_branch_datetime_operator_2']) retrieved from /home/lucia/practica_creativa/resources/airflow/env/lib/python3.10/site-packages/airflow/example_dags/example_branch_datetime_operator.py
[2023-05-30 14:26:11,977] {logging_mixin.py:109} INFO - [2023-05-30 14:26:11,976] {dag.py:1834} INFO - Sync 1 DAGs
[2023-05-30 14:26:12,013] {logging_mixin.py:109} INFO - [2023-05-30 14:26:12,012] {dag.py:2287} INFO - Setting next_dagrun for example_branch_datetime_operator_2 to 2023-05-28 00:00:00+00:00
[2023-05-30 14:26:12,037] {processor.py:170} INFO - Processing /home/lucia/practica_creativa/resources/airflow/env/lib/python3.10/site-packages/airflow/example_dags/example_branch_datetime_operator.py took 0.147 seconds
[2023-05-30 14:37:51,499] {processor.py:162} INFO - Started process (PID=136281) to work on /home/lucia/practica_creativa/resources/airflow/env/lib/python3.10/site-packages/airflow/example_dags/example_branch_datetime_operator.py
[2023-05-30 14:37:51,502] {processor.py:613} INFO - Processing file /home/lucia/practica_creativa/resources/airflow/env/lib/python3.10/site-packages/airflow/example_dags/example_branch_datetime_operator.py for tasks to queue
[2023-05-30 14:37:51,504] {logging_mixin.py:109} INFO - [2023-05-30 14:37:51,503] {dagbag.py:496} INFO - Filling up the DagBag from /home/lucia/practica_creativa/resources/airflow/env/lib/python3.10/site-packages/airflow/example_dags/example_branch_datetime_operator.py
[2023-05-30 14:37:51,539] {processor.py:623} INFO - DAG(s) dict_keys(['example_branch_datetime_operator_2']) retrieved from /home/lucia/practica_creativa/resources/airflow/env/lib/python3.10/site-packages/airflow/example_dags/example_branch_datetime_operator.py
[2023-05-30 14:37:51,572] {logging_mixin.py:109} INFO - [2023-05-30 14:37:51,572] {dag.py:1834} INFO - Sync 1 DAGs
[2023-05-30 14:37:51,602] {logging_mixin.py:109} INFO - [2023-05-30 14:37:51,601] {dag.py:2287} INFO - Setting next_dagrun for example_branch_datetime_operator_2 to 2023-05-28 00:00:00+00:00
[2023-05-30 14:37:51,631] {processor.py:170} INFO - Processing /home/lucia/practica_creativa/resources/airflow/env/lib/python3.10/site-packages/airflow/example_dags/example_branch_datetime_operator.py took 0.139 seconds
[2023-05-30 14:38:32,086] {processor.py:162} INFO - Started process (PID=136317) to work on /home/lucia/practica_creativa/resources/airflow/env/lib/python3.10/site-packages/airflow/example_dags/example_branch_datetime_operator.py
[2023-05-30 14:38:32,090] {processor.py:613} INFO - Processing file /home/lucia/practica_creativa/resources/airflow/env/lib/python3.10/site-packages/airflow/example_dags/example_branch_datetime_operator.py for tasks to queue
[2023-05-30 14:38:32,091] {logging_mixin.py:109} INFO - [2023-05-30 14:38:32,091] {dagbag.py:496} INFO - Filling up the DagBag from /home/lucia/practica_creativa/resources/airflow/env/lib/python3.10/site-packages/airflow/example_dags/example_branch_datetime_operator.py
[2023-05-30 14:38:32,125] {processor.py:623} INFO - DAG(s) dict_keys(['example_branch_datetime_operator_2']) retrieved from /home/lucia/practica_creativa/resources/airflow/env/lib/python3.10/site-packages/airflow/example_dags/example_branch_datetime_operator.py
[2023-05-30 14:38:32,163] {logging_mixin.py:109} INFO - [2023-05-30 14:38:32,163] {dag.py:1834} INFO - Sync 1 DAGs
[2023-05-30 14:38:32,192] {logging_mixin.py:109} INFO - [2023-05-30 14:38:32,192] {dag.py:2287} INFO - Setting next_dagrun for example_branch_datetime_operator_2 to 2023-05-28 00:00:00+00:00
[2023-05-30 14:38:32,220] {processor.py:170} INFO - Processing /home/lucia/practica_creativa/resources/airflow/env/lib/python3.10/site-packages/airflow/example_dags/example_branch_datetime_operator.py took 0.141 seconds
