[2023-05-30 13:42:05,714] {processor.py:162} INFO - Started process (PID=134557) to work on /home/lucia/practica_creativa/flight_prediction/src/main/scala/env/lib/python3.10/site-packages/airflow/example_dags/example_latest_only_with_trigger.py
[2023-05-30 13:42:05,720] {processor.py:613} INFO - Processing file /home/lucia/practica_creativa/flight_prediction/src/main/scala/env/lib/python3.10/site-packages/airflow/example_dags/example_latest_only_with_trigger.py for tasks to queue
[2023-05-30 13:42:05,721] {logging_mixin.py:109} INFO - [2023-05-30 13:42:05,721] {dagbag.py:496} INFO - Filling up the DagBag from /home/lucia/practica_creativa/flight_prediction/src/main/scala/env/lib/python3.10/site-packages/airflow/example_dags/example_latest_only_with_trigger.py
[2023-05-30 13:42:05,767] {processor.py:623} INFO - DAG(s) dict_keys(['latest_only_with_trigger']) retrieved from /home/lucia/practica_creativa/flight_prediction/src/main/scala/env/lib/python3.10/site-packages/airflow/example_dags/example_latest_only_with_trigger.py
[2023-05-30 13:42:05,817] {logging_mixin.py:109} INFO - [2023-05-30 13:42:05,817] {dag.py:1834} INFO - Sync 1 DAGs
[2023-05-30 13:42:05,845] {logging_mixin.py:109} INFO - [2023-05-30 13:42:05,844] {dag.py:2287} INFO - Setting next_dagrun for latest_only_with_trigger to 2023-05-28 00:00:00+00:00
[2023-05-30 13:42:05,875] {processor.py:170} INFO - Processing /home/lucia/practica_creativa/flight_prediction/src/main/scala/env/lib/python3.10/site-packages/airflow/example_dags/example_latest_only_with_trigger.py took 0.170 seconds
[2023-05-30 13:42:47,438] {processor.py:162} INFO - Started process (PID=134596) to work on /home/lucia/practica_creativa/flight_prediction/src/main/scala/env/lib/python3.10/site-packages/airflow/example_dags/example_latest_only_with_trigger.py
[2023-05-30 13:42:47,442] {processor.py:613} INFO - Processing file /home/lucia/practica_creativa/flight_prediction/src/main/scala/env/lib/python3.10/site-packages/airflow/example_dags/example_latest_only_with_trigger.py for tasks to queue
[2023-05-30 13:42:47,443] {logging_mixin.py:109} INFO - [2023-05-30 13:42:47,443] {dagbag.py:496} INFO - Filling up the DagBag from /home/lucia/practica_creativa/flight_prediction/src/main/scala/env/lib/python3.10/site-packages/airflow/example_dags/example_latest_only_with_trigger.py
[2023-05-30 13:42:47,478] {processor.py:623} INFO - DAG(s) dict_keys(['latest_only_with_trigger']) retrieved from /home/lucia/practica_creativa/flight_prediction/src/main/scala/env/lib/python3.10/site-packages/airflow/example_dags/example_latest_only_with_trigger.py
[2023-05-30 13:42:47,519] {logging_mixin.py:109} INFO - [2023-05-30 13:42:47,519] {dag.py:1834} INFO - Sync 1 DAGs
[2023-05-30 13:42:47,544] {logging_mixin.py:109} INFO - [2023-05-30 13:42:47,544] {dag.py:2287} INFO - Setting next_dagrun for latest_only_with_trigger to 2023-05-28 00:00:00+00:00
[2023-05-30 13:42:47,576] {processor.py:170} INFO - Processing /home/lucia/practica_creativa/flight_prediction/src/main/scala/env/lib/python3.10/site-packages/airflow/example_dags/example_latest_only_with_trigger.py took 0.147 seconds
[2023-05-30 14:01:17,223] {processor.py:162} INFO - Started process (PID=135246) to work on /home/lucia/practica_creativa/resources/airflow/env/lib/python3.10/site-packages/airflow/example_dags/example_latest_only_with_trigger.py
[2023-05-30 14:01:17,228] {processor.py:613} INFO - Processing file /home/lucia/practica_creativa/resources/airflow/env/lib/python3.10/site-packages/airflow/example_dags/example_latest_only_with_trigger.py for tasks to queue
[2023-05-30 14:01:17,237] {logging_mixin.py:109} INFO - [2023-05-30 14:01:17,236] {dagbag.py:496} INFO - Filling up the DagBag from /home/lucia/practica_creativa/resources/airflow/env/lib/python3.10/site-packages/airflow/example_dags/example_latest_only_with_trigger.py
[2023-05-30 14:01:17,298] {processor.py:623} INFO - DAG(s) dict_keys(['latest_only_with_trigger']) retrieved from /home/lucia/practica_creativa/resources/airflow/env/lib/python3.10/site-packages/airflow/example_dags/example_latest_only_with_trigger.py
[2023-05-30 14:01:17,355] {logging_mixin.py:109} INFO - [2023-05-30 14:01:17,354] {dag.py:1834} INFO - Sync 1 DAGs
[2023-05-30 14:01:17,379] {logging_mixin.py:109} INFO - [2023-05-30 14:01:17,379] {dag.py:2287} INFO - Setting next_dagrun for latest_only_with_trigger to 2023-05-28 00:00:00+00:00
[2023-05-30 14:01:17,402] {processor.py:170} INFO - Processing /home/lucia/practica_creativa/resources/airflow/env/lib/python3.10/site-packages/airflow/example_dags/example_latest_only_with_trigger.py took 0.189 seconds
[2023-05-30 14:02:12,544] {processor.py:162} INFO - Started process (PID=135341) to work on /home/lucia/practica_creativa/resources/airflow/env/lib/python3.10/site-packages/airflow/example_dags/example_latest_only_with_trigger.py
[2023-05-30 14:02:12,548] {processor.py:613} INFO - Processing file /home/lucia/practica_creativa/resources/airflow/env/lib/python3.10/site-packages/airflow/example_dags/example_latest_only_with_trigger.py for tasks to queue
[2023-05-30 14:02:12,550] {logging_mixin.py:109} INFO - [2023-05-30 14:02:12,549] {dagbag.py:496} INFO - Filling up the DagBag from /home/lucia/practica_creativa/resources/airflow/env/lib/python3.10/site-packages/airflow/example_dags/example_latest_only_with_trigger.py
[2023-05-30 14:02:12,578] {processor.py:623} INFO - DAG(s) dict_keys(['latest_only_with_trigger']) retrieved from /home/lucia/practica_creativa/resources/airflow/env/lib/python3.10/site-packages/airflow/example_dags/example_latest_only_with_trigger.py
[2023-05-30 14:02:12,623] {logging_mixin.py:109} INFO - [2023-05-30 14:02:12,623] {dag.py:1834} INFO - Sync 1 DAGs
[2023-05-30 14:02:12,647] {logging_mixin.py:109} INFO - [2023-05-30 14:02:12,647] {dag.py:2287} INFO - Setting next_dagrun for latest_only_with_trigger to 2023-05-28 00:00:00+00:00
[2023-05-30 14:02:12,674] {processor.py:170} INFO - Processing /home/lucia/practica_creativa/resources/airflow/env/lib/python3.10/site-packages/airflow/example_dags/example_latest_only_with_trigger.py took 0.137 seconds
[2023-05-30 14:02:53,144] {processor.py:162} INFO - Started process (PID=135401) to work on /home/lucia/practica_creativa/resources/airflow/env/lib/python3.10/site-packages/airflow/example_dags/example_latest_only_with_trigger.py
[2023-05-30 14:02:53,148] {processor.py:613} INFO - Processing file /home/lucia/practica_creativa/resources/airflow/env/lib/python3.10/site-packages/airflow/example_dags/example_latest_only_with_trigger.py for tasks to queue
[2023-05-30 14:02:53,150] {logging_mixin.py:109} INFO - [2023-05-30 14:02:53,150] {dagbag.py:496} INFO - Filling up the DagBag from /home/lucia/practica_creativa/resources/airflow/env/lib/python3.10/site-packages/airflow/example_dags/example_latest_only_with_trigger.py
[2023-05-30 14:02:53,178] {processor.py:623} INFO - DAG(s) dict_keys(['latest_only_with_trigger']) retrieved from /home/lucia/practica_creativa/resources/airflow/env/lib/python3.10/site-packages/airflow/example_dags/example_latest_only_with_trigger.py
[2023-05-30 14:02:53,213] {logging_mixin.py:109} INFO - [2023-05-30 14:02:53,213] {dag.py:1834} INFO - Sync 1 DAGs
[2023-05-30 14:02:53,237] {logging_mixin.py:109} INFO - [2023-05-30 14:02:53,236] {dag.py:2287} INFO - Setting next_dagrun for latest_only_with_trigger to 2023-05-28 00:00:00+00:00
[2023-05-30 14:02:53,279] {processor.py:170} INFO - Processing /home/lucia/practica_creativa/resources/airflow/env/lib/python3.10/site-packages/airflow/example_dags/example_latest_only_with_trigger.py took 0.142 seconds
[2023-05-30 14:03:39,284] {processor.py:162} INFO - Started process (PID=135474) to work on /home/lucia/practica_creativa/resources/airflow/env/lib/python3.10/site-packages/airflow/example_dags/example_latest_only_with_trigger.py
[2023-05-30 14:03:39,290] {processor.py:613} INFO - Processing file /home/lucia/practica_creativa/resources/airflow/env/lib/python3.10/site-packages/airflow/example_dags/example_latest_only_with_trigger.py for tasks to queue
[2023-05-30 14:03:39,291] {logging_mixin.py:109} INFO - [2023-05-30 14:03:39,291] {dagbag.py:496} INFO - Filling up the DagBag from /home/lucia/practica_creativa/resources/airflow/env/lib/python3.10/site-packages/airflow/example_dags/example_latest_only_with_trigger.py
[2023-05-30 14:03:39,326] {processor.py:623} INFO - DAG(s) dict_keys(['latest_only_with_trigger']) retrieved from /home/lucia/practica_creativa/resources/airflow/env/lib/python3.10/site-packages/airflow/example_dags/example_latest_only_with_trigger.py
[2023-05-30 14:03:39,370] {logging_mixin.py:109} INFO - [2023-05-30 14:03:39,370] {dag.py:1834} INFO - Sync 1 DAGs
[2023-05-30 14:03:39,393] {logging_mixin.py:109} INFO - [2023-05-30 14:03:39,392] {dag.py:2287} INFO - Setting next_dagrun for latest_only_with_trigger to 2023-05-28 00:00:00+00:00
[2023-05-30 14:03:39,419] {processor.py:170} INFO - Processing /home/lucia/practica_creativa/resources/airflow/env/lib/python3.10/site-packages/airflow/example_dags/example_latest_only_with_trigger.py took 0.144 seconds
[2023-05-30 14:05:34,154] {processor.py:162} INFO - Started process (PID=135629) to work on /home/lucia/practica_creativa/resources/airflow/env/lib/python3.10/site-packages/airflow/example_dags/example_latest_only_with_trigger.py
[2023-05-30 14:05:34,159] {processor.py:613} INFO - Processing file /home/lucia/practica_creativa/resources/airflow/env/lib/python3.10/site-packages/airflow/example_dags/example_latest_only_with_trigger.py for tasks to queue
[2023-05-30 14:05:34,165] {logging_mixin.py:109} INFO - [2023-05-30 14:05:34,165] {dagbag.py:496} INFO - Filling up the DagBag from /home/lucia/practica_creativa/resources/airflow/env/lib/python3.10/site-packages/airflow/example_dags/example_latest_only_with_trigger.py
[2023-05-30 14:05:34,197] {processor.py:623} INFO - DAG(s) dict_keys(['latest_only_with_trigger']) retrieved from /home/lucia/practica_creativa/resources/airflow/env/lib/python3.10/site-packages/airflow/example_dags/example_latest_only_with_trigger.py
[2023-05-30 14:05:34,232] {logging_mixin.py:109} INFO - [2023-05-30 14:05:34,232] {dag.py:1834} INFO - Sync 1 DAGs
[2023-05-30 14:05:34,268] {logging_mixin.py:109} INFO - [2023-05-30 14:05:34,267] {dag.py:2287} INFO - Setting next_dagrun for latest_only_with_trigger to 2023-05-28 00:00:00+00:00
[2023-05-30 14:05:34,322] {processor.py:170} INFO - Processing /home/lucia/practica_creativa/resources/airflow/env/lib/python3.10/site-packages/airflow/example_dags/example_latest_only_with_trigger.py took 0.176 seconds
[2023-05-30 14:09:40,231] {processor.py:162} INFO - Started process (PID=135755) to work on /home/lucia/practica_creativa/resources/airflow/env/lib/python3.10/site-packages/airflow/example_dags/example_latest_only_with_trigger.py
[2023-05-30 14:09:40,234] {processor.py:613} INFO - Processing file /home/lucia/practica_creativa/resources/airflow/env/lib/python3.10/site-packages/airflow/example_dags/example_latest_only_with_trigger.py for tasks to queue
[2023-05-30 14:09:40,236] {logging_mixin.py:109} INFO - [2023-05-30 14:09:40,236] {dagbag.py:496} INFO - Filling up the DagBag from /home/lucia/practica_creativa/resources/airflow/env/lib/python3.10/site-packages/airflow/example_dags/example_latest_only_with_trigger.py
[2023-05-30 14:09:40,270] {processor.py:623} INFO - DAG(s) dict_keys(['latest_only_with_trigger']) retrieved from /home/lucia/practica_creativa/resources/airflow/env/lib/python3.10/site-packages/airflow/example_dags/example_latest_only_with_trigger.py
[2023-05-30 14:09:40,310] {logging_mixin.py:109} INFO - [2023-05-30 14:09:40,310] {dag.py:1834} INFO - Sync 1 DAGs
[2023-05-30 14:09:40,333] {logging_mixin.py:109} INFO - [2023-05-30 14:09:40,333] {dag.py:2287} INFO - Setting next_dagrun for latest_only_with_trigger to 2023-05-28 00:00:00+00:00
[2023-05-30 14:09:40,358] {processor.py:170} INFO - Processing /home/lucia/practica_creativa/resources/airflow/env/lib/python3.10/site-packages/airflow/example_dags/example_latest_only_with_trigger.py took 0.136 seconds
[2023-05-30 14:10:35,995] {processor.py:162} INFO - Started process (PID=135834) to work on /home/lucia/practica_creativa/resources/airflow/env/lib/python3.10/site-packages/airflow/example_dags/example_latest_only_with_trigger.py
[2023-05-30 14:10:35,998] {processor.py:613} INFO - Processing file /home/lucia/practica_creativa/resources/airflow/env/lib/python3.10/site-packages/airflow/example_dags/example_latest_only_with_trigger.py for tasks to queue
[2023-05-30 14:10:36,004] {logging_mixin.py:109} INFO - [2023-05-30 14:10:36,004] {dagbag.py:496} INFO - Filling up the DagBag from /home/lucia/practica_creativa/resources/airflow/env/lib/python3.10/site-packages/airflow/example_dags/example_latest_only_with_trigger.py
[2023-05-30 14:10:36,040] {processor.py:623} INFO - DAG(s) dict_keys(['latest_only_with_trigger']) retrieved from /home/lucia/practica_creativa/resources/airflow/env/lib/python3.10/site-packages/airflow/example_dags/example_latest_only_with_trigger.py
[2023-05-30 14:10:36,076] {logging_mixin.py:109} INFO - [2023-05-30 14:10:36,076] {dag.py:1834} INFO - Sync 1 DAGs
[2023-05-30 14:10:36,097] {logging_mixin.py:109} INFO - [2023-05-30 14:10:36,097] {dag.py:2287} INFO - Setting next_dagrun for latest_only_with_trigger to 2023-05-28 00:00:00+00:00
[2023-05-30 14:10:36,122] {processor.py:170} INFO - Processing /home/lucia/practica_creativa/resources/airflow/env/lib/python3.10/site-packages/airflow/example_dags/example_latest_only_with_trigger.py took 0.134 seconds
[2023-05-30 14:11:20,417] {processor.py:162} INFO - Started process (PID=135875) to work on /home/lucia/practica_creativa/resources/airflow/env/lib/python3.10/site-packages/airflow/example_dags/example_latest_only_with_trigger.py
[2023-05-30 14:11:20,422] {processor.py:613} INFO - Processing file /home/lucia/practica_creativa/resources/airflow/env/lib/python3.10/site-packages/airflow/example_dags/example_latest_only_with_trigger.py for tasks to queue
[2023-05-30 14:11:20,423] {logging_mixin.py:109} INFO - [2023-05-30 14:11:20,423] {dagbag.py:496} INFO - Filling up the DagBag from /home/lucia/practica_creativa/resources/airflow/env/lib/python3.10/site-packages/airflow/example_dags/example_latest_only_with_trigger.py
[2023-05-30 14:11:20,457] {processor.py:623} INFO - DAG(s) dict_keys(['latest_only_with_trigger']) retrieved from /home/lucia/practica_creativa/resources/airflow/env/lib/python3.10/site-packages/airflow/example_dags/example_latest_only_with_trigger.py
[2023-05-30 14:11:20,499] {logging_mixin.py:109} INFO - [2023-05-30 14:11:20,499] {dag.py:1834} INFO - Sync 1 DAGs
[2023-05-30 14:11:20,523] {logging_mixin.py:109} INFO - [2023-05-30 14:11:20,522] {dag.py:2287} INFO - Setting next_dagrun for latest_only_with_trigger to 2023-05-28 00:00:00+00:00
[2023-05-30 14:11:20,545] {processor.py:170} INFO - Processing /home/lucia/practica_creativa/resources/airflow/env/lib/python3.10/site-packages/airflow/example_dags/example_latest_only_with_trigger.py took 0.137 seconds
[2023-05-30 14:26:07,915] {processor.py:162} INFO - Started process (PID=136083) to work on /home/lucia/practica_creativa/resources/airflow/env/lib/python3.10/site-packages/airflow/example_dags/example_latest_only_with_trigger.py
[2023-05-30 14:26:07,918] {processor.py:613} INFO - Processing file /home/lucia/practica_creativa/resources/airflow/env/lib/python3.10/site-packages/airflow/example_dags/example_latest_only_with_trigger.py for tasks to queue
[2023-05-30 14:26:07,920] {logging_mixin.py:109} INFO - [2023-05-30 14:26:07,920] {dagbag.py:496} INFO - Filling up the DagBag from /home/lucia/practica_creativa/resources/airflow/env/lib/python3.10/site-packages/airflow/example_dags/example_latest_only_with_trigger.py
[2023-05-30 14:26:07,983] {processor.py:623} INFO - DAG(s) dict_keys(['latest_only_with_trigger']) retrieved from /home/lucia/practica_creativa/resources/airflow/env/lib/python3.10/site-packages/airflow/example_dags/example_latest_only_with_trigger.py
[2023-05-30 14:26:08,072] {logging_mixin.py:109} INFO - [2023-05-30 14:26:08,071] {dag.py:1834} INFO - Sync 1 DAGs
[2023-05-30 14:26:08,125] {logging_mixin.py:109} INFO - [2023-05-30 14:26:08,124] {dag.py:2287} INFO - Setting next_dagrun for latest_only_with_trigger to 2023-05-28 00:00:00+00:00
[2023-05-30 14:26:08,172] {processor.py:170} INFO - Processing /home/lucia/practica_creativa/resources/airflow/env/lib/python3.10/site-packages/airflow/example_dags/example_latest_only_with_trigger.py took 0.268 seconds
[2023-05-30 14:37:47,502] {processor.py:162} INFO - Started process (PID=136277) to work on /home/lucia/practica_creativa/resources/airflow/env/lib/python3.10/site-packages/airflow/example_dags/example_latest_only_with_trigger.py
[2023-05-30 14:37:47,506] {processor.py:613} INFO - Processing file /home/lucia/practica_creativa/resources/airflow/env/lib/python3.10/site-packages/airflow/example_dags/example_latest_only_with_trigger.py for tasks to queue
[2023-05-30 14:37:47,508] {logging_mixin.py:109} INFO - [2023-05-30 14:37:47,508] {dagbag.py:496} INFO - Filling up the DagBag from /home/lucia/practica_creativa/resources/airflow/env/lib/python3.10/site-packages/airflow/example_dags/example_latest_only_with_trigger.py
[2023-05-30 14:37:47,546] {processor.py:623} INFO - DAG(s) dict_keys(['latest_only_with_trigger']) retrieved from /home/lucia/practica_creativa/resources/airflow/env/lib/python3.10/site-packages/airflow/example_dags/example_latest_only_with_trigger.py
[2023-05-30 14:37:47,584] {logging_mixin.py:109} INFO - [2023-05-30 14:37:47,584] {dag.py:1834} INFO - Sync 1 DAGs
[2023-05-30 14:37:47,609] {logging_mixin.py:109} INFO - [2023-05-30 14:37:47,609] {dag.py:2287} INFO - Setting next_dagrun for latest_only_with_trigger to 2023-05-28 00:00:00+00:00
[2023-05-30 14:37:47,646] {processor.py:170} INFO - Processing /home/lucia/practica_creativa/resources/airflow/env/lib/python3.10/site-packages/airflow/example_dags/example_latest_only_with_trigger.py took 0.152 seconds
[2023-05-30 14:38:26,955] {processor.py:162} INFO - Started process (PID=136313) to work on /home/lucia/practica_creativa/resources/airflow/env/lib/python3.10/site-packages/airflow/example_dags/example_latest_only_with_trigger.py
[2023-05-30 14:38:26,960] {processor.py:613} INFO - Processing file /home/lucia/practica_creativa/resources/airflow/env/lib/python3.10/site-packages/airflow/example_dags/example_latest_only_with_trigger.py for tasks to queue
[2023-05-30 14:38:26,961] {logging_mixin.py:109} INFO - [2023-05-30 14:38:26,961] {dagbag.py:496} INFO - Filling up the DagBag from /home/lucia/practica_creativa/resources/airflow/env/lib/python3.10/site-packages/airflow/example_dags/example_latest_only_with_trigger.py
[2023-05-30 14:38:26,998] {processor.py:623} INFO - DAG(s) dict_keys(['latest_only_with_trigger']) retrieved from /home/lucia/practica_creativa/resources/airflow/env/lib/python3.10/site-packages/airflow/example_dags/example_latest_only_with_trigger.py
[2023-05-30 14:38:27,036] {logging_mixin.py:109} INFO - [2023-05-30 14:38:27,035] {dag.py:1834} INFO - Sync 1 DAGs
[2023-05-30 14:38:27,058] {logging_mixin.py:109} INFO - [2023-05-30 14:38:27,058] {dag.py:2287} INFO - Setting next_dagrun for latest_only_with_trigger to 2023-05-28 00:00:00+00:00
[2023-05-30 14:38:27,088] {processor.py:170} INFO - Processing /home/lucia/practica_creativa/resources/airflow/env/lib/python3.10/site-packages/airflow/example_dags/example_latest_only_with_trigger.py took 0.141 seconds
