[2023-05-30 13:41:42,795] {processor.py:162} INFO - Started process (PID=134523) to work on /home/lucia/practica_creativa/flight_prediction/src/main/scala/env/lib/python3.10/site-packages/airflow/example_dags/tutorial.py
[2023-05-30 13:41:42,798] {processor.py:613} INFO - Processing file /home/lucia/practica_creativa/flight_prediction/src/main/scala/env/lib/python3.10/site-packages/airflow/example_dags/tutorial.py for tasks to queue
[2023-05-30 13:41:42,799] {logging_mixin.py:109} INFO - [2023-05-30 13:41:42,799] {dagbag.py:496} INFO - Filling up the DagBag from /home/lucia/practica_creativa/flight_prediction/src/main/scala/env/lib/python3.10/site-packages/airflow/example_dags/tutorial.py
[2023-05-30 13:41:42,835] {processor.py:623} INFO - DAG(s) dict_keys(['tutorial']) retrieved from /home/lucia/practica_creativa/flight_prediction/src/main/scala/env/lib/python3.10/site-packages/airflow/example_dags/tutorial.py
[2023-05-30 13:41:42,879] {logging_mixin.py:109} INFO - [2023-05-30 13:41:42,879] {dag.py:1834} INFO - Sync 1 DAGs
[2023-05-30 13:41:42,905] {logging_mixin.py:109} INFO - [2023-05-30 13:41:42,905] {dag.py:2287} INFO - Setting next_dagrun for tutorial to 2023-05-28 00:00:00+00:00
[2023-05-30 13:41:42,932] {processor.py:170} INFO - Processing /home/lucia/practica_creativa/flight_prediction/src/main/scala/env/lib/python3.10/site-packages/airflow/example_dags/tutorial.py took 0.147 seconds
[2023-05-30 13:42:24,249] {processor.py:162} INFO - Started process (PID=134574) to work on /home/lucia/practica_creativa/flight_prediction/src/main/scala/env/lib/python3.10/site-packages/airflow/example_dags/tutorial.py
[2023-05-30 13:42:24,255] {processor.py:613} INFO - Processing file /home/lucia/practica_creativa/flight_prediction/src/main/scala/env/lib/python3.10/site-packages/airflow/example_dags/tutorial.py for tasks to queue
[2023-05-30 13:42:24,256] {logging_mixin.py:109} INFO - [2023-05-30 13:42:24,256] {dagbag.py:496} INFO - Filling up the DagBag from /home/lucia/practica_creativa/flight_prediction/src/main/scala/env/lib/python3.10/site-packages/airflow/example_dags/tutorial.py
[2023-05-30 13:42:24,308] {processor.py:623} INFO - DAG(s) dict_keys(['tutorial']) retrieved from /home/lucia/practica_creativa/flight_prediction/src/main/scala/env/lib/python3.10/site-packages/airflow/example_dags/tutorial.py
[2023-05-30 13:42:24,358] {logging_mixin.py:109} INFO - [2023-05-30 13:42:24,358] {dag.py:1834} INFO - Sync 1 DAGs
[2023-05-30 13:42:24,386] {logging_mixin.py:109} INFO - [2023-05-30 13:42:24,386] {dag.py:2287} INFO - Setting next_dagrun for tutorial to 2023-05-28 00:00:00+00:00
[2023-05-30 13:42:24,415] {processor.py:170} INFO - Processing /home/lucia/practica_creativa/flight_prediction/src/main/scala/env/lib/python3.10/site-packages/airflow/example_dags/tutorial.py took 0.177 seconds
[2023-05-30 13:43:07,210] {processor.py:162} INFO - Started process (PID=134628) to work on /home/lucia/practica_creativa/flight_prediction/src/main/scala/env/lib/python3.10/site-packages/airflow/example_dags/tutorial.py
[2023-05-30 13:43:07,215] {processor.py:613} INFO - Processing file /home/lucia/practica_creativa/flight_prediction/src/main/scala/env/lib/python3.10/site-packages/airflow/example_dags/tutorial.py for tasks to queue
[2023-05-30 13:43:07,216] {logging_mixin.py:109} INFO - [2023-05-30 13:43:07,216] {dagbag.py:496} INFO - Filling up the DagBag from /home/lucia/practica_creativa/flight_prediction/src/main/scala/env/lib/python3.10/site-packages/airflow/example_dags/tutorial.py
[2023-05-30 13:43:07,253] {processor.py:623} INFO - DAG(s) dict_keys(['tutorial']) retrieved from /home/lucia/practica_creativa/flight_prediction/src/main/scala/env/lib/python3.10/site-packages/airflow/example_dags/tutorial.py
[2023-05-30 13:43:07,296] {logging_mixin.py:109} INFO - [2023-05-30 13:43:07,295] {dag.py:1834} INFO - Sync 1 DAGs
[2023-05-30 13:43:07,318] {logging_mixin.py:109} INFO - [2023-05-30 13:43:07,317] {dag.py:2287} INFO - Setting next_dagrun for tutorial to 2023-05-28 00:00:00+00:00
[2023-05-30 13:43:07,347] {processor.py:170} INFO - Processing /home/lucia/practica_creativa/flight_prediction/src/main/scala/env/lib/python3.10/site-packages/airflow/example_dags/tutorial.py took 0.145 seconds
[2023-05-30 14:00:57,898] {processor.py:162} INFO - Started process (PID=135211) to work on /home/lucia/practica_creativa/resources/airflow/env/lib/python3.10/site-packages/airflow/example_dags/tutorial.py
[2023-05-30 14:00:57,904] {processor.py:613} INFO - Processing file /home/lucia/practica_creativa/resources/airflow/env/lib/python3.10/site-packages/airflow/example_dags/tutorial.py for tasks to queue
[2023-05-30 14:00:57,910] {logging_mixin.py:109} INFO - [2023-05-30 14:00:57,909] {dagbag.py:496} INFO - Filling up the DagBag from /home/lucia/practica_creativa/resources/airflow/env/lib/python3.10/site-packages/airflow/example_dags/tutorial.py
[2023-05-30 14:00:57,952] {processor.py:623} INFO - DAG(s) dict_keys(['tutorial']) retrieved from /home/lucia/practica_creativa/resources/airflow/env/lib/python3.10/site-packages/airflow/example_dags/tutorial.py
[2023-05-30 14:00:57,998] {logging_mixin.py:109} INFO - [2023-05-30 14:00:57,998] {dag.py:1834} INFO - Sync 1 DAGs
[2023-05-30 14:00:58,027] {logging_mixin.py:109} INFO - [2023-05-30 14:00:58,027] {dag.py:2287} INFO - Setting next_dagrun for tutorial to 2023-05-28 00:00:00+00:00
[2023-05-30 14:00:58,062] {processor.py:170} INFO - Processing /home/lucia/practica_creativa/resources/airflow/env/lib/python3.10/site-packages/airflow/example_dags/tutorial.py took 0.175 seconds
[2023-05-30 14:01:52,105] {processor.py:162} INFO - Started process (PID=135324) to work on /home/lucia/practica_creativa/resources/airflow/env/lib/python3.10/site-packages/airflow/example_dags/tutorial.py
[2023-05-30 14:01:52,110] {processor.py:613} INFO - Processing file /home/lucia/practica_creativa/resources/airflow/env/lib/python3.10/site-packages/airflow/example_dags/tutorial.py for tasks to queue
[2023-05-30 14:01:52,111] {logging_mixin.py:109} INFO - [2023-05-30 14:01:52,111] {dagbag.py:496} INFO - Filling up the DagBag from /home/lucia/practica_creativa/resources/airflow/env/lib/python3.10/site-packages/airflow/example_dags/tutorial.py
[2023-05-30 14:01:52,149] {processor.py:623} INFO - DAG(s) dict_keys(['tutorial']) retrieved from /home/lucia/practica_creativa/resources/airflow/env/lib/python3.10/site-packages/airflow/example_dags/tutorial.py
[2023-05-30 14:01:52,188] {logging_mixin.py:109} INFO - [2023-05-30 14:01:52,188] {dag.py:1834} INFO - Sync 1 DAGs
[2023-05-30 14:01:52,212] {logging_mixin.py:109} INFO - [2023-05-30 14:01:52,211] {dag.py:2287} INFO - Setting next_dagrun for tutorial to 2023-05-28 00:00:00+00:00
[2023-05-30 14:01:52,243] {processor.py:170} INFO - Processing /home/lucia/practica_creativa/resources/airflow/env/lib/python3.10/site-packages/airflow/example_dags/tutorial.py took 0.145 seconds
[2023-05-30 14:02:33,484] {processor.py:162} INFO - Started process (PID=135366) to work on /home/lucia/practica_creativa/resources/airflow/env/lib/python3.10/site-packages/airflow/example_dags/tutorial.py
[2023-05-30 14:02:33,486] {processor.py:613} INFO - Processing file /home/lucia/practica_creativa/resources/airflow/env/lib/python3.10/site-packages/airflow/example_dags/tutorial.py for tasks to queue
[2023-05-30 14:02:33,487] {logging_mixin.py:109} INFO - [2023-05-30 14:02:33,487] {dagbag.py:496} INFO - Filling up the DagBag from /home/lucia/practica_creativa/resources/airflow/env/lib/python3.10/site-packages/airflow/example_dags/tutorial.py
[2023-05-30 14:02:33,509] {processor.py:623} INFO - DAG(s) dict_keys(['tutorial']) retrieved from /home/lucia/practica_creativa/resources/airflow/env/lib/python3.10/site-packages/airflow/example_dags/tutorial.py
[2023-05-30 14:02:33,536] {logging_mixin.py:109} INFO - [2023-05-30 14:02:33,536] {dag.py:1834} INFO - Sync 1 DAGs
[2023-05-30 14:02:33,552] {logging_mixin.py:109} INFO - [2023-05-30 14:02:33,551] {dag.py:2287} INFO - Setting next_dagrun for tutorial to 2023-05-28 00:00:00+00:00
[2023-05-30 14:02:33,569] {processor.py:170} INFO - Processing /home/lucia/practica_creativa/resources/airflow/env/lib/python3.10/site-packages/airflow/example_dags/tutorial.py took 0.090 seconds
[2023-05-30 14:03:17,061] {processor.py:162} INFO - Started process (PID=135446) to work on /home/lucia/practica_creativa/resources/airflow/env/lib/python3.10/site-packages/airflow/example_dags/tutorial.py
[2023-05-30 14:03:17,064] {processor.py:613} INFO - Processing file /home/lucia/practica_creativa/resources/airflow/env/lib/python3.10/site-packages/airflow/example_dags/tutorial.py for tasks to queue
[2023-05-30 14:03:17,066] {logging_mixin.py:109} INFO - [2023-05-30 14:03:17,066] {dagbag.py:496} INFO - Filling up the DagBag from /home/lucia/practica_creativa/resources/airflow/env/lib/python3.10/site-packages/airflow/example_dags/tutorial.py
[2023-05-30 14:03:17,111] {processor.py:623} INFO - DAG(s) dict_keys(['tutorial']) retrieved from /home/lucia/practica_creativa/resources/airflow/env/lib/python3.10/site-packages/airflow/example_dags/tutorial.py
[2023-05-30 14:03:17,164] {logging_mixin.py:109} INFO - [2023-05-30 14:03:17,164] {dag.py:1834} INFO - Sync 1 DAGs
[2023-05-30 14:03:17,236] {logging_mixin.py:109} INFO - [2023-05-30 14:03:17,236] {dag.py:2287} INFO - Setting next_dagrun for tutorial to 2023-05-28 00:00:00+00:00
[2023-05-30 14:03:17,285] {processor.py:170} INFO - Processing /home/lucia/practica_creativa/resources/airflow/env/lib/python3.10/site-packages/airflow/example_dags/tutorial.py took 0.235 seconds
[2023-05-30 14:04:02,129] {processor.py:162} INFO - Started process (PID=135494) to work on /home/lucia/practica_creativa/resources/airflow/env/lib/python3.10/site-packages/airflow/example_dags/tutorial.py
[2023-05-30 14:04:02,132] {processor.py:613} INFO - Processing file /home/lucia/practica_creativa/resources/airflow/env/lib/python3.10/site-packages/airflow/example_dags/tutorial.py for tasks to queue
[2023-05-30 14:04:02,136] {logging_mixin.py:109} INFO - [2023-05-30 14:04:02,136] {dagbag.py:496} INFO - Filling up the DagBag from /home/lucia/practica_creativa/resources/airflow/env/lib/python3.10/site-packages/airflow/example_dags/tutorial.py
[2023-05-30 14:04:02,184] {processor.py:623} INFO - DAG(s) dict_keys(['tutorial']) retrieved from /home/lucia/practica_creativa/resources/airflow/env/lib/python3.10/site-packages/airflow/example_dags/tutorial.py
[2023-05-30 14:04:02,227] {logging_mixin.py:109} INFO - [2023-05-30 14:04:02,227] {dag.py:1834} INFO - Sync 1 DAGs
[2023-05-30 14:04:02,260] {logging_mixin.py:109} INFO - [2023-05-30 14:04:02,260] {dag.py:2287} INFO - Setting next_dagrun for tutorial to 2023-05-28 00:00:00+00:00
[2023-05-30 14:04:02,303] {processor.py:170} INFO - Processing /home/lucia/practica_creativa/resources/airflow/env/lib/python3.10/site-packages/airflow/example_dags/tutorial.py took 0.182 seconds
[2023-05-30 14:05:13,698] {processor.py:162} INFO - Started process (PID=135589) to work on /home/lucia/practica_creativa/resources/airflow/env/lib/python3.10/site-packages/airflow/example_dags/tutorial.py
[2023-05-30 14:05:13,701] {processor.py:613} INFO - Processing file /home/lucia/practica_creativa/resources/airflow/env/lib/python3.10/site-packages/airflow/example_dags/tutorial.py for tasks to queue
[2023-05-30 14:05:13,702] {logging_mixin.py:109} INFO - [2023-05-30 14:05:13,701] {dagbag.py:496} INFO - Filling up the DagBag from /home/lucia/practica_creativa/resources/airflow/env/lib/python3.10/site-packages/airflow/example_dags/tutorial.py
[2023-05-30 14:05:13,723] {processor.py:623} INFO - DAG(s) dict_keys(['tutorial']) retrieved from /home/lucia/practica_creativa/resources/airflow/env/lib/python3.10/site-packages/airflow/example_dags/tutorial.py
[2023-05-30 14:05:13,745] {logging_mixin.py:109} INFO - [2023-05-30 14:05:13,745] {dag.py:1834} INFO - Sync 1 DAGs
[2023-05-30 14:05:13,759] {logging_mixin.py:109} INFO - [2023-05-30 14:05:13,759] {dag.py:2287} INFO - Setting next_dagrun for tutorial to 2023-05-28 00:00:00+00:00
[2023-05-30 14:05:13,775] {processor.py:170} INFO - Processing /home/lucia/practica_creativa/resources/airflow/env/lib/python3.10/site-packages/airflow/example_dags/tutorial.py took 0.081 seconds
[2023-05-30 14:09:20,865] {processor.py:162} INFO - Started process (PID=135723) to work on /home/lucia/practica_creativa/resources/airflow/env/lib/python3.10/site-packages/airflow/example_dags/tutorial.py
[2023-05-30 14:09:20,868] {processor.py:613} INFO - Processing file /home/lucia/practica_creativa/resources/airflow/env/lib/python3.10/site-packages/airflow/example_dags/tutorial.py for tasks to queue
[2023-05-30 14:09:20,868] {logging_mixin.py:109} INFO - [2023-05-30 14:09:20,868] {dagbag.py:496} INFO - Filling up the DagBag from /home/lucia/practica_creativa/resources/airflow/env/lib/python3.10/site-packages/airflow/example_dags/tutorial.py
[2023-05-30 14:09:20,893] {processor.py:623} INFO - DAG(s) dict_keys(['tutorial']) retrieved from /home/lucia/practica_creativa/resources/airflow/env/lib/python3.10/site-packages/airflow/example_dags/tutorial.py
[2023-05-30 14:09:20,916] {logging_mixin.py:109} INFO - [2023-05-30 14:09:20,916] {dag.py:1834} INFO - Sync 1 DAGs
[2023-05-30 14:09:20,930] {logging_mixin.py:109} INFO - [2023-05-30 14:09:20,930] {dag.py:2287} INFO - Setting next_dagrun for tutorial to 2023-05-28 00:00:00+00:00
[2023-05-30 14:09:20,947] {processor.py:170} INFO - Processing /home/lucia/practica_creativa/resources/airflow/env/lib/python3.10/site-packages/airflow/example_dags/tutorial.py took 0.088 seconds
[2023-05-30 14:10:16,552] {processor.py:162} INFO - Started process (PID=135818) to work on /home/lucia/practica_creativa/resources/airflow/env/lib/python3.10/site-packages/airflow/example_dags/tutorial.py
[2023-05-30 14:10:16,558] {processor.py:613} INFO - Processing file /home/lucia/practica_creativa/resources/airflow/env/lib/python3.10/site-packages/airflow/example_dags/tutorial.py for tasks to queue
[2023-05-30 14:10:16,559] {logging_mixin.py:109} INFO - [2023-05-30 14:10:16,559] {dagbag.py:496} INFO - Filling up the DagBag from /home/lucia/practica_creativa/resources/airflow/env/lib/python3.10/site-packages/airflow/example_dags/tutorial.py
[2023-05-30 14:10:16,608] {processor.py:623} INFO - DAG(s) dict_keys(['tutorial']) retrieved from /home/lucia/practica_creativa/resources/airflow/env/lib/python3.10/site-packages/airflow/example_dags/tutorial.py
[2023-05-30 14:10:16,655] {logging_mixin.py:109} INFO - [2023-05-30 14:10:16,655] {dag.py:1834} INFO - Sync 1 DAGs
[2023-05-30 14:10:16,681] {logging_mixin.py:109} INFO - [2023-05-30 14:10:16,681] {dag.py:2287} INFO - Setting next_dagrun for tutorial to 2023-05-28 00:00:00+00:00
[2023-05-30 14:10:16,707] {processor.py:170} INFO - Processing /home/lucia/practica_creativa/resources/airflow/env/lib/python3.10/site-packages/airflow/example_dags/tutorial.py took 0.165 seconds
[2023-05-30 14:10:59,513] {processor.py:162} INFO - Started process (PID=135860) to work on /home/lucia/practica_creativa/resources/airflow/env/lib/python3.10/site-packages/airflow/example_dags/tutorial.py
[2023-05-30 14:10:59,519] {processor.py:613} INFO - Processing file /home/lucia/practica_creativa/resources/airflow/env/lib/python3.10/site-packages/airflow/example_dags/tutorial.py for tasks to queue
[2023-05-30 14:10:59,523] {logging_mixin.py:109} INFO - [2023-05-30 14:10:59,523] {dagbag.py:496} INFO - Filling up the DagBag from /home/lucia/practica_creativa/resources/airflow/env/lib/python3.10/site-packages/airflow/example_dags/tutorial.py
[2023-05-30 14:10:59,561] {processor.py:623} INFO - DAG(s) dict_keys(['tutorial']) retrieved from /home/lucia/practica_creativa/resources/airflow/env/lib/python3.10/site-packages/airflow/example_dags/tutorial.py
[2023-05-30 14:10:59,602] {logging_mixin.py:109} INFO - [2023-05-30 14:10:59,602] {dag.py:1834} INFO - Sync 1 DAGs
[2023-05-30 14:10:59,624] {logging_mixin.py:109} INFO - [2023-05-30 14:10:59,624] {dag.py:2287} INFO - Setting next_dagrun for tutorial to 2023-05-28 00:00:00+00:00
[2023-05-30 14:10:59,653] {processor.py:170} INFO - Processing /home/lucia/practica_creativa/resources/airflow/env/lib/python3.10/site-packages/airflow/example_dags/tutorial.py took 0.150 seconds
[2023-05-30 14:25:47,239] {processor.py:162} INFO - Started process (PID=136060) to work on /home/lucia/practica_creativa/resources/airflow/env/lib/python3.10/site-packages/airflow/example_dags/tutorial.py
[2023-05-30 14:25:47,242] {processor.py:613} INFO - Processing file /home/lucia/practica_creativa/resources/airflow/env/lib/python3.10/site-packages/airflow/example_dags/tutorial.py for tasks to queue
[2023-05-30 14:25:47,243] {logging_mixin.py:109} INFO - [2023-05-30 14:25:47,243] {dagbag.py:496} INFO - Filling up the DagBag from /home/lucia/practica_creativa/resources/airflow/env/lib/python3.10/site-packages/airflow/example_dags/tutorial.py
[2023-05-30 14:25:47,286] {processor.py:623} INFO - DAG(s) dict_keys(['tutorial']) retrieved from /home/lucia/practica_creativa/resources/airflow/env/lib/python3.10/site-packages/airflow/example_dags/tutorial.py
[2023-05-30 14:25:47,330] {logging_mixin.py:109} INFO - [2023-05-30 14:25:47,329] {dag.py:1834} INFO - Sync 1 DAGs
[2023-05-30 14:25:47,350] {logging_mixin.py:109} INFO - [2023-05-30 14:25:47,350] {dag.py:2287} INFO - Setting next_dagrun for tutorial to 2023-05-28 00:00:00+00:00
[2023-05-30 14:25:47,390] {processor.py:170} INFO - Processing /home/lucia/practica_creativa/resources/airflow/env/lib/python3.10/site-packages/airflow/example_dags/tutorial.py took 0.160 seconds
[2023-05-30 14:36:50,774] {processor.py:162} INFO - Started process (PID=136232) to work on /home/lucia/practica_creativa/resources/airflow/env/lib/python3.10/site-packages/airflow/example_dags/tutorial.py
[2023-05-30 14:36:50,778] {processor.py:613} INFO - Processing file /home/lucia/practica_creativa/resources/airflow/env/lib/python3.10/site-packages/airflow/example_dags/tutorial.py for tasks to queue
[2023-05-30 14:36:50,779] {logging_mixin.py:109} INFO - [2023-05-30 14:36:50,779] {dagbag.py:496} INFO - Filling up the DagBag from /home/lucia/practica_creativa/resources/airflow/env/lib/python3.10/site-packages/airflow/example_dags/tutorial.py
[2023-05-30 14:36:50,820] {processor.py:623} INFO - DAG(s) dict_keys(['tutorial']) retrieved from /home/lucia/practica_creativa/resources/airflow/env/lib/python3.10/site-packages/airflow/example_dags/tutorial.py
[2023-05-30 14:36:50,858] {logging_mixin.py:109} INFO - [2023-05-30 14:36:50,858] {dag.py:1834} INFO - Sync 1 DAGs
[2023-05-30 14:36:50,881] {logging_mixin.py:109} INFO - [2023-05-30 14:36:50,881] {dag.py:2287} INFO - Setting next_dagrun for tutorial to 2023-05-28 00:00:00+00:00
[2023-05-30 14:36:50,908] {processor.py:170} INFO - Processing /home/lucia/practica_creativa/resources/airflow/env/lib/python3.10/site-packages/airflow/example_dags/tutorial.py took 0.141 seconds
[2023-05-30 14:37:27,177] {processor.py:162} INFO - Started process (PID=136256) to work on /home/lucia/practica_creativa/resources/airflow/env/lib/python3.10/site-packages/airflow/example_dags/tutorial.py
[2023-05-30 14:37:27,180] {processor.py:613} INFO - Processing file /home/lucia/practica_creativa/resources/airflow/env/lib/python3.10/site-packages/airflow/example_dags/tutorial.py for tasks to queue
[2023-05-30 14:37:27,182] {logging_mixin.py:109} INFO - [2023-05-30 14:37:27,182] {dagbag.py:496} INFO - Filling up the DagBag from /home/lucia/practica_creativa/resources/airflow/env/lib/python3.10/site-packages/airflow/example_dags/tutorial.py
[2023-05-30 14:37:27,218] {processor.py:623} INFO - DAG(s) dict_keys(['tutorial']) retrieved from /home/lucia/practica_creativa/resources/airflow/env/lib/python3.10/site-packages/airflow/example_dags/tutorial.py
[2023-05-30 14:37:27,255] {logging_mixin.py:109} INFO - [2023-05-30 14:37:27,255] {dag.py:1834} INFO - Sync 1 DAGs
[2023-05-30 14:37:27,278] {logging_mixin.py:109} INFO - [2023-05-30 14:37:27,278] {dag.py:2287} INFO - Setting next_dagrun for tutorial to 2023-05-28 00:00:00+00:00
[2023-05-30 14:37:27,305] {processor.py:170} INFO - Processing /home/lucia/practica_creativa/resources/airflow/env/lib/python3.10/site-packages/airflow/example_dags/tutorial.py took 0.135 seconds
[2023-05-30 14:38:07,830] {processor.py:162} INFO - Started process (PID=136298) to work on /home/lucia/practica_creativa/resources/airflow/env/lib/python3.10/site-packages/airflow/example_dags/tutorial.py
[2023-05-30 14:38:07,835] {processor.py:613} INFO - Processing file /home/lucia/practica_creativa/resources/airflow/env/lib/python3.10/site-packages/airflow/example_dags/tutorial.py for tasks to queue
[2023-05-30 14:38:07,837] {logging_mixin.py:109} INFO - [2023-05-30 14:38:07,837] {dagbag.py:496} INFO - Filling up the DagBag from /home/lucia/practica_creativa/resources/airflow/env/lib/python3.10/site-packages/airflow/example_dags/tutorial.py
[2023-05-30 14:38:07,871] {processor.py:623} INFO - DAG(s) dict_keys(['tutorial']) retrieved from /home/lucia/practica_creativa/resources/airflow/env/lib/python3.10/site-packages/airflow/example_dags/tutorial.py
[2023-05-30 14:38:07,917] {logging_mixin.py:109} INFO - [2023-05-30 14:38:07,917] {dag.py:1834} INFO - Sync 1 DAGs
[2023-05-30 14:38:07,947] {logging_mixin.py:109} INFO - [2023-05-30 14:38:07,947] {dag.py:2287} INFO - Setting next_dagrun for tutorial to 2023-05-28 00:00:00+00:00
[2023-05-30 14:38:07,989] {processor.py:170} INFO - Processing /home/lucia/practica_creativa/resources/airflow/env/lib/python3.10/site-packages/airflow/example_dags/tutorial.py took 0.165 seconds
