[2023-05-30 13:41:40,768] {processor.py:162} INFO - Started process (PID=134522) to work on /home/lucia/practica_creativa/flight_prediction/src/main/scala/env/lib/python3.10/site-packages/airflow/example_dags/tutorial_taskflow_api_etl.py
[2023-05-30 13:41:40,772] {processor.py:613} INFO - Processing file /home/lucia/practica_creativa/flight_prediction/src/main/scala/env/lib/python3.10/site-packages/airflow/example_dags/tutorial_taskflow_api_etl.py for tasks to queue
[2023-05-30 13:41:40,773] {logging_mixin.py:109} INFO - [2023-05-30 13:41:40,773] {dagbag.py:496} INFO - Filling up the DagBag from /home/lucia/practica_creativa/flight_prediction/src/main/scala/env/lib/python3.10/site-packages/airflow/example_dags/tutorial_taskflow_api_etl.py
[2023-05-30 13:41:40,868] {processor.py:623} INFO - DAG(s) dict_keys(['tutorial_taskflow_api_etl']) retrieved from /home/lucia/practica_creativa/flight_prediction/src/main/scala/env/lib/python3.10/site-packages/airflow/example_dags/tutorial_taskflow_api_etl.py
[2023-05-30 13:41:41,592] {logging_mixin.py:109} INFO - [2023-05-30 13:41:41,592] {dag.py:1834} INFO - Sync 1 DAGs
[2023-05-30 13:41:41,606] {logging_mixin.py:109} INFO - [2023-05-30 13:41:41,605] {dag.py:2287} INFO - Setting next_dagrun for tutorial_taskflow_api_etl to None
[2023-05-30 13:41:41,635] {processor.py:170} INFO - Processing /home/lucia/practica_creativa/flight_prediction/src/main/scala/env/lib/python3.10/site-packages/airflow/example_dags/tutorial_taskflow_api_etl.py took 0.880 seconds
[2023-05-30 13:42:22,678] {processor.py:162} INFO - Started process (PID=134573) to work on /home/lucia/practica_creativa/flight_prediction/src/main/scala/env/lib/python3.10/site-packages/airflow/example_dags/tutorial_taskflow_api_etl.py
[2023-05-30 13:42:22,687] {processor.py:613} INFO - Processing file /home/lucia/practica_creativa/flight_prediction/src/main/scala/env/lib/python3.10/site-packages/airflow/example_dags/tutorial_taskflow_api_etl.py for tasks to queue
[2023-05-30 13:42:22,690] {logging_mixin.py:109} INFO - [2023-05-30 13:42:22,689] {dagbag.py:496} INFO - Filling up the DagBag from /home/lucia/practica_creativa/flight_prediction/src/main/scala/env/lib/python3.10/site-packages/airflow/example_dags/tutorial_taskflow_api_etl.py
[2023-05-30 13:42:22,737] {processor.py:623} INFO - DAG(s) dict_keys(['tutorial_taskflow_api_etl']) retrieved from /home/lucia/practica_creativa/flight_prediction/src/main/scala/env/lib/python3.10/site-packages/airflow/example_dags/tutorial_taskflow_api_etl.py
[2023-05-30 13:42:23,460] {logging_mixin.py:109} INFO - [2023-05-30 13:42:23,459] {dag.py:1834} INFO - Sync 1 DAGs
[2023-05-30 13:42:23,475] {logging_mixin.py:109} INFO - [2023-05-30 13:42:23,475] {dag.py:2287} INFO - Setting next_dagrun for tutorial_taskflow_api_etl to None
[2023-05-30 13:42:23,500] {processor.py:170} INFO - Processing /home/lucia/practica_creativa/flight_prediction/src/main/scala/env/lib/python3.10/site-packages/airflow/example_dags/tutorial_taskflow_api_etl.py took 0.835 seconds
[2023-05-30 13:43:05,678] {processor.py:162} INFO - Started process (PID=134627) to work on /home/lucia/practica_creativa/flight_prediction/src/main/scala/env/lib/python3.10/site-packages/airflow/example_dags/tutorial_taskflow_api_etl.py
[2023-05-30 13:43:05,681] {processor.py:613} INFO - Processing file /home/lucia/practica_creativa/flight_prediction/src/main/scala/env/lib/python3.10/site-packages/airflow/example_dags/tutorial_taskflow_api_etl.py for tasks to queue
[2023-05-30 13:43:05,683] {logging_mixin.py:109} INFO - [2023-05-30 13:43:05,682] {dagbag.py:496} INFO - Filling up the DagBag from /home/lucia/practica_creativa/flight_prediction/src/main/scala/env/lib/python3.10/site-packages/airflow/example_dags/tutorial_taskflow_api_etl.py
[2023-05-30 13:43:05,731] {processor.py:623} INFO - DAG(s) dict_keys(['tutorial_taskflow_api_etl']) retrieved from /home/lucia/practica_creativa/flight_prediction/src/main/scala/env/lib/python3.10/site-packages/airflow/example_dags/tutorial_taskflow_api_etl.py
[2023-05-30 13:43:06,454] {logging_mixin.py:109} INFO - [2023-05-30 13:43:06,453] {dag.py:1834} INFO - Sync 1 DAGs
[2023-05-30 13:43:06,468] {logging_mixin.py:109} INFO - [2023-05-30 13:43:06,468] {dag.py:2287} INFO - Setting next_dagrun for tutorial_taskflow_api_etl to None
[2023-05-30 13:43:06,499] {processor.py:170} INFO - Processing /home/lucia/practica_creativa/flight_prediction/src/main/scala/env/lib/python3.10/site-packages/airflow/example_dags/tutorial_taskflow_api_etl.py took 0.830 seconds
[2023-05-30 14:00:54,586] {processor.py:162} INFO - Started process (PID=135209) to work on /home/lucia/practica_creativa/resources/airflow/env/lib/python3.10/site-packages/airflow/example_dags/tutorial_taskflow_api_etl.py
[2023-05-30 14:00:54,590] {processor.py:613} INFO - Processing file /home/lucia/practica_creativa/resources/airflow/env/lib/python3.10/site-packages/airflow/example_dags/tutorial_taskflow_api_etl.py for tasks to queue
[2023-05-30 14:00:54,592] {logging_mixin.py:109} INFO - [2023-05-30 14:00:54,592] {dagbag.py:496} INFO - Filling up the DagBag from /home/lucia/practica_creativa/resources/airflow/env/lib/python3.10/site-packages/airflow/example_dags/tutorial_taskflow_api_etl.py
[2023-05-30 14:00:54,683] {processor.py:623} INFO - DAG(s) dict_keys(['tutorial_taskflow_api_etl']) retrieved from /home/lucia/practica_creativa/resources/airflow/env/lib/python3.10/site-packages/airflow/example_dags/tutorial_taskflow_api_etl.py
[2023-05-30 14:00:55,403] {logging_mixin.py:109} INFO - [2023-05-30 14:00:55,403] {dag.py:1834} INFO - Sync 1 DAGs
[2023-05-30 14:00:55,418] {logging_mixin.py:109} INFO - [2023-05-30 14:00:55,418] {dag.py:2287} INFO - Setting next_dagrun for tutorial_taskflow_api_etl to None
[2023-05-30 14:00:55,449] {processor.py:170} INFO - Processing /home/lucia/practica_creativa/resources/airflow/env/lib/python3.10/site-packages/airflow/example_dags/tutorial_taskflow_api_etl.py took 0.874 seconds
[2023-05-30 14:01:48,914] {processor.py:162} INFO - Started process (PID=135321) to work on /home/lucia/practica_creativa/resources/airflow/env/lib/python3.10/site-packages/airflow/example_dags/tutorial_taskflow_api_etl.py
[2023-05-30 14:01:48,918] {processor.py:613} INFO - Processing file /home/lucia/practica_creativa/resources/airflow/env/lib/python3.10/site-packages/airflow/example_dags/tutorial_taskflow_api_etl.py for tasks to queue
[2023-05-30 14:01:48,919] {logging_mixin.py:109} INFO - [2023-05-30 14:01:48,919] {dagbag.py:496} INFO - Filling up the DagBag from /home/lucia/practica_creativa/resources/airflow/env/lib/python3.10/site-packages/airflow/example_dags/tutorial_taskflow_api_etl.py
[2023-05-30 14:01:48,962] {processor.py:623} INFO - DAG(s) dict_keys(['tutorial_taskflow_api_etl']) retrieved from /home/lucia/practica_creativa/resources/airflow/env/lib/python3.10/site-packages/airflow/example_dags/tutorial_taskflow_api_etl.py
[2023-05-30 14:01:49,540] {logging_mixin.py:109} INFO - [2023-05-30 14:01:49,540] {dag.py:1834} INFO - Sync 1 DAGs
[2023-05-30 14:01:49,553] {logging_mixin.py:109} INFO - [2023-05-30 14:01:49,553] {dag.py:2287} INFO - Setting next_dagrun for tutorial_taskflow_api_etl to None
[2023-05-30 14:01:49,574] {processor.py:170} INFO - Processing /home/lucia/practica_creativa/resources/airflow/env/lib/python3.10/site-packages/airflow/example_dags/tutorial_taskflow_api_etl.py took 0.666 seconds
[2023-05-30 14:02:31,241] {processor.py:162} INFO - Started process (PID=135364) to work on /home/lucia/practica_creativa/resources/airflow/env/lib/python3.10/site-packages/airflow/example_dags/tutorial_taskflow_api_etl.py
[2023-05-30 14:02:31,248] {processor.py:613} INFO - Processing file /home/lucia/practica_creativa/resources/airflow/env/lib/python3.10/site-packages/airflow/example_dags/tutorial_taskflow_api_etl.py for tasks to queue
[2023-05-30 14:02:31,250] {logging_mixin.py:109} INFO - [2023-05-30 14:02:31,250] {dagbag.py:496} INFO - Filling up the DagBag from /home/lucia/practica_creativa/resources/airflow/env/lib/python3.10/site-packages/airflow/example_dags/tutorial_taskflow_api_etl.py
[2023-05-30 14:02:31,293] {processor.py:623} INFO - DAG(s) dict_keys(['tutorial_taskflow_api_etl']) retrieved from /home/lucia/practica_creativa/resources/airflow/env/lib/python3.10/site-packages/airflow/example_dags/tutorial_taskflow_api_etl.py
[2023-05-30 14:02:31,834] {logging_mixin.py:109} INFO - [2023-05-30 14:02:31,834] {dag.py:1834} INFO - Sync 1 DAGs
[2023-05-30 14:02:31,845] {logging_mixin.py:109} INFO - [2023-05-30 14:02:31,845] {dag.py:2287} INFO - Setting next_dagrun for tutorial_taskflow_api_etl to None
[2023-05-30 14:02:31,864] {processor.py:170} INFO - Processing /home/lucia/practica_creativa/resources/airflow/env/lib/python3.10/site-packages/airflow/example_dags/tutorial_taskflow_api_etl.py took 0.634 seconds
[2023-05-30 14:03:14,426] {processor.py:162} INFO - Started process (PID=135444) to work on /home/lucia/practica_creativa/resources/airflow/env/lib/python3.10/site-packages/airflow/example_dags/tutorial_taskflow_api_etl.py
[2023-05-30 14:03:14,431] {processor.py:613} INFO - Processing file /home/lucia/practica_creativa/resources/airflow/env/lib/python3.10/site-packages/airflow/example_dags/tutorial_taskflow_api_etl.py for tasks to queue
[2023-05-30 14:03:14,432] {logging_mixin.py:109} INFO - [2023-05-30 14:03:14,432] {dagbag.py:496} INFO - Filling up the DagBag from /home/lucia/practica_creativa/resources/airflow/env/lib/python3.10/site-packages/airflow/example_dags/tutorial_taskflow_api_etl.py
[2023-05-30 14:03:14,489] {processor.py:623} INFO - DAG(s) dict_keys(['tutorial_taskflow_api_etl']) retrieved from /home/lucia/practica_creativa/resources/airflow/env/lib/python3.10/site-packages/airflow/example_dags/tutorial_taskflow_api_etl.py
[2023-05-30 14:03:15,264] {logging_mixin.py:109} INFO - [2023-05-30 14:03:15,264] {dag.py:1834} INFO - Sync 1 DAGs
[2023-05-30 14:03:15,277] {logging_mixin.py:109} INFO - [2023-05-30 14:03:15,277] {dag.py:2287} INFO - Setting next_dagrun for tutorial_taskflow_api_etl to None
[2023-05-30 14:03:15,303] {processor.py:170} INFO - Processing /home/lucia/practica_creativa/resources/airflow/env/lib/python3.10/site-packages/airflow/example_dags/tutorial_taskflow_api_etl.py took 0.884 seconds
[2023-05-30 14:03:59,343] {processor.py:162} INFO - Started process (PID=135491) to work on /home/lucia/practica_creativa/resources/airflow/env/lib/python3.10/site-packages/airflow/example_dags/tutorial_taskflow_api_etl.py
[2023-05-30 14:03:59,347] {processor.py:613} INFO - Processing file /home/lucia/practica_creativa/resources/airflow/env/lib/python3.10/site-packages/airflow/example_dags/tutorial_taskflow_api_etl.py for tasks to queue
[2023-05-30 14:03:59,348] {logging_mixin.py:109} INFO - [2023-05-30 14:03:59,348] {dagbag.py:496} INFO - Filling up the DagBag from /home/lucia/practica_creativa/resources/airflow/env/lib/python3.10/site-packages/airflow/example_dags/tutorial_taskflow_api_etl.py
[2023-05-30 14:03:59,393] {processor.py:623} INFO - DAG(s) dict_keys(['tutorial_taskflow_api_etl']) retrieved from /home/lucia/practica_creativa/resources/airflow/env/lib/python3.10/site-packages/airflow/example_dags/tutorial_taskflow_api_etl.py
[2023-05-30 14:04:00,149] {logging_mixin.py:109} INFO - [2023-05-30 14:04:00,148] {dag.py:1834} INFO - Sync 1 DAGs
[2023-05-30 14:04:00,161] {logging_mixin.py:109} INFO - [2023-05-30 14:04:00,161] {dag.py:2287} INFO - Setting next_dagrun for tutorial_taskflow_api_etl to None
[2023-05-30 14:04:00,186] {processor.py:170} INFO - Processing /home/lucia/practica_creativa/resources/airflow/env/lib/python3.10/site-packages/airflow/example_dags/tutorial_taskflow_api_etl.py took 0.852 seconds
[2023-05-30 14:05:11,353] {processor.py:162} INFO - Started process (PID=135586) to work on /home/lucia/practica_creativa/resources/airflow/env/lib/python3.10/site-packages/airflow/example_dags/tutorial_taskflow_api_etl.py
[2023-05-30 14:05:11,356] {processor.py:613} INFO - Processing file /home/lucia/practica_creativa/resources/airflow/env/lib/python3.10/site-packages/airflow/example_dags/tutorial_taskflow_api_etl.py for tasks to queue
[2023-05-30 14:05:11,357] {logging_mixin.py:109} INFO - [2023-05-30 14:05:11,357] {dagbag.py:496} INFO - Filling up the DagBag from /home/lucia/practica_creativa/resources/airflow/env/lib/python3.10/site-packages/airflow/example_dags/tutorial_taskflow_api_etl.py
[2023-05-30 14:05:11,395] {processor.py:623} INFO - DAG(s) dict_keys(['tutorial_taskflow_api_etl']) retrieved from /home/lucia/practica_creativa/resources/airflow/env/lib/python3.10/site-packages/airflow/example_dags/tutorial_taskflow_api_etl.py
[2023-05-30 14:05:11,415] {logging_mixin.py:109} INFO - [2023-05-30 14:05:11,415] {dag.py:1834} INFO - Sync 1 DAGs
[2023-05-30 14:05:11,435] {logging_mixin.py:109} INFO - [2023-05-30 14:05:11,435] {dag.py:2287} INFO - Setting next_dagrun for tutorial_taskflow_api_etl to None
[2023-05-30 14:05:11,452] {processor.py:170} INFO - Processing /home/lucia/practica_creativa/resources/airflow/env/lib/python3.10/site-packages/airflow/example_dags/tutorial_taskflow_api_etl.py took 0.106 seconds
[2023-05-30 14:09:18,658] {processor.py:162} INFO - Started process (PID=135718) to work on /home/lucia/practica_creativa/resources/airflow/env/lib/python3.10/site-packages/airflow/example_dags/tutorial_taskflow_api_etl.py
[2023-05-30 14:09:18,661] {processor.py:613} INFO - Processing file /home/lucia/practica_creativa/resources/airflow/env/lib/python3.10/site-packages/airflow/example_dags/tutorial_taskflow_api_etl.py for tasks to queue
[2023-05-30 14:09:18,662] {logging_mixin.py:109} INFO - [2023-05-30 14:09:18,662] {dagbag.py:496} INFO - Filling up the DagBag from /home/lucia/practica_creativa/resources/airflow/env/lib/python3.10/site-packages/airflow/example_dags/tutorial_taskflow_api_etl.py
[2023-05-30 14:09:18,706] {processor.py:623} INFO - DAG(s) dict_keys(['tutorial_taskflow_api_etl']) retrieved from /home/lucia/practica_creativa/resources/airflow/env/lib/python3.10/site-packages/airflow/example_dags/tutorial_taskflow_api_etl.py
[2023-05-30 14:09:19,318] {logging_mixin.py:109} INFO - [2023-05-30 14:09:19,318] {dag.py:1834} INFO - Sync 1 DAGs
[2023-05-30 14:09:19,329] {logging_mixin.py:109} INFO - [2023-05-30 14:09:19,329] {dag.py:2287} INFO - Setting next_dagrun for tutorial_taskflow_api_etl to None
[2023-05-30 14:09:19,344] {processor.py:170} INFO - Processing /home/lucia/practica_creativa/resources/airflow/env/lib/python3.10/site-packages/airflow/example_dags/tutorial_taskflow_api_etl.py took 0.692 seconds
[2023-05-30 14:10:13,190] {processor.py:162} INFO - Started process (PID=135816) to work on /home/lucia/practica_creativa/resources/airflow/env/lib/python3.10/site-packages/airflow/example_dags/tutorial_taskflow_api_etl.py
[2023-05-30 14:10:13,193] {processor.py:613} INFO - Processing file /home/lucia/practica_creativa/resources/airflow/env/lib/python3.10/site-packages/airflow/example_dags/tutorial_taskflow_api_etl.py for tasks to queue
[2023-05-30 14:10:13,195] {logging_mixin.py:109} INFO - [2023-05-30 14:10:13,194] {dagbag.py:496} INFO - Filling up the DagBag from /home/lucia/practica_creativa/resources/airflow/env/lib/python3.10/site-packages/airflow/example_dags/tutorial_taskflow_api_etl.py
[2023-05-30 14:10:13,252] {processor.py:623} INFO - DAG(s) dict_keys(['tutorial_taskflow_api_etl']) retrieved from /home/lucia/practica_creativa/resources/airflow/env/lib/python3.10/site-packages/airflow/example_dags/tutorial_taskflow_api_etl.py
[2023-05-30 14:10:13,915] {logging_mixin.py:109} INFO - [2023-05-30 14:10:13,914] {dag.py:1834} INFO - Sync 1 DAGs
[2023-05-30 14:10:13,932] {logging_mixin.py:109} INFO - [2023-05-30 14:10:13,931] {dag.py:2287} INFO - Setting next_dagrun for tutorial_taskflow_api_etl to None
[2023-05-30 14:10:13,953] {processor.py:170} INFO - Processing /home/lucia/practica_creativa/resources/airflow/env/lib/python3.10/site-packages/airflow/example_dags/tutorial_taskflow_api_etl.py took 0.770 seconds
[2023-05-30 14:10:56,279] {processor.py:162} INFO - Started process (PID=135858) to work on /home/lucia/practica_creativa/resources/airflow/env/lib/python3.10/site-packages/airflow/example_dags/tutorial_taskflow_api_etl.py
[2023-05-30 14:10:56,283] {processor.py:613} INFO - Processing file /home/lucia/practica_creativa/resources/airflow/env/lib/python3.10/site-packages/airflow/example_dags/tutorial_taskflow_api_etl.py for tasks to queue
[2023-05-30 14:10:56,285] {logging_mixin.py:109} INFO - [2023-05-30 14:10:56,285] {dagbag.py:496} INFO - Filling up the DagBag from /home/lucia/practica_creativa/resources/airflow/env/lib/python3.10/site-packages/airflow/example_dags/tutorial_taskflow_api_etl.py
[2023-05-30 14:10:56,342] {processor.py:623} INFO - DAG(s) dict_keys(['tutorial_taskflow_api_etl']) retrieved from /home/lucia/practica_creativa/resources/airflow/env/lib/python3.10/site-packages/airflow/example_dags/tutorial_taskflow_api_etl.py
[2023-05-30 14:10:56,941] {logging_mixin.py:109} INFO - [2023-05-30 14:10:56,941] {dag.py:1834} INFO - Sync 1 DAGs
[2023-05-30 14:10:56,954] {logging_mixin.py:109} INFO - [2023-05-30 14:10:56,954] {dag.py:2287} INFO - Setting next_dagrun for tutorial_taskflow_api_etl to None
[2023-05-30 14:10:56,978] {processor.py:170} INFO - Processing /home/lucia/practica_creativa/resources/airflow/env/lib/python3.10/site-packages/airflow/example_dags/tutorial_taskflow_api_etl.py took 0.706 seconds
[2023-05-30 14:25:44,068] {processor.py:162} INFO - Started process (PID=136057) to work on /home/lucia/practica_creativa/resources/airflow/env/lib/python3.10/site-packages/airflow/example_dags/tutorial_taskflow_api_etl.py
[2023-05-30 14:25:44,070] {processor.py:613} INFO - Processing file /home/lucia/practica_creativa/resources/airflow/env/lib/python3.10/site-packages/airflow/example_dags/tutorial_taskflow_api_etl.py for tasks to queue
[2023-05-30 14:25:44,071] {logging_mixin.py:109} INFO - [2023-05-30 14:25:44,071] {dagbag.py:496} INFO - Filling up the DagBag from /home/lucia/practica_creativa/resources/airflow/env/lib/python3.10/site-packages/airflow/example_dags/tutorial_taskflow_api_etl.py
[2023-05-30 14:25:44,114] {processor.py:623} INFO - DAG(s) dict_keys(['tutorial_taskflow_api_etl']) retrieved from /home/lucia/practica_creativa/resources/airflow/env/lib/python3.10/site-packages/airflow/example_dags/tutorial_taskflow_api_etl.py
[2023-05-30 14:25:44,725] {logging_mixin.py:109} INFO - [2023-05-30 14:25:44,725] {dag.py:1834} INFO - Sync 1 DAGs
[2023-05-30 14:25:44,739] {logging_mixin.py:109} INFO - [2023-05-30 14:25:44,739] {dag.py:2287} INFO - Setting next_dagrun for tutorial_taskflow_api_etl to None
[2023-05-30 14:25:44,764] {processor.py:170} INFO - Processing /home/lucia/practica_creativa/resources/airflow/env/lib/python3.10/site-packages/airflow/example_dags/tutorial_taskflow_api_etl.py took 0.704 seconds
[2023-05-30 14:36:48,186] {processor.py:162} INFO - Started process (PID=136230) to work on /home/lucia/practica_creativa/resources/airflow/env/lib/python3.10/site-packages/airflow/example_dags/tutorial_taskflow_api_etl.py
[2023-05-30 14:36:48,190] {processor.py:613} INFO - Processing file /home/lucia/practica_creativa/resources/airflow/env/lib/python3.10/site-packages/airflow/example_dags/tutorial_taskflow_api_etl.py for tasks to queue
[2023-05-30 14:36:48,191] {logging_mixin.py:109} INFO - [2023-05-30 14:36:48,191] {dagbag.py:496} INFO - Filling up the DagBag from /home/lucia/practica_creativa/resources/airflow/env/lib/python3.10/site-packages/airflow/example_dags/tutorial_taskflow_api_etl.py
[2023-05-30 14:36:48,233] {processor.py:623} INFO - DAG(s) dict_keys(['tutorial_taskflow_api_etl']) retrieved from /home/lucia/practica_creativa/resources/airflow/env/lib/python3.10/site-packages/airflow/example_dags/tutorial_taskflow_api_etl.py
[2023-05-30 14:36:48,805] {logging_mixin.py:109} INFO - [2023-05-30 14:36:48,805] {dag.py:1834} INFO - Sync 1 DAGs
[2023-05-30 14:36:48,818] {logging_mixin.py:109} INFO - [2023-05-30 14:36:48,818] {dag.py:2287} INFO - Setting next_dagrun for tutorial_taskflow_api_etl to None
[2023-05-30 14:36:48,843] {processor.py:170} INFO - Processing /home/lucia/practica_creativa/resources/airflow/env/lib/python3.10/site-packages/airflow/example_dags/tutorial_taskflow_api_etl.py took 0.664 seconds
[2023-05-30 14:37:23,955] {processor.py:162} INFO - Started process (PID=136254) to work on /home/lucia/practica_creativa/resources/airflow/env/lib/python3.10/site-packages/airflow/example_dags/tutorial_taskflow_api_etl.py
[2023-05-30 14:37:23,967] {processor.py:613} INFO - Processing file /home/lucia/practica_creativa/resources/airflow/env/lib/python3.10/site-packages/airflow/example_dags/tutorial_taskflow_api_etl.py for tasks to queue
[2023-05-30 14:37:23,970] {logging_mixin.py:109} INFO - [2023-05-30 14:37:23,970] {dagbag.py:496} INFO - Filling up the DagBag from /home/lucia/practica_creativa/resources/airflow/env/lib/python3.10/site-packages/airflow/example_dags/tutorial_taskflow_api_etl.py
[2023-05-30 14:37:24,023] {processor.py:623} INFO - DAG(s) dict_keys(['tutorial_taskflow_api_etl']) retrieved from /home/lucia/practica_creativa/resources/airflow/env/lib/python3.10/site-packages/airflow/example_dags/tutorial_taskflow_api_etl.py
[2023-05-30 14:37:24,627] {logging_mixin.py:109} INFO - [2023-05-30 14:37:24,627] {dag.py:1834} INFO - Sync 1 DAGs
[2023-05-30 14:37:24,641] {logging_mixin.py:109} INFO - [2023-05-30 14:37:24,640] {dag.py:2287} INFO - Setting next_dagrun for tutorial_taskflow_api_etl to None
[2023-05-30 14:37:24,675] {processor.py:170} INFO - Processing /home/lucia/practica_creativa/resources/airflow/env/lib/python3.10/site-packages/airflow/example_dags/tutorial_taskflow_api_etl.py took 0.727 seconds
[2023-05-30 14:38:04,875] {processor.py:162} INFO - Started process (PID=136296) to work on /home/lucia/practica_creativa/resources/airflow/env/lib/python3.10/site-packages/airflow/example_dags/tutorial_taskflow_api_etl.py
[2023-05-30 14:38:04,879] {processor.py:613} INFO - Processing file /home/lucia/practica_creativa/resources/airflow/env/lib/python3.10/site-packages/airflow/example_dags/tutorial_taskflow_api_etl.py for tasks to queue
[2023-05-30 14:38:04,880] {logging_mixin.py:109} INFO - [2023-05-30 14:38:04,880] {dagbag.py:496} INFO - Filling up the DagBag from /home/lucia/practica_creativa/resources/airflow/env/lib/python3.10/site-packages/airflow/example_dags/tutorial_taskflow_api_etl.py
[2023-05-30 14:38:04,922] {processor.py:623} INFO - DAG(s) dict_keys(['tutorial_taskflow_api_etl']) retrieved from /home/lucia/practica_creativa/resources/airflow/env/lib/python3.10/site-packages/airflow/example_dags/tutorial_taskflow_api_etl.py
[2023-05-30 14:38:05,497] {logging_mixin.py:109} INFO - [2023-05-30 14:38:05,497] {dag.py:1834} INFO - Sync 1 DAGs
[2023-05-30 14:38:05,511] {logging_mixin.py:109} INFO - [2023-05-30 14:38:05,510] {dag.py:2287} INFO - Setting next_dagrun for tutorial_taskflow_api_etl to None
[2023-05-30 14:38:05,536] {processor.py:170} INFO - Processing /home/lucia/practica_creativa/resources/airflow/env/lib/python3.10/site-packages/airflow/example_dags/tutorial_taskflow_api_etl.py took 0.669 seconds
[2023-05-30 14:38:46,567] {processor.py:162} INFO - Started process (PID=136328) to work on /home/lucia/practica_creativa/resources/airflow/env/lib/python3.10/site-packages/airflow/example_dags/tutorial_taskflow_api_etl.py
[2023-05-30 14:38:46,573] {processor.py:613} INFO - Processing file /home/lucia/practica_creativa/resources/airflow/env/lib/python3.10/site-packages/airflow/example_dags/tutorial_taskflow_api_etl.py for tasks to queue
[2023-05-30 14:38:46,575] {logging_mixin.py:109} INFO - [2023-05-30 14:38:46,574] {dagbag.py:496} INFO - Filling up the DagBag from /home/lucia/practica_creativa/resources/airflow/env/lib/python3.10/site-packages/airflow/example_dags/tutorial_taskflow_api_etl.py
[2023-05-30 14:38:46,636] {processor.py:623} INFO - DAG(s) dict_keys(['tutorial_taskflow_api_etl']) retrieved from /home/lucia/practica_creativa/resources/airflow/env/lib/python3.10/site-packages/airflow/example_dags/tutorial_taskflow_api_etl.py
[2023-05-30 14:38:47,356] {logging_mixin.py:109} INFO - [2023-05-30 14:38:47,355] {dag.py:1834} INFO - Sync 1 DAGs
[2023-05-30 14:38:47,370] {logging_mixin.py:109} INFO - [2023-05-30 14:38:47,370] {dag.py:2287} INFO - Setting next_dagrun for tutorial_taskflow_api_etl to None
[2023-05-30 14:38:47,397] {processor.py:170} INFO - Processing /home/lucia/practica_creativa/resources/airflow/env/lib/python3.10/site-packages/airflow/example_dags/tutorial_taskflow_api_etl.py took 0.840 seconds
