[2023-05-30 13:41:45,399] {processor.py:162} INFO - Started process (PID=134525) to work on /home/lucia/practica_creativa/flight_prediction/src/main/scala/env/lib/python3.10/site-packages/airflow/example_dags/tutorial_taskflow_api_etl_virtualenv.py
[2023-05-30 13:41:45,403] {processor.py:613} INFO - Processing file /home/lucia/practica_creativa/flight_prediction/src/main/scala/env/lib/python3.10/site-packages/airflow/example_dags/tutorial_taskflow_api_etl_virtualenv.py for tasks to queue
[2023-05-30 13:41:45,405] {logging_mixin.py:109} INFO - [2023-05-30 13:41:45,405] {dagbag.py:496} INFO - Filling up the DagBag from /home/lucia/practica_creativa/flight_prediction/src/main/scala/env/lib/python3.10/site-packages/airflow/example_dags/tutorial_taskflow_api_etl_virtualenv.py
[2023-05-30 13:41:45,478] {processor.py:623} INFO - DAG(s) dict_keys(['tutorial_taskflow_api_etl_virtualenv']) retrieved from /home/lucia/practica_creativa/flight_prediction/src/main/scala/env/lib/python3.10/site-packages/airflow/example_dags/tutorial_taskflow_api_etl_virtualenv.py
[2023-05-30 13:41:46,249] {logging_mixin.py:109} INFO - [2023-05-30 13:41:46,248] {dag.py:1834} INFO - Sync 1 DAGs
[2023-05-30 13:41:46,265] {logging_mixin.py:109} INFO - [2023-05-30 13:41:46,265] {dag.py:2287} INFO - Setting next_dagrun for tutorial_taskflow_api_etl_virtualenv to None
[2023-05-30 13:41:46,292] {processor.py:170} INFO - Processing /home/lucia/practica_creativa/flight_prediction/src/main/scala/env/lib/python3.10/site-packages/airflow/example_dags/tutorial_taskflow_api_etl_virtualenv.py took 0.906 seconds
[2023-05-30 13:42:26,988] {processor.py:162} INFO - Started process (PID=134576) to work on /home/lucia/practica_creativa/flight_prediction/src/main/scala/env/lib/python3.10/site-packages/airflow/example_dags/tutorial_taskflow_api_etl_virtualenv.py
[2023-05-30 13:42:26,994] {processor.py:613} INFO - Processing file /home/lucia/practica_creativa/flight_prediction/src/main/scala/env/lib/python3.10/site-packages/airflow/example_dags/tutorial_taskflow_api_etl_virtualenv.py for tasks to queue
[2023-05-30 13:42:26,996] {logging_mixin.py:109} INFO - [2023-05-30 13:42:26,995] {dagbag.py:496} INFO - Filling up the DagBag from /home/lucia/practica_creativa/flight_prediction/src/main/scala/env/lib/python3.10/site-packages/airflow/example_dags/tutorial_taskflow_api_etl_virtualenv.py
[2023-05-30 13:42:27,065] {processor.py:623} INFO - DAG(s) dict_keys(['tutorial_taskflow_api_etl_virtualenv']) retrieved from /home/lucia/practica_creativa/flight_prediction/src/main/scala/env/lib/python3.10/site-packages/airflow/example_dags/tutorial_taskflow_api_etl_virtualenv.py
[2023-05-30 13:42:27,780] {logging_mixin.py:109} INFO - [2023-05-30 13:42:27,780] {dag.py:1834} INFO - Sync 1 DAGs
[2023-05-30 13:42:27,795] {logging_mixin.py:109} INFO - [2023-05-30 13:42:27,795] {dag.py:2287} INFO - Setting next_dagrun for tutorial_taskflow_api_etl_virtualenv to None
[2023-05-30 13:42:27,832] {processor.py:170} INFO - Processing /home/lucia/practica_creativa/flight_prediction/src/main/scala/env/lib/python3.10/site-packages/airflow/example_dags/tutorial_taskflow_api_etl_virtualenv.py took 0.852 seconds
[2023-05-30 13:43:09,816] {processor.py:162} INFO - Started process (PID=134631) to work on /home/lucia/practica_creativa/flight_prediction/src/main/scala/env/lib/python3.10/site-packages/airflow/example_dags/tutorial_taskflow_api_etl_virtualenv.py
[2023-05-30 13:43:09,820] {processor.py:613} INFO - Processing file /home/lucia/practica_creativa/flight_prediction/src/main/scala/env/lib/python3.10/site-packages/airflow/example_dags/tutorial_taskflow_api_etl_virtualenv.py for tasks to queue
[2023-05-30 13:43:09,821] {logging_mixin.py:109} INFO - [2023-05-30 13:43:09,821] {dagbag.py:496} INFO - Filling up the DagBag from /home/lucia/practica_creativa/flight_prediction/src/main/scala/env/lib/python3.10/site-packages/airflow/example_dags/tutorial_taskflow_api_etl_virtualenv.py
[2023-05-30 13:43:09,868] {processor.py:623} INFO - DAG(s) dict_keys(['tutorial_taskflow_api_etl_virtualenv']) retrieved from /home/lucia/practica_creativa/flight_prediction/src/main/scala/env/lib/python3.10/site-packages/airflow/example_dags/tutorial_taskflow_api_etl_virtualenv.py
[2023-05-30 13:43:10,617] {logging_mixin.py:109} INFO - [2023-05-30 13:43:10,616] {dag.py:1834} INFO - Sync 1 DAGs
[2023-05-30 13:43:10,636] {logging_mixin.py:109} INFO - [2023-05-30 13:43:10,636] {dag.py:2287} INFO - Setting next_dagrun for tutorial_taskflow_api_etl_virtualenv to None
[2023-05-30 13:43:10,674] {processor.py:170} INFO - Processing /home/lucia/practica_creativa/flight_prediction/src/main/scala/env/lib/python3.10/site-packages/airflow/example_dags/tutorial_taskflow_api_etl_virtualenv.py took 0.872 seconds
[2023-05-30 14:01:00,488] {processor.py:162} INFO - Started process (PID=135214) to work on /home/lucia/practica_creativa/resources/airflow/env/lib/python3.10/site-packages/airflow/example_dags/tutorial_taskflow_api_etl_virtualenv.py
[2023-05-30 14:01:00,493] {processor.py:613} INFO - Processing file /home/lucia/practica_creativa/resources/airflow/env/lib/python3.10/site-packages/airflow/example_dags/tutorial_taskflow_api_etl_virtualenv.py for tasks to queue
[2023-05-30 14:01:00,494] {logging_mixin.py:109} INFO - [2023-05-30 14:01:00,494] {dagbag.py:496} INFO - Filling up the DagBag from /home/lucia/practica_creativa/resources/airflow/env/lib/python3.10/site-packages/airflow/example_dags/tutorial_taskflow_api_etl_virtualenv.py
[2023-05-30 14:01:00,550] {processor.py:623} INFO - DAG(s) dict_keys(['tutorial_taskflow_api_etl_virtualenv']) retrieved from /home/lucia/practica_creativa/resources/airflow/env/lib/python3.10/site-packages/airflow/example_dags/tutorial_taskflow_api_etl_virtualenv.py
[2023-05-30 14:01:01,247] {logging_mixin.py:109} INFO - [2023-05-30 14:01:01,247] {dag.py:1834} INFO - Sync 1 DAGs
[2023-05-30 14:01:01,265] {logging_mixin.py:109} INFO - [2023-05-30 14:01:01,264] {dag.py:2287} INFO - Setting next_dagrun for tutorial_taskflow_api_etl_virtualenv to None
[2023-05-30 14:01:01,297] {processor.py:170} INFO - Processing /home/lucia/practica_creativa/resources/airflow/env/lib/python3.10/site-packages/airflow/example_dags/tutorial_taskflow_api_etl_virtualenv.py took 0.818 seconds
[2023-05-30 14:01:54,747] {processor.py:162} INFO - Started process (PID=135326) to work on /home/lucia/practica_creativa/resources/airflow/env/lib/python3.10/site-packages/airflow/example_dags/tutorial_taskflow_api_etl_virtualenv.py
[2023-05-30 14:01:54,758] {processor.py:613} INFO - Processing file /home/lucia/practica_creativa/resources/airflow/env/lib/python3.10/site-packages/airflow/example_dags/tutorial_taskflow_api_etl_virtualenv.py for tasks to queue
[2023-05-30 14:01:54,761] {logging_mixin.py:109} INFO - [2023-05-30 14:01:54,761] {dagbag.py:496} INFO - Filling up the DagBag from /home/lucia/practica_creativa/resources/airflow/env/lib/python3.10/site-packages/airflow/example_dags/tutorial_taskflow_api_etl_virtualenv.py
[2023-05-30 14:01:54,801] {processor.py:623} INFO - DAG(s) dict_keys(['tutorial_taskflow_api_etl_virtualenv']) retrieved from /home/lucia/practica_creativa/resources/airflow/env/lib/python3.10/site-packages/airflow/example_dags/tutorial_taskflow_api_etl_virtualenv.py
[2023-05-30 14:01:55,427] {logging_mixin.py:109} INFO - [2023-05-30 14:01:55,427] {dag.py:1834} INFO - Sync 1 DAGs
[2023-05-30 14:01:55,440] {logging_mixin.py:109} INFO - [2023-05-30 14:01:55,440] {dag.py:2287} INFO - Setting next_dagrun for tutorial_taskflow_api_etl_virtualenv to None
[2023-05-30 14:01:55,463] {processor.py:170} INFO - Processing /home/lucia/practica_creativa/resources/airflow/env/lib/python3.10/site-packages/airflow/example_dags/tutorial_taskflow_api_etl_virtualenv.py took 0.724 seconds
[2023-05-30 14:02:35,833] {processor.py:162} INFO - Started process (PID=135368) to work on /home/lucia/practica_creativa/resources/airflow/env/lib/python3.10/site-packages/airflow/example_dags/tutorial_taskflow_api_etl_virtualenv.py
[2023-05-30 14:02:35,839] {processor.py:613} INFO - Processing file /home/lucia/practica_creativa/resources/airflow/env/lib/python3.10/site-packages/airflow/example_dags/tutorial_taskflow_api_etl_virtualenv.py for tasks to queue
[2023-05-30 14:02:35,840] {logging_mixin.py:109} INFO - [2023-05-30 14:02:35,840] {dagbag.py:496} INFO - Filling up the DagBag from /home/lucia/practica_creativa/resources/airflow/env/lib/python3.10/site-packages/airflow/example_dags/tutorial_taskflow_api_etl_virtualenv.py
[2023-05-30 14:02:35,868] {processor.py:623} INFO - DAG(s) dict_keys(['tutorial_taskflow_api_etl_virtualenv']) retrieved from /home/lucia/practica_creativa/resources/airflow/env/lib/python3.10/site-packages/airflow/example_dags/tutorial_taskflow_api_etl_virtualenv.py
[2023-05-30 14:02:36,340] {logging_mixin.py:109} INFO - [2023-05-30 14:02:36,340] {dag.py:1834} INFO - Sync 1 DAGs
[2023-05-30 14:02:36,350] {logging_mixin.py:109} INFO - [2023-05-30 14:02:36,350] {dag.py:2287} INFO - Setting next_dagrun for tutorial_taskflow_api_etl_virtualenv to None
[2023-05-30 14:02:36,365] {processor.py:170} INFO - Processing /home/lucia/practica_creativa/resources/airflow/env/lib/python3.10/site-packages/airflow/example_dags/tutorial_taskflow_api_etl_virtualenv.py took 0.537 seconds
[2023-05-30 14:03:19,882] {processor.py:162} INFO - Started process (PID=135449) to work on /home/lucia/practica_creativa/resources/airflow/env/lib/python3.10/site-packages/airflow/example_dags/tutorial_taskflow_api_etl_virtualenv.py
[2023-05-30 14:03:19,886] {processor.py:613} INFO - Processing file /home/lucia/practica_creativa/resources/airflow/env/lib/python3.10/site-packages/airflow/example_dags/tutorial_taskflow_api_etl_virtualenv.py for tasks to queue
[2023-05-30 14:03:19,888] {logging_mixin.py:109} INFO - [2023-05-30 14:03:19,887] {dagbag.py:496} INFO - Filling up the DagBag from /home/lucia/practica_creativa/resources/airflow/env/lib/python3.10/site-packages/airflow/example_dags/tutorial_taskflow_api_etl_virtualenv.py
[2023-05-30 14:03:19,927] {processor.py:623} INFO - DAG(s) dict_keys(['tutorial_taskflow_api_etl_virtualenv']) retrieved from /home/lucia/practica_creativa/resources/airflow/env/lib/python3.10/site-packages/airflow/example_dags/tutorial_taskflow_api_etl_virtualenv.py
[2023-05-30 14:03:20,574] {logging_mixin.py:109} INFO - [2023-05-30 14:03:20,574] {dag.py:1834} INFO - Sync 1 DAGs
[2023-05-30 14:03:20,587] {logging_mixin.py:109} INFO - [2023-05-30 14:03:20,587] {dag.py:2287} INFO - Setting next_dagrun for tutorial_taskflow_api_etl_virtualenv to None
[2023-05-30 14:03:20,617] {processor.py:170} INFO - Processing /home/lucia/practica_creativa/resources/airflow/env/lib/python3.10/site-packages/airflow/example_dags/tutorial_taskflow_api_etl_virtualenv.py took 0.742 seconds
[2023-05-30 14:04:04,901] {processor.py:162} INFO - Started process (PID=135501) to work on /home/lucia/practica_creativa/resources/airflow/env/lib/python3.10/site-packages/airflow/example_dags/tutorial_taskflow_api_etl_virtualenv.py
[2023-05-30 14:04:04,904] {processor.py:613} INFO - Processing file /home/lucia/practica_creativa/resources/airflow/env/lib/python3.10/site-packages/airflow/example_dags/tutorial_taskflow_api_etl_virtualenv.py for tasks to queue
[2023-05-30 14:04:04,906] {logging_mixin.py:109} INFO - [2023-05-30 14:04:04,905] {dagbag.py:496} INFO - Filling up the DagBag from /home/lucia/practica_creativa/resources/airflow/env/lib/python3.10/site-packages/airflow/example_dags/tutorial_taskflow_api_etl_virtualenv.py
[2023-05-30 14:04:04,952] {processor.py:623} INFO - DAG(s) dict_keys(['tutorial_taskflow_api_etl_virtualenv']) retrieved from /home/lucia/practica_creativa/resources/airflow/env/lib/python3.10/site-packages/airflow/example_dags/tutorial_taskflow_api_etl_virtualenv.py
[2023-05-30 14:04:05,680] {logging_mixin.py:109} INFO - [2023-05-30 14:04:05,679] {dag.py:1834} INFO - Sync 1 DAGs
[2023-05-30 14:04:05,694] {logging_mixin.py:109} INFO - [2023-05-30 14:04:05,694] {dag.py:2287} INFO - Setting next_dagrun for tutorial_taskflow_api_etl_virtualenv to None
[2023-05-30 14:04:05,718] {processor.py:170} INFO - Processing /home/lucia/practica_creativa/resources/airflow/env/lib/python3.10/site-packages/airflow/example_dags/tutorial_taskflow_api_etl_virtualenv.py took 0.825 seconds
[2023-05-30 14:05:16,142] {processor.py:162} INFO - Started process (PID=135595) to work on /home/lucia/practica_creativa/resources/airflow/env/lib/python3.10/site-packages/airflow/example_dags/tutorial_taskflow_api_etl_virtualenv.py
[2023-05-30 14:05:16,147] {processor.py:613} INFO - Processing file /home/lucia/practica_creativa/resources/airflow/env/lib/python3.10/site-packages/airflow/example_dags/tutorial_taskflow_api_etl_virtualenv.py for tasks to queue
[2023-05-30 14:05:16,148] {logging_mixin.py:109} INFO - [2023-05-30 14:05:16,148] {dagbag.py:496} INFO - Filling up the DagBag from /home/lucia/practica_creativa/resources/airflow/env/lib/python3.10/site-packages/airflow/example_dags/tutorial_taskflow_api_etl_virtualenv.py
[2023-05-30 14:05:16,207] {processor.py:623} INFO - DAG(s) dict_keys(['tutorial_taskflow_api_etl_virtualenv']) retrieved from /home/lucia/practica_creativa/resources/airflow/env/lib/python3.10/site-packages/airflow/example_dags/tutorial_taskflow_api_etl_virtualenv.py
[2023-05-30 14:05:16,650] {logging_mixin.py:109} INFO - [2023-05-30 14:05:16,650] {dag.py:1834} INFO - Sync 1 DAGs
[2023-05-30 14:05:16,661] {logging_mixin.py:109} INFO - [2023-05-30 14:05:16,660] {dag.py:2287} INFO - Setting next_dagrun for tutorial_taskflow_api_etl_virtualenv to None
[2023-05-30 14:05:16,685] {processor.py:170} INFO - Processing /home/lucia/practica_creativa/resources/airflow/env/lib/python3.10/site-packages/airflow/example_dags/tutorial_taskflow_api_etl_virtualenv.py took 0.553 seconds
[2023-05-30 14:09:23,267] {processor.py:162} INFO - Started process (PID=135725) to work on /home/lucia/practica_creativa/resources/airflow/env/lib/python3.10/site-packages/airflow/example_dags/tutorial_taskflow_api_etl_virtualenv.py
[2023-05-30 14:09:23,270] {processor.py:613} INFO - Processing file /home/lucia/practica_creativa/resources/airflow/env/lib/python3.10/site-packages/airflow/example_dags/tutorial_taskflow_api_etl_virtualenv.py for tasks to queue
[2023-05-30 14:09:23,270] {logging_mixin.py:109} INFO - [2023-05-30 14:09:23,270] {dagbag.py:496} INFO - Filling up the DagBag from /home/lucia/practica_creativa/resources/airflow/env/lib/python3.10/site-packages/airflow/example_dags/tutorial_taskflow_api_etl_virtualenv.py
[2023-05-30 14:09:23,300] {processor.py:623} INFO - DAG(s) dict_keys(['tutorial_taskflow_api_etl_virtualenv']) retrieved from /home/lucia/practica_creativa/resources/airflow/env/lib/python3.10/site-packages/airflow/example_dags/tutorial_taskflow_api_etl_virtualenv.py
[2023-05-30 14:09:23,741] {logging_mixin.py:109} INFO - [2023-05-30 14:09:23,740] {dag.py:1834} INFO - Sync 1 DAGs
[2023-05-30 14:09:23,751] {logging_mixin.py:109} INFO - [2023-05-30 14:09:23,751] {dag.py:2287} INFO - Setting next_dagrun for tutorial_taskflow_api_etl_virtualenv to None
[2023-05-30 14:09:23,770] {processor.py:170} INFO - Processing /home/lucia/practica_creativa/resources/airflow/env/lib/python3.10/site-packages/airflow/example_dags/tutorial_taskflow_api_etl_virtualenv.py took 0.508 seconds
[2023-05-30 14:10:19,176] {processor.py:162} INFO - Started process (PID=135821) to work on /home/lucia/practica_creativa/resources/airflow/env/lib/python3.10/site-packages/airflow/example_dags/tutorial_taskflow_api_etl_virtualenv.py
[2023-05-30 14:10:19,206] {processor.py:613} INFO - Processing file /home/lucia/practica_creativa/resources/airflow/env/lib/python3.10/site-packages/airflow/example_dags/tutorial_taskflow_api_etl_virtualenv.py for tasks to queue
[2023-05-30 14:10:19,208] {logging_mixin.py:109} INFO - [2023-05-30 14:10:19,207] {dagbag.py:496} INFO - Filling up the DagBag from /home/lucia/practica_creativa/resources/airflow/env/lib/python3.10/site-packages/airflow/example_dags/tutorial_taskflow_api_etl_virtualenv.py
[2023-05-30 14:10:19,276] {processor.py:623} INFO - DAG(s) dict_keys(['tutorial_taskflow_api_etl_virtualenv']) retrieved from /home/lucia/practica_creativa/resources/airflow/env/lib/python3.10/site-packages/airflow/example_dags/tutorial_taskflow_api_etl_virtualenv.py
[2023-05-30 14:10:20,005] {logging_mixin.py:109} INFO - [2023-05-30 14:10:20,005] {dag.py:1834} INFO - Sync 1 DAGs
[2023-05-30 14:10:20,018] {logging_mixin.py:109} INFO - [2023-05-30 14:10:20,018] {dag.py:2287} INFO - Setting next_dagrun for tutorial_taskflow_api_etl_virtualenv to None
[2023-05-30 14:10:20,048] {processor.py:170} INFO - Processing /home/lucia/practica_creativa/resources/airflow/env/lib/python3.10/site-packages/airflow/example_dags/tutorial_taskflow_api_etl_virtualenv.py took 0.880 seconds
[2023-05-30 14:11:02,263] {processor.py:162} INFO - Started process (PID=135862) to work on /home/lucia/practica_creativa/resources/airflow/env/lib/python3.10/site-packages/airflow/example_dags/tutorial_taskflow_api_etl_virtualenv.py
[2023-05-30 14:11:02,267] {processor.py:613} INFO - Processing file /home/lucia/practica_creativa/resources/airflow/env/lib/python3.10/site-packages/airflow/example_dags/tutorial_taskflow_api_etl_virtualenv.py for tasks to queue
[2023-05-30 14:11:02,269] {logging_mixin.py:109} INFO - [2023-05-30 14:11:02,268] {dagbag.py:496} INFO - Filling up the DagBag from /home/lucia/practica_creativa/resources/airflow/env/lib/python3.10/site-packages/airflow/example_dags/tutorial_taskflow_api_etl_virtualenv.py
[2023-05-30 14:11:02,316] {processor.py:623} INFO - DAG(s) dict_keys(['tutorial_taskflow_api_etl_virtualenv']) retrieved from /home/lucia/practica_creativa/resources/airflow/env/lib/python3.10/site-packages/airflow/example_dags/tutorial_taskflow_api_etl_virtualenv.py
[2023-05-30 14:11:03,120] {logging_mixin.py:109} INFO - [2023-05-30 14:11:03,120] {dag.py:1834} INFO - Sync 1 DAGs
[2023-05-30 14:11:03,138] {logging_mixin.py:109} INFO - [2023-05-30 14:11:03,138] {dag.py:2287} INFO - Setting next_dagrun for tutorial_taskflow_api_etl_virtualenv to None
[2023-05-30 14:11:03,170] {processor.py:170} INFO - Processing /home/lucia/practica_creativa/resources/airflow/env/lib/python3.10/site-packages/airflow/example_dags/tutorial_taskflow_api_etl_virtualenv.py took 0.916 seconds
[2023-05-30 14:25:49,789] {processor.py:162} INFO - Started process (PID=136065) to work on /home/lucia/practica_creativa/resources/airflow/env/lib/python3.10/site-packages/airflow/example_dags/tutorial_taskflow_api_etl_virtualenv.py
[2023-05-30 14:25:49,794] {processor.py:613} INFO - Processing file /home/lucia/practica_creativa/resources/airflow/env/lib/python3.10/site-packages/airflow/example_dags/tutorial_taskflow_api_etl_virtualenv.py for tasks to queue
[2023-05-30 14:25:49,796] {logging_mixin.py:109} INFO - [2023-05-30 14:25:49,796] {dagbag.py:496} INFO - Filling up the DagBag from /home/lucia/practica_creativa/resources/airflow/env/lib/python3.10/site-packages/airflow/example_dags/tutorial_taskflow_api_etl_virtualenv.py
[2023-05-30 14:25:49,861] {processor.py:623} INFO - DAG(s) dict_keys(['tutorial_taskflow_api_etl_virtualenv']) retrieved from /home/lucia/practica_creativa/resources/airflow/env/lib/python3.10/site-packages/airflow/example_dags/tutorial_taskflow_api_etl_virtualenv.py
[2023-05-30 14:25:50,594] {logging_mixin.py:109} INFO - [2023-05-30 14:25:50,593] {dag.py:1834} INFO - Sync 1 DAGs
[2023-05-30 14:25:50,612] {logging_mixin.py:109} INFO - [2023-05-30 14:25:50,612] {dag.py:2287} INFO - Setting next_dagrun for tutorial_taskflow_api_etl_virtualenv to None
[2023-05-30 14:25:50,642] {processor.py:170} INFO - Processing /home/lucia/practica_creativa/resources/airflow/env/lib/python3.10/site-packages/airflow/example_dags/tutorial_taskflow_api_etl_virtualenv.py took 0.864 seconds
[2023-05-30 14:36:53,419] {processor.py:162} INFO - Started process (PID=136234) to work on /home/lucia/practica_creativa/resources/airflow/env/lib/python3.10/site-packages/airflow/example_dags/tutorial_taskflow_api_etl_virtualenv.py
[2023-05-30 14:36:53,423] {processor.py:613} INFO - Processing file /home/lucia/practica_creativa/resources/airflow/env/lib/python3.10/site-packages/airflow/example_dags/tutorial_taskflow_api_etl_virtualenv.py for tasks to queue
[2023-05-30 14:36:53,424] {logging_mixin.py:109} INFO - [2023-05-30 14:36:53,424] {dagbag.py:496} INFO - Filling up the DagBag from /home/lucia/practica_creativa/resources/airflow/env/lib/python3.10/site-packages/airflow/example_dags/tutorial_taskflow_api_etl_virtualenv.py
[2023-05-30 14:36:53,471] {processor.py:623} INFO - DAG(s) dict_keys(['tutorial_taskflow_api_etl_virtualenv']) retrieved from /home/lucia/practica_creativa/resources/airflow/env/lib/python3.10/site-packages/airflow/example_dags/tutorial_taskflow_api_etl_virtualenv.py
[2023-05-30 14:36:54,035] {logging_mixin.py:109} INFO - [2023-05-30 14:36:54,034] {dag.py:1834} INFO - Sync 1 DAGs
[2023-05-30 14:36:54,047] {logging_mixin.py:109} INFO - [2023-05-30 14:36:54,047] {dag.py:2287} INFO - Setting next_dagrun for tutorial_taskflow_api_etl_virtualenv to None
[2023-05-30 14:36:54,068] {processor.py:170} INFO - Processing /home/lucia/practica_creativa/resources/airflow/env/lib/python3.10/site-packages/airflow/example_dags/tutorial_taskflow_api_etl_virtualenv.py took 0.656 seconds
[2023-05-30 14:37:29,801] {processor.py:162} INFO - Started process (PID=136258) to work on /home/lucia/practica_creativa/resources/airflow/env/lib/python3.10/site-packages/airflow/example_dags/tutorial_taskflow_api_etl_virtualenv.py
[2023-05-30 14:37:29,804] {processor.py:613} INFO - Processing file /home/lucia/practica_creativa/resources/airflow/env/lib/python3.10/site-packages/airflow/example_dags/tutorial_taskflow_api_etl_virtualenv.py for tasks to queue
[2023-05-30 14:37:29,805] {logging_mixin.py:109} INFO - [2023-05-30 14:37:29,805] {dagbag.py:496} INFO - Filling up the DagBag from /home/lucia/practica_creativa/resources/airflow/env/lib/python3.10/site-packages/airflow/example_dags/tutorial_taskflow_api_etl_virtualenv.py
[2023-05-30 14:37:29,852] {processor.py:623} INFO - DAG(s) dict_keys(['tutorial_taskflow_api_etl_virtualenv']) retrieved from /home/lucia/practica_creativa/resources/airflow/env/lib/python3.10/site-packages/airflow/example_dags/tutorial_taskflow_api_etl_virtualenv.py
[2023-05-30 14:37:30,429] {logging_mixin.py:109} INFO - [2023-05-30 14:37:30,429] {dag.py:1834} INFO - Sync 1 DAGs
[2023-05-30 14:37:30,443] {logging_mixin.py:109} INFO - [2023-05-30 14:37:30,443] {dag.py:2287} INFO - Setting next_dagrun for tutorial_taskflow_api_etl_virtualenv to None
[2023-05-30 14:37:30,478] {processor.py:170} INFO - Processing /home/lucia/practica_creativa/resources/airflow/env/lib/python3.10/site-packages/airflow/example_dags/tutorial_taskflow_api_etl_virtualenv.py took 0.685 seconds
[2023-05-30 14:38:10,460] {processor.py:162} INFO - Started process (PID=136300) to work on /home/lucia/practica_creativa/resources/airflow/env/lib/python3.10/site-packages/airflow/example_dags/tutorial_taskflow_api_etl_virtualenv.py
[2023-05-30 14:38:10,463] {processor.py:613} INFO - Processing file /home/lucia/practica_creativa/resources/airflow/env/lib/python3.10/site-packages/airflow/example_dags/tutorial_taskflow_api_etl_virtualenv.py for tasks to queue
[2023-05-30 14:38:10,464] {logging_mixin.py:109} INFO - [2023-05-30 14:38:10,464] {dagbag.py:496} INFO - Filling up the DagBag from /home/lucia/practica_creativa/resources/airflow/env/lib/python3.10/site-packages/airflow/example_dags/tutorial_taskflow_api_etl_virtualenv.py
[2023-05-30 14:38:10,512] {processor.py:623} INFO - DAG(s) dict_keys(['tutorial_taskflow_api_etl_virtualenv']) retrieved from /home/lucia/practica_creativa/resources/airflow/env/lib/python3.10/site-packages/airflow/example_dags/tutorial_taskflow_api_etl_virtualenv.py
[2023-05-30 14:38:11,110] {logging_mixin.py:109} INFO - [2023-05-30 14:38:11,110] {dag.py:1834} INFO - Sync 1 DAGs
[2023-05-30 14:38:11,124] {logging_mixin.py:109} INFO - [2023-05-30 14:38:11,124] {dag.py:2287} INFO - Setting next_dagrun for tutorial_taskflow_api_etl_virtualenv to None
[2023-05-30 14:38:11,151] {processor.py:170} INFO - Processing /home/lucia/practica_creativa/resources/airflow/env/lib/python3.10/site-packages/airflow/example_dags/tutorial_taskflow_api_etl_virtualenv.py took 0.697 seconds
